Grpc.AspNetCore.Server.Model.Internal.ServiceRouteBuilder[1 - ] 
      2022/04/21 00:08:14.884 - [TRACE]: Discovering gRPC methods for LedController.Controller.Service.Services.ServerConnectionService. 
 
Grpc.AspNetCore.Server.Model.Internal.ServiceRouteBuilder[1 - ] 
      2022/04/21 00:08:14.926 - [TRACE]: Added gRPC method 'Connect' to service 'connection.GrpcConnection'. Method type: 'Unary', route pattern: '/connection.GrpcConnection/Connect'. 
 
Grpc.AspNetCore.Server.Model.Internal.ServiceRouteBuilder[1 - ] 
      2022/04/21 00:08:14.926 - [TRACE]: Added gRPC method 'Disconnect' to service 'connection.GrpcConnection'. Method type: 'Unary', route pattern: '/connection.GrpcConnection/Disconnect'. 
 
Grpc.AspNetCore.Server.Model.Internal.ServiceRouteBuilder[1 - ] 
      2022/04/21 00:08:14.926 - [TRACE]: Added gRPC method 'PlayAnimationOnLedstrip' to service 'connection.GrpcConnection'. Method type: 'Unary', route pattern: '/connection.GrpcConnection/PlayAnimationOnLedstrip'. 
 
Grpc.AspNetCore.Server.Model.Internal.ServiceRouteBuilder[1 - ] 
      2022/04/21 00:08:14.926 - [TRACE]: Added gRPC method 'StopAnimationOnLedstrip' to service 'connection.GrpcConnection'. Method type: 'Unary', route pattern: '/connection.GrpcConnection/StopAnimationOnLedstrip'. 
 
Grpc.AspNetCore.Server.Model.Internal.ServiceRouteBuilder[1 - ] 
      2022/04/21 00:08:14.926 - [TRACE]: Added gRPC method 'TestLedstrip' to service 'connection.GrpcConnection'. Method type: 'Unary', route pattern: '/connection.GrpcConnection/TestLedstrip'. 
 
Grpc.AspNetCore.Server.Model.Internal.ServiceRouteBuilder[1 - ] 
      2022/04/21 00:08:14.926 - [TRACE]: Added gRPC method 'GetPlayingLedstrips' to service 'connection.GrpcConnection'. Method type: 'ServerStreaming', route pattern: '/connection.GrpcConnection/GetPlayingLedstrips'. 
 
Grpc.AspNetCore.Server.Model.Internal.ServiceRouteBuilder[1 - ] 
      2022/04/21 00:08:14.926 - [TRACE]: Added gRPC method 'UploadEffectAssembly' to service 'connection.GrpcConnection'. Method type: 'Unary', route pattern: '/connection.GrpcConnection/UploadEffectAssembly'. 
 
Microsoft.Extensions.Hosting.Internal.Host[1 - ] 
      2022/04/21 00:08:14.971 - [DEBUG]: Hosting starting 
 
Microsoft.AspNetCore.Server.Kestrel[1 - ] 
      2022/04/21 00:08:15.026 - [WARN]: Overriding address(es) 'http://localhost:5229, https://localhost:7229'. Binding to endpoints defined via IConfiguration and/or UseKestrel() instead. 
 
Microsoft.Hosting.Lifetime[1 - ] 
      2022/04/21 00:08:15.043 - [INFO]: Now listening on: http://0.0.0.0:5000 
 
Microsoft.Hosting.Lifetime[1 - ] 
      2022/04/21 00:08:15.043 - [INFO]: Application started. Press Ctrl+C to shut down. 
 
Microsoft.Hosting.Lifetime[1 - ] 
      2022/04/21 00:08:15.043 - [INFO]: Hosting environment: Development 
 
Microsoft.Hosting.Lifetime[1 - ] 
      2022/04/21 00:08:15.043 - [INFO]: Content root path: D:\Projects\LedController_net5\LedController.Controller.Service\ 
 
Microsoft.Extensions.Hosting.Internal.Host[1 - ] 
      2022/04/21 00:08:15.043 - [DEBUG]: Hosting started 
 
Grpc.AspNetCore.Server.ServerCallHandler[6 - .NET ThreadPool Worker] 
      2022/04/21 00:08:23.040 - [DEBUG]: Reading message. 
 
Grpc.AspNetCore.Server.ServerCallHandler[6 - .NET ThreadPool Worker] 
      2022/04/21 00:08:23.040 - [TRACE]: Deserializing 0 byte message to 'Google.Protobuf.WellKnownTypes.Empty'. 
 
Grpc.AspNetCore.Server.ServerCallHandler[6 - .NET ThreadPool Worker] 
      2022/04/21 00:08:23.040 - [TRACE]: Received message. 
 
LedController.Controller.Service.Services.ServerConnectionService[6 - .NET ThreadPool Worker] 
      2022/04/21 00:08:23.847 - [INFO]: Portal 127.0.0.1:5000 request to connect. 
 
Grpc.AspNetCore.Server.ServerCallHandler[6 - .NET ThreadPool Worker] 
      2022/04/21 00:08:23.856 - [DEBUG]: Sending message. 
 
Grpc.AspNetCore.Server.ServerCallHandler[6 - .NET ThreadPool Worker] 
      2022/04/21 00:08:23.856 - [TRACE]: Serialized 'Google.Protobuf.WellKnownTypes.Empty' to 0 byte message. 
 
Grpc.AspNetCore.Server.ServerCallHandler[6 - .NET ThreadPool Worker] 
      2022/04/21 00:08:23.856 - [TRACE]: Message sent. 
 
Grpc.AspNetCore.Server.Model.Internal.ServiceRouteBuilder[1 - ] 
      2022/04/21 00:17:12.922 - [TRACE]: Discovering gRPC methods for LedController.Controller.Service.Services.ServerConnectionService. 
 
Grpc.AspNetCore.Server.Model.Internal.ServiceRouteBuilder[1 - ] 
      2022/04/21 00:17:12.965 - [TRACE]: Added gRPC method 'Connect' to service 'connection.GrpcConnection'. Method type: 'Unary', route pattern: '/connection.GrpcConnection/Connect'. 
 
Grpc.AspNetCore.Server.Model.Internal.ServiceRouteBuilder[1 - ] 
      2022/04/21 00:17:12.965 - [TRACE]: Added gRPC method 'Disconnect' to service 'connection.GrpcConnection'. Method type: 'Unary', route pattern: '/connection.GrpcConnection/Disconnect'. 
 
Grpc.AspNetCore.Server.Model.Internal.ServiceRouteBuilder[1 - ] 
      2022/04/21 00:17:12.965 - [TRACE]: Added gRPC method 'PlayAnimationOnLedstrip' to service 'connection.GrpcConnection'. Method type: 'Unary', route pattern: '/connection.GrpcConnection/PlayAnimationOnLedstrip'. 
 
Grpc.AspNetCore.Server.Model.Internal.ServiceRouteBuilder[1 - ] 
      2022/04/21 00:17:12.965 - [TRACE]: Added gRPC method 'StopAnimationOnLedstrip' to service 'connection.GrpcConnection'. Method type: 'Unary', route pattern: '/connection.GrpcConnection/StopAnimationOnLedstrip'. 
 
Grpc.AspNetCore.Server.Model.Internal.ServiceRouteBuilder[1 - ] 
      2022/04/21 00:17:12.965 - [TRACE]: Added gRPC method 'TestLedstrip' to service 'connection.GrpcConnection'. Method type: 'Unary', route pattern: '/connection.GrpcConnection/TestLedstrip'. 
 
Grpc.AspNetCore.Server.Model.Internal.ServiceRouteBuilder[1 - ] 
      2022/04/21 00:17:12.965 - [TRACE]: Added gRPC method 'GetPlayingLedstrips' to service 'connection.GrpcConnection'. Method type: 'ServerStreaming', route pattern: '/connection.GrpcConnection/GetPlayingLedstrips'. 
 
Grpc.AspNetCore.Server.Model.Internal.ServiceRouteBuilder[1 - ] 
      2022/04/21 00:17:12.965 - [TRACE]: Added gRPC method 'UploadEffectAssembly' to service 'connection.GrpcConnection'. Method type: 'Unary', route pattern: '/connection.GrpcConnection/UploadEffectAssembly'. 
 
Microsoft.Extensions.Hosting.Internal.Host[1 - ] 
      2022/04/21 00:17:13.007 - [DEBUG]: Hosting starting 
 
Microsoft.AspNetCore.Server.Kestrel[1 - ] 
      2022/04/21 00:17:13.122 - [WARN]: Overriding address(es) 'http://localhost:5229, https://localhost:7229'. Binding to endpoints defined via IConfiguration and/or UseKestrel() instead. 
 
Microsoft.Hosting.Lifetime[1 - ] 
      2022/04/21 00:17:13.137 - [INFO]: Now listening on: http://0.0.0.0:5000 
 
Microsoft.Hosting.Lifetime[1 - ] 
      2022/04/21 00:17:13.137 - [INFO]: Application started. Press Ctrl+C to shut down. 
 
Microsoft.Hosting.Lifetime[1 - ] 
      2022/04/21 00:17:13.137 - [INFO]: Hosting environment: Development 
 
Microsoft.Hosting.Lifetime[1 - ] 
      2022/04/21 00:17:13.137 - [INFO]: Content root path: D:\Projects\LedController_net5\LedController.Controller.Service\ 
 
Microsoft.Extensions.Hosting.Internal.Host[1 - ] 
      2022/04/21 00:17:13.137 - [DEBUG]: Hosting started 
 
Grpc.AspNetCore.Server.ServerCallHandler[19 - .NET ThreadPool Worker] 
      2022/04/21 00:17:35.023 - [DEBUG]: Reading message. 
 
Grpc.AspNetCore.Server.ServerCallHandler[19 - .NET ThreadPool Worker] 
      2022/04/21 00:17:35.023 - [TRACE]: Deserializing 0 byte message to 'Google.Protobuf.WellKnownTypes.Empty'. 
 
Grpc.AspNetCore.Server.ServerCallHandler[19 - .NET ThreadPool Worker] 
      2022/04/21 00:17:35.023 - [TRACE]: Received message. 
 
LedController.Controller.Service.Services.ServerConnectionService[19 - .NET ThreadPool Worker] 
      2022/04/21 00:17:35.871 - [INFO]: Portal 127.0.0.1:5000 request to connect. 
 
Grpc.AspNetCore.Server.ServerCallHandler[19 - .NET ThreadPool Worker] 
      2022/04/21 00:17:35.882 - [DEBUG]: Sending message. 
 
Grpc.AspNetCore.Server.ServerCallHandler[19 - .NET ThreadPool Worker] 
      2022/04/21 00:17:35.882 - [TRACE]: Serialized 'Google.Protobuf.WellKnownTypes.Empty' to 0 byte message. 
 
Grpc.AspNetCore.Server.ServerCallHandler[19 - .NET ThreadPool Worker] 
      2022/04/21 00:17:35.882 - [TRACE]: Message sent. 
 
Grpc.AspNetCore.Server.ServerCallHandler[8 - .NET ThreadPool Worker] 
      2022/04/21 00:18:21.370 - [DEBUG]: Reading message. 
 
Grpc.AspNetCore.Server.ServerCallHandler[8 - .NET ThreadPool Worker] 
      2022/04/21 00:18:21.370 - [TRACE]: Deserializing 38 byte message to 'LedController.Controller.Service.EffectAssembly'. 
 
Grpc.AspNetCore.Server.ServerCallHandler[8 - .NET ThreadPool Worker] 
      2022/04/21 00:18:21.370 - [TRACE]: Received message. 
 
LedController.Controller.Core.Services.EffectService[8 - .NET ThreadPool Worker] 
      2022/04/21 00:18:27.002 - [TRACE]: Saving effect assembly b91eeacd-1a7e-414d-9ebd-a126ccc07591 to disk. 
 
LedController.Controller.Infrastructure.Device.Providers.EffectAssemblyProvider[8 - .NET ThreadPool Worker] 
      2022/04/21 00:18:27.002 - [TRACE]: Creating full file name for assembly FullName will be D:\Projects\LedController_net5\LedController.Controller.Service\assemblies\EffectAssembly-b91eeacd-1a7e-414d-9ebd-a126ccc07591.dll. 
 
LedController.Controller.Infrastructure.Device.Providers.EffectAssemblyProvider[8 - .NET ThreadPool Worker] 
      2022/04/21 00:18:27.002 - [TRACE]: Saving assembly b91eeacd-1a7e-414d-9ebd-a126ccc07591 to D:\Projects\LedController_net5\LedController.Controller.Service\assemblies\EffectAssembly-b91eeacd-1a7e-414d-9ebd-a126ccc07591.dll. 
 
LedController.Controller.Infrastructure.Device.File.FileService[8 - .NET ThreadPool Worker] 
      2022/04/21 00:18:27.002 - [TRACE]: Saving file to path D:\Projects\LedController_net5\LedController.Controller.Service\assemblies\EffectAssembly-b91eeacd-1a7e-414d-9ebd-a126ccc07591.dll. 
 
LedController.Controller.Infrastructure.Device.File.FileService[8 - .NET ThreadPool Worker] 
      2022/04/21 00:18:27.002 - [TRACE]: File was saved successfully. 
 
Grpc.AspNetCore.Server.ServerCallHandler[8 - .NET ThreadPool Worker] 
      2022/04/21 00:18:27.322 - [DEBUG]: Sending message. 
 
Grpc.AspNetCore.Server.ServerCallHandler[8 - .NET ThreadPool Worker] 
      2022/04/21 00:18:27.322 - [TRACE]: Serialized 'LedController.Controller.Service.ResultMessage' to 2 byte message. 
 
Grpc.AspNetCore.Server.ServerCallHandler[8 - .NET ThreadPool Worker] 
      2022/04/21 00:18:27.322 - [TRACE]: Message sent. 
 
