Microsoft.Extensions.Hosting.Internal.Host[1 - ] 
      2022/04/09 16:10:26.310 - [DEBUG]: Hosting starting 
 
LedController.WebPortal.Core.Services.DiscoveryService[1 - ] 
      2022/04/09 16:10:26.378 - [DEBUG]: Starting the discovery service. 
 
LedController.WebPortal.Core.Services.DiscoveryService[1 - ] 
      2022/04/09 16:10:26.378 - [DEBUG]: Creating a new UDP client to be used for broadcasting the server information. This wil happen on UDP port 8472. 
 
LedController.WebPortal.Core.Services.DiscoveryService[1 - ] 
      2022/04/09 16:10:26.394 - [DEBUG]: The discovery service has started. 
 
LedController.WebPortal.Core.Services.DiscoveryService[12 - .NET ThreadPool Worker] 
      2022/04/09 16:10:26.394 - [TRACE]: Start sending message to controllers to be discovered. 
 
Microsoft.Hosting.Lifetime[1 - ] 
      2022/04/09 16:10:26.480 - [INFO]: Now listening on: http://localhost:5097 
 
Microsoft.Hosting.Lifetime[1 - ] 
      2022/04/09 16:10:26.480 - [INFO]: Application started. Press Ctrl+C to shut down. 
 
Microsoft.Hosting.Lifetime[1 - ] 
      2022/04/09 16:10:26.480 - [INFO]: Hosting environment: Development 
 
Microsoft.Hosting.Lifetime[1 - ] 
      2022/04/09 16:10:26.480 - [INFO]: Content root path: D:\Projects\LedController_net5\LedController.WebPortal.Web\ 
 
Microsoft.Extensions.Hosting.Internal.Host[1 - ] 
      2022/04/09 16:10:26.480 - [DEBUG]: Hosting started 
 
LedController.WebPortal.Web.Pages.Index[9 - .NET ThreadPool Worker] 
      2022/04/09 16:10:28.722 - [INFO]: Opening the index page. 
 
LedController.WebPortal.Web.Pages.Index[6 - .NET ThreadPool Worker] 
      2022/04/09 16:10:30.459 - [INFO]: Opening the index page. 
 
Microsoft.Extensions.Hosting.Internal.Host[1 - ] 
      2022/04/09 16:13:04.873 - [DEBUG]: Hosting starting 
 
LedController.WebPortal.Core.Services.DiscoveryService[1 - ] 
      2022/04/09 16:13:04.912 - [DEBUG]: Starting the discovery service. 
 
LedController.WebPortal.Core.Services.DiscoveryService[1 - ] 
      2022/04/09 16:13:04.912 - [DEBUG]: Creating a new UDP client to be used for broadcasting the server information. This wil happen on UDP port 8472. 
 
LedController.WebPortal.Core.Services.DiscoveryService[1 - ] 
      2022/04/09 16:13:04.930 - [DEBUG]: The discovery service has started. 
 
LedController.WebPortal.Core.Services.DiscoveryService[9 - .NET ThreadPool Worker] 
      2022/04/09 16:13:04.930 - [TRACE]: Start sending message to controllers to be discovered. 
 
Microsoft.Hosting.Lifetime[1 - ] 
      2022/04/09 16:13:05.216 - [INFO]: Now listening on: http://localhost:5097 
 
Microsoft.Hosting.Lifetime[1 - ] 
      2022/04/09 16:13:05.216 - [INFO]: Application started. Press Ctrl+C to shut down. 
 
Microsoft.Hosting.Lifetime[1 - ] 
      2022/04/09 16:13:05.216 - [INFO]: Hosting environment: Development 
 
Microsoft.Hosting.Lifetime[1 - ] 
      2022/04/09 16:13:05.216 - [INFO]: Content root path: D:\Projects\LedController_net5\LedController.WebPortal.Web\ 
 
Microsoft.Extensions.Hosting.Internal.Host[1 - ] 
      2022/04/09 16:13:05.216 - [DEBUG]: Hosting started 
 
LedController.WebPortal.Web.Pages.Index[6 - .NET ThreadPool Worker] 
      2022/04/09 16:13:07.547 - [INFO]: Opening the index page. 
 
LedController.WebPortal.Web.Pages.Index[10 - .NET ThreadPool Worker] 
      2022/04/09 16:13:09.005 - [INFO]: Opening the index page. 
 
Microsoft.Extensions.Hosting.Internal.Host[1 - ] 
      2022/04/09 16:13:42.815 - [DEBUG]: Hosting starting 
 
LedController.WebPortal.Core.Services.DiscoveryService[1 - ] 
      2022/04/09 16:13:42.850 - [DEBUG]: Starting the discovery service. 
 
LedController.WebPortal.Core.Services.DiscoveryService[1 - ] 
      2022/04/09 16:13:42.850 - [DEBUG]: Creating a new UDP client to be used for broadcasting the server information. This wil happen on UDP port 8472. 
 
LedController.WebPortal.Core.Services.DiscoveryService[1 - ] 
      2022/04/09 16:13:42.850 - [DEBUG]: The discovery service has started. 
 
LedController.WebPortal.Core.Services.DiscoveryService[9 - .NET ThreadPool Worker] 
      2022/04/09 16:13:42.850 - [TRACE]: Start sending message to controllers to be discovered. 
 
Microsoft.Hosting.Lifetime[1 - ] 
      2022/04/09 16:13:42.941 - [INFO]: Now listening on: http://localhost:5097 
 
Microsoft.Hosting.Lifetime[1 - ] 
      2022/04/09 16:13:42.945 - [INFO]: Application started. Press Ctrl+C to shut down. 
 
Microsoft.Hosting.Lifetime[1 - ] 
      2022/04/09 16:13:42.945 - [INFO]: Hosting environment: Development 
 
Microsoft.Hosting.Lifetime[1 - ] 
      2022/04/09 16:13:42.945 - [INFO]: Content root path: D:\Projects\LedController_net5\LedController.WebPortal.Web\ 
 
Microsoft.Extensions.Hosting.Internal.Host[1 - ] 
      2022/04/09 16:13:42.945 - [DEBUG]: Hosting started 
 
LedController.WebPortal.Web.Pages.Index[15 - .NET ThreadPool Worker] 
      2022/04/09 16:13:44.909 - [INFO]: Opening the index page. 
 
LedController.WebPortal.Web.Pages.Index[6 - .NET ThreadPool Worker] 
      2022/04/09 16:13:46.369 - [INFO]: Opening the index page. 
 
Microsoft.Extensions.Hosting.Internal.Host[9 - .NET ThreadPool Worker] 
      2022/04/09 17:13:42.943 - [ERROR]: BackgroundService failed 
 System.ArgumentException: Destination array was not long enough. Check the destination index, length, and the array's lower bounds. (Parameter 'destinationArray')
   at System.Array.Copy(Array sourceArray, Int32 sourceIndex, Array destinationArray, Int32 destinationIndex, Int32 length, Boolean reliable)
   at System.Array.Copy(Array sourceArray, Int32 sourceIndex, Array destinationArray, Int32 destinationIndex, Int32 length)
   at System.Array.CopyTo(Array array, Int32 index)
   at LedController.WebPortal.Core.Services.DiscoveryService.CreateBroadcastMessage() in D:\Projects\LedController_net5\LedController.Portal.Core\Services\DiscoveryService.cs:line 270
   at LedController.WebPortal.Core.Services.DiscoveryService.SendDiscoveryMessageAsync(CancellationToken token) in D:\Projects\LedController_net5\LedController.Portal.Core\Services\DiscoveryService.cs:line 247
   at LedController.WebPortal.Core.Services.DiscoveryService.ExecuteAsync(CancellationToken stoppingToken) in D:\Projects\LedController_net5\LedController.Portal.Core\Services\DiscoveryService.cs:line 233
   at Microsoft.Extensions.Hosting.Internal.Host.TryExecuteBackgroundServiceAsync(BackgroundService backgroundService)
Microsoft.Extensions.Hosting.Internal.Host[9 - .NET ThreadPool Worker] 
      2022/04/09 17:13:43.001 - [FATAL]: The HostOptions.BackgroundServiceExceptionBehavior is configured to StopHost. A BackgroundService has thrown an unhandled exception, and the IHost instance is stopping. To avoid this behavior, configure this to Ignore; however the BackgroundService will not be restarted. 
 System.ArgumentException: Destination array was not long enough. Check the destination index, length, and the array's lower bounds. (Parameter 'destinationArray')
   at System.Array.Copy(Array sourceArray, Int32 sourceIndex, Array destinationArray, Int32 destinationIndex, Int32 length, Boolean reliable)
   at System.Array.Copy(Array sourceArray, Int32 sourceIndex, Array destinationArray, Int32 destinationIndex, Int32 length)
   at System.Array.CopyTo(Array array, Int32 index)
   at LedController.WebPortal.Core.Services.DiscoveryService.CreateBroadcastMessage() in D:\Projects\LedController_net5\LedController.Portal.Core\Services\DiscoveryService.cs:line 270
   at LedController.WebPortal.Core.Services.DiscoveryService.SendDiscoveryMessageAsync(CancellationToken token) in D:\Projects\LedController_net5\LedController.Portal.Core\Services\DiscoveryService.cs:line 247
   at LedController.WebPortal.Core.Services.DiscoveryService.ExecuteAsync(CancellationToken stoppingToken) in D:\Projects\LedController_net5\LedController.Portal.Core\Services\DiscoveryService.cs:line 233
   at Microsoft.Extensions.Hosting.Internal.Host.TryExecuteBackgroundServiceAsync(BackgroundService backgroundService)
Microsoft.Hosting.Lifetime[9 - .NET ThreadPool Worker] 
      2022/04/09 17:13:43.001 - [INFO]: Application is shutting down... 
 
Microsoft.Extensions.Hosting.Internal.Host[6 - .NET ThreadPool Worker] 
      2022/04/09 17:13:43.001 - [DEBUG]: Hosting stopping 
 
LedController.WebPortal.Core.Services.DiscoveryService[13 - .NET ThreadPool Worker] 
      2022/04/09 17:13:43.077 - [DEBUG]: Stopping the discovery service. 
 
LedController.WebPortal.Core.Services.DiscoveryService[13 - .NET ThreadPool Worker] 
      2022/04/09 17:13:43.077 - [DEBUG]: The discovery service has stopped. 
 
Microsoft.Extensions.Hosting.Internal.Host[13 - .NET ThreadPool Worker] 
      2022/04/09 17:13:43.077 - [DEBUG]: Hosting stopped 
 
Microsoft.Extensions.Hosting.Internal.Host[1 - ] 
      2022/04/09 18:01:43.687 - [DEBUG]: Hosting starting 
 
LedController.WebPortal.Core.Services.DiscoveryService[1 - ] 
      2022/04/09 18:01:43.719 - [DEBUG]: Starting the discovery service. 
 
LedController.WebPortal.Core.Services.DiscoveryService[1 - ] 
      2022/04/09 18:01:43.719 - [DEBUG]: Creating a new UDP client to be used for broadcasting the server information. This wil happen on UDP port 8472. 
 
LedController.WebPortal.Core.Services.DiscoveryService[1 - ] 
      2022/04/09 18:01:43.730 - [DEBUG]: The discovery service has started. 
 
LedController.WebPortal.Core.Services.DiscoveryService[10 - .NET ThreadPool Worker] 
      2022/04/09 18:01:43.730 - [TRACE]: Start sending message to controllers to be discovered. 
 
Microsoft.Hosting.Lifetime[1 - ] 
      2022/04/09 18:01:43.790 - [INFO]: Now listening on: http://localhost:5097 
 
Microsoft.Hosting.Lifetime[1 - ] 
      2022/04/09 18:01:43.790 - [INFO]: Application started. Press Ctrl+C to shut down. 
 
Microsoft.Hosting.Lifetime[1 - ] 
      2022/04/09 18:01:43.790 - [INFO]: Hosting environment: Development 
 
Microsoft.Hosting.Lifetime[1 - ] 
      2022/04/09 18:01:43.790 - [INFO]: Content root path: D:\Projects\LedController_net5\LedController.WebPortal.Web\ 
 
Microsoft.Extensions.Hosting.Internal.Host[1 - ] 
      2022/04/09 18:01:43.790 - [DEBUG]: Hosting started 
 
LedController.WebPortal.Web.Pages.Index[10 - .NET ThreadPool Worker] 
      2022/04/09 18:01:46.475 - [INFO]: Opening the index page. 
 
LedController.WebPortal.Web.Pages.Index[10 - .NET ThreadPool Worker] 
      2022/04/09 18:01:48.170 - [INFO]: Opening the index page. 
 
LedController.WebPortal.Web.Pages.EffectsEditorPage[10 - .NET ThreadPool Worker] 
      2022/04/09 18:01:52.330 - [INFO]: Loading effects page. 
 
LedController.WebPortal.Web.Components.EffectEditor[10 - .NET ThreadPool Worker] 
      2022/04/09 18:01:52.431 - [DEBUG]: Starting effect editor for Test Effect. 
 
LedController.WebPortal.Web.Components.EffectEditor[9 - .NET ThreadPool Worker] 
      2022/04/09 18:01:52.468 - [DEBUG]: Starting monaco editor for effect Test Effect. 
 
LedController.WebPortal.Web.Pages.EffectsEditorPage[6 - .NET ThreadPool Worker] 
      2022/04/09 18:01:58.926 - [INFO]: Loading effects page. 
 
LedController.WebPortal.Web.Components.EffectEditor[6 - .NET ThreadPool Worker] 
      2022/04/09 18:01:58.948 - [DEBUG]: Starting effect editor for Test Effect. 
 
LedController.WebPortal.Web.Components.EffectEditor[6 - .NET ThreadPool Worker] 
      2022/04/09 18:01:58.948 - [DEBUG]: Starting monaco editor for effect Test Effect. 
 
Microsoft.Extensions.Hosting.Internal.Host[1 - ] 
      2022/04/09 18:06:43.302 - [DEBUG]: Hosting starting 
 
LedController.WebPortal.Core.Services.DiscoveryService[1 - ] 
      2022/04/09 18:06:43.337 - [DEBUG]: Starting the discovery service. 
 
LedController.WebPortal.Core.Services.DiscoveryService[1 - ] 
      2022/04/09 18:06:43.337 - [DEBUG]: Creating a new UDP client to be used for broadcasting the server information. This wil happen on UDP port 8472. 
 
LedController.WebPortal.Core.Services.DiscoveryService[1 - ] 
      2022/04/09 18:06:43.351 - [DEBUG]: The discovery service has started. 
 
LedController.WebPortal.Core.Services.DiscoveryService[10 - .NET ThreadPool Worker] 
      2022/04/09 18:06:43.351 - [TRACE]: Start sending message to controllers to be discovered. 
 
Microsoft.Hosting.Lifetime[1 - ] 
      2022/04/09 18:06:43.430 - [INFO]: Now listening on: http://localhost:5097 
 
Microsoft.Hosting.Lifetime[1 - ] 
      2022/04/09 18:06:43.430 - [INFO]: Application started. Press Ctrl+C to shut down. 
 
Microsoft.Hosting.Lifetime[1 - ] 
      2022/04/09 18:06:43.430 - [INFO]: Hosting environment: Development 
 
Microsoft.Hosting.Lifetime[1 - ] 
      2022/04/09 18:06:43.430 - [INFO]: Content root path: D:\Projects\LedController_net5\LedController.WebPortal.Web\ 
 
Microsoft.Extensions.Hosting.Internal.Host[1 - ] 
      2022/04/09 18:06:43.430 - [DEBUG]: Hosting started 
 
LedController.WebPortal.Web.Pages.Index[13 - .NET ThreadPool Worker] 
      2022/04/09 18:06:45.603 - [INFO]: Opening the index page. 
 
LedController.WebPortal.Web.Pages.Index[14 - .NET ThreadPool Worker] 
      2022/04/09 18:06:46.997 - [INFO]: Opening the index page. 
 
LedController.WebPortal.Web.Pages.EffectsEditorPage[9 - .NET ThreadPool Worker] 
      2022/04/09 18:06:59.470 - [INFO]: Loading effects page. 
 
LedController.WebPortal.Web.Components.EffectEditor[9 - .NET ThreadPool Worker] 
      2022/04/09 18:06:59.515 - [DEBUG]: Starting effect editor for Test Effect. 
 
LedController.WebPortal.Web.Components.EffectEditor[9 - .NET ThreadPool Worker] 
      2022/04/09 18:06:59.531 - [DEBUG]: Starting monaco editor for effect Test Effect. 
 
Microsoft.Extensions.Hosting.Internal.Host[1 - ] 
      2022/04/09 19:51:04.840 - [DEBUG]: Hosting starting 
 
LedController.WebPortal.Core.Services.DiscoveryService[1 - ] 
      2022/04/09 19:51:04.899 - [DEBUG]: Starting the discovery service. 
 
LedController.WebPortal.Core.Services.DiscoveryService[1 - ] 
      2022/04/09 19:51:04.899 - [DEBUG]: Creating a new UDP client to be used for broadcasting the server information. This wil happen on UDP port 8472. 
 
LedController.WebPortal.Core.Services.DiscoveryService[1 - ] 
      2022/04/09 19:51:04.915 - [DEBUG]: The discovery service has started. 
 
LedController.WebPortal.Core.Services.DiscoveryService[6 - .NET ThreadPool Worker] 
      2022/04/09 19:51:04.915 - [TRACE]: Start sending message to controllers to be discovered. 
 
Microsoft.Hosting.Lifetime[1 - ] 
      2022/04/09 19:51:05.016 - [INFO]: Now listening on: http://localhost:5097 
 
Microsoft.Hosting.Lifetime[1 - ] 
      2022/04/09 19:51:05.016 - [INFO]: Application started. Press Ctrl+C to shut down. 
 
Microsoft.Hosting.Lifetime[1 - ] 
      2022/04/09 19:51:05.016 - [INFO]: Hosting environment: Development 
 
Microsoft.Hosting.Lifetime[1 - ] 
      2022/04/09 19:51:05.016 - [INFO]: Content root path: D:\Projects\LedController_net5\LedController.WebPortal.Web\ 
 
Microsoft.Extensions.Hosting.Internal.Host[1 - ] 
      2022/04/09 19:51:05.016 - [DEBUG]: Hosting started 
 
LedController.WebPortal.Web.Pages.Index[10 - .NET ThreadPool Worker] 
      2022/04/09 19:51:07.566 - [INFO]: Opening the index page. 
 
LedController.WebPortal.Web.Pages.Index[10 - .NET ThreadPool Worker] 
      2022/04/09 19:51:09.281 - [INFO]: Opening the index page. 
 
LedController.WebPortal.Web.Pages.EffectsEditorPage[10 - .NET ThreadPool Worker] 
      2022/04/09 19:51:11.071 - [INFO]: Loading effects page. 
 
LedController.WebPortal.Web.Components.EffectEditor[10 - .NET ThreadPool Worker] 
      2022/04/09 19:51:11.145 - [DEBUG]: Starting effect editor for Test Effect. 
 
LedController.WebPortal.Web.Components.EffectEditor[6 - .NET ThreadPool Worker] 
      2022/04/09 19:51:11.184 - [DEBUG]: Starting monaco editor for effect Test Effect. 
 
LedController.WebPortal.Web.Pages.AnimationsPage[10 - .NET ThreadPool Worker] 
      2022/04/09 19:51:27.561 - [INFO]: Saving animation Test Animation. 
 
LedController.WebPortal.Web.Pages.SpiBusesPage[6 - .NET ThreadPool Worker] 
      2022/04/09 19:51:42.398 - [INFO]: Opening the spi buses page, and loading the spi buses from the application. 
 
LedController.WebPortal.Web.Pages.EffectsEditorPage[16 - .NET ThreadPool Worker] 
      2022/04/09 19:51:44.557 - [INFO]: Loading effects page. 
 
LedController.WebPortal.Web.Components.EffectEditor[16 - .NET ThreadPool Worker] 
      2022/04/09 19:51:44.557 - [DEBUG]: Starting effect editor for Test Effect. 
 
LedController.WebPortal.Web.Components.EffectEditor[9 - .NET ThreadPool Worker] 
      2022/04/09 19:51:44.594 - [DEBUG]: Starting monaco editor for effect Test Effect. 
 
LedController.WebPortal.Web.Pages.AnimationsPage[6 - .NET ThreadPool Worker] 
      2022/04/09 19:53:49.286 - [INFO]: Saving animation Test Animation. 
 
Microsoft.Extensions.Hosting.Internal.Host[1 - ] 
      2022/04/09 19:57:44.463 - [DEBUG]: Hosting starting 
 
LedController.WebPortal.Core.Services.DiscoveryService[1 - ] 
      2022/04/09 19:57:44.499 - [DEBUG]: Starting the discovery service. 
 
LedController.WebPortal.Core.Services.DiscoveryService[1 - ] 
      2022/04/09 19:57:44.499 - [DEBUG]: Creating a new UDP client to be used for broadcasting the server information. This wil happen on UDP port 8472. 
 
LedController.WebPortal.Core.Services.DiscoveryService[1 - ] 
      2022/04/09 19:57:44.510 - [DEBUG]: The discovery service has started. 
 
LedController.WebPortal.Core.Services.DiscoveryService[13 - .NET ThreadPool Worker] 
      2022/04/09 19:57:44.510 - [TRACE]: Start sending message to controllers to be discovered. 
 
Microsoft.Hosting.Lifetime[1 - ] 
      2022/04/09 19:57:44.578 - [INFO]: Now listening on: http://localhost:5097 
 
Microsoft.Hosting.Lifetime[1 - ] 
      2022/04/09 19:57:44.578 - [INFO]: Application started. Press Ctrl+C to shut down. 
 
Microsoft.Hosting.Lifetime[1 - ] 
      2022/04/09 19:57:44.578 - [INFO]: Hosting environment: Development 
 
Microsoft.Hosting.Lifetime[1 - ] 
      2022/04/09 19:57:44.578 - [INFO]: Content root path: D:\Projects\LedController_net5\LedController.WebPortal.Web\ 
 
Microsoft.Extensions.Hosting.Internal.Host[1 - ] 
      2022/04/09 19:57:44.578 - [DEBUG]: Hosting started 
 
LedController.WebPortal.Web.Pages.Index[6 - .NET ThreadPool Worker] 
      2022/04/09 19:57:47.252 - [INFO]: Opening the index page. 
 
LedController.WebPortal.Web.Pages.Index[9 - .NET ThreadPool Worker] 
      2022/04/09 19:57:49.030 - [INFO]: Opening the index page. 
 
LedController.WebPortal.Web.Pages.EffectsEditorPage[15 - .NET ThreadPool Worker] 
      2022/04/09 19:57:58.684 - [INFO]: Loading effects page. 
 
LedController.WebPortal.Web.Components.EffectEditor[15 - .NET ThreadPool Worker] 
      2022/04/09 19:57:58.762 - [DEBUG]: Starting effect editor for Test Effect. 
 
LedController.WebPortal.Web.Components.EffectEditor[9 - .NET ThreadPool Worker] 
      2022/04/09 19:57:58.801 - [DEBUG]: Starting monaco editor for effect Test Effect. 
 
LedController.WebPortal.Web.Pages.AnimationsPage[6 - .NET ThreadPool Worker] 
      2022/04/09 19:58:15.288 - [INFO]: Saving animation Test Animation. 
 
LedController.WebPortal.Web.Pages.AnimationsPage[6 - .NET ThreadPool Worker] 
      2022/04/09 19:58:16.487 - [INFO]: Saving animation Test Animation. 
 
Microsoft.Extensions.Hosting.Internal.Host[1 - ] 
      2022/04/09 20:13:39.063 - [DEBUG]: Hosting starting 
 
LedController.WebPortal.Core.Services.DiscoveryService[1 - ] 
      2022/04/09 20:13:39.113 - [DEBUG]: Starting the discovery service. 
 
LedController.WebPortal.Core.Services.DiscoveryService[1 - ] 
      2022/04/09 20:13:39.113 - [DEBUG]: Creating a new UDP client to be used for broadcasting the server information. This wil happen on UDP port 8472. 
 
LedController.WebPortal.Core.Services.DiscoveryService[1 - ] 
      2022/04/09 20:13:39.130 - [DEBUG]: The discovery service has started. 
 
LedController.WebPortal.Core.Services.DiscoveryService[10 - .NET ThreadPool Worker] 
      2022/04/09 20:13:39.130 - [TRACE]: Start sending message to controllers to be discovered. 
 
Microsoft.Hosting.Lifetime[1 - ] 
      2022/04/09 20:13:39.229 - [INFO]: Now listening on: http://localhost:5097 
 
Microsoft.Hosting.Lifetime[1 - ] 
      2022/04/09 20:13:39.229 - [INFO]: Application started. Press Ctrl+C to shut down. 
 
Microsoft.Hosting.Lifetime[1 - ] 
      2022/04/09 20:13:39.229 - [INFO]: Hosting environment: Development 
 
Microsoft.Hosting.Lifetime[1 - ] 
      2022/04/09 20:13:39.229 - [INFO]: Content root path: D:\Projects\LedController_net5\LedController.WebPortal.Web\ 
 
Microsoft.Extensions.Hosting.Internal.Host[1 - ] 
      2022/04/09 20:13:39.229 - [DEBUG]: Hosting started 
 
LedController.WebPortal.Web.Pages.Index[10 - .NET ThreadPool Worker] 
      2022/04/09 20:13:41.623 - [INFO]: Opening the index page. 
 
LedController.WebPortal.Web.Pages.Index[9 - .NET ThreadPool Worker] 
      2022/04/09 20:13:43.627 - [INFO]: Opening the index page. 
 
LedController.WebPortal.Web.Pages.EffectsEditorPage[10 - .NET ThreadPool Worker] 
      2022/04/09 20:14:50.537 - [INFO]: Loading effects page. 
 
LedController.WebPortal.Web.Components.EffectEditor[10 - .NET ThreadPool Worker] 
      2022/04/09 20:14:50.591 - [DEBUG]: Starting effect editor for Test Effect. 
 
LedController.WebPortal.Web.Components.EffectEditor[6 - .NET ThreadPool Worker] 
      2022/04/09 20:14:50.612 - [DEBUG]: Starting monaco editor for effect Test Effect. 
 
Microsoft.Extensions.Hosting.Internal.Host[1 - ] 
      2022/04/09 20:18:01.804 - [DEBUG]: Hosting starting 
 
LedController.WebPortal.Core.Services.DiscoveryService[1 - ] 
      2022/04/09 20:18:01.845 - [DEBUG]: Starting the discovery service. 
 
LedController.WebPortal.Core.Services.DiscoveryService[1 - ] 
      2022/04/09 20:18:01.845 - [DEBUG]: Creating a new UDP client to be used for broadcasting the server information. This wil happen on UDP port 8472. 
 
LedController.WebPortal.Core.Services.DiscoveryService[1 - ] 
      2022/04/09 20:18:01.860 - [DEBUG]: The discovery service has started. 
 
LedController.WebPortal.Core.Services.DiscoveryService[10 - .NET ThreadPool Worker] 
      2022/04/09 20:18:01.860 - [TRACE]: Start sending message to controllers to be discovered. 
 
Microsoft.Hosting.Lifetime[1 - ] 
      2022/04/09 20:18:01.933 - [INFO]: Now listening on: http://localhost:5097 
 
Microsoft.Hosting.Lifetime[1 - ] 
      2022/04/09 20:18:01.933 - [INFO]: Application started. Press Ctrl+C to shut down. 
 
Microsoft.Hosting.Lifetime[1 - ] 
      2022/04/09 20:18:01.933 - [INFO]: Hosting environment: Development 
 
Microsoft.Hosting.Lifetime[1 - ] 
      2022/04/09 20:18:01.933 - [INFO]: Content root path: D:\Projects\LedController_net5\LedController.WebPortal.Web\ 
 
Microsoft.Extensions.Hosting.Internal.Host[1 - ] 
      2022/04/09 20:18:01.933 - [DEBUG]: Hosting started 
 
LedController.WebPortal.Web.Pages.Index[9 - .NET ThreadPool Worker] 
      2022/04/09 20:18:03.981 - [INFO]: Opening the index page. 
 
LedController.WebPortal.Web.Pages.Index[9 - .NET ThreadPool Worker] 
      2022/04/09 20:18:05.602 - [INFO]: Opening the index page. 
 
Microsoft.Extensions.Hosting.Internal.Host[1 - ] 
      2022/04/09 20:33:49.644 - [DEBUG]: Hosting starting 
 
LedController.WebPortal.Core.Services.DiscoveryService[1 - ] 
      2022/04/09 20:33:49.692 - [DEBUG]: Starting the discovery service. 
 
LedController.WebPortal.Core.Services.DiscoveryService[1 - ] 
      2022/04/09 20:33:49.692 - [DEBUG]: Creating a new UDP client to be used for broadcasting the server information. This wil happen on UDP port 8472. 
 
LedController.WebPortal.Core.Services.DiscoveryService[1 - ] 
      2022/04/09 20:33:49.708 - [DEBUG]: The discovery service has started. 
 
LedController.WebPortal.Core.Services.DiscoveryService[10 - .NET ThreadPool Worker] 
      2022/04/09 20:33:49.708 - [TRACE]: Start sending message to controllers to be discovered. 
 
Microsoft.Hosting.Lifetime[1 - ] 
      2022/04/09 20:33:49.808 - [INFO]: Now listening on: http://localhost:5097 
 
Microsoft.Hosting.Lifetime[1 - ] 
      2022/04/09 20:33:49.808 - [INFO]: Application started. Press Ctrl+C to shut down. 
 
Microsoft.Hosting.Lifetime[1 - ] 
      2022/04/09 20:33:49.808 - [INFO]: Hosting environment: Development 
 
Microsoft.Hosting.Lifetime[1 - ] 
      2022/04/09 20:33:49.808 - [INFO]: Content root path: D:\Projects\LedController_net5\LedController.WebPortal.Web\ 
 
Microsoft.Extensions.Hosting.Internal.Host[1 - ] 
      2022/04/09 20:33:49.808 - [DEBUG]: Hosting started 
 
LedController.WebPortal.Web.Pages.Index[10 - .NET ThreadPool Worker] 
      2022/04/09 20:33:52.420 - [INFO]: Opening the index page. 
 
LedController.WebPortal.Web.Pages.Index[6 - .NET ThreadPool Worker] 
      2022/04/09 20:33:54.032 - [INFO]: Opening the index page. 
 
LedController.WebPortal.Web.Pages.AnimationsPage[9 - .NET ThreadPool Worker] 
      2022/04/09 20:36:08.275 - [INFO]: Saving animation Test Animation. 
 
LedController.WebPortal.Web.Pages.Index[13 - .NET ThreadPool Worker] 
      2022/04/09 20:36:10.166 - [INFO]: Opening the index page. 
 
LedController.WebPortal.Web.Pages.EffectsEditorPage[15 - .NET ThreadPool Worker] 
      2022/04/09 20:36:14.037 - [INFO]: Loading effects page. 
 
LedController.WebPortal.Web.Components.EffectEditor[15 - .NET ThreadPool Worker] 
      2022/04/09 20:36:14.079 - [DEBUG]: Starting effect editor for Test Effect. 
 
LedController.WebPortal.Web.Components.EffectEditor[24 - .NET ThreadPool Worker] 
      2022/04/09 20:36:14.098 - [DEBUG]: Starting monaco editor for effect Test Effect. 
 
LedController.WebPortal.Web.Pages.AnimationsPage[10 - .NET ThreadPool Worker] 
      2022/04/09 20:36:43.449 - [INFO]: Saving animation Test Animation. 
 
LedController.WebPortal.Web.Pages.SpiBusesPage[9 - .NET ThreadPool Worker] 
      2022/04/09 20:36:48.042 - [INFO]: Opening the spi buses page, and loading the spi buses from the application. 
 
LedController.WebPortal.Web.Pages.AnimationsPage[6 - .NET ThreadPool Worker] 
      2022/04/09 20:37:07.507 - [INFO]: Adding animation effect from animation Test Animation. 
 
LedController.WebPortal.Core.Managers.AnimationManager[6 - .NET ThreadPool Worker] 
      2022/04/09 20:37:07.507 - [DEBUG]: Adding animationEffect to animation 
 
Microsoft.Extensions.Hosting.Internal.Host[1 - ] 
      2022/04/09 20:39:40.821 - [DEBUG]: Hosting starting 
 
LedController.WebPortal.Core.Services.DiscoveryService[1 - ] 
      2022/04/09 20:39:40.856 - [DEBUG]: Starting the discovery service. 
 
LedController.WebPortal.Core.Services.DiscoveryService[1 - ] 
      2022/04/09 20:39:40.856 - [DEBUG]: Creating a new UDP client to be used for broadcasting the server information. This wil happen on UDP port 8472. 
 
LedController.WebPortal.Core.Services.DiscoveryService[1 - ] 
      2022/04/09 20:39:40.868 - [DEBUG]: The discovery service has started. 
 
LedController.WebPortal.Core.Services.DiscoveryService[6 - .NET ThreadPool Worker] 
      2022/04/09 20:39:40.868 - [TRACE]: Start sending message to controllers to be discovered. 
 
Microsoft.Hosting.Lifetime[1 - ] 
      2022/04/09 20:39:40.931 - [INFO]: Now listening on: http://localhost:5097 
 
Microsoft.Hosting.Lifetime[1 - ] 
      2022/04/09 20:39:40.931 - [INFO]: Application started. Press Ctrl+C to shut down. 
 
Microsoft.Hosting.Lifetime[1 - ] 
      2022/04/09 20:39:40.931 - [INFO]: Hosting environment: Development 
 
Microsoft.Hosting.Lifetime[1 - ] 
      2022/04/09 20:39:40.931 - [INFO]: Content root path: D:\Projects\LedController_net5\LedController.WebPortal.Web\ 
 
Microsoft.Extensions.Hosting.Internal.Host[1 - ] 
      2022/04/09 20:39:40.931 - [DEBUG]: Hosting started 
 
LedController.WebPortal.Web.Pages.Index[6 - .NET ThreadPool Worker] 
      2022/04/09 20:39:43.198 - [INFO]: Opening the index page. 
 
LedController.WebPortal.Web.Pages.Index[6 - .NET ThreadPool Worker] 
      2022/04/09 20:39:44.727 - [INFO]: Opening the index page. 
 
