Microsoft.Extensions.Hosting.Internal.Host[1 - ] 
      2022/04/02 15:36:16.574 - [DEBUG]: Hosting starting 
 
LedController.WebPortal.Core.Services.DiscoveryService[1 - ] 
      2022/04/02 15:36:16.669 - [DEBUG]: Starting the discovery service. 
 
LedController.WebPortal.Core.Services.DiscoveryService[1 - ] 
      2022/04/02 15:36:16.669 - [DEBUG]: Creating a new UDP client to be used for broadcasting the server information. This wil happen on UDP port 8472. 
 
LedController.WebPortal.Core.Services.DiscoveryService[1 - ] 
      2022/04/02 15:36:16.684 - [DEBUG]: The discovery service has started. 
 
LedController.WebPortal.Core.Services.DiscoveryService[6 - .NET ThreadPool Worker] 
      2022/04/02 15:36:16.684 - [TRACE]: Start sending message to controllers to be discovered. 
 
Microsoft.Hosting.Lifetime[1 - ] 
      2022/04/02 15:36:16.785 - [INFO]: Now listening on: http://localhost:5097 
 
Microsoft.Hosting.Lifetime[1 - ] 
      2022/04/02 15:36:16.791 - [INFO]: Application started. Press Ctrl+C to shut down. 
 
Microsoft.Hosting.Lifetime[1 - ] 
      2022/04/02 15:36:16.791 - [INFO]: Hosting environment: Development 
 
Microsoft.Hosting.Lifetime[1 - ] 
      2022/04/02 15:36:16.791 - [INFO]: Content root path: D:\Projects\LedController_net5\LedController.WebPortal.Web\ 
 
Microsoft.Extensions.Hosting.Internal.Host[1 - ] 
      2022/04/02 15:36:16.791 - [DEBUG]: Hosting started 
 
LedController.WebPortal.Web.Pages.Index[9 - .NET ThreadPool Worker] 
      2022/04/02 15:36:19.732 - [INFO]: Opening the index page. 
 
LedController.WebPortal.Web.Pages.Index[6 - .NET ThreadPool Worker] 
      2022/04/02 15:36:21.484 - [INFO]: Opening the index page. 
 
LedController.WebPortal.Web.Components.EffectEditor[12 - .NET ThreadPool Worker] 
      2022/04/02 15:37:54.900 - [DEBUG]: Starting effect editor for Test Effect. 
 
LedController.WebPortal.Web.Components.EffectEditor[22 - .NET ThreadPool Worker] 
      2022/04/02 15:37:54.942 - [DEBUG]: Starting monaco editor for effect Test Effect. 
 
LedController.WebPortal.Web.Dialogs.EditSpiBusDialog[12 - .NET ThreadPool Worker] 
      2022/04/02 15:38:22.431 - [INFO]: Creating a new effect with name Final Test. 
 
LedController.WebPortal.Core.Factories.EffectFactory[12 - .NET ThreadPool Worker] 
      2022/04/02 15:38:22.431 - [DEBUG]: Creating a new effect. 
 
LedController.WebPortal.Web.Dialogs.EditSpiBusDialog[12 - .NET ThreadPool Worker] 
      2022/04/02 15:38:22.638 - [INFO]: Effect has been saved. 
 
Microsoft.AspNetCore.Components.Server.Circuits.RemoteRenderer[12 - .NET ThreadPool Worker] 
      2022/04/02 15:38:22.655 - [WARN]: Unhandled exception rendering component: Unable to set property 'ActivePanelIndex' on object of type 'MudBlazor.MudTabs'. The error was: Index was out of range. Must be non-negative and less than the size of the collection. (Parameter 'index') 
 System.InvalidOperationException: Unable to set property 'ActivePanelIndex' on object of type 'MudBlazor.MudTabs'. The error was: Index was out of range. Must be non-negative and less than the size of the collection. (Parameter 'index')
 ---> System.ArgumentOutOfRangeException: Index was out of range. Must be non-negative and less than the size of the collection. (Parameter 'index')
   at System.Collections.Generic.List`1.get_Item(Int32 index)
   at MudBlazor.MudTabs.set_ActivePanelIndex(Int32 value)
   at Microsoft.AspNetCore.Components.Reflection.PropertySetter.CallPropertySetter[TTarget,TValue](Action`2 setter, Object target, Object value)
   at Microsoft.AspNetCore.Components.Reflection.ComponentProperties.<SetProperties>g__SetProperty|3_0(Object target, PropertySetter writer, String parameterName, Object value)
   --- End of inner exception stack trace ---
   at Microsoft.AspNetCore.Components.Reflection.ComponentProperties.<SetProperties>g__SetProperty|3_0(Object target, PropertySetter writer, String parameterName, Object value)
   at Microsoft.AspNetCore.Components.Reflection.ComponentProperties.SetProperties(ParameterView& parameters, Object target)
   at Microsoft.AspNetCore.Components.ComponentBase.SetParametersAsync(ParameterView parameters)
   at Microsoft.AspNetCore.Components.Rendering.ComponentState.SupplyCombinedParameters(ParameterView directAndCascadingParameters)
Microsoft.AspNetCore.Components.Server.Circuits.CircuitHost[12 - .NET ThreadPool Worker] 
      2022/04/02 15:38:22.720 - [ERROR]: Unhandled exception in circuit 'dttJnafb1lwm_fK6RAaWEvZJ970FM_jLmUPNaWQDgNA'. 
 System.InvalidOperationException: Unable to set property 'ActivePanelIndex' on object of type 'MudBlazor.MudTabs'. The error was: Index was out of range. Must be non-negative and less than the size of the collection. (Parameter 'index')
 ---> System.ArgumentOutOfRangeException: Index was out of range. Must be non-negative and less than the size of the collection. (Parameter 'index')
   at System.Collections.Generic.List`1.get_Item(Int32 index)
   at MudBlazor.MudTabs.set_ActivePanelIndex(Int32 value)
   at Microsoft.AspNetCore.Components.Reflection.PropertySetter.CallPropertySetter[TTarget,TValue](Action`2 setter, Object target, Object value)
   at Microsoft.AspNetCore.Components.Reflection.ComponentProperties.<SetProperties>g__SetProperty|3_0(Object target, PropertySetter writer, String parameterName, Object value)
   --- End of inner exception stack trace ---
   at Microsoft.AspNetCore.Components.Reflection.ComponentProperties.<SetProperties>g__SetProperty|3_0(Object target, PropertySetter writer, String parameterName, Object value)
   at Microsoft.AspNetCore.Components.Reflection.ComponentProperties.SetProperties(ParameterView& parameters, Object target)
   at Microsoft.AspNetCore.Components.ComponentBase.SetParametersAsync(ParameterView parameters)
   at Microsoft.AspNetCore.Components.Rendering.ComponentState.SupplyCombinedParameters(ParameterView directAndCascadingParameters)
Microsoft.AspNetCore.Components.Server.Circuits.RemoteRenderer[12 - .NET ThreadPool Worker] 
      2022/04/02 15:38:22.744 - [WARN]: Unhandled exception rendering component: Cannot access a disposed object. 
 System.ObjectDisposedException: Cannot access a disposed object.
   at Microsoft.AspNetCore.Components.RenderTree.ArrayBuilder`1.ThrowObjectDisposedException()
   at Microsoft.AspNetCore.Components.RenderTree.ArrayBuilder`1.GrowBuffer(Int32 desiredCapacity)
   at Microsoft.AspNetCore.Components.RenderTree.RenderTreeDiffBuilder.AppendStepOut(DiffContext& diffContext)
   at Microsoft.AspNetCore.Components.RenderTree.RenderTreeDiffBuilder.AppendDiffEntriesForFramesWithSameSequence(DiffContext& diffContext, Int32 oldFrameIndex, Int32 newFrameIndex)
   at Microsoft.AspNetCore.Components.RenderTree.RenderTreeDiffBuilder.AppendDiffEntriesForRange(DiffContext& diffContext, Int32 oldStartIndex, Int32 oldEndIndexExcl, Int32 newStartIndex, Int32 newEndIndexExcl)
   at Microsoft.AspNetCore.Components.RenderTree.RenderTreeDiffBuilder.ComputeDiff(Renderer renderer, RenderBatchBuilder batchBuilder, Int32 componentId, ArrayRange`1 oldTree, ArrayRange`1 newTree)
   at Microsoft.AspNetCore.Components.Rendering.ComponentState.RenderIntoBatch(RenderBatchBuilder batchBuilder, RenderFragment renderFragment, Exception& renderFragmentException)
   at Microsoft.AspNetCore.Components.RenderTree.Renderer.ProcessRenderQueue()
Microsoft.AspNetCore.Components.Server.Circuits.CircuitHost[12 - .NET ThreadPool Worker] 
      2022/04/02 15:38:22.744 - [ERROR]: Unhandled exception in circuit 'dttJnafb1lwm_fK6RAaWEvZJ970FM_jLmUPNaWQDgNA'. 
 System.ObjectDisposedException: Cannot access a disposed object.
   at Microsoft.AspNetCore.Components.RenderTree.ArrayBuilder`1.ThrowObjectDisposedException()
   at Microsoft.AspNetCore.Components.RenderTree.ArrayBuilder`1.GrowBuffer(Int32 desiredCapacity)
   at Microsoft.AspNetCore.Components.RenderTree.RenderTreeDiffBuilder.AppendStepOut(DiffContext& diffContext)
   at Microsoft.AspNetCore.Components.RenderTree.RenderTreeDiffBuilder.AppendDiffEntriesForFramesWithSameSequence(DiffContext& diffContext, Int32 oldFrameIndex, Int32 newFrameIndex)
   at Microsoft.AspNetCore.Components.RenderTree.RenderTreeDiffBuilder.AppendDiffEntriesForRange(DiffContext& diffContext, Int32 oldStartIndex, Int32 oldEndIndexExcl, Int32 newStartIndex, Int32 newEndIndexExcl)
   at Microsoft.AspNetCore.Components.RenderTree.RenderTreeDiffBuilder.ComputeDiff(Renderer renderer, RenderBatchBuilder batchBuilder, Int32 componentId, ArrayRange`1 oldTree, ArrayRange`1 newTree)
   at Microsoft.AspNetCore.Components.Rendering.ComponentState.RenderIntoBatch(RenderBatchBuilder batchBuilder, RenderFragment renderFragment, Exception& renderFragmentException)
   at Microsoft.AspNetCore.Components.RenderTree.Renderer.ProcessRenderQueue()
Microsoft.Extensions.Hosting.Internal.Host[1 - ] 
      2022/04/02 15:43:45.169 - [DEBUG]: Hosting starting 
 
LedController.WebPortal.Core.Services.DiscoveryService[1 - ] 
      2022/04/02 15:43:45.204 - [DEBUG]: Starting the discovery service. 
 
LedController.WebPortal.Core.Services.DiscoveryService[1 - ] 
      2022/04/02 15:43:45.204 - [DEBUG]: Creating a new UDP client to be used for broadcasting the server information. This wil happen on UDP port 8472. 
 
LedController.WebPortal.Core.Services.DiscoveryService[1 - ] 
      2022/04/02 15:43:45.215 - [DEBUG]: The discovery service has started. 
 
LedController.WebPortal.Core.Services.DiscoveryService[10 - .NET ThreadPool Worker] 
      2022/04/02 15:43:45.215 - [TRACE]: Start sending message to controllers to be discovered. 
 
Microsoft.Hosting.Lifetime[1 - ] 
      2022/04/02 15:43:45.285 - [INFO]: Now listening on: http://localhost:5097 
 
Microsoft.Hosting.Lifetime[1 - ] 
      2022/04/02 15:43:45.288 - [INFO]: Application started. Press Ctrl+C to shut down. 
 
Microsoft.Hosting.Lifetime[1 - ] 
      2022/04/02 15:43:45.288 - [INFO]: Hosting environment: Development 
 
Microsoft.Hosting.Lifetime[1 - ] 
      2022/04/02 15:43:45.288 - [INFO]: Content root path: D:\Projects\LedController_net5\LedController.WebPortal.Web\ 
 
Microsoft.Extensions.Hosting.Internal.Host[1 - ] 
      2022/04/02 15:43:45.288 - [DEBUG]: Hosting started 
 
LedController.WebPortal.Web.Pages.Index[16 - .NET ThreadPool Worker] 
      2022/04/02 15:43:47.468 - [INFO]: Opening the index page. 
 
LedController.WebPortal.Web.Pages.Index[9 - .NET ThreadPool Worker] 
      2022/04/02 15:43:48.970 - [INFO]: Opening the index page. 
 
LedController.WebPortal.Web.Components.EffectEditor[6 - .NET ThreadPool Worker] 
      2022/04/02 15:43:55.478 - [DEBUG]: Starting effect editor for Test Effect. 
 
LedController.WebPortal.Web.Components.EffectEditor[6 - .NET ThreadPool Worker] 
      2022/04/02 15:43:55.518 - [DEBUG]: Starting monaco editor for effect Test Effect. 
 
LedController.WebPortal.Web.Dialogs.EditSpiBusDialog[6 - .NET ThreadPool Worker] 
      2022/04/02 15:44:10.330 - [INFO]: Creating a new effect with name Test Againff. 
 
LedController.WebPortal.Core.Factories.EffectFactory[6 - .NET ThreadPool Worker] 
      2022/04/02 15:44:10.330 - [DEBUG]: Creating a new effect. 
 
LedController.WebPortal.Web.Dialogs.EditSpiBusDialog[6 - .NET ThreadPool Worker] 
      2022/04/02 15:44:10.535 - [INFO]: Effect has been saved. 
 
Microsoft.AspNetCore.Components.Server.Circuits.RemoteRenderer[6 - .NET ThreadPool Worker] 
      2022/04/02 15:45:13.945 - [WARN]: Unhandled exception rendering component: Unable to set property 'ActivePanelIndex' on object of type 'MudBlazor.MudTabs'. The error was: Index was out of range. Must be non-negative and less than the size of the collection. (Parameter 'index') 
 System.InvalidOperationException: Unable to set property 'ActivePanelIndex' on object of type 'MudBlazor.MudTabs'. The error was: Index was out of range. Must be non-negative and less than the size of the collection. (Parameter 'index')
 ---> System.ArgumentOutOfRangeException: Index was out of range. Must be non-negative and less than the size of the collection. (Parameter 'index')
   at System.Collections.Generic.List`1.get_Item(Int32 index)
   at MudBlazor.MudTabs.set_ActivePanelIndex(Int32 value)
   at Microsoft.AspNetCore.Components.Reflection.PropertySetter.CallPropertySetter[TTarget,TValue](Action`2 setter, Object target, Object value)
   at Microsoft.AspNetCore.Components.Reflection.ComponentProperties.<SetProperties>g__SetProperty|3_0(Object target, PropertySetter writer, String parameterName, Object value)
   --- End of inner exception stack trace ---
   at Microsoft.AspNetCore.Components.Reflection.ComponentProperties.<SetProperties>g__SetProperty|3_0(Object target, PropertySetter writer, String parameterName, Object value)
   at Microsoft.AspNetCore.Components.Reflection.ComponentProperties.SetProperties(ParameterView& parameters, Object target)
   at Microsoft.AspNetCore.Components.ComponentBase.SetParametersAsync(ParameterView parameters)
   at Microsoft.AspNetCore.Components.Rendering.ComponentState.SupplyCombinedParameters(ParameterView directAndCascadingParameters)
Microsoft.AspNetCore.Components.Server.Circuits.CircuitHost[6 - .NET ThreadPool Worker] 
      2022/04/02 15:45:13.979 - [ERROR]: Unhandled exception in circuit 'ytPZH42LE0zupIIqS9Ohsiu4uAdsytPHcZaZpkwhmrg'. 
 System.InvalidOperationException: Unable to set property 'ActivePanelIndex' on object of type 'MudBlazor.MudTabs'. The error was: Index was out of range. Must be non-negative and less than the size of the collection. (Parameter 'index')
 ---> System.ArgumentOutOfRangeException: Index was out of range. Must be non-negative and less than the size of the collection. (Parameter 'index')
   at System.Collections.Generic.List`1.get_Item(Int32 index)
   at MudBlazor.MudTabs.set_ActivePanelIndex(Int32 value)
   at Microsoft.AspNetCore.Components.Reflection.PropertySetter.CallPropertySetter[TTarget,TValue](Action`2 setter, Object target, Object value)
   at Microsoft.AspNetCore.Components.Reflection.ComponentProperties.<SetProperties>g__SetProperty|3_0(Object target, PropertySetter writer, String parameterName, Object value)
   --- End of inner exception stack trace ---
   at Microsoft.AspNetCore.Components.Reflection.ComponentProperties.<SetProperties>g__SetProperty|3_0(Object target, PropertySetter writer, String parameterName, Object value)
   at Microsoft.AspNetCore.Components.Reflection.ComponentProperties.SetProperties(ParameterView& parameters, Object target)
   at Microsoft.AspNetCore.Components.ComponentBase.SetParametersAsync(ParameterView parameters)
   at Microsoft.AspNetCore.Components.Rendering.ComponentState.SupplyCombinedParameters(ParameterView directAndCascadingParameters)
Microsoft.Extensions.Hosting.Internal.Host[1 - ] 
      2022/04/02 15:49:52.628 - [DEBUG]: Hosting starting 
 
LedController.WebPortal.Core.Services.DiscoveryService[1 - ] 
      2022/04/02 15:49:52.726 - [DEBUG]: Starting the discovery service. 
 
LedController.WebPortal.Core.Services.DiscoveryService[1 - ] 
      2022/04/02 15:49:52.726 - [DEBUG]: Creating a new UDP client to be used for broadcasting the server information. This wil happen on UDP port 8472. 
 
LedController.WebPortal.Core.Services.DiscoveryService[1 - ] 
      2022/04/02 15:49:52.740 - [DEBUG]: The discovery service has started. 
 
LedController.WebPortal.Core.Services.DiscoveryService[12 - .NET ThreadPool Worker] 
      2022/04/02 15:49:52.740 - [TRACE]: Start sending message to controllers to be discovered. 
 
Microsoft.Hosting.Lifetime[1 - ] 
      2022/04/02 15:49:52.841 - [INFO]: Now listening on: http://localhost:5097 
 
Microsoft.Hosting.Lifetime[1 - ] 
      2022/04/02 15:49:52.841 - [INFO]: Application started. Press Ctrl+C to shut down. 
 
Microsoft.Hosting.Lifetime[1 - ] 
      2022/04/02 15:49:52.841 - [INFO]: Hosting environment: Development 
 
Microsoft.Hosting.Lifetime[1 - ] 
      2022/04/02 15:49:52.841 - [INFO]: Content root path: D:\Projects\LedController_net5\LedController.WebPortal.Web\ 
 
Microsoft.Extensions.Hosting.Internal.Host[1 - ] 
      2022/04/02 15:49:52.841 - [DEBUG]: Hosting started 
 
LedController.WebPortal.Web.Pages.Index[13 - .NET ThreadPool Worker] 
      2022/04/02 15:49:55.041 - [INFO]: Opening the index page. 
 
LedController.WebPortal.Web.Pages.Index[12 - .NET ThreadPool Worker] 
      2022/04/02 15:49:56.565 - [INFO]: Opening the index page. 
 
LedController.WebPortal.Web.Components.EffectEditor[13 - .NET ThreadPool Worker] 
      2022/04/02 15:49:58.167 - [DEBUG]: Starting effect editor for Test Effect. 
 
LedController.WebPortal.Web.Components.EffectEditor[6 - .NET ThreadPool Worker] 
      2022/04/02 15:49:58.209 - [DEBUG]: Starting monaco editor for effect Test Effect. 
 
LedController.WebPortal.Web.Dialogs.EditSpiBusDialog[12 - .NET ThreadPool Worker] 
      2022/04/02 15:50:07.632 - [INFO]: Creating a new effect with name Test Agggaaaiaain. 
 
LedController.WebPortal.Core.Factories.EffectFactory[12 - .NET ThreadPool Worker] 
      2022/04/02 15:50:07.632 - [DEBUG]: Creating a new effect. 
 
LedController.WebPortal.Web.Dialogs.EditSpiBusDialog[12 - .NET ThreadPool Worker] 
      2022/04/02 15:50:07.819 - [INFO]: Effect has been saved. 
 
Microsoft.AspNetCore.Components.Server.Circuits.RemoteRenderer[12 - .NET ThreadPool Worker] 
      2022/04/02 15:50:07.819 - [WARN]: Unhandled exception rendering component: Unable to set property 'ActivePanelIndex' on object of type 'MudBlazor.MudTabs'. The error was: Index was out of range. Must be non-negative and less than the size of the collection. (Parameter 'index') 
 System.InvalidOperationException: Unable to set property 'ActivePanelIndex' on object of type 'MudBlazor.MudTabs'. The error was: Index was out of range. Must be non-negative and less than the size of the collection. (Parameter 'index')
 ---> System.ArgumentOutOfRangeException: Index was out of range. Must be non-negative and less than the size of the collection. (Parameter 'index')
   at System.Collections.Generic.List`1.get_Item(Int32 index)
   at MudBlazor.MudTabs.set_ActivePanelIndex(Int32 value)
   at Microsoft.AspNetCore.Components.Reflection.PropertySetter.CallPropertySetter[TTarget,TValue](Action`2 setter, Object target, Object value)
   at Microsoft.AspNetCore.Components.Reflection.ComponentProperties.<SetProperties>g__SetProperty|3_0(Object target, PropertySetter writer, String parameterName, Object value)
   --- End of inner exception stack trace ---
   at Microsoft.AspNetCore.Components.Reflection.ComponentProperties.<SetProperties>g__SetProperty|3_0(Object target, PropertySetter writer, String parameterName, Object value)
   at Microsoft.AspNetCore.Components.Reflection.ComponentProperties.SetProperties(ParameterView& parameters, Object target)
   at Microsoft.AspNetCore.Components.ComponentBase.SetParametersAsync(ParameterView parameters)
   at Microsoft.AspNetCore.Components.Rendering.ComponentState.SupplyCombinedParameters(ParameterView directAndCascadingParameters)
Microsoft.AspNetCore.Components.Server.Circuits.CircuitHost[12 - .NET ThreadPool Worker] 
      2022/04/02 15:50:07.862 - [ERROR]: Unhandled exception in circuit 'cxLAqXH55ICxQx0UTyGTAZngPIChR9hzhYZ7Cgutm2I'. 
 System.InvalidOperationException: Unable to set property 'ActivePanelIndex' on object of type 'MudBlazor.MudTabs'. The error was: Index was out of range. Must be non-negative and less than the size of the collection. (Parameter 'index')
 ---> System.ArgumentOutOfRangeException: Index was out of range. Must be non-negative and less than the size of the collection. (Parameter 'index')
   at System.Collections.Generic.List`1.get_Item(Int32 index)
   at MudBlazor.MudTabs.set_ActivePanelIndex(Int32 value)
   at Microsoft.AspNetCore.Components.Reflection.PropertySetter.CallPropertySetter[TTarget,TValue](Action`2 setter, Object target, Object value)
   at Microsoft.AspNetCore.Components.Reflection.ComponentProperties.<SetProperties>g__SetProperty|3_0(Object target, PropertySetter writer, String parameterName, Object value)
   --- End of inner exception stack trace ---
   at Microsoft.AspNetCore.Components.Reflection.ComponentProperties.<SetProperties>g__SetProperty|3_0(Object target, PropertySetter writer, String parameterName, Object value)
   at Microsoft.AspNetCore.Components.Reflection.ComponentProperties.SetProperties(ParameterView& parameters, Object target)
   at Microsoft.AspNetCore.Components.ComponentBase.SetParametersAsync(ParameterView parameters)
   at Microsoft.AspNetCore.Components.Rendering.ComponentState.SupplyCombinedParameters(ParameterView directAndCascadingParameters)
Microsoft.AspNetCore.Components.Server.Circuits.RemoteRenderer[12 - .NET ThreadPool Worker] 
      2022/04/02 15:50:07.886 - [WARN]: Unhandled exception rendering component: Cannot access a disposed object. 
 System.ObjectDisposedException: Cannot access a disposed object.
   at Microsoft.AspNetCore.Components.RenderTree.ArrayBuilder`1.ThrowObjectDisposedException()
   at Microsoft.AspNetCore.Components.RenderTree.ArrayBuilder`1.GrowBuffer(Int32 desiredCapacity)
   at Microsoft.AspNetCore.Components.RenderTree.RenderTreeDiffBuilder.AppendStepOut(DiffContext& diffContext)
   at Microsoft.AspNetCore.Components.RenderTree.RenderTreeDiffBuilder.AppendDiffEntriesForFramesWithSameSequence(DiffContext& diffContext, Int32 oldFrameIndex, Int32 newFrameIndex)
   at Microsoft.AspNetCore.Components.RenderTree.RenderTreeDiffBuilder.AppendDiffEntriesForRange(DiffContext& diffContext, Int32 oldStartIndex, Int32 oldEndIndexExcl, Int32 newStartIndex, Int32 newEndIndexExcl)
   at Microsoft.AspNetCore.Components.RenderTree.RenderTreeDiffBuilder.ComputeDiff(Renderer renderer, RenderBatchBuilder batchBuilder, Int32 componentId, ArrayRange`1 oldTree, ArrayRange`1 newTree)
   at Microsoft.AspNetCore.Components.Rendering.ComponentState.RenderIntoBatch(RenderBatchBuilder batchBuilder, RenderFragment renderFragment, Exception& renderFragmentException)
   at Microsoft.AspNetCore.Components.RenderTree.Renderer.ProcessRenderQueue()
Microsoft.AspNetCore.Components.Server.Circuits.CircuitHost[12 - .NET ThreadPool Worker] 
      2022/04/02 15:50:07.886 - [ERROR]: Unhandled exception in circuit 'cxLAqXH55ICxQx0UTyGTAZngPIChR9hzhYZ7Cgutm2I'. 
 System.ObjectDisposedException: Cannot access a disposed object.
   at Microsoft.AspNetCore.Components.RenderTree.ArrayBuilder`1.ThrowObjectDisposedException()
   at Microsoft.AspNetCore.Components.RenderTree.ArrayBuilder`1.GrowBuffer(Int32 desiredCapacity)
   at Microsoft.AspNetCore.Components.RenderTree.RenderTreeDiffBuilder.AppendStepOut(DiffContext& diffContext)
   at Microsoft.AspNetCore.Components.RenderTree.RenderTreeDiffBuilder.AppendDiffEntriesForFramesWithSameSequence(DiffContext& diffContext, Int32 oldFrameIndex, Int32 newFrameIndex)
   at Microsoft.AspNetCore.Components.RenderTree.RenderTreeDiffBuilder.AppendDiffEntriesForRange(DiffContext& diffContext, Int32 oldStartIndex, Int32 oldEndIndexExcl, Int32 newStartIndex, Int32 newEndIndexExcl)
   at Microsoft.AspNetCore.Components.RenderTree.RenderTreeDiffBuilder.ComputeDiff(Renderer renderer, RenderBatchBuilder batchBuilder, Int32 componentId, ArrayRange`1 oldTree, ArrayRange`1 newTree)
   at Microsoft.AspNetCore.Components.Rendering.ComponentState.RenderIntoBatch(RenderBatchBuilder batchBuilder, RenderFragment renderFragment, Exception& renderFragmentException)
   at Microsoft.AspNetCore.Components.RenderTree.Renderer.ProcessRenderQueue()
LedController.WebPortal.Web.Components.EffectEditor[6 - .NET ThreadPool Worker] 
      2022/04/02 15:51:49.192 - [DEBUG]: Starting effect editor for Test Effect. 
 
LedController.WebPortal.Web.Components.EffectEditor[6 - .NET ThreadPool Worker] 
      2022/04/02 15:52:08.986 - [DEBUG]: Starting effect editor for Test Effect. 
 
LedController.WebPortal.Web.Components.EffectEditor[9 - .NET ThreadPool Worker] 
      2022/04/02 15:52:09.033 - [DEBUG]: Starting monaco editor for effect Test Effect. 
 
LedController.WebPortal.Web.Components.EffectEditor[6 - .NET ThreadPool Worker] 
      2022/04/02 15:52:25.402 - [DEBUG]: Starting effect editor for Test Againff. 
 
LedController.WebPortal.Web.Components.EffectEditor[30 - .NET ThreadPool Worker] 
      2022/04/02 15:52:25.413 - [DEBUG]: Starting monaco editor for effect Test Againff. 
 
LedController.WebPortal.Web.Components.EffectEditor[6 - .NET ThreadPool Worker] 
      2022/04/02 15:52:33.388 - [DEBUG]: Starting effect editor for Test Formore. 
 
LedController.WebPortal.Web.Components.EffectEditor[9 - .NET ThreadPool Worker] 
      2022/04/02 15:52:33.399 - [DEBUG]: Starting monaco editor for effect Test Formore. 
 
LedController.WebPortal.Web.Components.EffectEditor[31 - .NET ThreadPool Worker] 
      2022/04/02 15:52:59.485 - [DEBUG]: Starting effect editor for Test Effect. 
 
LedController.WebPortal.Web.Components.EffectEditor[30 - .NET ThreadPool Worker] 
      2022/04/02 15:52:59.496 - [DEBUG]: Starting monaco editor for effect Test Effect. 
 
LedController.WebPortal.Web.Components.EffectEditor[9 - .NET ThreadPool Worker] 
      2022/04/02 15:53:35.633 - [DEBUG]: Starting effect editor for Test Formore. 
 
LedController.WebPortal.Web.Components.EffectEditor[9 - .NET ThreadPool Worker] 
      2022/04/02 15:53:35.671 - [DEBUG]: Starting monaco editor for effect Test Formore. 
 
LedController.WebPortal.Web.Dialogs.EditSpiBusDialog[31 - .NET ThreadPool Worker] 
      2022/04/02 15:54:21.188 - [INFO]: Creating a new effect with name yjfhmfkj. 
 
LedController.WebPortal.Core.Factories.EffectFactory[31 - .NET ThreadPool Worker] 
      2022/04/02 15:54:21.188 - [DEBUG]: Creating a new effect. 
 
LedController.WebPortal.Web.Dialogs.EditSpiBusDialog[31 - .NET ThreadPool Worker] 
      2022/04/02 15:54:21.208 - [INFO]: Effect has been saved. 
 
LedController.WebPortal.Web.Components.EffectEditor[26 - .NET ThreadPool Worker] 
      2022/04/02 15:57:27.019 - [DEBUG]: Starting effect editor for Test Againff. 
 
LedController.WebPortal.Web.Components.EffectEditor[31 - .NET ThreadPool Worker] 
      2022/04/02 15:57:27.031 - [DEBUG]: Starting monaco editor for effect Test Againff. 
 
LedController.WebPortal.Web.Components.EffectEditor[9 - .NET ThreadPool Worker] 
      2022/04/02 15:57:27.758 - [DEBUG]: Starting effect editor for yjfhmfkj. 
 
LedController.WebPortal.Web.Components.EffectEditor[9 - .NET ThreadPool Worker] 
      2022/04/02 15:57:27.758 - [DEBUG]: Starting monaco editor for effect yjfhmfkj. 
 
LedController.WebPortal.Web.Components.EffectEditor[9 - .NET ThreadPool Worker] 
      2022/04/02 15:57:28.676 - [DEBUG]: Starting effect editor for Test Again. 
 
LedController.WebPortal.Web.Components.EffectEditor[20 - .NET ThreadPool Worker] 
      2022/04/02 15:57:28.687 - [DEBUG]: Starting monaco editor for effect Test Again. 
 
LedController.WebPortal.Web.Dialogs.EditSpiBusDialog[31 - .NET ThreadPool Worker] 
      2022/04/02 15:57:32.989 - [INFO]: Creating a new effect with name gagadfgsdfhg. 
 
LedController.WebPortal.Core.Factories.EffectFactory[31 - .NET ThreadPool Worker] 
      2022/04/02 15:57:32.989 - [DEBUG]: Creating a new effect. 
 
LedController.WebPortal.Web.Dialogs.EditSpiBusDialog[31 - .NET ThreadPool Worker] 
      2022/04/02 15:57:33.006 - [INFO]: Effect has been saved. 
 
LedController.WebPortal.Web.Components.EffectEditor[38 - .NET ThreadPool Worker] 
      2022/04/02 15:57:48.991 - [DEBUG]: Starting effect editor for gagadfgsdfhg. 
 
LedController.WebPortal.Web.Components.EffectEditor[9 - .NET ThreadPool Worker] 
      2022/04/02 15:57:48.991 - [DEBUG]: Starting monaco editor for effect gagadfgsdfhg. 
 
LedController.WebPortal.Web.Components.EffectEditor[23 - .NET ThreadPool Worker] 
      2022/04/02 15:57:54.567 - [DEBUG]: Starting effect editor for Test Effect 2. 
 
LedController.WebPortal.Web.Components.EffectEditor[23 - .NET ThreadPool Worker] 
      2022/04/02 15:57:54.578 - [DEBUG]: Starting monaco editor for effect Test Effect 2. 
 
LedController.WebPortal.Web.Components.EffectEditor[9 - .NET ThreadPool Worker] 
      2022/04/02 15:57:55.630 - [DEBUG]: Starting effect editor for gagadfgsdfhg. 
 
LedController.WebPortal.Web.Components.EffectEditor[26 - .NET ThreadPool Worker] 
      2022/04/02 15:57:55.630 - [DEBUG]: Starting monaco editor for effect gagadfgsdfhg. 
 
Microsoft.AspNetCore.Components.Server.Circuits.RemoteRenderer[72 - .NET ThreadPool Worker] 
      2022/04/02 16:17:42.096 - [WARN]: Unhandled exception rendering component: Object reference not set to an instance of an object. 
 System.NullReferenceException: Object reference not set to an instance of an object.
   at LedController.Domain.Models.Animation.set_Effects(ICollection`1 value) in D:\Projects\LedController_net5\LedController.Domain\Models\Animation.cs:line 41
   at LedController.Domain.Models.Animation..ctor() in D:\Projects\LedController_net5\LedController.Domain\Models\Animation.cs:line 49
   at LedController.WebPortal.Core.Factories.AnimationFactory.CreateAnimation() in D:\Projects\LedController_net5\LedController.Portal.Core\Factories\AnimationFactory.cs:line 21
   at LedController.WebPortal.Web.Dialogs.CreateAnimationDialog.CreateAnimationAsync()
   at LedController.WebPortal.Web.Dialogs.CreateAnimationDialog.<BuildRenderTree>b__0_6()
   at Microsoft.AspNetCore.Components.ComponentBase.CallStateHasChangedOnAsyncCompletion(Task task)
   at MudBlazor.MudBaseButton.OnClickHandler(MouseEventArgs ev)
   at Microsoft.AspNetCore.Components.ComponentBase.CallStateHasChangedOnAsyncCompletion(Task task)
   at Microsoft.AspNetCore.Components.RenderTree.Renderer.GetErrorHandledTask(Task taskToHandle, ComponentState owningComponentState)
Microsoft.AspNetCore.Components.Server.Circuits.CircuitHost[72 - .NET ThreadPool Worker] 
      2022/04/02 16:17:42.104 - [ERROR]: Unhandled exception in circuit 'E9_03n-TYMuwz2vjn1UGnelLL07CL2eVU9bCkLpYKBs'. 
 System.NullReferenceException: Object reference not set to an instance of an object.
   at LedController.Domain.Models.Animation.set_Effects(ICollection`1 value) in D:\Projects\LedController_net5\LedController.Domain\Models\Animation.cs:line 41
   at LedController.Domain.Models.Animation..ctor() in D:\Projects\LedController_net5\LedController.Domain\Models\Animation.cs:line 49
   at LedController.WebPortal.Core.Factories.AnimationFactory.CreateAnimation() in D:\Projects\LedController_net5\LedController.Portal.Core\Factories\AnimationFactory.cs:line 21
   at LedController.WebPortal.Web.Dialogs.CreateAnimationDialog.CreateAnimationAsync()
   at LedController.WebPortal.Web.Dialogs.CreateAnimationDialog.<BuildRenderTree>b__0_6()
   at Microsoft.AspNetCore.Components.ComponentBase.CallStateHasChangedOnAsyncCompletion(Task task)
   at MudBlazor.MudBaseButton.OnClickHandler(MouseEventArgs ev)
   at Microsoft.AspNetCore.Components.ComponentBase.CallStateHasChangedOnAsyncCompletion(Task task)
   at Microsoft.AspNetCore.Components.RenderTree.Renderer.GetErrorHandledTask(Task taskToHandle, ComponentState owningComponentState)
Microsoft.Extensions.Hosting.Internal.Host[1 - ] 
      2022/04/02 20:28:39.509 - [DEBUG]: Hosting starting 
 
LedController.WebPortal.Core.Services.DiscoveryService[1 - ] 
      2022/04/02 20:28:39.550 - [DEBUG]: Starting the discovery service. 
 
LedController.WebPortal.Core.Services.DiscoveryService[1 - ] 
      2022/04/02 20:28:39.550 - [DEBUG]: Creating a new UDP client to be used for broadcasting the server information. This wil happen on UDP port 8472. 
 
LedController.WebPortal.Core.Services.DiscoveryService[1 - ] 
      2022/04/02 20:28:39.564 - [DEBUG]: The discovery service has started. 
 
LedController.WebPortal.Core.Services.DiscoveryService[6 - .NET ThreadPool Worker] 
      2022/04/02 20:28:39.564 - [TRACE]: Start sending message to controllers to be discovered. 
 
Microsoft.Hosting.Lifetime[1 - ] 
      2022/04/02 20:28:39.722 - [INFO]: Now listening on: http://localhost:5097 
 
Microsoft.Hosting.Lifetime[1 - ] 
      2022/04/02 20:28:39.726 - [INFO]: Application started. Press Ctrl+C to shut down. 
 
Microsoft.Hosting.Lifetime[1 - ] 
      2022/04/02 20:28:39.726 - [INFO]: Hosting environment: Development 
 
Microsoft.Hosting.Lifetime[1 - ] 
      2022/04/02 20:28:39.726 - [INFO]: Content root path: D:\Projects\LedController_net5\LedController.WebPortal.Web\ 
 
Microsoft.Extensions.Hosting.Internal.Host[1 - ] 
      2022/04/02 20:28:39.726 - [DEBUG]: Hosting started 
 
LedController.WebPortal.Web.Pages.Index[13 - .NET ThreadPool Worker] 
      2022/04/02 20:28:42.618 - [INFO]: Opening the index page. 
 
LedController.WebPortal.Web.Pages.Index[15 - .NET ThreadPool Worker] 
      2022/04/02 20:28:44.745 - [INFO]: Opening the index page. 
 
LedController.WebPortal.Web.Components.EffectEditor[6 - .NET ThreadPool Worker] 
      2022/04/02 20:28:51.866 - [DEBUG]: Starting effect editor for Test Effect. 
 
LedController.WebPortal.Web.Components.EffectEditor[14 - .NET ThreadPool Worker] 
      2022/04/02 20:28:51.925 - [DEBUG]: Starting monaco editor for effect Test Effect. 
 
Microsoft.AspNetCore.Components.Server.Circuits.RemoteRenderer[26 - .NET ThreadPool Worker] 
      2022/04/02 20:30:25.116 - [WARN]: Unhandled exception rendering component: Object reference not set to an instance of an object. 
 System.NullReferenceException: Object reference not set to an instance of an object.
   at LedController.WebPortal.Web.Pages.AnimationsPage.RemoveAnimationAsync() in D:\Projects\LedController_net5\LedController.WebPortal.Web\Pages\AnimationsPage.razor:line 105
   at LedController.WebPortal.Web.Pages.AnimationsPage.<BuildRenderTree>b__0_4() in D:\Projects\LedController_net5\LedController.WebPortal.Web\Pages\AnimationsPage.razor:line 28
   at Microsoft.AspNetCore.Components.ComponentBase.CallStateHasChangedOnAsyncCompletion(Task task)
   at MudBlazor.MudBaseButton.OnClickHandler(MouseEventArgs ev)
   at Microsoft.AspNetCore.Components.ComponentBase.CallStateHasChangedOnAsyncCompletion(Task task)
   at Microsoft.AspNetCore.Components.RenderTree.Renderer.GetErrorHandledTask(Task taskToHandle, ComponentState owningComponentState)
Microsoft.AspNetCore.Components.Server.Circuits.CircuitHost[26 - .NET ThreadPool Worker] 
      2022/04/02 20:30:25.174 - [ERROR]: Unhandled exception in circuit 'UlDQeDuR15xzKcPYQxWV7cnKqUKWtqBEDvFfcws5n8w'. 
 System.NullReferenceException: Object reference not set to an instance of an object.
   at LedController.WebPortal.Web.Pages.AnimationsPage.RemoveAnimationAsync() in D:\Projects\LedController_net5\LedController.WebPortal.Web\Pages\AnimationsPage.razor:line 105
   at LedController.WebPortal.Web.Pages.AnimationsPage.<BuildRenderTree>b__0_4() in D:\Projects\LedController_net5\LedController.WebPortal.Web\Pages\AnimationsPage.razor:line 28
   at Microsoft.AspNetCore.Components.ComponentBase.CallStateHasChangedOnAsyncCompletion(Task task)
   at MudBlazor.MudBaseButton.OnClickHandler(MouseEventArgs ev)
   at Microsoft.AspNetCore.Components.ComponentBase.CallStateHasChangedOnAsyncCompletion(Task task)
   at Microsoft.AspNetCore.Components.RenderTree.Renderer.GetErrorHandledTask(Task taskToHandle, ComponentState owningComponentState)
Microsoft.Extensions.Hosting.Internal.Host[1 - ] 
      2022/04/02 20:34:28.388 - [DEBUG]: Hosting starting 
 
LedController.WebPortal.Core.Services.DiscoveryService[1 - ] 
      2022/04/02 20:34:28.425 - [DEBUG]: Starting the discovery service. 
 
LedController.WebPortal.Core.Services.DiscoveryService[1 - ] 
      2022/04/02 20:34:28.425 - [DEBUG]: Creating a new UDP client to be used for broadcasting the server information. This wil happen on UDP port 8472. 
 
LedController.WebPortal.Core.Services.DiscoveryService[1 - ] 
      2022/04/02 20:34:28.437 - [DEBUG]: The discovery service has started. 
 
LedController.WebPortal.Core.Services.DiscoveryService[10 - .NET ThreadPool Worker] 
      2022/04/02 20:34:28.437 - [TRACE]: Start sending message to controllers to be discovered. 
 
Microsoft.Hosting.Lifetime[1 - ] 
      2022/04/02 20:34:28.527 - [INFO]: Now listening on: http://localhost:5097 
 
Microsoft.Hosting.Lifetime[1 - ] 
      2022/04/02 20:34:28.527 - [INFO]: Application started. Press Ctrl+C to shut down. 
 
Microsoft.Hosting.Lifetime[1 - ] 
      2022/04/02 20:34:28.527 - [INFO]: Hosting environment: Development 
 
Microsoft.Hosting.Lifetime[1 - ] 
      2022/04/02 20:34:28.527 - [INFO]: Content root path: D:\Projects\LedController_net5\LedController.WebPortal.Web\ 
 
Microsoft.Extensions.Hosting.Internal.Host[1 - ] 
      2022/04/02 20:34:28.527 - [DEBUG]: Hosting started 
 
LedController.WebPortal.Web.Pages.Index[9 - .NET ThreadPool Worker] 
      2022/04/02 20:34:30.435 - [INFO]: Opening the index page. 
 
LedController.WebPortal.Web.Pages.Index[6 - .NET ThreadPool Worker] 
      2022/04/02 20:34:32.104 - [INFO]: Opening the index page. 
 
Microsoft.Extensions.Hosting.Internal.Host[1 - ] 
      2022/04/02 20:36:54.076 - [DEBUG]: Hosting starting 
 
LedController.WebPortal.Core.Services.DiscoveryService[1 - ] 
      2022/04/02 20:36:54.114 - [DEBUG]: Starting the discovery service. 
 
LedController.WebPortal.Core.Services.DiscoveryService[1 - ] 
      2022/04/02 20:36:54.114 - [DEBUG]: Creating a new UDP client to be used for broadcasting the server information. This wil happen on UDP port 8472. 
 
LedController.WebPortal.Core.Services.DiscoveryService[1 - ] 
      2022/04/02 20:36:54.114 - [DEBUG]: The discovery service has started. 
 
LedController.WebPortal.Core.Services.DiscoveryService[10 - .NET ThreadPool Worker] 
      2022/04/02 20:36:54.114 - [TRACE]: Start sending message to controllers to be discovered. 
 
Microsoft.Hosting.Lifetime[1 - ] 
      2022/04/02 20:36:54.193 - [INFO]: Now listening on: http://localhost:5097 
 
Microsoft.Hosting.Lifetime[1 - ] 
      2022/04/02 20:36:54.193 - [INFO]: Application started. Press Ctrl+C to shut down. 
 
Microsoft.Hosting.Lifetime[1 - ] 
      2022/04/02 20:36:54.193 - [INFO]: Hosting environment: Development 
 
Microsoft.Hosting.Lifetime[1 - ] 
      2022/04/02 20:36:54.193 - [INFO]: Content root path: D:\Projects\LedController_net5\LedController.WebPortal.Web\ 
 
Microsoft.Extensions.Hosting.Internal.Host[1 - ] 
      2022/04/02 20:36:54.193 - [DEBUG]: Hosting started 
 
LedController.WebPortal.Web.Pages.Index[10 - .NET ThreadPool Worker] 
      2022/04/02 20:36:56.284 - [INFO]: Opening the index page. 
 
LedController.WebPortal.Web.Pages.Index[6 - .NET ThreadPool Worker] 
      2022/04/02 20:36:57.909 - [INFO]: Opening the index page. 
 
Microsoft.Extensions.Hosting.Internal.Host[1 - ] 
      2022/04/02 20:40:12.958 - [DEBUG]: Hosting starting 
 
LedController.WebPortal.Core.Services.DiscoveryService[1 - ] 
      2022/04/02 20:40:13.001 - [DEBUG]: Starting the discovery service. 
 
LedController.WebPortal.Core.Services.DiscoveryService[1 - ] 
      2022/04/02 20:40:13.001 - [DEBUG]: Creating a new UDP client to be used for broadcasting the server information. This wil happen on UDP port 8472. 
 
LedController.WebPortal.Core.Services.DiscoveryService[1 - ] 
      2022/04/02 20:40:13.017 - [DEBUG]: The discovery service has started. 
 
LedController.WebPortal.Core.Services.DiscoveryService[9 - .NET ThreadPool Worker] 
      2022/04/02 20:40:13.017 - [TRACE]: Start sending message to controllers to be discovered. 
 
Microsoft.Hosting.Lifetime[1 - ] 
      2022/04/02 20:40:13.117 - [INFO]: Now listening on: http://localhost:5097 
 
Microsoft.Hosting.Lifetime[1 - ] 
      2022/04/02 20:40:13.117 - [INFO]: Application started. Press Ctrl+C to shut down. 
 
Microsoft.Hosting.Lifetime[1 - ] 
      2022/04/02 20:40:13.117 - [INFO]: Hosting environment: Development 
 
Microsoft.Hosting.Lifetime[1 - ] 
      2022/04/02 20:40:13.117 - [INFO]: Content root path: D:\Projects\LedController_net5\LedController.WebPortal.Web\ 
 
Microsoft.Extensions.Hosting.Internal.Host[1 - ] 
      2022/04/02 20:40:13.117 - [DEBUG]: Hosting started 
 
LedController.WebPortal.Web.Pages.Index[16 - .NET ThreadPool Worker] 
      2022/04/02 20:40:15.338 - [INFO]: Opening the index page. 
 
LedController.WebPortal.Web.Pages.Index[15 - .NET ThreadPool Worker] 
      2022/04/02 20:40:16.949 - [INFO]: Opening the index page. 
 
Microsoft.AspNetCore.Components.Server.Circuits.RemoteRenderer[6 - .NET ThreadPool Worker] 
      2022/04/02 20:40:24.808 - [WARN]: Unhandled exception rendering component: An error occurred while saving the entity changes. See the inner exception for details. 
 Microsoft.EntityFrameworkCore.DbUpdateException: An error occurred while saving the entity changes. See the inner exception for details.
 ---> Microsoft.Data.Sqlite.SqliteException (0x80004005): SQLite Error 19: 'NOT NULL constraint failed: Animations.Name'.
   at Microsoft.Data.Sqlite.SqliteException.ThrowExceptionForRC(Int32 rc, sqlite3 db)
   at Microsoft.Data.Sqlite.SqliteDataReader.NextResult()
   at Microsoft.Data.Sqlite.SqliteCommand.ExecuteReader(CommandBehavior behavior)
   at Microsoft.Data.Sqlite.SqliteCommand.ExecuteReaderAsync(CommandBehavior behavior, CancellationToken cancellationToken)
   at Microsoft.Data.Sqlite.SqliteCommand.ExecuteDbDataReaderAsync(CommandBehavior behavior, CancellationToken cancellationToken)
   at Microsoft.EntityFrameworkCore.Storage.RelationalCommand.ExecuteReaderAsync(RelationalCommandParameterObject parameterObject, CancellationToken cancellationToken)
   at Microsoft.EntityFrameworkCore.Storage.RelationalCommand.ExecuteReaderAsync(RelationalCommandParameterObject parameterObject, CancellationToken cancellationToken)
   at Microsoft.EntityFrameworkCore.Update.ReaderModificationCommandBatch.ExecuteAsync(IRelationalConnection connection, CancellationToken cancellationToken)
   --- End of inner exception stack trace ---
   at Microsoft.EntityFrameworkCore.Update.ReaderModificationCommandBatch.ExecuteAsync(IRelationalConnection connection, CancellationToken cancellationToken)
   at Microsoft.EntityFrameworkCore.Update.Internal.BatchExecutor.ExecuteAsync(IEnumerable`1 commandBatches, IRelationalConnection connection, CancellationToken cancellationToken)
   at Microsoft.EntityFrameworkCore.Update.Internal.BatchExecutor.ExecuteAsync(IEnumerable`1 commandBatches, IRelationalConnection connection, CancellationToken cancellationToken)
   at Microsoft.EntityFrameworkCore.Update.Internal.BatchExecutor.ExecuteAsync(IEnumerable`1 commandBatches, IRelationalConnection connection, CancellationToken cancellationToken)
   at Microsoft.EntityFrameworkCore.ChangeTracking.Internal.StateManager.SaveChangesAsync(IList`1 entriesToSave, CancellationToken cancellationToken)
   at Microsoft.EntityFrameworkCore.ChangeTracking.Internal.StateManager.SaveChangesAsync(StateManager stateManager, Boolean acceptAllChangesOnSuccess, CancellationToken cancellationToken)
   at Microsoft.EntityFrameworkCore.DbContext.SaveChangesAsync(Boolean acceptAllChangesOnSuccess, CancellationToken cancellationToken)
   at Microsoft.EntityFrameworkCore.DbContext.SaveChangesAsync(Boolean acceptAllChangesOnSuccess, CancellationToken cancellationToken)
   at LedController.WebPortal.Persistence.Sqlite.Services.Repository.SaveChangesAsync(CancellationToken token) in D:\Projects\LedController_net5\LedController.Portal.Persistance.Sqlite\Services\Repository.cs:line 43
   at LedController.WebPortal.Web.Dialogs.CreateAnimationDialog.CreateAnimationAsync() in D:\Projects\LedController_net5\LedController.WebPortal.Web\Dialogs\CreateAnimationDialog.razor:line 84
   at LedController.WebPortal.Web.Dialogs.CreateAnimationDialog.<BuildRenderTree>b__0_6() in D:\Projects\LedController_net5\LedController.WebPortal.Web\Dialogs\CreateAnimationDialog.razor:line 26
   at Microsoft.AspNetCore.Components.ComponentBase.CallStateHasChangedOnAsyncCompletion(Task task)
   at MudBlazor.MudBaseButton.OnClickHandler(MouseEventArgs ev)
   at Microsoft.AspNetCore.Components.ComponentBase.CallStateHasChangedOnAsyncCompletion(Task task)
   at Microsoft.AspNetCore.Components.RenderTree.Renderer.GetErrorHandledTask(Task taskToHandle, ComponentState owningComponentState)
Microsoft.AspNetCore.Components.Server.Circuits.CircuitHost[6 - .NET ThreadPool Worker] 
      2022/04/02 20:40:24.857 - [ERROR]: Unhandled exception in circuit 'Blq3pJSWSPrNqKcgHwHVSbIC25Qd47E9hT-ZqBuSclo'. 
 Microsoft.EntityFrameworkCore.DbUpdateException: An error occurred while saving the entity changes. See the inner exception for details.
 ---> Microsoft.Data.Sqlite.SqliteException (0x80004005): SQLite Error 19: 'NOT NULL constraint failed: Animations.Name'.
   at Microsoft.Data.Sqlite.SqliteException.ThrowExceptionForRC(Int32 rc, sqlite3 db)
   at Microsoft.Data.Sqlite.SqliteDataReader.NextResult()
   at Microsoft.Data.Sqlite.SqliteCommand.ExecuteReader(CommandBehavior behavior)
   at Microsoft.Data.Sqlite.SqliteCommand.ExecuteReaderAsync(CommandBehavior behavior, CancellationToken cancellationToken)
   at Microsoft.Data.Sqlite.SqliteCommand.ExecuteDbDataReaderAsync(CommandBehavior behavior, CancellationToken cancellationToken)
   at Microsoft.EntityFrameworkCore.Storage.RelationalCommand.ExecuteReaderAsync(RelationalCommandParameterObject parameterObject, CancellationToken cancellationToken)
   at Microsoft.EntityFrameworkCore.Storage.RelationalCommand.ExecuteReaderAsync(RelationalCommandParameterObject parameterObject, CancellationToken cancellationToken)
   at Microsoft.EntityFrameworkCore.Update.ReaderModificationCommandBatch.ExecuteAsync(IRelationalConnection connection, CancellationToken cancellationToken)
   --- End of inner exception stack trace ---
   at Microsoft.EntityFrameworkCore.Update.ReaderModificationCommandBatch.ExecuteAsync(IRelationalConnection connection, CancellationToken cancellationToken)
   at Microsoft.EntityFrameworkCore.Update.Internal.BatchExecutor.ExecuteAsync(IEnumerable`1 commandBatches, IRelationalConnection connection, CancellationToken cancellationToken)
   at Microsoft.EntityFrameworkCore.Update.Internal.BatchExecutor.ExecuteAsync(IEnumerable`1 commandBatches, IRelationalConnection connection, CancellationToken cancellationToken)
   at Microsoft.EntityFrameworkCore.Update.Internal.BatchExecutor.ExecuteAsync(IEnumerable`1 commandBatches, IRelationalConnection connection, CancellationToken cancellationToken)
   at Microsoft.EntityFrameworkCore.ChangeTracking.Internal.StateManager.SaveChangesAsync(IList`1 entriesToSave, CancellationToken cancellationToken)
   at Microsoft.EntityFrameworkCore.ChangeTracking.Internal.StateManager.SaveChangesAsync(StateManager stateManager, Boolean acceptAllChangesOnSuccess, CancellationToken cancellationToken)
   at Microsoft.EntityFrameworkCore.DbContext.SaveChangesAsync(Boolean acceptAllChangesOnSuccess, CancellationToken cancellationToken)
   at Microsoft.EntityFrameworkCore.DbContext.SaveChangesAsync(Boolean acceptAllChangesOnSuccess, CancellationToken cancellationToken)
   at LedController.WebPortal.Persistence.Sqlite.Services.Repository.SaveChangesAsync(CancellationToken token) in D:\Projects\LedController_net5\LedController.Portal.Persistance.Sqlite\Services\Repository.cs:line 43
   at LedController.WebPortal.Web.Dialogs.CreateAnimationDialog.CreateAnimationAsync() in D:\Projects\LedController_net5\LedController.WebPortal.Web\Dialogs\CreateAnimationDialog.razor:line 84
   at LedController.WebPortal.Web.Dialogs.CreateAnimationDialog.<BuildRenderTree>b__0_6() in D:\Projects\LedController_net5\LedController.WebPortal.Web\Dialogs\CreateAnimationDialog.razor:line 26
   at Microsoft.AspNetCore.Components.ComponentBase.CallStateHasChangedOnAsyncCompletion(Task task)
   at MudBlazor.MudBaseButton.OnClickHandler(MouseEventArgs ev)
   at Microsoft.AspNetCore.Components.ComponentBase.CallStateHasChangedOnAsyncCompletion(Task task)
   at Microsoft.AspNetCore.Components.RenderTree.Renderer.GetErrorHandledTask(Task taskToHandle, ComponentState owningComponentState)
Microsoft.AspNetCore.Components.Server.Circuits.RemoteRenderer[15 - .NET ThreadPool Worker] 
      2022/04/02 20:40:52.698 - [WARN]: Unhandled exception rendering component: An error occurred while saving the entity changes. See the inner exception for details. 
 Microsoft.EntityFrameworkCore.DbUpdateException: An error occurred while saving the entity changes. See the inner exception for details.
 ---> Microsoft.Data.Sqlite.SqliteException (0x80004005): SQLite Error 19: 'NOT NULL constraint failed: Animations.Name'.
   at Microsoft.Data.Sqlite.SqliteException.ThrowExceptionForRC(Int32 rc, sqlite3 db)
   at Microsoft.Data.Sqlite.SqliteDataReader.NextResult()
   at Microsoft.Data.Sqlite.SqliteCommand.ExecuteReader(CommandBehavior behavior)
   at Microsoft.Data.Sqlite.SqliteCommand.ExecuteReaderAsync(CommandBehavior behavior, CancellationToken cancellationToken)
   at Microsoft.Data.Sqlite.SqliteCommand.ExecuteDbDataReaderAsync(CommandBehavior behavior, CancellationToken cancellationToken)
   at Microsoft.EntityFrameworkCore.Storage.RelationalCommand.ExecuteReaderAsync(RelationalCommandParameterObject parameterObject, CancellationToken cancellationToken)
   at Microsoft.EntityFrameworkCore.Storage.RelationalCommand.ExecuteReaderAsync(RelationalCommandParameterObject parameterObject, CancellationToken cancellationToken)
   at Microsoft.EntityFrameworkCore.Update.ReaderModificationCommandBatch.ExecuteAsync(IRelationalConnection connection, CancellationToken cancellationToken)
   --- End of inner exception stack trace ---
   at Microsoft.EntityFrameworkCore.Update.ReaderModificationCommandBatch.ExecuteAsync(IRelationalConnection connection, CancellationToken cancellationToken)
   at Microsoft.EntityFrameworkCore.Update.Internal.BatchExecutor.ExecuteAsync(IEnumerable`1 commandBatches, IRelationalConnection connection, CancellationToken cancellationToken)
   at Microsoft.EntityFrameworkCore.Update.Internal.BatchExecutor.ExecuteAsync(IEnumerable`1 commandBatches, IRelationalConnection connection, CancellationToken cancellationToken)
   at Microsoft.EntityFrameworkCore.Update.Internal.BatchExecutor.ExecuteAsync(IEnumerable`1 commandBatches, IRelationalConnection connection, CancellationToken cancellationToken)
   at Microsoft.EntityFrameworkCore.ChangeTracking.Internal.StateManager.SaveChangesAsync(IList`1 entriesToSave, CancellationToken cancellationToken)
   at Microsoft.EntityFrameworkCore.ChangeTracking.Internal.StateManager.SaveChangesAsync(StateManager stateManager, Boolean acceptAllChangesOnSuccess, CancellationToken cancellationToken)
   at Microsoft.EntityFrameworkCore.DbContext.SaveChangesAsync(Boolean acceptAllChangesOnSuccess, CancellationToken cancellationToken)
   at Microsoft.EntityFrameworkCore.DbContext.SaveChangesAsync(Boolean acceptAllChangesOnSuccess, CancellationToken cancellationToken)
   at LedController.WebPortal.Persistence.Sqlite.Services.Repository.SaveChangesAsync(CancellationToken token) in D:\Projects\LedController_net5\LedController.Portal.Persistance.Sqlite\Services\Repository.cs:line 43
   at LedController.WebPortal.Web.Dialogs.CreateAnimationDialog.CreateAnimationAsync() in D:\Projects\LedController_net5\LedController.WebPortal.Web\Dialogs\CreateAnimationDialog.razor:line 84
   at LedController.WebPortal.Web.Dialogs.CreateAnimationDialog.<BuildRenderTree>b__0_6() in D:\Projects\LedController_net5\LedController.WebPortal.Web\Dialogs\CreateAnimationDialog.razor:line 26
   at Microsoft.AspNetCore.Components.ComponentBase.CallStateHasChangedOnAsyncCompletion(Task task)
   at MudBlazor.MudBaseButton.OnClickHandler(MouseEventArgs ev)
   at Microsoft.AspNetCore.Components.ComponentBase.CallStateHasChangedOnAsyncCompletion(Task task)
   at Microsoft.AspNetCore.Components.RenderTree.Renderer.GetErrorHandledTask(Task taskToHandle, ComponentState owningComponentState)
Microsoft.AspNetCore.Components.Server.Circuits.CircuitHost[15 - .NET ThreadPool Worker] 
      2022/04/02 20:40:52.698 - [ERROR]: Unhandled exception in circuit '1lM9FbsYWCVOc1fPrCU8iwkNbvXmyA92wyJukd4_0GQ'. 
 Microsoft.EntityFrameworkCore.DbUpdateException: An error occurred while saving the entity changes. See the inner exception for details.
 ---> Microsoft.Data.Sqlite.SqliteException (0x80004005): SQLite Error 19: 'NOT NULL constraint failed: Animations.Name'.
   at Microsoft.Data.Sqlite.SqliteException.ThrowExceptionForRC(Int32 rc, sqlite3 db)
   at Microsoft.Data.Sqlite.SqliteDataReader.NextResult()
   at Microsoft.Data.Sqlite.SqliteCommand.ExecuteReader(CommandBehavior behavior)
   at Microsoft.Data.Sqlite.SqliteCommand.ExecuteReaderAsync(CommandBehavior behavior, CancellationToken cancellationToken)
   at Microsoft.Data.Sqlite.SqliteCommand.ExecuteDbDataReaderAsync(CommandBehavior behavior, CancellationToken cancellationToken)
   at Microsoft.EntityFrameworkCore.Storage.RelationalCommand.ExecuteReaderAsync(RelationalCommandParameterObject parameterObject, CancellationToken cancellationToken)
   at Microsoft.EntityFrameworkCore.Storage.RelationalCommand.ExecuteReaderAsync(RelationalCommandParameterObject parameterObject, CancellationToken cancellationToken)
   at Microsoft.EntityFrameworkCore.Update.ReaderModificationCommandBatch.ExecuteAsync(IRelationalConnection connection, CancellationToken cancellationToken)
   --- End of inner exception stack trace ---
   at Microsoft.EntityFrameworkCore.Update.ReaderModificationCommandBatch.ExecuteAsync(IRelationalConnection connection, CancellationToken cancellationToken)
   at Microsoft.EntityFrameworkCore.Update.Internal.BatchExecutor.ExecuteAsync(IEnumerable`1 commandBatches, IRelationalConnection connection, CancellationToken cancellationToken)
   at Microsoft.EntityFrameworkCore.Update.Internal.BatchExecutor.ExecuteAsync(IEnumerable`1 commandBatches, IRelationalConnection connection, CancellationToken cancellationToken)
   at Microsoft.EntityFrameworkCore.Update.Internal.BatchExecutor.ExecuteAsync(IEnumerable`1 commandBatches, IRelationalConnection connection, CancellationToken cancellationToken)
   at Microsoft.EntityFrameworkCore.ChangeTracking.Internal.StateManager.SaveChangesAsync(IList`1 entriesToSave, CancellationToken cancellationToken)
   at Microsoft.EntityFrameworkCore.ChangeTracking.Internal.StateManager.SaveChangesAsync(StateManager stateManager, Boolean acceptAllChangesOnSuccess, CancellationToken cancellationToken)
   at Microsoft.EntityFrameworkCore.DbContext.SaveChangesAsync(Boolean acceptAllChangesOnSuccess, CancellationToken cancellationToken)
   at Microsoft.EntityFrameworkCore.DbContext.SaveChangesAsync(Boolean acceptAllChangesOnSuccess, CancellationToken cancellationToken)
   at LedController.WebPortal.Persistence.Sqlite.Services.Repository.SaveChangesAsync(CancellationToken token) in D:\Projects\LedController_net5\LedController.Portal.Persistance.Sqlite\Services\Repository.cs:line 43
   at LedController.WebPortal.Web.Dialogs.CreateAnimationDialog.CreateAnimationAsync() in D:\Projects\LedController_net5\LedController.WebPortal.Web\Dialogs\CreateAnimationDialog.razor:line 84
   at LedController.WebPortal.Web.Dialogs.CreateAnimationDialog.<BuildRenderTree>b__0_6() in D:\Projects\LedController_net5\LedController.WebPortal.Web\Dialogs\CreateAnimationDialog.razor:line 26
   at Microsoft.AspNetCore.Components.ComponentBase.CallStateHasChangedOnAsyncCompletion(Task task)
   at MudBlazor.MudBaseButton.OnClickHandler(MouseEventArgs ev)
   at Microsoft.AspNetCore.Components.ComponentBase.CallStateHasChangedOnAsyncCompletion(Task task)
   at Microsoft.AspNetCore.Components.RenderTree.Renderer.GetErrorHandledTask(Task taskToHandle, ComponentState owningComponentState)
