Microsoft.Extensions.Hosting.Internal.Host[1 - ] 
      2022/04/19 00:58:01.100 - [DEBUG]: Hosting starting 
 
LedController.WebPortal.Core.Services.DiscoveryService[1 - ] 
      2022/04/19 00:58:01.258 - [DEBUG]: Starting the discovery service. 
 
LedController.WebPortal.Core.Services.DiscoveryService[1 - ] 
      2022/04/19 00:58:01.258 - [DEBUG]: Creating a new UDP client to be used for broadcasting the server information. This wil happen on UDP port 8472. 
 
LedController.WebPortal.Core.Services.DiscoveryService[15 - .NET ThreadPool Worker] 
      2022/04/19 00:58:01.288 - [TRACE]: Start sending message to controllers to be discovered. 
 
LedController.WebPortal.Core.Services.DiscoveryService[1 - ] 
      2022/04/19 00:58:01.275 - [DEBUG]: The discovery service has started. 
 
Microsoft.Hosting.Lifetime[1 - ] 
      2022/04/19 00:58:01.430 - [INFO]: Now listening on: http://localhost:5097 
 
Microsoft.Hosting.Lifetime[1 - ] 
      2022/04/19 00:58:01.446 - [INFO]: Application started. Press Ctrl+C to shut down. 
 
Microsoft.Hosting.Lifetime[1 - ] 
      2022/04/19 00:58:01.446 - [INFO]: Hosting environment: Development 
 
Microsoft.Hosting.Lifetime[1 - ] 
      2022/04/19 00:58:01.446 - [INFO]: Content root path: D:\Projects\LedController_net5\LedController.WebPortal.Web\ 
 
Microsoft.Extensions.Hosting.Internal.Host[1 - ] 
      2022/04/19 00:58:01.446 - [DEBUG]: Hosting started 
 
LedController.WebPortal.Web.Pages.Index[9 - .NET ThreadPool Worker] 
      2022/04/19 00:58:03.945 - [INFO]: Opening the index page. 
 
LedController.WebPortal.Web.Pages.Index[10 - .NET ThreadPool Worker] 
      2022/04/19 00:58:05.694 - [INFO]: Opening the index page. 
 
LedController.WebPortal.Web.Pages.ControllersPage[9 - .NET ThreadPool Worker] 
      2022/04/19 00:58:38.775 - [INFO]: Opening controllers page. 
 
LedController.WebPortal.Web.Pages.ControllersPage[10 - .NET ThreadPool Worker] 
      2022/04/19 00:58:39.590 - [INFO]: Opening the controller form for controller : None Selected 
 
LedController.WebPortal.Web.Dialogs.ControllerFormDialog[10 - .NET ThreadPool Worker] 
      2022/04/19 00:58:39.617 - [INFO]: Opening controller form. Controller: None was given as parameter. 
 
LedController.WebPortal.Web.Dialogs.ControllerFormDialog[10 - .NET ThreadPool Worker] 
      2022/04/19 00:58:39.617 - [INFO]: Opening controller form. Controller: Controller 476961086 was given as parameter. 
 
LedController.WebPortal.Web.Dialogs.ControllerFormDialog[6 - .NET ThreadPool Worker] 
      2022/04/19 00:58:50.333 - [INFO]: Saving new controller . 
 
LedController.WebPortal.Core.Managers.ControllerManager[6 - .NET ThreadPool Worker] 
      2022/04/19 00:58:50.350 - [INFO]: Adding new controller. 
 
LedController.WebPortal.Web.Pages.ControllersPage[6 - .NET ThreadPool Worker] 
      2022/04/19 00:58:50.511 - [INFO]: Controller dialog closed reloading page. 
 
LedController.WebPortal.Web.Pages.ControllersPage[15 - .NET ThreadPool Worker] 
      2022/04/19 00:58:50.542 - [INFO]: Opening controllers page. 
 
LedController.WebPortal.Web.Pages.ControllersPage[6 - .NET ThreadPool Worker] 
      2022/04/19 00:58:51.320 - [INFO]: Opening controllers page. 
 
LedController.WebPortal.Web.Pages.ControllersPage[6 - .NET ThreadPool Worker] 
      2022/04/19 00:58:53.570 - [INFO]: Opening the controller form for controller :  
 
LedController.WebPortal.Web.Dialogs.ControllerFormDialog[6 - .NET ThreadPool Worker] 
      2022/04/19 00:58:53.585 - [INFO]: Opening controller form. Controller:  was given as parameter. 
 
LedController.WebPortal.Web.Dialogs.ControllerFormDialog[6 - .NET ThreadPool Worker] 
      2022/04/19 00:58:53.585 - [INFO]: Opening controller form. Controller:  was given as parameter. 
 
LedController.WebPortal.Web.Dialogs.ControllerFormDialog[9 - .NET ThreadPool Worker] 
      2022/04/19 00:58:58.475 - [INFO]: Updating controller adfadf. 
 
LedController.WebPortal.Web.Pages.ControllersPage[9 - .NET ThreadPool Worker] 
      2022/04/19 00:58:58.492 - [INFO]: Controller dialog closed reloading page. 
 
LedController.WebPortal.Web.Pages.ControllersPage[6 - .NET ThreadPool Worker] 
      2022/04/19 00:58:58.508 - [INFO]: Opening controllers page. 
 
LedController.WebPortal.Web.Pages.ControllersPage[10 - .NET ThreadPool Worker] 
      2022/04/19 00:58:59.156 - [INFO]: Opening controllers page. 
 
Microsoft.Extensions.Hosting.Internal.Host[1 - ] 
      2022/04/19 21:23:06.985 - [DEBUG]: Hosting starting 
 
LedController.WebPortal.Core.Services.DiscoveryService[1 - ] 
      2022/04/19 21:23:07.116 - [DEBUG]: Starting the discovery service. 
 
LedController.WebPortal.Core.Services.DiscoveryService[1 - ] 
      2022/04/19 21:23:07.116 - [DEBUG]: Creating a new UDP client to be used for broadcasting the server information. This wil happen on UDP port 8472. 
 
LedController.WebPortal.Core.Services.DiscoveryService[10 - .NET ThreadPool Worker] 
      2022/04/19 21:23:07.133 - [TRACE]: Start sending message to controllers to be discovered. 
 
LedController.WebPortal.Core.Services.DiscoveryService[1 - ] 
      2022/04/19 21:23:07.133 - [DEBUG]: The discovery service has started. 
 
Microsoft.Hosting.Lifetime[1 - ] 
      2022/04/19 21:23:07.306 - [INFO]: Now listening on: http://localhost:5097 
 
Microsoft.Hosting.Lifetime[1 - ] 
      2022/04/19 21:23:07.306 - [INFO]: Application started. Press Ctrl+C to shut down. 
 
Microsoft.Hosting.Lifetime[1 - ] 
      2022/04/19 21:23:07.306 - [INFO]: Hosting environment: Development 
 
Microsoft.Hosting.Lifetime[1 - ] 
      2022/04/19 21:23:07.306 - [INFO]: Content root path: D:\Projects\LedController_net5\LedController.WebPortal.Web\ 
 
Microsoft.Extensions.Hosting.Internal.Host[1 - ] 
      2022/04/19 21:23:07.306 - [DEBUG]: Hosting started 
 
LedController.WebPortal.Web.Pages.Index[9 - .NET ThreadPool Worker] 
      2022/04/19 21:23:09.866 - [INFO]: Opening the index page. 
 
LedController.WebPortal.Web.Pages.Index[9 - .NET ThreadPool Worker] 
      2022/04/19 21:23:11.679 - [INFO]: Opening the index page. 
 
LedController.WebPortal.Web.Pages.EffectsEditorPage[6 - .NET ThreadPool Worker] 
      2022/04/19 21:24:09.508 - [INFO]: Loading effects page. 
 
LedController.WebPortal.Web.Components.EffectEditor[6 - .NET ThreadPool Worker] 
      2022/04/19 21:24:09.632 - [DEBUG]: Starting effect editor for Test Effect. 
 
LedController.WebPortal.Web.Components.EffectEditor[9 - .NET ThreadPool Worker] 
      2022/04/19 21:24:09.687 - [DEBUG]: Starting monaco editor for effect Test Effect. 
 
LedController.WebPortal.Web.Dialogs.ControllerEffectSynchronizationDialog[9 - .NET ThreadPool Worker] 
      2022/04/19 21:24:11.365 - [INFO]: Loading Controller effect synchronization dialog. 
 
Microsoft.Extensions.Hosting.Internal.Host[9 - .NET ThreadPool Worker] 
      2022/04/19 22:23:07.226 - [ERROR]: BackgroundService failed 
 System.ArgumentException: Destination array was not long enough. Check the destination index, length, and the array's lower bounds. (Parameter 'destinationArray')
   at System.Array.Copy(Array sourceArray, Int32 sourceIndex, Array destinationArray, Int32 destinationIndex, Int32 length, Boolean reliable)
   at System.Array.Copy(Array sourceArray, Int32 sourceIndex, Array destinationArray, Int32 destinationIndex, Int32 length)
   at System.Array.CopyTo(Array array, Int32 index)
   at LedController.WebPortal.Core.Services.DiscoveryService.CreateBroadcastMessage() in D:\Projects\LedController_net5\LedController.Portal.Core\Services\DiscoveryService.cs:line 270
   at LedController.WebPortal.Core.Services.DiscoveryService.SendDiscoveryMessageAsync(CancellationToken token) in D:\Projects\LedController_net5\LedController.Portal.Core\Services\DiscoveryService.cs:line 247
   at LedController.WebPortal.Core.Services.DiscoveryService.ExecuteAsync(CancellationToken stoppingToken) in D:\Projects\LedController_net5\LedController.Portal.Core\Services\DiscoveryService.cs:line 233
   at Microsoft.Extensions.Hosting.Internal.Host.TryExecuteBackgroundServiceAsync(BackgroundService backgroundService)
Microsoft.Extensions.Hosting.Internal.Host[9 - .NET ThreadPool Worker] 
      2022/04/19 22:23:07.288 - [FATAL]: The HostOptions.BackgroundServiceExceptionBehavior is configured to StopHost. A BackgroundService has thrown an unhandled exception, and the IHost instance is stopping. To avoid this behavior, configure this to Ignore; however the BackgroundService will not be restarted. 
 System.ArgumentException: Destination array was not long enough. Check the destination index, length, and the array's lower bounds. (Parameter 'destinationArray')
   at System.Array.Copy(Array sourceArray, Int32 sourceIndex, Array destinationArray, Int32 destinationIndex, Int32 length, Boolean reliable)
   at System.Array.Copy(Array sourceArray, Int32 sourceIndex, Array destinationArray, Int32 destinationIndex, Int32 length)
   at System.Array.CopyTo(Array array, Int32 index)
   at LedController.WebPortal.Core.Services.DiscoveryService.CreateBroadcastMessage() in D:\Projects\LedController_net5\LedController.Portal.Core\Services\DiscoveryService.cs:line 270
   at LedController.WebPortal.Core.Services.DiscoveryService.SendDiscoveryMessageAsync(CancellationToken token) in D:\Projects\LedController_net5\LedController.Portal.Core\Services\DiscoveryService.cs:line 247
   at LedController.WebPortal.Core.Services.DiscoveryService.ExecuteAsync(CancellationToken stoppingToken) in D:\Projects\LedController_net5\LedController.Portal.Core\Services\DiscoveryService.cs:line 233
   at Microsoft.Extensions.Hosting.Internal.Host.TryExecuteBackgroundServiceAsync(BackgroundService backgroundService)
Microsoft.Hosting.Lifetime[9 - .NET ThreadPool Worker] 
      2022/04/19 22:23:07.288 - [INFO]: Application is shutting down... 
 
Microsoft.Extensions.Hosting.Internal.Host[6 - .NET ThreadPool Worker] 
      2022/04/19 22:23:07.288 - [DEBUG]: Hosting stopping 
 
LedController.WebPortal.Core.Services.DiscoveryService[10 - .NET ThreadPool Worker] 
      2022/04/19 22:23:07.375 - [DEBUG]: Stopping the discovery service. 
 
LedController.WebPortal.Core.Services.DiscoveryService[10 - .NET ThreadPool Worker] 
      2022/04/19 22:23:07.375 - [DEBUG]: The discovery service has stopped. 
 
Microsoft.Extensions.Hosting.Internal.Host[10 - .NET ThreadPool Worker] 
      2022/04/19 22:23:07.375 - [DEBUG]: Hosting stopped 
 
