Microsoft.Extensions.Hosting.Internal.Host[1 - ] 
      2022/04/06 12:25:11.752 - [DEBUG]: Hosting starting 
 
LedController.WebPortal.Core.Services.DiscoveryService[1 - ] 
      2022/04/06 12:25:11.806 - [DEBUG]: Starting the discovery service. 
 
LedController.WebPortal.Core.Services.DiscoveryService[1 - ] 
      2022/04/06 12:25:11.806 - [DEBUG]: Creating a new UDP client to be used for broadcasting the server information. This wil happen on UDP port 8472. 
 
LedController.WebPortal.Core.Services.DiscoveryService[1 - ] 
      2022/04/06 12:25:11.823 - [DEBUG]: The discovery service has started. 
 
LedController.WebPortal.Core.Services.DiscoveryService[9 - .NET ThreadPool Worker] 
      2022/04/06 12:25:11.823 - [TRACE]: Start sending message to controllers to be discovered. 
 
Microsoft.Hosting.Lifetime[1 - ] 
      2022/04/06 12:25:11.924 - [INFO]: Now listening on: http://localhost:5097 
 
Microsoft.Hosting.Lifetime[1 - ] 
      2022/04/06 12:25:11.928 - [INFO]: Application started. Press Ctrl+C to shut down. 
 
Microsoft.Hosting.Lifetime[1 - ] 
      2022/04/06 12:25:11.928 - [INFO]: Hosting environment: Development 
 
Microsoft.Hosting.Lifetime[1 - ] 
      2022/04/06 12:25:11.928 - [INFO]: Content root path: D:\Projects\LedController_net5\LedController.WebPortal.Web\ 
 
Microsoft.Extensions.Hosting.Internal.Host[1 - ] 
      2022/04/06 12:25:11.928 - [DEBUG]: Hosting started 
 
LedController.WebPortal.Web.Pages.Index[9 - .NET ThreadPool Worker] 
      2022/04/06 12:25:14.737 - [INFO]: Opening the index page. 
 
LedController.WebPortal.Web.Pages.Index[15 - .NET ThreadPool Worker] 
      2022/04/06 12:25:16.239 - [INFO]: Opening the index page. 
 
Microsoft.AspNetCore.Components.Server.Circuits.RemoteRenderer[9 - .NET ThreadPool Worker] 
      2022/04/06 12:25:20.223 - [WARN]: Unhandled exception rendering component: Unable to set property 'IMudShadowSelect' on object of type 'MudBlazor.MudSelectItem`1[[UnitsNet.Units.FrequencyUnit, UnitsNet, Version=4.0.0.0, Culture=neutral, PublicKeyToken=f8601875a1f041da]]'. The error was: Unable to cast object of type 'MudBlazor.MudSelect`1[LedController.Domain.Models.Effect]' to type 'MudBlazor.MudSelect`1[UnitsNet.Units.FrequencyUnit]'. 
 System.InvalidOperationException: Unable to set property 'IMudShadowSelect' on object of type 'MudBlazor.MudSelectItem`1[[UnitsNet.Units.FrequencyUnit, UnitsNet, Version=4.0.0.0, Culture=neutral, PublicKeyToken=f8601875a1f041da]]'. The error was: Unable to cast object of type 'MudBlazor.MudSelect`1[LedController.Domain.Models.Effect]' to type 'MudBlazor.MudSelect`1[UnitsNet.Units.FrequencyUnit]'.
 ---> System.InvalidCastException: Unable to cast object of type 'MudBlazor.MudSelect`1[LedController.Domain.Models.Effect]' to type 'MudBlazor.MudSelect`1[UnitsNet.Units.FrequencyUnit]'.
   at MudBlazor.MudSelectItem`1.set_IMudShadowSelect(IMudShadowSelect value)
   at Microsoft.AspNetCore.Components.Reflection.PropertySetter.CallPropertySetter[TTarget,TValue](Action`2 setter, Object target, Object value)
   at Microsoft.AspNetCore.Components.Reflection.ComponentProperties.<SetProperties>g__SetProperty|3_0(Object target, PropertySetter writer, String parameterName, Object value)
   --- End of inner exception stack trace ---
   at Microsoft.AspNetCore.Components.Reflection.ComponentProperties.<SetProperties>g__SetProperty|3_0(Object target, PropertySetter writer, String parameterName, Object value)
   at Microsoft.AspNetCore.Components.Reflection.ComponentProperties.SetProperties(ParameterView& parameters, Object target)
   at Microsoft.AspNetCore.Components.ComponentBase.SetParametersAsync(ParameterView parameters)
   at Microsoft.AspNetCore.Components.Rendering.ComponentState.SupplyCombinedParameters(ParameterView directAndCascadingParameters)
Microsoft.AspNetCore.Components.Server.Circuits.CircuitHost[9 - .NET ThreadPool Worker] 
      2022/04/06 12:25:20.284 - [ERROR]: Unhandled exception in circuit 'b9gfEaswi6jP1Y3NY7tFj4xnVgxvPjYOcPQwZAUdtkg'. 
 System.InvalidOperationException: Unable to set property 'IMudShadowSelect' on object of type 'MudBlazor.MudSelectItem`1[[UnitsNet.Units.FrequencyUnit, UnitsNet, Version=4.0.0.0, Culture=neutral, PublicKeyToken=f8601875a1f041da]]'. The error was: Unable to cast object of type 'MudBlazor.MudSelect`1[LedController.Domain.Models.Effect]' to type 'MudBlazor.MudSelect`1[UnitsNet.Units.FrequencyUnit]'.
 ---> System.InvalidCastException: Unable to cast object of type 'MudBlazor.MudSelect`1[LedController.Domain.Models.Effect]' to type 'MudBlazor.MudSelect`1[UnitsNet.Units.FrequencyUnit]'.
   at MudBlazor.MudSelectItem`1.set_IMudShadowSelect(IMudShadowSelect value)
   at Microsoft.AspNetCore.Components.Reflection.PropertySetter.CallPropertySetter[TTarget,TValue](Action`2 setter, Object target, Object value)
   at Microsoft.AspNetCore.Components.Reflection.ComponentProperties.<SetProperties>g__SetProperty|3_0(Object target, PropertySetter writer, String parameterName, Object value)
   --- End of inner exception stack trace ---
   at Microsoft.AspNetCore.Components.Reflection.ComponentProperties.<SetProperties>g__SetProperty|3_0(Object target, PropertySetter writer, String parameterName, Object value)
   at Microsoft.AspNetCore.Components.Reflection.ComponentProperties.SetProperties(ParameterView& parameters, Object target)
   at Microsoft.AspNetCore.Components.ComponentBase.SetParametersAsync(ParameterView parameters)
   at Microsoft.AspNetCore.Components.Rendering.ComponentState.SupplyCombinedParameters(ParameterView directAndCascadingParameters)
Microsoft.AspNetCore.Components.Server.Circuits.RemoteRenderer[9 - .NET ThreadPool Worker] 
      2022/04/06 12:25:20.314 - [WARN]: Unhandled exception rendering component: Cannot access a disposed object. 
 System.ObjectDisposedException: Cannot access a disposed object.
   at Microsoft.AspNetCore.Components.RenderTree.ArrayBuilder`1.ThrowObjectDisposedException()
   at Microsoft.AspNetCore.Components.RenderTree.ArrayBuilder`1.GrowBuffer(Int32 desiredCapacity)
   at Microsoft.AspNetCore.Components.RenderTree.ArrayBuilder`1.Append(T[] source, Int32 startIndex, Int32 length)
   at Microsoft.AspNetCore.Components.RenderTree.RenderTreeDiffBuilder.InsertNewFrame(DiffContext& diffContext, Int32 newFrameIndex)
   at Microsoft.AspNetCore.Components.RenderTree.RenderTreeDiffBuilder.InsertNewFrame(DiffContext& diffContext, Int32 newFrameIndex)
   at Microsoft.AspNetCore.Components.RenderTree.RenderTreeDiffBuilder.InsertNewFrame(DiffContext& diffContext, Int32 newFrameIndex)
   at Microsoft.AspNetCore.Components.RenderTree.RenderTreeDiffBuilder.AppendDiffEntriesForRange(DiffContext& diffContext, Int32 oldStartIndex, Int32 oldEndIndexExcl, Int32 newStartIndex, Int32 newEndIndexExcl)
   at Microsoft.AspNetCore.Components.RenderTree.RenderTreeDiffBuilder.ComputeDiff(Renderer renderer, RenderBatchBuilder batchBuilder, Int32 componentId, ArrayRange`1 oldTree, ArrayRange`1 newTree)
   at Microsoft.AspNetCore.Components.Rendering.ComponentState.RenderIntoBatch(RenderBatchBuilder batchBuilder, RenderFragment renderFragment, Exception& renderFragmentException)
   at Microsoft.AspNetCore.Components.RenderTree.Renderer.ProcessRenderQueue()
Microsoft.AspNetCore.Components.Server.Circuits.CircuitHost[9 - .NET ThreadPool Worker] 
      2022/04/06 12:25:20.314 - [ERROR]: Unhandled exception in circuit 'b9gfEaswi6jP1Y3NY7tFj4xnVgxvPjYOcPQwZAUdtkg'. 
 System.ObjectDisposedException: Cannot access a disposed object.
   at Microsoft.AspNetCore.Components.RenderTree.ArrayBuilder`1.ThrowObjectDisposedException()
   at Microsoft.AspNetCore.Components.RenderTree.ArrayBuilder`1.GrowBuffer(Int32 desiredCapacity)
   at Microsoft.AspNetCore.Components.RenderTree.ArrayBuilder`1.Append(T[] source, Int32 startIndex, Int32 length)
   at Microsoft.AspNetCore.Components.RenderTree.RenderTreeDiffBuilder.InsertNewFrame(DiffContext& diffContext, Int32 newFrameIndex)
   at Microsoft.AspNetCore.Components.RenderTree.RenderTreeDiffBuilder.InsertNewFrame(DiffContext& diffContext, Int32 newFrameIndex)
   at Microsoft.AspNetCore.Components.RenderTree.RenderTreeDiffBuilder.InsertNewFrame(DiffContext& diffContext, Int32 newFrameIndex)
   at Microsoft.AspNetCore.Components.RenderTree.RenderTreeDiffBuilder.AppendDiffEntriesForRange(DiffContext& diffContext, Int32 oldStartIndex, Int32 oldEndIndexExcl, Int32 newStartIndex, Int32 newEndIndexExcl)
   at Microsoft.AspNetCore.Components.RenderTree.RenderTreeDiffBuilder.ComputeDiff(Renderer renderer, RenderBatchBuilder batchBuilder, Int32 componentId, ArrayRange`1 oldTree, ArrayRange`1 newTree)
   at Microsoft.AspNetCore.Components.Rendering.ComponentState.RenderIntoBatch(RenderBatchBuilder batchBuilder, RenderFragment renderFragment, Exception& renderFragmentException)
   at Microsoft.AspNetCore.Components.RenderTree.Renderer.ProcessRenderQueue()
Microsoft.Extensions.Hosting.Internal.Host[1 - ] 
      2022/04/06 12:26:27.117 - [DEBUG]: Hosting starting 
 
LedController.WebPortal.Core.Services.DiscoveryService[1 - ] 
      2022/04/06 12:26:27.157 - [DEBUG]: Starting the discovery service. 
 
LedController.WebPortal.Core.Services.DiscoveryService[1 - ] 
      2022/04/06 12:26:27.157 - [DEBUG]: Creating a new UDP client to be used for broadcasting the server information. This wil happen on UDP port 8472. 
 
LedController.WebPortal.Core.Services.DiscoveryService[1 - ] 
      2022/04/06 12:26:27.170 - [DEBUG]: The discovery service has started. 
 
LedController.WebPortal.Core.Services.DiscoveryService[13 - .NET ThreadPool Worker] 
      2022/04/06 12:26:27.170 - [TRACE]: Start sending message to controllers to be discovered. 
 
Microsoft.Hosting.Lifetime[1 - ] 
      2022/04/06 12:26:27.314 - [INFO]: Now listening on: http://localhost:5097 
 
Microsoft.Hosting.Lifetime[1 - ] 
      2022/04/06 12:26:27.318 - [INFO]: Application started. Press Ctrl+C to shut down. 
 
Microsoft.Hosting.Lifetime[1 - ] 
      2022/04/06 12:26:27.318 - [INFO]: Hosting environment: Development 
 
Microsoft.Hosting.Lifetime[1 - ] 
      2022/04/06 12:26:27.318 - [INFO]: Content root path: D:\Projects\LedController_net5\LedController.WebPortal.Web\ 
 
Microsoft.Extensions.Hosting.Internal.Host[1 - ] 
      2022/04/06 12:26:27.318 - [DEBUG]: Hosting started 
 
LedController.WebPortal.Web.Pages.Index[13 - .NET ThreadPool Worker] 
      2022/04/06 12:26:29.760 - [INFO]: Opening the index page. 
 
LedController.WebPortal.Web.Pages.Index[15 - .NET ThreadPool Worker] 
      2022/04/06 12:26:31.298 - [INFO]: Opening the index page. 
 
Microsoft.Extensions.Hosting.Internal.Host[1 - ] 
      2022/04/06 12:29:11.417 - [DEBUG]: Hosting starting 
 
LedController.WebPortal.Core.Services.DiscoveryService[1 - ] 
      2022/04/06 12:29:11.451 - [DEBUG]: Starting the discovery service. 
 
LedController.WebPortal.Core.Services.DiscoveryService[1 - ] 
      2022/04/06 12:29:11.451 - [DEBUG]: Creating a new UDP client to be used for broadcasting the server information. This wil happen on UDP port 8472. 
 
LedController.WebPortal.Core.Services.DiscoveryService[1 - ] 
      2022/04/06 12:29:11.462 - [DEBUG]: The discovery service has started. 
 
LedController.WebPortal.Core.Services.DiscoveryService[9 - .NET ThreadPool Worker] 
      2022/04/06 12:29:11.462 - [TRACE]: Start sending message to controllers to be discovered. 
 
Microsoft.Hosting.Lifetime[1 - ] 
      2022/04/06 12:29:11.554 - [INFO]: Now listening on: http://localhost:5097 
 
Microsoft.Hosting.Lifetime[1 - ] 
      2022/04/06 12:29:11.554 - [INFO]: Application started. Press Ctrl+C to shut down. 
 
Microsoft.Hosting.Lifetime[1 - ] 
      2022/04/06 12:29:11.554 - [INFO]: Hosting environment: Development 
 
Microsoft.Hosting.Lifetime[1 - ] 
      2022/04/06 12:29:11.554 - [INFO]: Content root path: D:\Projects\LedController_net5\LedController.WebPortal.Web\ 
 
Microsoft.Extensions.Hosting.Internal.Host[1 - ] 
      2022/04/06 12:29:11.554 - [DEBUG]: Hosting started 
 
LedController.WebPortal.Web.Pages.Index[12 - .NET ThreadPool Worker] 
      2022/04/06 12:29:13.450 - [INFO]: Opening the index page. 
 
LedController.WebPortal.Web.Pages.Index[12 - .NET ThreadPool Worker] 
      2022/04/06 12:29:14.944 - [INFO]: Opening the index page. 
 
Microsoft.Extensions.Hosting.Internal.Host[1 - ] 
      2022/04/06 12:36:30.471 - [DEBUG]: Hosting starting 
 
LedController.WebPortal.Core.Services.DiscoveryService[1 - ] 
      2022/04/06 12:36:30.519 - [DEBUG]: Starting the discovery service. 
 
LedController.WebPortal.Core.Services.DiscoveryService[1 - ] 
      2022/04/06 12:36:30.519 - [DEBUG]: Creating a new UDP client to be used for broadcasting the server information. This wil happen on UDP port 8472. 
 
LedController.WebPortal.Core.Services.DiscoveryService[1 - ] 
      2022/04/06 12:36:30.532 - [DEBUG]: The discovery service has started. 
 
LedController.WebPortal.Core.Services.DiscoveryService[13 - .NET ThreadPool Worker] 
      2022/04/06 12:36:30.532 - [TRACE]: Start sending message to controllers to be discovered. 
 
Microsoft.Hosting.Lifetime[1 - ] 
      2022/04/06 12:36:30.612 - [INFO]: Now listening on: http://localhost:5097 
 
Microsoft.Hosting.Lifetime[1 - ] 
      2022/04/06 12:36:30.616 - [INFO]: Application started. Press Ctrl+C to shut down. 
 
Microsoft.Hosting.Lifetime[1 - ] 
      2022/04/06 12:36:30.616 - [INFO]: Hosting environment: Development 
 
Microsoft.Hosting.Lifetime[1 - ] 
      2022/04/06 12:36:30.616 - [INFO]: Content root path: D:\Projects\LedController_net5\LedController.WebPortal.Web\ 
 
Microsoft.Extensions.Hosting.Internal.Host[1 - ] 
      2022/04/06 12:36:30.616 - [DEBUG]: Hosting started 
 
LedController.WebPortal.Web.Pages.Index[16 - .NET ThreadPool Worker] 
      2022/04/06 12:36:32.396 - [INFO]: Opening the index page. 
 
LedController.WebPortal.Web.Pages.Index[6 - .NET ThreadPool Worker] 
      2022/04/06 12:36:33.980 - [INFO]: Opening the index page. 
 
LedController.WebPortal.Web.Pages.EffectsEditorPage[9 - .NET ThreadPool Worker] 
      2022/04/06 12:37:16.979 - [INFO]: Loading effects page. 
 
LedController.WebPortal.Web.Components.EffectEditor[9 - .NET ThreadPool Worker] 
      2022/04/06 12:37:17.043 - [DEBUG]: Starting effect editor for Test Effect. 
 
LedController.WebPortal.Web.Components.EffectEditor[9 - .NET ThreadPool Worker] 
      2022/04/06 12:37:17.073 - [DEBUG]: Starting monaco editor for effect Test Effect. 
 
Microsoft.Extensions.Hosting.Internal.Host[1 - ] 
      2022/04/06 12:43:35.410 - [DEBUG]: Hosting starting 
 
LedController.WebPortal.Core.Services.DiscoveryService[1 - ] 
      2022/04/06 12:43:35.447 - [DEBUG]: Starting the discovery service. 
 
LedController.WebPortal.Core.Services.DiscoveryService[1 - ] 
      2022/04/06 12:43:35.447 - [DEBUG]: Creating a new UDP client to be used for broadcasting the server information. This wil happen on UDP port 8472. 
 
LedController.WebPortal.Core.Services.DiscoveryService[1 - ] 
      2022/04/06 12:43:35.461 - [DEBUG]: The discovery service has started. 
 
LedController.WebPortal.Core.Services.DiscoveryService[6 - .NET ThreadPool Worker] 
      2022/04/06 12:43:35.461 - [TRACE]: Start sending message to controllers to be discovered. 
 
Microsoft.Hosting.Lifetime[1 - ] 
      2022/04/06 12:43:35.531 - [INFO]: Now listening on: http://localhost:5097 
 
Microsoft.Hosting.Lifetime[1 - ] 
      2022/04/06 12:43:35.531 - [INFO]: Application started. Press Ctrl+C to shut down. 
 
Microsoft.Hosting.Lifetime[1 - ] 
      2022/04/06 12:43:35.531 - [INFO]: Hosting environment: Development 
 
Microsoft.Hosting.Lifetime[1 - ] 
      2022/04/06 12:43:35.531 - [INFO]: Content root path: D:\Projects\LedController_net5\LedController.WebPortal.Web\ 
 
Microsoft.Extensions.Hosting.Internal.Host[1 - ] 
      2022/04/06 12:43:35.531 - [DEBUG]: Hosting started 
 
LedController.WebPortal.Web.Pages.Index[9 - .NET ThreadPool Worker] 
      2022/04/06 12:43:37.651 - [INFO]: Opening the index page. 
 
LedController.WebPortal.Web.Pages.Index[9 - .NET ThreadPool Worker] 
      2022/04/06 12:43:39.442 - [INFO]: Opening the index page. 
 
LedController.WebPortal.Web.Pages.EffectsEditorPage[9 - .NET ThreadPool Worker] 
      2022/04/06 12:43:40.782 - [INFO]: Loading effects page. 
 
LedController.WebPortal.Web.Components.EffectEditor[9 - .NET ThreadPool Worker] 
      2022/04/06 12:43:40.838 - [DEBUG]: Starting effect editor for Test Effect. 
 
LedController.WebPortal.Web.Components.EffectEditor[9 - .NET ThreadPool Worker] 
      2022/04/06 12:43:40.872 - [DEBUG]: Starting monaco editor for effect Test Effect. 
 
LedController.WebPortal.Web.Pages.EffectsEditorPage[12 - .NET ThreadPool Worker] 
      2022/04/06 12:45:47.541 - [INFO]: Loading effects page. 
 
LedController.WebPortal.Web.Components.EffectEditor[12 - .NET ThreadPool Worker] 
      2022/04/06 12:45:47.572 - [DEBUG]: Starting effect editor for Test Effect. 
 
LedController.WebPortal.Web.Components.EffectEditor[13 - .NET ThreadPool Worker] 
      2022/04/06 12:45:47.572 - [DEBUG]: Starting monaco editor for effect Test Effect. 
 
Microsoft.Extensions.Hosting.Internal.Host[1 - ] 
      2022/04/06 12:46:37.600 - [DEBUG]: Hosting starting 
 
LedController.WebPortal.Core.Services.DiscoveryService[1 - ] 
      2022/04/06 12:46:37.640 - [DEBUG]: Starting the discovery service. 
 
LedController.WebPortal.Core.Services.DiscoveryService[1 - ] 
      2022/04/06 12:46:37.640 - [DEBUG]: Creating a new UDP client to be used for broadcasting the server information. This wil happen on UDP port 8472. 
 
LedController.WebPortal.Core.Services.DiscoveryService[1 - ] 
      2022/04/06 12:46:37.652 - [DEBUG]: The discovery service has started. 
 
LedController.WebPortal.Core.Services.DiscoveryService[13 - .NET ThreadPool Worker] 
      2022/04/06 12:46:37.652 - [TRACE]: Start sending message to controllers to be discovered. 
 
Microsoft.Hosting.Lifetime[1 - ] 
      2022/04/06 12:46:37.723 - [INFO]: Now listening on: http://localhost:5097 
 
Microsoft.Hosting.Lifetime[1 - ] 
      2022/04/06 12:46:37.726 - [INFO]: Application started. Press Ctrl+C to shut down. 
 
Microsoft.Hosting.Lifetime[1 - ] 
      2022/04/06 12:46:37.726 - [INFO]: Hosting environment: Development 
 
Microsoft.Hosting.Lifetime[1 - ] 
      2022/04/06 12:46:37.726 - [INFO]: Content root path: D:\Projects\LedController_net5\LedController.WebPortal.Web\ 
 
Microsoft.Extensions.Hosting.Internal.Host[1 - ] 
      2022/04/06 12:46:37.726 - [DEBUG]: Hosting started 
 
LedController.WebPortal.Web.Pages.Index[6 - .NET ThreadPool Worker] 
      2022/04/06 12:46:39.364 - [INFO]: Opening the index page. 
 
LedController.WebPortal.Web.Pages.Index[13 - .NET ThreadPool Worker] 
      2022/04/06 12:46:40.832 - [INFO]: Opening the index page. 
 
LedController.WebPortal.Web.Pages.EffectsEditorPage[6 - .NET ThreadPool Worker] 
      2022/04/06 12:46:50.419 - [INFO]: Loading effects page. 
 
LedController.WebPortal.Web.Components.EffectEditor[6 - .NET ThreadPool Worker] 
      2022/04/06 12:46:50.457 - [DEBUG]: Starting effect editor for Test Effect. 
 
LedController.WebPortal.Web.Components.EffectEditor[13 - .NET ThreadPool Worker] 
      2022/04/06 12:46:50.471 - [DEBUG]: Starting monaco editor for effect Test Effect. 
 
Microsoft.Extensions.Hosting.Internal.Host[1 - ] 
      2022/04/06 22:50:57.474 - [DEBUG]: Hosting starting 
 
LedController.WebPortal.Core.Services.DiscoveryService[1 - ] 
      2022/04/06 22:50:57.519 - [DEBUG]: Starting the discovery service. 
 
LedController.WebPortal.Core.Services.DiscoveryService[1 - ] 
      2022/04/06 22:50:57.519 - [DEBUG]: Creating a new UDP client to be used for broadcasting the server information. This wil happen on UDP port 8472. 
 
LedController.WebPortal.Core.Services.DiscoveryService[1 - ] 
      2022/04/06 22:50:57.534 - [DEBUG]: The discovery service has started. 
 
LedController.WebPortal.Core.Services.DiscoveryService[6 - .NET ThreadPool Worker] 
      2022/04/06 22:50:57.534 - [TRACE]: Start sending message to controllers to be discovered. 
 
Microsoft.Hosting.Lifetime[1 - ] 
      2022/04/06 22:50:57.631 - [INFO]: Now listening on: http://localhost:5097 
 
Microsoft.Hosting.Lifetime[1 - ] 
      2022/04/06 22:50:57.631 - [INFO]: Application started. Press Ctrl+C to shut down. 
 
Microsoft.Hosting.Lifetime[1 - ] 
      2022/04/06 22:50:57.631 - [INFO]: Hosting environment: Development 
 
Microsoft.Hosting.Lifetime[1 - ] 
      2022/04/06 22:50:57.631 - [INFO]: Content root path: D:\Projects\LedController_net5\LedController.WebPortal.Web\ 
 
Microsoft.Extensions.Hosting.Internal.Host[1 - ] 
      2022/04/06 22:50:57.631 - [DEBUG]: Hosting started 
 
LedController.WebPortal.Web.Pages.Index[9 - .NET ThreadPool Worker] 
      2022/04/06 22:51:00.107 - [INFO]: Opening the index page. 
 
LedController.WebPortal.Web.Pages.Index[13 - .NET ThreadPool Worker] 
      2022/04/06 22:51:01.843 - [INFO]: Opening the index page. 
 
LedController.WebPortal.Web.Pages.EffectsEditorPage[14 - .NET ThreadPool Worker] 
      2022/04/06 22:52:18.765 - [INFO]: Loading effects page. 
 
LedController.WebPortal.Web.Components.EffectEditor[14 - .NET ThreadPool Worker] 
      2022/04/06 22:52:18.811 - [DEBUG]: Starting effect editor for Test Effect. 
 
LedController.WebPortal.Web.Components.EffectEditor[19 - .NET ThreadPool Worker] 
      2022/04/06 22:52:18.829 - [DEBUG]: Starting monaco editor for effect Test Effect. 
 
LedController.WebPortal.Web.Components.EffectEditor[6 - .NET ThreadPool Worker] 
      2022/04/06 22:52:50.031 - [DEBUG]: Adding a new effect parameter for Test Effect. 
 
LedController.WebPortal.Core.Factories.EffectFactory[6 - .NET ThreadPool Worker] 
      2022/04/06 22:52:50.041 - [DEBUG]: Creating new Effect parameter all values are valid. 
 
LedController.WebPortal.Web.Components.EffectEditor[13 - .NET ThreadPool Worker] 
      2022/04/06 22:54:05.411 - [DEBUG]: Adding a new effect parameter for Test Effect. 
 
LedController.WebPortal.Core.Factories.EffectFactory[13 - .NET ThreadPool Worker] 
      2022/04/06 22:54:05.411 - [DEBUG]: Creating new Effect parameter all values are valid. 
 
LedController.WebPortal.Web.Components.EffectEditor[6 - .NET ThreadPool Worker] 
      2022/04/06 22:54:13.473 - [DEBUG]: Starting monaco editor for effect Test Effect. 
 
LedController.WebPortal.Web.Pages.SpiBusesPage[9 - .NET ThreadPool Worker] 
      2022/04/06 22:54:16.853 - [INFO]: Opening the spi buses page, and loading the spi buses from the application. 
 
LedController.WebPortal.Web.Pages.EffectsEditorPage[24 - .NET ThreadPool Worker] 
      2022/04/06 22:54:17.851 - [INFO]: Loading effects page. 
 
LedController.WebPortal.Web.Components.EffectEditor[24 - .NET ThreadPool Worker] 
      2022/04/06 22:54:17.851 - [DEBUG]: Starting effect editor for Test Effect. 
 
LedController.WebPortal.Web.Components.EffectEditor[26 - .NET ThreadPool Worker] 
      2022/04/06 22:54:17.851 - [DEBUG]: Starting monaco editor for effect Test Effect. 
 
LedController.WebPortal.Web.Pages.EffectsEditorPage[9 - .NET ThreadPool Worker] 
      2022/04/06 22:55:22.275 - [INFO]: Loading effects page. 
 
LedController.WebPortal.Web.Components.EffectEditor[9 - .NET ThreadPool Worker] 
      2022/04/06 22:55:22.275 - [DEBUG]: Starting effect editor for Test Effect. 
 
LedController.WebPortal.Web.Components.EffectEditor[35 - .NET ThreadPool Worker] 
      2022/04/06 22:55:22.290 - [DEBUG]: Starting monaco editor for effect Test Effect. 
 
LedController.WebPortal.Web.Pages.SpiBusesPage[13 - .NET ThreadPool Worker] 
      2022/04/06 22:55:26.337 - [INFO]: Opening the spi buses page, and loading the spi buses from the application. 
 
LedController.WebPortal.Web.Pages.LedstripsPage[9 - .NET ThreadPool Worker] 
      2022/04/06 22:55:27.357 - [INFO]: Loading ledstrips page. 
 
LedController.WebPortal.Web.Pages.ControllersPage[10 - .NET ThreadPool Worker] 
      2022/04/06 22:55:28.461 - [INFO]: Opening controllers page. 
 
LedController.WebPortal.Web.Pages.LedstripsPage[39 - .NET ThreadPool Worker] 
      2022/04/06 22:55:30.220 - [INFO]: Loading ledstrips page. 
 
LedController.WebPortal.Web.Pages.ControllersPage[10 - .NET ThreadPool Worker] 
      2022/04/06 22:55:33.112 - [INFO]: Opening controllers page. 
 
LedController.WebPortal.Web.Pages.ControllersPage[13 - .NET ThreadPool Worker] 
      2022/04/06 22:55:35.150 - [INFO]: Opening the controller form for controller : Controller 1940900190 
 
LedController.WebPortal.Web.Dialogs.ControllerFormDialog[13 - .NET ThreadPool Worker] 
      2022/04/06 22:55:35.150 - [DEBUG]: Checking if we have a controller by the edit controller dialog. 
 
LedController.WebPortal.Web.Dialogs.ControllerFormDialog[13 - .NET ThreadPool Worker] 
      2022/04/06 22:55:35.150 - [DEBUG]: Checking if we have a controller by the edit controller dialog. 
 
LedController.WebPortal.Web.Pages.EffectsEditorPage[13 - .NET ThreadPool Worker] 
      2022/04/06 22:55:45.187 - [INFO]: Loading effects page. 
 
LedController.WebPortal.Web.Components.EffectEditor[13 - .NET ThreadPool Worker] 
      2022/04/06 22:55:45.187 - [DEBUG]: Starting effect editor for Test Effect. 
 
LedController.WebPortal.Web.Components.EffectEditor[10 - .NET ThreadPool Worker] 
      2022/04/06 22:55:45.199 - [DEBUG]: Starting monaco editor for effect Test Effect. 
 
LedController.WebPortal.Web.Pages.SpiBusesPage[6 - .NET ThreadPool Worker] 
      2022/04/06 22:55:47.015 - [INFO]: Opening the spi buses page, and loading the spi buses from the application. 
 
LedController.WebPortal.Web.Pages.EffectsEditorPage[13 - .NET ThreadPool Worker] 
      2022/04/06 22:55:48.156 - [INFO]: Loading effects page. 
 
LedController.WebPortal.Web.Components.EffectEditor[13 - .NET ThreadPool Worker] 
      2022/04/06 22:55:48.156 - [DEBUG]: Starting effect editor for Test Effect. 
 
LedController.WebPortal.Web.Components.EffectEditor[33 - .NET ThreadPool Worker] 
      2022/04/06 22:55:48.165 - [DEBUG]: Starting monaco editor for effect Test Effect. 
 
Microsoft.Extensions.Hosting.Internal.Host[1 - ] 
      2022/04/06 23:10:25.770 - [DEBUG]: Hosting starting 
 
LedController.WebPortal.Core.Services.DiscoveryService[1 - ] 
      2022/04/06 23:10:25.818 - [DEBUG]: Starting the discovery service. 
 
LedController.WebPortal.Core.Services.DiscoveryService[1 - ] 
      2022/04/06 23:10:25.818 - [DEBUG]: Creating a new UDP client to be used for broadcasting the server information. This wil happen on UDP port 8472. 
 
LedController.WebPortal.Core.Services.DiscoveryService[1 - ] 
      2022/04/06 23:10:25.836 - [DEBUG]: The discovery service has started. 
 
LedController.WebPortal.Core.Services.DiscoveryService[10 - .NET ThreadPool Worker] 
      2022/04/06 23:10:25.836 - [TRACE]: Start sending message to controllers to be discovered. 
 
Microsoft.Hosting.Lifetime[1 - ] 
      2022/04/06 23:10:25.935 - [INFO]: Now listening on: http://localhost:5097 
 
Microsoft.Hosting.Lifetime[1 - ] 
      2022/04/06 23:10:25.935 - [INFO]: Application started. Press Ctrl+C to shut down. 
 
Microsoft.Hosting.Lifetime[1 - ] 
      2022/04/06 23:10:25.935 - [INFO]: Hosting environment: Development 
 
Microsoft.Hosting.Lifetime[1 - ] 
      2022/04/06 23:10:25.935 - [INFO]: Content root path: D:\Projects\LedController_net5\LedController.WebPortal.Web\ 
 
Microsoft.Extensions.Hosting.Internal.Host[1 - ] 
      2022/04/06 23:10:25.935 - [DEBUG]: Hosting started 
 
LedController.WebPortal.Web.Pages.Index[6 - .NET ThreadPool Worker] 
      2022/04/06 23:10:28.769 - [INFO]: Opening the index page. 
 
LedController.WebPortal.Web.Pages.Index[16 - .NET ThreadPool Worker] 
      2022/04/06 23:10:31.075 - [INFO]: Opening the index page. 
 
LedController.WebPortal.Web.Pages.EffectsEditorPage[15 - .NET ThreadPool Worker] 
      2022/04/06 23:10:32.343 - [INFO]: Loading effects page. 
 
LedController.WebPortal.Web.Components.EffectEditor[15 - .NET ThreadPool Worker] 
      2022/04/06 23:10:32.433 - [DEBUG]: Starting effect editor for Test Effect. 
 
LedController.WebPortal.Web.Components.EffectEditor[15 - .NET ThreadPool Worker] 
      2022/04/06 23:10:32.485 - [DEBUG]: Starting monaco editor for effect Test Effect. 
 
Microsoft.AspNetCore.Components.Server.Circuits.RemoteRenderer[10 - .NET ThreadPool Worker] 
      2022/04/06 23:10:33.923 - [WARN]: Unhandled exception rendering component: Object of type 'LedController.WebPortal.Web.Components.EffectParameterValueField' does not have a property matching the name 'ParameterTypeChanged'. 
 System.InvalidOperationException: Object of type 'LedController.WebPortal.Web.Components.EffectParameterValueField' does not have a property matching the name 'ParameterTypeChanged'.
   at Microsoft.AspNetCore.Components.Reflection.ComponentProperties.ThrowForUnknownIncomingParameterName(Type targetType, String parameterName)
   at Microsoft.AspNetCore.Components.Reflection.ComponentProperties.SetProperties(ParameterView& parameters, Object target)
   at Microsoft.AspNetCore.Components.ComponentBase.SetParametersAsync(ParameterView parameters)
   at Microsoft.AspNetCore.Components.Rendering.ComponentState.SupplyCombinedParameters(ParameterView directAndCascadingParameters)
Microsoft.AspNetCore.Components.Server.Circuits.CircuitHost[10 - .NET ThreadPool Worker] 
      2022/04/06 23:10:33.990 - [ERROR]: Unhandled exception in circuit 'oePGHA__HrDUmjkBcp8RdsptlZ4poHtecNqIn9aFD88'. 
 System.InvalidOperationException: Object of type 'LedController.WebPortal.Web.Components.EffectParameterValueField' does not have a property matching the name 'ParameterTypeChanged'.
   at Microsoft.AspNetCore.Components.Reflection.ComponentProperties.ThrowForUnknownIncomingParameterName(Type targetType, String parameterName)
   at Microsoft.AspNetCore.Components.Reflection.ComponentProperties.SetProperties(ParameterView& parameters, Object target)
   at Microsoft.AspNetCore.Components.ComponentBase.SetParametersAsync(ParameterView parameters)
   at Microsoft.AspNetCore.Components.Rendering.ComponentState.SupplyCombinedParameters(ParameterView directAndCascadingParameters)
Microsoft.AspNetCore.Components.Server.Circuits.RemoteRenderer[10 - .NET ThreadPool Worker] 
      2022/04/06 23:10:34.006 - [WARN]: Unhandled exception rendering component: Cannot access a disposed object. 
 System.ObjectDisposedException: Cannot access a disposed object.
   at Microsoft.AspNetCore.Components.RenderTree.ArrayBuilder`1.ThrowObjectDisposedException()
   at Microsoft.AspNetCore.Components.RenderTree.ArrayBuilder`1.GrowBuffer(Int32 desiredCapacity)
   at Microsoft.AspNetCore.Components.RenderTree.ArrayBuilder`1.Append(T[] source, Int32 startIndex, Int32 length)
   at Microsoft.AspNetCore.Components.RenderTree.RenderTreeDiffBuilder.InsertNewFrame(DiffContext& diffContext, Int32 newFrameIndex)
   at Microsoft.AspNetCore.Components.RenderTree.RenderTreeDiffBuilder.AppendDiffEntriesForRange(DiffContext& diffContext, Int32 oldStartIndex, Int32 oldEndIndexExcl, Int32 newStartIndex, Int32 newEndIndexExcl)
   at Microsoft.AspNetCore.Components.RenderTree.RenderTreeDiffBuilder.ComputeDiff(Renderer renderer, RenderBatchBuilder batchBuilder, Int32 componentId, ArrayRange`1 oldTree, ArrayRange`1 newTree)
   at Microsoft.AspNetCore.Components.Rendering.ComponentState.RenderIntoBatch(RenderBatchBuilder batchBuilder, RenderFragment renderFragment, Exception& renderFragmentException)
   at Microsoft.AspNetCore.Components.RenderTree.Renderer.ProcessRenderQueue()
Microsoft.AspNetCore.Components.Server.Circuits.CircuitHost[10 - .NET ThreadPool Worker] 
      2022/04/06 23:10:34.006 - [ERROR]: Unhandled exception in circuit 'oePGHA__HrDUmjkBcp8RdsptlZ4poHtecNqIn9aFD88'. 
 System.ObjectDisposedException: Cannot access a disposed object.
   at Microsoft.AspNetCore.Components.RenderTree.ArrayBuilder`1.ThrowObjectDisposedException()
   at Microsoft.AspNetCore.Components.RenderTree.ArrayBuilder`1.GrowBuffer(Int32 desiredCapacity)
   at Microsoft.AspNetCore.Components.RenderTree.ArrayBuilder`1.Append(T[] source, Int32 startIndex, Int32 length)
   at Microsoft.AspNetCore.Components.RenderTree.RenderTreeDiffBuilder.InsertNewFrame(DiffContext& diffContext, Int32 newFrameIndex)
   at Microsoft.AspNetCore.Components.RenderTree.RenderTreeDiffBuilder.AppendDiffEntriesForRange(DiffContext& diffContext, Int32 oldStartIndex, Int32 oldEndIndexExcl, Int32 newStartIndex, Int32 newEndIndexExcl)
   at Microsoft.AspNetCore.Components.RenderTree.RenderTreeDiffBuilder.ComputeDiff(Renderer renderer, RenderBatchBuilder batchBuilder, Int32 componentId, ArrayRange`1 oldTree, ArrayRange`1 newTree)
   at Microsoft.AspNetCore.Components.Rendering.ComponentState.RenderIntoBatch(RenderBatchBuilder batchBuilder, RenderFragment renderFragment, Exception& renderFragmentException)
   at Microsoft.AspNetCore.Components.RenderTree.Renderer.ProcessRenderQueue()
Microsoft.Extensions.Hosting.Internal.Host[1 - ] 
      2022/04/06 23:13:15.541 - [DEBUG]: Hosting starting 
 
LedController.WebPortal.Core.Services.DiscoveryService[1 - ] 
      2022/04/06 23:13:15.593 - [DEBUG]: Starting the discovery service. 
 
LedController.WebPortal.Core.Services.DiscoveryService[1 - ] 
      2022/04/06 23:13:15.593 - [DEBUG]: Creating a new UDP client to be used for broadcasting the server information. This wil happen on UDP port 8472. 
 
LedController.WebPortal.Core.Services.DiscoveryService[1 - ] 
      2022/04/06 23:13:15.609 - [DEBUG]: The discovery service has started. 
 
LedController.WebPortal.Core.Services.DiscoveryService[13 - .NET ThreadPool Worker] 
      2022/04/06 23:13:15.609 - [TRACE]: Start sending message to controllers to be discovered. 
 
Microsoft.Hosting.Lifetime[1 - ] 
      2022/04/06 23:13:15.696 - [INFO]: Now listening on: http://localhost:5097 
 
Microsoft.Hosting.Lifetime[1 - ] 
      2022/04/06 23:13:15.696 - [INFO]: Application started. Press Ctrl+C to shut down. 
 
Microsoft.Hosting.Lifetime[1 - ] 
      2022/04/06 23:13:15.696 - [INFO]: Hosting environment: Development 
 
Microsoft.Hosting.Lifetime[1 - ] 
      2022/04/06 23:13:15.696 - [INFO]: Content root path: D:\Projects\LedController_net5\LedController.WebPortal.Web\ 
 
Microsoft.Extensions.Hosting.Internal.Host[1 - ] 
      2022/04/06 23:13:15.696 - [DEBUG]: Hosting started 
 
LedController.WebPortal.Web.Pages.Index[6 - .NET ThreadPool Worker] 
      2022/04/06 23:13:18.037 - [INFO]: Opening the index page. 
 
LedController.WebPortal.Web.Pages.Index[15 - .NET ThreadPool Worker] 
      2022/04/06 23:13:19.579 - [INFO]: Opening the index page. 
 
LedController.WebPortal.Web.Pages.EffectsEditorPage[6 - .NET ThreadPool Worker] 
      2022/04/06 23:13:21.185 - [INFO]: Loading effects page. 
 
LedController.WebPortal.Web.Components.EffectEditor[6 - .NET ThreadPool Worker] 
      2022/04/06 23:13:21.239 - [DEBUG]: Starting effect editor for Test Effect. 
 
LedController.WebPortal.Web.Components.EffectEditor[6 - .NET ThreadPool Worker] 
      2022/04/06 23:13:21.284 - [DEBUG]: Starting monaco editor for effect Test Effect. 
 
Microsoft.AspNetCore.Components.Server.Circuits.RemoteRenderer[6 - .NET ThreadPool Worker] 
      2022/04/06 23:13:23.336 - [WARN]: Unhandled exception rendering component: Object of type 'LedController.WebPortal.Web.Components.EffectParameterValueField' does not have a property matching the name 'ValueChanged'. 
 System.InvalidOperationException: Object of type 'LedController.WebPortal.Web.Components.EffectParameterValueField' does not have a property matching the name 'ValueChanged'.
   at Microsoft.AspNetCore.Components.Reflection.ComponentProperties.ThrowForUnknownIncomingParameterName(Type targetType, String parameterName)
   at Microsoft.AspNetCore.Components.Reflection.ComponentProperties.SetProperties(ParameterView& parameters, Object target)
   at Microsoft.AspNetCore.Components.ComponentBase.SetParametersAsync(ParameterView parameters)
   at Microsoft.AspNetCore.Components.Rendering.ComponentState.SupplyCombinedParameters(ParameterView directAndCascadingParameters)
Microsoft.AspNetCore.Components.Server.Circuits.CircuitHost[6 - .NET ThreadPool Worker] 
      2022/04/06 23:13:23.367 - [ERROR]: Unhandled exception in circuit 'a-JO9xXeD1p8CzYxd4vBJxuhQwDece9HslGkPa8JXwQ'. 
 System.InvalidOperationException: Object of type 'LedController.WebPortal.Web.Components.EffectParameterValueField' does not have a property matching the name 'ValueChanged'.
   at Microsoft.AspNetCore.Components.Reflection.ComponentProperties.ThrowForUnknownIncomingParameterName(Type targetType, String parameterName)
   at Microsoft.AspNetCore.Components.Reflection.ComponentProperties.SetProperties(ParameterView& parameters, Object target)
   at Microsoft.AspNetCore.Components.ComponentBase.SetParametersAsync(ParameterView parameters)
   at Microsoft.AspNetCore.Components.Rendering.ComponentState.SupplyCombinedParameters(ParameterView directAndCascadingParameters)
Microsoft.AspNetCore.Components.Server.Circuits.RemoteRenderer[6 - .NET ThreadPool Worker] 
      2022/04/06 23:13:23.380 - [WARN]: Unhandled exception rendering component: Cannot access a disposed object. 
 System.ObjectDisposedException: Cannot access a disposed object.
   at Microsoft.AspNetCore.Components.RenderTree.ArrayBuilder`1.ThrowObjectDisposedException()
   at Microsoft.AspNetCore.Components.RenderTree.ArrayBuilder`1.GrowBuffer(Int32 desiredCapacity)
   at Microsoft.AspNetCore.Components.RenderTree.ArrayBuilder`1.Append(T[] source, Int32 startIndex, Int32 length)
   at Microsoft.AspNetCore.Components.RenderTree.RenderTreeDiffBuilder.InsertNewFrame(DiffContext& diffContext, Int32 newFrameIndex)
   at Microsoft.AspNetCore.Components.RenderTree.RenderTreeDiffBuilder.AppendDiffEntriesForRange(DiffContext& diffContext, Int32 oldStartIndex, Int32 oldEndIndexExcl, Int32 newStartIndex, Int32 newEndIndexExcl)
   at Microsoft.AspNetCore.Components.RenderTree.RenderTreeDiffBuilder.ComputeDiff(Renderer renderer, RenderBatchBuilder batchBuilder, Int32 componentId, ArrayRange`1 oldTree, ArrayRange`1 newTree)
   at Microsoft.AspNetCore.Components.Rendering.ComponentState.RenderIntoBatch(RenderBatchBuilder batchBuilder, RenderFragment renderFragment, Exception& renderFragmentException)
   at Microsoft.AspNetCore.Components.RenderTree.Renderer.ProcessRenderQueue()
Microsoft.AspNetCore.Components.Server.Circuits.CircuitHost[6 - .NET ThreadPool Worker] 
      2022/04/06 23:13:23.380 - [ERROR]: Unhandled exception in circuit 'a-JO9xXeD1p8CzYxd4vBJxuhQwDece9HslGkPa8JXwQ'. 
 System.ObjectDisposedException: Cannot access a disposed object.
   at Microsoft.AspNetCore.Components.RenderTree.ArrayBuilder`1.ThrowObjectDisposedException()
   at Microsoft.AspNetCore.Components.RenderTree.ArrayBuilder`1.GrowBuffer(Int32 desiredCapacity)
   at Microsoft.AspNetCore.Components.RenderTree.ArrayBuilder`1.Append(T[] source, Int32 startIndex, Int32 length)
   at Microsoft.AspNetCore.Components.RenderTree.RenderTreeDiffBuilder.InsertNewFrame(DiffContext& diffContext, Int32 newFrameIndex)
   at Microsoft.AspNetCore.Components.RenderTree.RenderTreeDiffBuilder.AppendDiffEntriesForRange(DiffContext& diffContext, Int32 oldStartIndex, Int32 oldEndIndexExcl, Int32 newStartIndex, Int32 newEndIndexExcl)
   at Microsoft.AspNetCore.Components.RenderTree.RenderTreeDiffBuilder.ComputeDiff(Renderer renderer, RenderBatchBuilder batchBuilder, Int32 componentId, ArrayRange`1 oldTree, ArrayRange`1 newTree)
   at Microsoft.AspNetCore.Components.Rendering.ComponentState.RenderIntoBatch(RenderBatchBuilder batchBuilder, RenderFragment renderFragment, Exception& renderFragmentException)
   at Microsoft.AspNetCore.Components.RenderTree.Renderer.ProcessRenderQueue()
Microsoft.Extensions.Hosting.Internal.Host[1 - ] 
      2022/04/06 23:17:21.127 - [DEBUG]: Hosting starting 
 
LedController.WebPortal.Core.Services.DiscoveryService[1 - ] 
      2022/04/06 23:17:21.161 - [DEBUG]: Starting the discovery service. 
 
LedController.WebPortal.Core.Services.DiscoveryService[1 - ] 
      2022/04/06 23:17:21.161 - [DEBUG]: Creating a new UDP client to be used for broadcasting the server information. This wil happen on UDP port 8472. 
 
LedController.WebPortal.Core.Services.DiscoveryService[1 - ] 
      2022/04/06 23:17:21.172 - [DEBUG]: The discovery service has started. 
 
LedController.WebPortal.Core.Services.DiscoveryService[6 - .NET ThreadPool Worker] 
      2022/04/06 23:17:21.172 - [TRACE]: Start sending message to controllers to be discovered. 
 
Microsoft.Hosting.Lifetime[1 - ] 
      2022/04/06 23:17:21.240 - [INFO]: Now listening on: http://localhost:5097 
 
Microsoft.Hosting.Lifetime[1 - ] 
      2022/04/06 23:17:21.240 - [INFO]: Application started. Press Ctrl+C to shut down. 
 
Microsoft.Hosting.Lifetime[1 - ] 
      2022/04/06 23:17:21.240 - [INFO]: Hosting environment: Development 
 
Microsoft.Hosting.Lifetime[1 - ] 
      2022/04/06 23:17:21.240 - [INFO]: Content root path: D:\Projects\LedController_net5\LedController.WebPortal.Web\ 
 
Microsoft.Extensions.Hosting.Internal.Host[1 - ] 
      2022/04/06 23:17:21.240 - [DEBUG]: Hosting started 
 
LedController.WebPortal.Web.Pages.Index[10 - .NET ThreadPool Worker] 
      2022/04/06 23:17:23.702 - [INFO]: Opening the index page. 
 
LedController.WebPortal.Web.Pages.Index[10 - .NET ThreadPool Worker] 
      2022/04/06 23:17:25.205 - [INFO]: Opening the index page. 
 
LedController.WebPortal.Web.Pages.EffectsEditorPage[6 - .NET ThreadPool Worker] 
      2022/04/06 23:17:30.691 - [INFO]: Loading effects page. 
 
LedController.WebPortal.Web.Components.EffectEditor[6 - .NET ThreadPool Worker] 
      2022/04/06 23:17:30.753 - [DEBUG]: Starting effect editor for Test Effect. 
 
LedController.WebPortal.Web.Components.EffectEditor[9 - .NET ThreadPool Worker] 
      2022/04/06 23:17:30.793 - [DEBUG]: Starting monaco editor for effect Test Effect. 
 
Microsoft.AspNetCore.Components.Server.Circuits.RemoteRenderer[9 - .NET ThreadPool Worker] 
      2022/04/06 23:17:32.078 - [WARN]: Unhandled exception rendering component: Object of type 'LedController.WebPortal.Web.Components.EffectParameterValueField' has a property matching the name 'ValueChanged', but it does not have [ParameterAttribute] or [CascadingParameterAttribute] applied. 
 System.InvalidOperationException: Object of type 'LedController.WebPortal.Web.Components.EffectParameterValueField' has a property matching the name 'ValueChanged', but it does not have [ParameterAttribute] or [CascadingParameterAttribute] applied.
   at Microsoft.AspNetCore.Components.Reflection.ComponentProperties.ThrowForUnknownIncomingParameterName(Type targetType, String parameterName)
   at Microsoft.AspNetCore.Components.Reflection.ComponentProperties.SetProperties(ParameterView& parameters, Object target)
   at Microsoft.AspNetCore.Components.ComponentBase.SetParametersAsync(ParameterView parameters)
   at Microsoft.AspNetCore.Components.Rendering.ComponentState.SupplyCombinedParameters(ParameterView directAndCascadingParameters)
Microsoft.AspNetCore.Components.Server.Circuits.CircuitHost[9 - .NET ThreadPool Worker] 
      2022/04/06 23:17:32.114 - [ERROR]: Unhandled exception in circuit 'hSS0Gk6ifSnX4TpCH_fMGEggyKd9OTCM2qJoyeCMZvg'. 
 System.InvalidOperationException: Object of type 'LedController.WebPortal.Web.Components.EffectParameterValueField' has a property matching the name 'ValueChanged', but it does not have [ParameterAttribute] or [CascadingParameterAttribute] applied.
   at Microsoft.AspNetCore.Components.Reflection.ComponentProperties.ThrowForUnknownIncomingParameterName(Type targetType, String parameterName)
   at Microsoft.AspNetCore.Components.Reflection.ComponentProperties.SetProperties(ParameterView& parameters, Object target)
   at Microsoft.AspNetCore.Components.ComponentBase.SetParametersAsync(ParameterView parameters)
   at Microsoft.AspNetCore.Components.Rendering.ComponentState.SupplyCombinedParameters(ParameterView directAndCascadingParameters)
Microsoft.AspNetCore.Components.Server.Circuits.RemoteRenderer[9 - .NET ThreadPool Worker] 
      2022/04/06 23:17:32.127 - [WARN]: Unhandled exception rendering component: Cannot access a disposed object. 
 System.ObjectDisposedException: Cannot access a disposed object.
   at Microsoft.AspNetCore.Components.RenderTree.ArrayBuilder`1.ThrowObjectDisposedException()
   at Microsoft.AspNetCore.Components.RenderTree.ArrayBuilder`1.GrowBuffer(Int32 desiredCapacity)
   at Microsoft.AspNetCore.Components.RenderTree.ArrayBuilder`1.Append(T[] source, Int32 startIndex, Int32 length)
   at Microsoft.AspNetCore.Components.RenderTree.RenderTreeDiffBuilder.InsertNewFrame(DiffContext& diffContext, Int32 newFrameIndex)
   at Microsoft.AspNetCore.Components.RenderTree.RenderTreeDiffBuilder.AppendDiffEntriesForRange(DiffContext& diffContext, Int32 oldStartIndex, Int32 oldEndIndexExcl, Int32 newStartIndex, Int32 newEndIndexExcl)
   at Microsoft.AspNetCore.Components.RenderTree.RenderTreeDiffBuilder.ComputeDiff(Renderer renderer, RenderBatchBuilder batchBuilder, Int32 componentId, ArrayRange`1 oldTree, ArrayRange`1 newTree)
   at Microsoft.AspNetCore.Components.Rendering.ComponentState.RenderIntoBatch(RenderBatchBuilder batchBuilder, RenderFragment renderFragment, Exception& renderFragmentException)
   at Microsoft.AspNetCore.Components.RenderTree.Renderer.ProcessRenderQueue()
Microsoft.AspNetCore.Components.Server.Circuits.CircuitHost[9 - .NET ThreadPool Worker] 
      2022/04/06 23:17:32.127 - [ERROR]: Unhandled exception in circuit 'hSS0Gk6ifSnX4TpCH_fMGEggyKd9OTCM2qJoyeCMZvg'. 
 System.ObjectDisposedException: Cannot access a disposed object.
   at Microsoft.AspNetCore.Components.RenderTree.ArrayBuilder`1.ThrowObjectDisposedException()
   at Microsoft.AspNetCore.Components.RenderTree.ArrayBuilder`1.GrowBuffer(Int32 desiredCapacity)
   at Microsoft.AspNetCore.Components.RenderTree.ArrayBuilder`1.Append(T[] source, Int32 startIndex, Int32 length)
   at Microsoft.AspNetCore.Components.RenderTree.RenderTreeDiffBuilder.InsertNewFrame(DiffContext& diffContext, Int32 newFrameIndex)
   at Microsoft.AspNetCore.Components.RenderTree.RenderTreeDiffBuilder.AppendDiffEntriesForRange(DiffContext& diffContext, Int32 oldStartIndex, Int32 oldEndIndexExcl, Int32 newStartIndex, Int32 newEndIndexExcl)
   at Microsoft.AspNetCore.Components.RenderTree.RenderTreeDiffBuilder.ComputeDiff(Renderer renderer, RenderBatchBuilder batchBuilder, Int32 componentId, ArrayRange`1 oldTree, ArrayRange`1 newTree)
   at Microsoft.AspNetCore.Components.Rendering.ComponentState.RenderIntoBatch(RenderBatchBuilder batchBuilder, RenderFragment renderFragment, Exception& renderFragmentException)
   at Microsoft.AspNetCore.Components.RenderTree.Renderer.ProcessRenderQueue()
Microsoft.Extensions.Hosting.Internal.Host[1 - ] 
      2022/04/06 23:18:07.726 - [DEBUG]: Hosting starting 
 
LedController.WebPortal.Core.Services.DiscoveryService[1 - ] 
      2022/04/06 23:18:07.766 - [DEBUG]: Starting the discovery service. 
 
LedController.WebPortal.Core.Services.DiscoveryService[1 - ] 
      2022/04/06 23:18:07.766 - [DEBUG]: Creating a new UDP client to be used for broadcasting the server information. This wil happen on UDP port 8472. 
 
LedController.WebPortal.Core.Services.DiscoveryService[1 - ] 
      2022/04/06 23:18:07.783 - [DEBUG]: The discovery service has started. 
 
LedController.WebPortal.Core.Services.DiscoveryService[10 - .NET ThreadPool Worker] 
      2022/04/06 23:18:07.783 - [TRACE]: Start sending message to controllers to be discovered. 
 
Microsoft.Hosting.Lifetime[1 - ] 
      2022/04/06 23:18:07.886 - [INFO]: Now listening on: http://localhost:5097 
 
Microsoft.Hosting.Lifetime[1 - ] 
      2022/04/06 23:18:07.886 - [INFO]: Application started. Press Ctrl+C to shut down. 
 
Microsoft.Hosting.Lifetime[1 - ] 
      2022/04/06 23:18:07.886 - [INFO]: Hosting environment: Development 
 
Microsoft.Hosting.Lifetime[1 - ] 
      2022/04/06 23:18:07.886 - [INFO]: Content root path: D:\Projects\LedController_net5\LedController.WebPortal.Web\ 
 
Microsoft.Extensions.Hosting.Internal.Host[1 - ] 
      2022/04/06 23:18:07.886 - [DEBUG]: Hosting started 
 
LedController.WebPortal.Web.Pages.Index[15 - .NET ThreadPool Worker] 
      2022/04/06 23:18:10.604 - [INFO]: Opening the index page. 
 
LedController.WebPortal.Web.Pages.Index[10 - .NET ThreadPool Worker] 
      2022/04/06 23:18:12.224 - [INFO]: Opening the index page. 
 
LedController.WebPortal.Web.Pages.EffectsEditorPage[6 - .NET ThreadPool Worker] 
      2022/04/06 23:18:13.821 - [INFO]: Loading effects page. 
 
LedController.WebPortal.Web.Components.EffectEditor[6 - .NET ThreadPool Worker] 
      2022/04/06 23:18:13.887 - [DEBUG]: Starting effect editor for Test Effect. 
 
LedController.WebPortal.Web.Components.EffectEditor[6 - .NET ThreadPool Worker] 
      2022/04/06 23:18:13.926 - [DEBUG]: Starting monaco editor for effect Test Effect. 
 
Microsoft.AspNetCore.Components.Server.Circuits.RemoteRenderer[9 - .NET ThreadPool Worker] 
      2022/04/06 23:18:27.913 - [WARN]: Unhandled exception rendering component: Object of type 'LedController.WebPortal.Web.Components.MultiColorPicker' does not have a property matching the name 'Value'. 
 System.InvalidOperationException: Object of type 'LedController.WebPortal.Web.Components.MultiColorPicker' does not have a property matching the name 'Value'.
   at Microsoft.AspNetCore.Components.Reflection.ComponentProperties.ThrowForUnknownIncomingParameterName(Type targetType, String parameterName)
   at Microsoft.AspNetCore.Components.Reflection.ComponentProperties.SetProperties(ParameterView& parameters, Object target)
   at Microsoft.AspNetCore.Components.ComponentBase.SetParametersAsync(ParameterView parameters)
   at Microsoft.AspNetCore.Components.Rendering.ComponentState.SupplyCombinedParameters(ParameterView directAndCascadingParameters)
Microsoft.AspNetCore.Components.Server.Circuits.CircuitHost[9 - .NET ThreadPool Worker] 
      2022/04/06 23:18:27.941 - [ERROR]: Unhandled exception in circuit 'xPEjnRYWX2fqdce8lurDeTzQEsRz6z2ntOKjHqGCsv8'. 
 System.InvalidOperationException: Object of type 'LedController.WebPortal.Web.Components.MultiColorPicker' does not have a property matching the name 'Value'.
   at Microsoft.AspNetCore.Components.Reflection.ComponentProperties.ThrowForUnknownIncomingParameterName(Type targetType, String parameterName)
   at Microsoft.AspNetCore.Components.Reflection.ComponentProperties.SetProperties(ParameterView& parameters, Object target)
   at Microsoft.AspNetCore.Components.ComponentBase.SetParametersAsync(ParameterView parameters)
   at Microsoft.AspNetCore.Components.Rendering.ComponentState.SupplyCombinedParameters(ParameterView directAndCascadingParameters)
Microsoft.AspNetCore.Components.Server.Circuits.RemoteRenderer[9 - .NET ThreadPool Worker] 
      2022/04/06 23:18:27.962 - [WARN]: Unhandled exception rendering component: Cannot access a disposed object. 
 System.ObjectDisposedException: Cannot access a disposed object.
   at Microsoft.AspNetCore.Components.RenderTree.ArrayBuilder`1.ThrowObjectDisposedException()
   at Microsoft.AspNetCore.Components.RenderTree.ArrayBuilder`1.GrowBuffer(Int32 desiredCapacity)
   at Microsoft.AspNetCore.Components.RenderTree.ArrayBuilder`1.Append(T[] source, Int32 startIndex, Int32 length)
   at Microsoft.AspNetCore.Components.RenderTree.RenderTreeDiffBuilder.InsertNewFrame(DiffContext& diffContext, Int32 newFrameIndex)
   at Microsoft.AspNetCore.Components.RenderTree.RenderTreeDiffBuilder.AppendDiffEntriesForRange(DiffContext& diffContext, Int32 oldStartIndex, Int32 oldEndIndexExcl, Int32 newStartIndex, Int32 newEndIndexExcl)
   at Microsoft.AspNetCore.Components.RenderTree.RenderTreeDiffBuilder.ComputeDiff(Renderer renderer, RenderBatchBuilder batchBuilder, Int32 componentId, ArrayRange`1 oldTree, ArrayRange`1 newTree)
   at Microsoft.AspNetCore.Components.Rendering.ComponentState.RenderIntoBatch(RenderBatchBuilder batchBuilder, RenderFragment renderFragment, Exception& renderFragmentException)
   at Microsoft.AspNetCore.Components.RenderTree.Renderer.ProcessRenderQueue()
Microsoft.AspNetCore.Components.Server.Circuits.CircuitHost[9 - .NET ThreadPool Worker] 
      2022/04/06 23:18:27.962 - [ERROR]: Unhandled exception in circuit 'xPEjnRYWX2fqdce8lurDeTzQEsRz6z2ntOKjHqGCsv8'. 
 System.ObjectDisposedException: Cannot access a disposed object.
   at Microsoft.AspNetCore.Components.RenderTree.ArrayBuilder`1.ThrowObjectDisposedException()
   at Microsoft.AspNetCore.Components.RenderTree.ArrayBuilder`1.GrowBuffer(Int32 desiredCapacity)
   at Microsoft.AspNetCore.Components.RenderTree.ArrayBuilder`1.Append(T[] source, Int32 startIndex, Int32 length)
   at Microsoft.AspNetCore.Components.RenderTree.RenderTreeDiffBuilder.InsertNewFrame(DiffContext& diffContext, Int32 newFrameIndex)
   at Microsoft.AspNetCore.Components.RenderTree.RenderTreeDiffBuilder.AppendDiffEntriesForRange(DiffContext& diffContext, Int32 oldStartIndex, Int32 oldEndIndexExcl, Int32 newStartIndex, Int32 newEndIndexExcl)
   at Microsoft.AspNetCore.Components.RenderTree.RenderTreeDiffBuilder.ComputeDiff(Renderer renderer, RenderBatchBuilder batchBuilder, Int32 componentId, ArrayRange`1 oldTree, ArrayRange`1 newTree)
   at Microsoft.AspNetCore.Components.Rendering.ComponentState.RenderIntoBatch(RenderBatchBuilder batchBuilder, RenderFragment renderFragment, Exception& renderFragmentException)
   at Microsoft.AspNetCore.Components.RenderTree.Renderer.ProcessRenderQueue()
Microsoft.Extensions.Hosting.Internal.Host[1 - ] 
      2022/04/06 23:23:57.999 - [DEBUG]: Hosting starting 
 
LedController.WebPortal.Core.Services.DiscoveryService[1 - ] 
      2022/04/06 23:23:58.033 - [DEBUG]: Starting the discovery service. 
 
LedController.WebPortal.Core.Services.DiscoveryService[1 - ] 
      2022/04/06 23:23:58.033 - [DEBUG]: Creating a new UDP client to be used for broadcasting the server information. This wil happen on UDP port 8472. 
 
LedController.WebPortal.Core.Services.DiscoveryService[1 - ] 
      2022/04/06 23:23:58.044 - [DEBUG]: The discovery service has started. 
 
LedController.WebPortal.Core.Services.DiscoveryService[9 - .NET ThreadPool Worker] 
      2022/04/06 23:23:58.044 - [TRACE]: Start sending message to controllers to be discovered. 
 
Microsoft.Hosting.Lifetime[1 - ] 
      2022/04/06 23:23:58.110 - [INFO]: Now listening on: http://localhost:5097 
 
Microsoft.Hosting.Lifetime[1 - ] 
      2022/04/06 23:23:58.110 - [INFO]: Application started. Press Ctrl+C to shut down. 
 
Microsoft.Hosting.Lifetime[1 - ] 
      2022/04/06 23:23:58.110 - [INFO]: Hosting environment: Development 
 
Microsoft.Hosting.Lifetime[1 - ] 
      2022/04/06 23:23:58.110 - [INFO]: Content root path: D:\Projects\LedController_net5\LedController.WebPortal.Web\ 
 
Microsoft.Extensions.Hosting.Internal.Host[1 - ] 
      2022/04/06 23:23:58.114 - [DEBUG]: Hosting started 
 
LedController.WebPortal.Web.Pages.Index[6 - .NET ThreadPool Worker] 
      2022/04/06 23:24:00.578 - [INFO]: Opening the index page. 
 
LedController.WebPortal.Web.Pages.Index[13 - .NET ThreadPool Worker] 
      2022/04/06 23:24:02.104 - [INFO]: Opening the index page. 
 
LedController.WebPortal.Web.Pages.EffectsEditorPage[13 - .NET ThreadPool Worker] 
      2022/04/06 23:24:09.538 - [INFO]: Loading effects page. 
 
LedController.WebPortal.Web.Components.EffectEditor[13 - .NET ThreadPool Worker] 
      2022/04/06 23:24:09.600 - [DEBUG]: Starting effect editor for Test Effect. 
 
LedController.WebPortal.Web.Components.EffectEditor[10 - .NET ThreadPool Worker] 
      2022/04/06 23:24:09.638 - [DEBUG]: Starting monaco editor for effect Test Effect. 
 
