Microsoft.Extensions.Hosting.Internal.Host[1 - ] 
      2022/04/14 20:48:47.702 - [DEBUG]: Hosting starting 
 
LedController.WebPortal.Core.Services.DiscoveryService[1 - ] 
      2022/04/14 20:48:47.851 - [DEBUG]: Starting the discovery service. 
 
LedController.WebPortal.Core.Services.DiscoveryService[1 - ] 
      2022/04/14 20:48:47.851 - [DEBUG]: Creating a new UDP client to be used for broadcasting the server information. This wil happen on UDP port 8472. 
 
LedController.WebPortal.Core.Services.DiscoveryService[1 - ] 
      2022/04/14 20:48:47.851 - [DEBUG]: The discovery service has started. 
 
LedController.WebPortal.Core.Services.DiscoveryService[6 - .NET ThreadPool Worker] 
      2022/04/14 20:48:47.851 - [TRACE]: Start sending message to controllers to be discovered. 
 
Microsoft.Hosting.Lifetime[1 - ] 
      2022/04/14 20:48:47.991 - [INFO]: Now listening on: http://localhost:5097 
 
Microsoft.Hosting.Lifetime[1 - ] 
      2022/04/14 20:48:48.007 - [INFO]: Application started. Press Ctrl+C to shut down. 
 
Microsoft.Hosting.Lifetime[1 - ] 
      2022/04/14 20:48:48.007 - [INFO]: Hosting environment: Development 
 
Microsoft.Hosting.Lifetime[1 - ] 
      2022/04/14 20:48:48.007 - [INFO]: Content root path: D:\Projects\LedController_net5\LedController.WebPortal.Web\ 
 
Microsoft.Extensions.Hosting.Internal.Host[1 - ] 
      2022/04/14 20:48:48.007 - [DEBUG]: Hosting started 
 
LedController.WebPortal.Web.Pages.Index[6 - .NET ThreadPool Worker] 
      2022/04/14 20:48:50.445 - [INFO]: Opening the index page. 
 
LedController.WebPortal.Web.Pages.Index[15 - .NET ThreadPool Worker] 
      2022/04/14 20:48:52.507 - [INFO]: Opening the index page. 
 
LedController.WebPortal.Web.Pages.EffectsEditorPage[6 - .NET ThreadPool Worker] 
      2022/04/14 20:48:56.335 - [INFO]: Loading effects page. 
 
LedController.WebPortal.Web.Components.EffectEditor[6 - .NET ThreadPool Worker] 
      2022/04/14 20:48:56.507 - [DEBUG]: Starting effect editor for Test Effect. 
 
LedController.WebPortal.Web.Components.EffectEditor[15 - .NET ThreadPool Worker] 
      2022/04/14 20:48:56.574 - [DEBUG]: Starting monaco editor for effect Test Effect. 
 
LedController.WebPortal.Web.Pages.EffectsEditorPage[6 - .NET ThreadPool Worker] 
      2022/04/14 20:49:00.552 - [INFO]: Loading effects page. 
 
LedController.WebPortal.Web.Components.EffectEditor[6 - .NET ThreadPool Worker] 
      2022/04/14 20:49:00.634 - [DEBUG]: Starting effect editor for Test Effect. 
 
LedController.WebPortal.Web.Components.EffectEditor[10 - .NET ThreadPool Worker] 
      2022/04/14 20:49:00.648 - [DEBUG]: Starting monaco editor for effect Test Effect. 
 
LedController.WebPortal.Web.Pages.SpiBusesPage[19 - .NET ThreadPool Worker] 
      2022/04/14 20:49:02.602 - [INFO]: Opening the spi buses page, and loading the spi buses from the application. 
 
LedController.WebPortal.Web.Pages.LedstripsPage[23 - .NET ThreadPool Worker] 
      2022/04/14 20:49:04.055 - [INFO]: Loading ledstrips page. 
 
LedController.WebPortal.Web.Pages.SpiBusesPage[18 - .NET ThreadPool Worker] 
      2022/04/14 20:49:04.803 - [INFO]: Opening the spi buses page, and loading the spi buses from the application. 
 
LedController.WebPortal.Web.Pages.ControllersPage[6 - .NET ThreadPool Worker] 
      2022/04/14 20:49:05.900 - [INFO]: Opening controllers page. 
 
LedController.WebPortal.Web.Pages.Index[14 - .NET ThreadPool Worker] 
      2022/04/14 20:49:06.889 - [INFO]: Opening the index page. 
 
LedController.WebPortal.Web.Pages.EffectsEditorPage[24 - .NET ThreadPool Worker] 
      2022/04/14 20:49:08.928 - [INFO]: Loading effects page. 
 
LedController.WebPortal.Web.Components.EffectEditor[24 - .NET ThreadPool Worker] 
      2022/04/14 20:49:08.945 - [DEBUG]: Starting effect editor for Test Effect. 
 
LedController.WebPortal.Web.Components.EffectEditor[13 - .NET ThreadPool Worker] 
      2022/04/14 20:49:08.963 - [DEBUG]: Starting monaco editor for effect Test Effect. 
 
LedController.WebPortal.Web.Pages.Index[9 - .NET ThreadPool Worker] 
      2022/04/14 20:49:10.555 - [INFO]: Opening the index page. 
 
LedController.WebPortal.Web.Pages.Index[9 - .NET ThreadPool Worker] 
      2022/04/14 20:49:11.352 - [INFO]: Opening the play animation dialog from the index page. 
 
LedController.WebPortal.Core.Managers.ControllerManager[9 - .NET ThreadPool Worker] 
      2022/04/14 20:49:11.368 - [DEBUG]: Getting controller by spi bus Test Bus 
 
Microsoft.AspNetCore.Components.Server.Circuits.RemoteRenderer[18 - .NET ThreadPool Worker] 
      2022/04/14 20:49:13.604 - [WARN]: Unhandled exception rendering component: Animation was null 
 System.InvalidOperationException: Animation was null
   at LedController.WebPortal.Web.Pages.Index.OpenPlayAnimationsDialogAsync(Ledstrip ledstrip) in D:\Projects\LedController_net5\LedController.WebPortal.Web\Pages\Index.razor:line 102
   at LedController.WebPortal.Web.Pages.Index.<>c__DisplayClass0_1.<<BuildRenderTree>b__12>d.MoveNext() in D:\Projects\LedController_net5\LedController.WebPortal.Web\Pages\Index.razor:line 48
--- End of stack trace from previous location ---
   at Microsoft.AspNetCore.Components.ComponentBase.CallStateHasChangedOnAsyncCompletion(Task task)
   at MudBlazor.MudBaseButton.OnClickHandler(MouseEventArgs ev)
   at Microsoft.AspNetCore.Components.ComponentBase.CallStateHasChangedOnAsyncCompletion(Task task)
   at Microsoft.AspNetCore.Components.RenderTree.Renderer.GetErrorHandledTask(Task taskToHandle, ComponentState owningComponentState)
Microsoft.AspNetCore.Components.Server.Circuits.CircuitHost[18 - .NET ThreadPool Worker] 
      2022/04/14 20:49:13.679 - [ERROR]: Unhandled exception in circuit 'MVYOmi18eBIZDpQCqwUxNlo4rlWBiHcOYRHZhWlc17Q'. 
 System.InvalidOperationException: Animation was null
   at LedController.WebPortal.Web.Pages.Index.OpenPlayAnimationsDialogAsync(Ledstrip ledstrip) in D:\Projects\LedController_net5\LedController.WebPortal.Web\Pages\Index.razor:line 102
   at LedController.WebPortal.Web.Pages.Index.<>c__DisplayClass0_1.<<BuildRenderTree>b__12>d.MoveNext() in D:\Projects\LedController_net5\LedController.WebPortal.Web\Pages\Index.razor:line 48
--- End of stack trace from previous location ---
   at Microsoft.AspNetCore.Components.ComponentBase.CallStateHasChangedOnAsyncCompletion(Task task)
   at MudBlazor.MudBaseButton.OnClickHandler(MouseEventArgs ev)
   at Microsoft.AspNetCore.Components.ComponentBase.CallStateHasChangedOnAsyncCompletion(Task task)
   at Microsoft.AspNetCore.Components.RenderTree.Renderer.GetErrorHandledTask(Task taskToHandle, ComponentState owningComponentState)
Microsoft.Extensions.Hosting.Internal.Host[1 - ] 
      2022/04/14 20:58:00.888 - [DEBUG]: Hosting starting 
 
LedController.WebPortal.Core.Services.DiscoveryService[1 - ] 
      2022/04/14 20:58:00.991 - [DEBUG]: Starting the discovery service. 
 
LedController.WebPortal.Core.Services.DiscoveryService[1 - ] 
      2022/04/14 20:58:00.991 - [DEBUG]: Creating a new UDP client to be used for broadcasting the server information. This wil happen on UDP port 8472. 
 
LedController.WebPortal.Core.Services.DiscoveryService[6 - .NET ThreadPool Worker] 
      2022/04/14 20:58:01.009 - [TRACE]: Start sending message to controllers to be discovered. 
 
LedController.WebPortal.Core.Services.DiscoveryService[1 - ] 
      2022/04/14 20:58:01.009 - [DEBUG]: The discovery service has started. 
 
Microsoft.Hosting.Lifetime[1 - ] 
      2022/04/14 20:58:01.134 - [INFO]: Now listening on: http://localhost:5097 
 
Microsoft.Hosting.Lifetime[1 - ] 
      2022/04/14 20:58:01.148 - [INFO]: Application started. Press Ctrl+C to shut down. 
 
Microsoft.Hosting.Lifetime[1 - ] 
      2022/04/14 20:58:01.148 - [INFO]: Hosting environment: Development 
 
Microsoft.Hosting.Lifetime[1 - ] 
      2022/04/14 20:58:01.148 - [INFO]: Content root path: D:\Projects\LedController_net5\LedController.WebPortal.Web\ 
 
Microsoft.Extensions.Hosting.Internal.Host[1 - ] 
      2022/04/14 20:58:01.148 - [DEBUG]: Hosting started 
 
LedController.WebPortal.Web.Pages.Index[9 - .NET ThreadPool Worker] 
      2022/04/14 20:58:03.398 - [INFO]: Opening the index page. 
 
LedController.WebPortal.Web.Pages.Index[13 - .NET ThreadPool Worker] 
      2022/04/14 20:58:05.135 - [INFO]: Opening the index page. 
 
LedController.WebPortal.Web.Pages.Index[6 - .NET ThreadPool Worker] 
      2022/04/14 20:58:06.464 - [INFO]: Opening the play animation dialog from the index page. 
 
LedController.WebPortal.Core.Managers.ControllerManager[6 - .NET ThreadPool Worker] 
      2022/04/14 20:58:06.481 - [DEBUG]: Getting controller by spi bus Test Bus 
 
LedController.WebPortal.Web.Pages.Index[6 - .NET ThreadPool Worker] 
      2022/04/14 20:58:10.025 - [DEBUG]: Animation Test Animation selected. 
 
Microsoft.AspNetCore.Components.Server.Circuits.RemoteRenderer[6 - .NET ThreadPool Worker] 
      2022/04/14 20:58:10.153 - [WARN]: Unhandled exception rendering component: We cannot sync a effect with a controller that is not connected. 
 System.InvalidOperationException: We cannot sync a effect with a controller that is not connected.
   at LedController.WebPortal.Core.Services.ControllerService.PlayAnimationOnLedstrip(Ledstrip ledstrip, Animation animation, CancellationToken token) in D:\Projects\LedController_net5\LedController.Portal.Core\Services\ControllerService.cs:line 124
   at LedController.WebPortal.Web.Pages.Index.OpenPlayAnimationsDialogAsync(Ledstrip ledstrip) in D:\Projects\LedController_net5\LedController.WebPortal.Web\Pages\Index.razor:line 107
   at LedController.WebPortal.Web.Pages.Index.<>c__DisplayClass0_1.<<BuildRenderTree>b__12>d.MoveNext() in D:\Projects\LedController_net5\LedController.WebPortal.Web\Pages\Index.razor:line 48
--- End of stack trace from previous location ---
   at Microsoft.AspNetCore.Components.ComponentBase.CallStateHasChangedOnAsyncCompletion(Task task)
   at MudBlazor.MudBaseButton.OnClickHandler(MouseEventArgs ev)
   at Microsoft.AspNetCore.Components.ComponentBase.CallStateHasChangedOnAsyncCompletion(Task task)
   at Microsoft.AspNetCore.Components.RenderTree.Renderer.GetErrorHandledTask(Task taskToHandle, ComponentState owningComponentState)
Microsoft.AspNetCore.Components.Server.Circuits.CircuitHost[6 - .NET ThreadPool Worker] 
      2022/04/14 20:58:10.195 - [ERROR]: Unhandled exception in circuit 'YorWGXvpgL38ZZn4caWIvuwG-2CoMlyGFHTZ-IZXqvo'. 
 System.InvalidOperationException: We cannot sync a effect with a controller that is not connected.
   at LedController.WebPortal.Core.Services.ControllerService.PlayAnimationOnLedstrip(Ledstrip ledstrip, Animation animation, CancellationToken token) in D:\Projects\LedController_net5\LedController.Portal.Core\Services\ControllerService.cs:line 124
   at LedController.WebPortal.Web.Pages.Index.OpenPlayAnimationsDialogAsync(Ledstrip ledstrip) in D:\Projects\LedController_net5\LedController.WebPortal.Web\Pages\Index.razor:line 107
   at LedController.WebPortal.Web.Pages.Index.<>c__DisplayClass0_1.<<BuildRenderTree>b__12>d.MoveNext() in D:\Projects\LedController_net5\LedController.WebPortal.Web\Pages\Index.razor:line 48
--- End of stack trace from previous location ---
   at Microsoft.AspNetCore.Components.ComponentBase.CallStateHasChangedOnAsyncCompletion(Task task)
   at MudBlazor.MudBaseButton.OnClickHandler(MouseEventArgs ev)
   at Microsoft.AspNetCore.Components.ComponentBase.CallStateHasChangedOnAsyncCompletion(Task task)
   at Microsoft.AspNetCore.Components.RenderTree.Renderer.GetErrorHandledTask(Task taskToHandle, ComponentState owningComponentState)
LedController.WebPortal.Web.Pages.Index[9 - .NET ThreadPool Worker] 
      2022/04/14 20:58:14.854 - [INFO]: Opening the index page. 
 
LedController.WebPortal.Web.Pages.Index[6 - .NET ThreadPool Worker] 
      2022/04/14 20:58:15.622 - [INFO]: Opening the index page. 
 
LedController.WebPortal.Web.Pages.Index[10 - .NET ThreadPool Worker] 
      2022/04/14 20:58:17.223 - [INFO]: Opening the play animation dialog from the index page. 
 
LedController.WebPortal.Core.Managers.ControllerManager[10 - .NET ThreadPool Worker] 
      2022/04/14 20:58:17.238 - [DEBUG]: Getting controller by spi bus Test Bus 
 
LedController.WebPortal.Web.Pages.Index[9 - .NET ThreadPool Worker] 
      2022/04/14 20:58:26.928 - [INFO]: Select animation has been cancelled. 
 
Microsoft.Extensions.Hosting.Internal.Host[1 - ] 
      2022/04/14 20:58:57.629 - [DEBUG]: Hosting starting 
 
LedController.WebPortal.Core.Services.DiscoveryService[1 - ] 
      2022/04/14 20:58:57.757 - [DEBUG]: Starting the discovery service. 
 
LedController.WebPortal.Core.Services.DiscoveryService[1 - ] 
      2022/04/14 20:58:57.757 - [DEBUG]: Creating a new UDP client to be used for broadcasting the server information. This wil happen on UDP port 8472. 
 
LedController.WebPortal.Core.Services.DiscoveryService[1 - ] 
      2022/04/14 20:58:57.774 - [DEBUG]: The discovery service has started. 
 
LedController.WebPortal.Core.Services.DiscoveryService[12 - .NET ThreadPool Worker] 
      2022/04/14 20:58:57.774 - [TRACE]: Start sending message to controllers to be discovered. 
 
Microsoft.Hosting.Lifetime[1 - ] 
      2022/04/14 20:58:57.913 - [INFO]: Now listening on: http://localhost:5097 
 
Microsoft.Hosting.Lifetime[1 - ] 
      2022/04/14 20:58:57.913 - [INFO]: Application started. Press Ctrl+C to shut down. 
 
Microsoft.Hosting.Lifetime[1 - ] 
      2022/04/14 20:58:57.913 - [INFO]: Hosting environment: Development 
 
Microsoft.Hosting.Lifetime[1 - ] 
      2022/04/14 20:58:57.913 - [INFO]: Content root path: D:\Projects\LedController_net5\LedController.WebPortal.Web\ 
 
Microsoft.Extensions.Hosting.Internal.Host[1 - ] 
      2022/04/14 20:58:57.913 - [DEBUG]: Hosting started 
 
LedController.WebPortal.Web.Pages.Index[12 - .NET ThreadPool Worker] 
      2022/04/14 20:59:00.007 - [INFO]: Opening the index page. 
 
LedController.WebPortal.Web.Pages.Index[6 - .NET ThreadPool Worker] 
      2022/04/14 20:59:01.835 - [INFO]: Opening the index page. 
 
LedController.WebPortal.Web.Pages.Index[6 - .NET ThreadPool Worker] 
      2022/04/14 20:59:02.724 - [INFO]: Opening the play animation dialog from the index page. 
 
LedController.WebPortal.Core.Managers.ControllerManager[6 - .NET ThreadPool Worker] 
      2022/04/14 20:59:02.745 - [DEBUG]: Getting controller by spi bus Test Bus 
 
Microsoft.AspNetCore.Components.Server.Circuits.RemoteRenderer[6 - .NET ThreadPool Worker] 
      2022/04/14 20:59:25.526 - [WARN]: Unhandled exception rendering component: Value cannot be null. (Parameter 'Data') 
 System.ArgumentNullException: Value cannot be null. (Parameter 'Data')
   at LedController.WebPortal.Web.Pages.Index.OpenPlayAnimationsDialogAsync(Ledstrip ledstrip) in D:\Projects\LedController_net5\LedController.WebPortal.Web\Pages\Index.razor:line 103
   at LedController.WebPortal.Web.Pages.Index.<>c__DisplayClass0_1.<<BuildRenderTree>b__12>d.MoveNext() in D:\Projects\LedController_net5\LedController.WebPortal.Web\Pages\Index.razor:line 48
--- End of stack trace from previous location ---
   at Microsoft.AspNetCore.Components.ComponentBase.CallStateHasChangedOnAsyncCompletion(Task task)
   at MudBlazor.MudBaseButton.OnClickHandler(MouseEventArgs ev)
   at Microsoft.AspNetCore.Components.ComponentBase.CallStateHasChangedOnAsyncCompletion(Task task)
   at Microsoft.AspNetCore.Components.RenderTree.Renderer.GetErrorHandledTask(Task taskToHandle, ComponentState owningComponentState)
Microsoft.AspNetCore.Components.Server.Circuits.CircuitHost[6 - .NET ThreadPool Worker] 
      2022/04/14 20:59:25.575 - [ERROR]: Unhandled exception in circuit 'Sn-VCN5gng9eLUjxZUjzY3lDeIBBIm3rD1wQ_OVz75Q'. 
 System.ArgumentNullException: Value cannot be null. (Parameter 'Data')
   at LedController.WebPortal.Web.Pages.Index.OpenPlayAnimationsDialogAsync(Ledstrip ledstrip) in D:\Projects\LedController_net5\LedController.WebPortal.Web\Pages\Index.razor:line 103
   at LedController.WebPortal.Web.Pages.Index.<>c__DisplayClass0_1.<<BuildRenderTree>b__12>d.MoveNext() in D:\Projects\LedController_net5\LedController.WebPortal.Web\Pages\Index.razor:line 48
--- End of stack trace from previous location ---
   at Microsoft.AspNetCore.Components.ComponentBase.CallStateHasChangedOnAsyncCompletion(Task task)
   at MudBlazor.MudBaseButton.OnClickHandler(MouseEventArgs ev)
   at Microsoft.AspNetCore.Components.ComponentBase.CallStateHasChangedOnAsyncCompletion(Task task)
   at Microsoft.AspNetCore.Components.RenderTree.Renderer.GetErrorHandledTask(Task taskToHandle, ComponentState owningComponentState)
Microsoft.Extensions.Hosting.Internal.Host[1 - ] 
      2022/04/14 21:00:25.082 - [DEBUG]: Hosting starting 
 
LedController.WebPortal.Core.Services.DiscoveryService[1 - ] 
      2022/04/14 21:00:25.242 - [DEBUG]: Starting the discovery service. 
 
LedController.WebPortal.Core.Services.DiscoveryService[1 - ] 
      2022/04/14 21:00:25.242 - [DEBUG]: Creating a new UDP client to be used for broadcasting the server information. This wil happen on UDP port 8472. 
 
LedController.WebPortal.Core.Services.DiscoveryService[6 - .NET ThreadPool Worker] 
      2022/04/14 21:00:25.257 - [TRACE]: Start sending message to controllers to be discovered. 
 
LedController.WebPortal.Core.Services.DiscoveryService[1 - ] 
      2022/04/14 21:00:25.257 - [DEBUG]: The discovery service has started. 
 
Microsoft.Hosting.Lifetime[1 - ] 
      2022/04/14 21:00:25.430 - [INFO]: Now listening on: http://localhost:5097 
 
Microsoft.Hosting.Lifetime[1 - ] 
      2022/04/14 21:00:25.430 - [INFO]: Application started. Press Ctrl+C to shut down. 
 
Microsoft.Hosting.Lifetime[1 - ] 
      2022/04/14 21:00:25.430 - [INFO]: Hosting environment: Development 
 
Microsoft.Hosting.Lifetime[1 - ] 
      2022/04/14 21:00:25.430 - [INFO]: Content root path: D:\Projects\LedController_net5\LedController.WebPortal.Web\ 
 
Microsoft.Extensions.Hosting.Internal.Host[1 - ] 
      2022/04/14 21:00:25.430 - [DEBUG]: Hosting started 
 
LedController.WebPortal.Web.Pages.Index[12 - .NET ThreadPool Worker] 
      2022/04/14 21:00:27.837 - [INFO]: Opening the index page. 
 
LedController.WebPortal.Web.Pages.Index[6 - .NET ThreadPool Worker] 
      2022/04/14 21:00:29.558 - [INFO]: Opening the index page. 
 
LedController.WebPortal.Web.Pages.Index[15 - .NET ThreadPool Worker] 
      2022/04/14 21:00:31.756 - [INFO]: Opening the play animation dialog from the index page. 
 
LedController.WebPortal.Core.Managers.ControllerManager[15 - .NET ThreadPool Worker] 
      2022/04/14 21:00:31.774 - [DEBUG]: Getting controller by spi bus Test Bus 
 
LedController.WebPortal.Web.Pages.Index[12 - .NET ThreadPool Worker] 
      2022/04/14 21:00:33.906 - [INFO]: Select animation has been cancelled. 
 
LedController.WebPortal.Web.Pages.Index[9 - .NET ThreadPool Worker] 
      2022/04/14 21:00:36.674 - [INFO]: Opening the play animation dialog from the index page. 
 
LedController.WebPortal.Core.Managers.ControllerManager[9 - .NET ThreadPool Worker] 
      2022/04/14 21:00:36.690 - [DEBUG]: Getting controller by spi bus Test Bus 
 
LedController.WebPortal.Web.Pages.Index[14 - .NET ThreadPool Worker] 
      2022/04/14 21:00:37.281 - [INFO]: Select animation has been cancelled. 
 
LedController.WebPortal.Web.Pages.LedstripsPage[6 - .NET ThreadPool Worker] 
      2022/04/14 21:00:52.775 - [INFO]: Loading ledstrips page. 
 
LedController.WebPortal.Web.Pages.Index[12 - .NET ThreadPool Worker] 
      2022/04/14 21:01:24.044 - [INFO]: Opening the index page. 
 
LedController.WebPortal.Web.Pages.LedstripsPage[9 - .NET ThreadPool Worker] 
      2022/04/14 21:01:25.149 - [INFO]: Loading ledstrips page. 
 
LedController.WebPortal.Web.Pages.ControllersPage[6 - .NET ThreadPool Worker] 
      2022/04/14 21:01:26.460 - [INFO]: Opening controllers page. 
 
Microsoft.Extensions.Hosting.Internal.Host[1 - ] 
      2022/04/14 21:09:36.565 - [DEBUG]: Hosting starting 
 
LedController.WebPortal.Core.Services.DiscoveryService[1 - ] 
      2022/04/14 21:09:36.647 - [DEBUG]: Starting the discovery service. 
 
LedController.WebPortal.Core.Services.DiscoveryService[1 - ] 
      2022/04/14 21:09:36.647 - [DEBUG]: Creating a new UDP client to be used for broadcasting the server information. This wil happen on UDP port 8472. 
 
LedController.WebPortal.Core.Services.DiscoveryService[6 - .NET ThreadPool Worker] 
      2022/04/14 21:09:36.665 - [TRACE]: Start sending message to controllers to be discovered. 
 
LedController.WebPortal.Core.Services.DiscoveryService[1 - ] 
      2022/04/14 21:09:36.665 - [DEBUG]: The discovery service has started. 
 
Microsoft.Hosting.Lifetime[1 - ] 
      2022/04/14 21:09:36.756 - [INFO]: Now listening on: http://localhost:5097 
 
Microsoft.Hosting.Lifetime[1 - ] 
      2022/04/14 21:09:36.775 - [INFO]: Application started. Press Ctrl+C to shut down. 
 
Microsoft.Hosting.Lifetime[1 - ] 
      2022/04/14 21:09:36.775 - [INFO]: Hosting environment: Development 
 
Microsoft.Hosting.Lifetime[1 - ] 
      2022/04/14 21:09:36.775 - [INFO]: Content root path: D:\Projects\LedController_net5\LedController.WebPortal.Web\ 
 
Microsoft.Extensions.Hosting.Internal.Host[1 - ] 
      2022/04/14 21:09:36.775 - [DEBUG]: Hosting started 
 
LedController.WebPortal.Web.Pages.Index[6 - .NET ThreadPool Worker] 
      2022/04/14 21:09:38.866 - [INFO]: Opening the index page. 
 
LedController.WebPortal.Web.Pages.Index[13 - .NET ThreadPool Worker] 
      2022/04/14 21:09:40.524 - [INFO]: Opening the index page. 
 
LedController.WebPortal.Web.Pages.SpiBusesPage[6 - .NET ThreadPool Worker] 
      2022/04/14 21:41:54.399 - [INFO]: Opening the spi buses page, and loading the spi buses from the application. 
 
LedController.WebPortal.Web.Pages.SpiBusesPage[6 - .NET ThreadPool Worker] 
      2022/04/14 21:42:01.274 - [INFO]: Opening the edit spi bus dialog. Test Bus. 
 
LedController.WebPortal.Core.Managers.ControllerManager[6 - .NET ThreadPool Worker] 
      2022/04/14 21:42:01.303 - [DEBUG]: Getting controller by spi bus Test Bus 
 
LedController.WebPortal.Core.Managers.ControllerManager[6 - .NET ThreadPool Worker] 
      2022/04/14 21:42:01.378 - [DEBUG]: Getting controller by spi bus Test Bus 
 
LedController.WebPortal.Web.Dialogs.SpiBusFormDialog[33 - .NET ThreadPool Worker] 
      2022/04/14 21:42:06.286 - [INFO]: Saving spi bus Test Bus. 
 
LedController.WebPortal.Web.Dialogs.SpiBusFormDialog[33 - .NET ThreadPool Worker] 
      2022/04/14 21:42:06.453 - [DEBUG]: Spi bus saved. Adding spi bus to controller. 
 
LedController.WebPortal.Web.Dialogs.SpiBusFormDialog[33 - .NET ThreadPool Worker] 
      2022/04/14 21:42:06.453 - [DEBUG]: Updating controller to modifiy the spi bus controller selection. 
 
LedController.WebPortal.Web.Dialogs.SpiBusFormDialog[33 - .NET ThreadPool Worker] 
      2022/04/14 21:42:06.460 - [INFO]: spi buses Has been saved! 
 
LedController.WebPortal.Web.Pages.SpiBusesPage[33 - .NET ThreadPool Worker] 
      2022/04/14 21:42:06.460 - [INFO]: Closing spi bus form. Reloading spi buses page. 
 
LedController.WebPortal.Web.Pages.SpiBusesPage[13 - .NET ThreadPool Worker] 
      2022/04/14 21:42:06.490 - [INFO]: Opening the spi buses page, and loading the spi buses from the application. 
 
LedController.WebPortal.Web.Pages.SpiBusesPage[10 - .NET ThreadPool Worker] 
      2022/04/14 21:42:07.300 - [INFO]: Opening the spi buses page, and loading the spi buses from the application. 
 
LedController.WebPortal.Web.Pages.LedstripsPage[13 - .NET ThreadPool Worker] 
      2022/04/14 21:42:09.275 - [INFO]: Loading ledstrips page. 
 
LedController.WebPortal.Web.Pages.EffectsEditorPage[13 - .NET ThreadPool Worker] 
      2022/04/14 21:43:02.631 - [INFO]: Loading effects page. 
 
LedController.WebPortal.Web.Components.EffectEditor[13 - .NET ThreadPool Worker] 
      2022/04/14 21:43:02.711 - [DEBUG]: Starting effect editor for Test Effect. 
 
LedController.WebPortal.Web.Components.EffectEditor[41 - .NET ThreadPool Worker] 
      2022/04/14 21:43:02.726 - [DEBUG]: Starting monaco editor for effect Test Effect. 
 
LedController.WebPortal.Web.Components.EffectEditor[41 - .NET ThreadPool Worker] 
      2022/04/14 21:43:29.296 - [DEBUG]: Adding a new effect parameter for Test Effect. 
 
LedController.WebPortal.Core.Factories.EffectFactory[41 - .NET ThreadPool Worker] 
      2022/04/14 21:43:29.325 - [DEBUG]: Creating new Effect parameter all values are valid. 
 
Microsoft.Extensions.Hosting.Internal.Host[1 - ] 
      2022/04/14 21:54:35.570 - [DEBUG]: Hosting starting 
 
LedController.WebPortal.Core.Services.DiscoveryService[1 - ] 
      2022/04/14 21:54:35.678 - [DEBUG]: Starting the discovery service. 
 
LedController.WebPortal.Core.Services.DiscoveryService[1 - ] 
      2022/04/14 21:54:35.678 - [DEBUG]: Creating a new UDP client to be used for broadcasting the server information. This wil happen on UDP port 8472. 
 
LedController.WebPortal.Core.Services.DiscoveryService[1 - ] 
      2022/04/14 21:54:35.678 - [DEBUG]: The discovery service has started. 
 
LedController.WebPortal.Core.Services.DiscoveryService[6 - .NET ThreadPool Worker] 
      2022/04/14 21:54:35.694 - [TRACE]: Start sending message to controllers to be discovered. 
 
Microsoft.Hosting.Lifetime[1 - ] 
      2022/04/14 21:54:35.804 - [INFO]: Now listening on: http://localhost:5097 
 
Microsoft.Hosting.Lifetime[1 - ] 
      2022/04/14 21:54:35.819 - [INFO]: Application started. Press Ctrl+C to shut down. 
 
Microsoft.Hosting.Lifetime[1 - ] 
      2022/04/14 21:54:35.819 - [INFO]: Hosting environment: Development 
 
Microsoft.Hosting.Lifetime[1 - ] 
      2022/04/14 21:54:35.819 - [INFO]: Content root path: D:\Projects\LedController_net5\LedController.WebPortal.Web\ 
 
Microsoft.Extensions.Hosting.Internal.Host[1 - ] 
      2022/04/14 21:54:35.819 - [DEBUG]: Hosting started 
 
LedController.WebPortal.Web.Pages.Index[12 - .NET ThreadPool Worker] 
      2022/04/14 21:54:38.100 - [INFO]: Opening the index page. 
 
LedController.WebPortal.Web.Pages.Index[9 - .NET ThreadPool Worker] 
      2022/04/14 21:54:39.789 - [INFO]: Opening the index page. 
 
LedController.WebPortal.Web.Pages.EffectsEditorPage[13 - .NET ThreadPool Worker] 
      2022/04/14 21:55:00.118 - [INFO]: Loading effects page. 
 
LedController.WebPortal.Web.Components.EffectEditor[13 - .NET ThreadPool Worker] 
      2022/04/14 21:55:00.209 - [DEBUG]: Starting effect editor for Test Effect. 
 
LedController.WebPortal.Web.Components.EffectEditor[23 - .NET ThreadPool Worker] 
      2022/04/14 21:55:00.260 - [DEBUG]: Starting monaco editor for effect Test Effect. 
 
LedController.WebPortal.Web.Pages.Index[13 - .NET ThreadPool Worker] 
      2022/04/14 22:14:26.192 - [INFO]: Opening the index page. 
 
LedController.WebPortal.Web.Pages.EffectsEditorPage[22 - .NET ThreadPool Worker] 
      2022/04/14 22:14:27.133 - [INFO]: Loading effects page. 
 
LedController.WebPortal.Web.Components.EffectEditor[22 - .NET ThreadPool Worker] 
      2022/04/14 22:14:27.149 - [DEBUG]: Starting effect editor for Test Effect. 
 
LedController.WebPortal.Web.Components.EffectEditor[36 - .NET ThreadPool Worker] 
      2022/04/14 22:14:27.164 - [DEBUG]: Starting monaco editor for effect Test Effect. 
 
LedController.WebPortal.Web.Components.EffectEditor[6 - .NET ThreadPool Worker] 
      2022/04/14 22:14:30.366 - [DEBUG]: Adding a new effect parameter for Test Effect. 
 
Microsoft.AspNetCore.Components.Server.Circuits.RemoteRenderer[6 - .NET ThreadPool Worker] 
      2022/04/14 22:14:30.475 - [WARN]: Unhandled exception rendering component: Parameter "type" (System.Type) must be not null) (Parameter 'type') 
 System.ArgumentNullException: Parameter "type" (System.Type) must be not null) (Parameter 'type')
   at Microsoft.Toolkit.Diagnostics.Guard.ThrowHelper.ThrowArgumentNullExceptionForIsNotNull[T](String name)
   at LedController.WebPortal.Core.Factories.EffectFactory.CreateEffectParameter(Type type, String name, String description, Object defaultValue) in D:\Projects\LedController_net5\LedController.Portal.Core\Factories\EffectFactory.cs:line 77
   at LedController.WebPortal.Web.Components.EffectEditor.AddEffectParameterAsync(EffectParameter parameter)
   at Microsoft.AspNetCore.Components.ComponentBase.CallStateHasChangedOnAsyncCompletion(Task task)
   at LedController.WebPortal.Web.Components.EffectParameterRow.<BuildRenderTree>b__0_15()
   at Microsoft.AspNetCore.Components.ComponentBase.CallStateHasChangedOnAsyncCompletion(Task task)
   at MudBlazor.MudBaseButton.OnClickHandler(MouseEventArgs ev)
   at Microsoft.AspNetCore.Components.ComponentBase.CallStateHasChangedOnAsyncCompletion(Task task)
   at Microsoft.AspNetCore.Components.RenderTree.Renderer.GetErrorHandledTask(Task taskToHandle, ComponentState owningComponentState)
Microsoft.AspNetCore.Components.Server.Circuits.CircuitHost[6 - .NET ThreadPool Worker] 
      2022/04/14 22:14:30.508 - [ERROR]: Unhandled exception in circuit 'kfsmJejDrskGcDw9FJqj0wdt2DQP2qF8bZb9upoxj3w'. 
 System.ArgumentNullException: Parameter "type" (System.Type) must be not null) (Parameter 'type')
   at Microsoft.Toolkit.Diagnostics.Guard.ThrowHelper.ThrowArgumentNullExceptionForIsNotNull[T](String name)
   at LedController.WebPortal.Core.Factories.EffectFactory.CreateEffectParameter(Type type, String name, String description, Object defaultValue) in D:\Projects\LedController_net5\LedController.Portal.Core\Factories\EffectFactory.cs:line 77
   at LedController.WebPortal.Web.Components.EffectEditor.AddEffectParameterAsync(EffectParameter parameter)
   at Microsoft.AspNetCore.Components.ComponentBase.CallStateHasChangedOnAsyncCompletion(Task task)
   at LedController.WebPortal.Web.Components.EffectParameterRow.<BuildRenderTree>b__0_15()
   at Microsoft.AspNetCore.Components.ComponentBase.CallStateHasChangedOnAsyncCompletion(Task task)
   at MudBlazor.MudBaseButton.OnClickHandler(MouseEventArgs ev)
   at Microsoft.AspNetCore.Components.ComponentBase.CallStateHasChangedOnAsyncCompletion(Task task)
   at Microsoft.AspNetCore.Components.RenderTree.Renderer.GetErrorHandledTask(Task taskToHandle, ComponentState owningComponentState)
LedController.WebPortal.Web.Pages.Index[6 - .NET ThreadPool Worker] 
      2022/04/14 22:14:36.406 - [INFO]: Opening the index page. 
 
LedController.WebPortal.Web.Pages.Index[6 - .NET ThreadPool Worker] 
      2022/04/14 22:14:37.138 - [INFO]: Opening the index page. 
 
LedController.WebPortal.Web.Pages.EffectsEditorPage[30 - .NET ThreadPool Worker] 
      2022/04/14 22:14:38.132 - [INFO]: Loading effects page. 
 
LedController.WebPortal.Web.Components.EffectEditor[30 - .NET ThreadPool Worker] 
      2022/04/14 22:14:38.148 - [DEBUG]: Starting effect editor for Test Effect. 
 
LedController.WebPortal.Web.Components.EffectEditor[30 - .NET ThreadPool Worker] 
      2022/04/14 22:14:38.148 - [DEBUG]: Starting monaco editor for effect Test Effect. 
 
LedController.WebPortal.Web.Components.EffectEditor[6 - .NET ThreadPool Worker] 
      2022/04/14 22:14:50.854 - [DEBUG]: Adding a new effect parameter for Test Effect. 
 
LedController.WebPortal.Core.Factories.EffectFactory[6 - .NET ThreadPool Worker] 
      2022/04/14 22:14:50.869 - [DEBUG]: Creating new Effect parameter all values are valid. 
 
Microsoft.Extensions.Hosting.Internal.Host[1 - ] 
      2022/04/14 22:16:34.288 - [DEBUG]: Hosting starting 
 
LedController.WebPortal.Core.Services.DiscoveryService[1 - ] 
      2022/04/14 22:16:34.382 - [DEBUG]: Starting the discovery service. 
 
LedController.WebPortal.Core.Services.DiscoveryService[1 - ] 
      2022/04/14 22:16:34.382 - [DEBUG]: Creating a new UDP client to be used for broadcasting the server information. This wil happen on UDP port 8472. 
 
LedController.WebPortal.Core.Services.DiscoveryService[1 - ] 
      2022/04/14 22:16:34.382 - [DEBUG]: The discovery service has started. 
 
LedController.WebPortal.Core.Services.DiscoveryService[6 - .NET ThreadPool Worker] 
      2022/04/14 22:16:34.382 - [TRACE]: Start sending message to controllers to be discovered. 
 
Microsoft.Hosting.Lifetime[1 - ] 
      2022/04/14 22:16:34.492 - [INFO]: Now listening on: http://localhost:5097 
 
Microsoft.Hosting.Lifetime[1 - ] 
      2022/04/14 22:16:34.492 - [INFO]: Application started. Press Ctrl+C to shut down. 
 
Microsoft.Hosting.Lifetime[1 - ] 
      2022/04/14 22:16:34.492 - [INFO]: Hosting environment: Development 
 
Microsoft.Hosting.Lifetime[1 - ] 
      2022/04/14 22:16:34.492 - [INFO]: Content root path: D:\Projects\LedController_net5\LedController.WebPortal.Web\ 
 
Microsoft.Extensions.Hosting.Internal.Host[1 - ] 
      2022/04/14 22:16:34.507 - [DEBUG]: Hosting started 
 
LedController.WebPortal.Web.Pages.Index[14 - .NET ThreadPool Worker] 
      2022/04/14 22:16:36.446 - [INFO]: Opening the index page. 
 
LedController.WebPortal.Web.Pages.Index[13 - .NET ThreadPool Worker] 
      2022/04/14 22:16:38.227 - [INFO]: Opening the index page. 
 
LedController.WebPortal.Web.Pages.EffectsEditorPage[9 - .NET ThreadPool Worker] 
      2022/04/14 22:16:39.135 - [INFO]: Loading effects page. 
 
LedController.WebPortal.Web.Components.EffectEditor[9 - .NET ThreadPool Worker] 
      2022/04/14 22:16:39.194 - [DEBUG]: Starting effect editor for Test Effect. 
 
LedController.WebPortal.Web.Components.EffectEditor[14 - .NET ThreadPool Worker] 
      2022/04/14 22:16:39.244 - [DEBUG]: Starting monaco editor for effect Test Effect. 
 
LedController.WebPortal.Web.Components.EffectEditor[13 - .NET ThreadPool Worker] 
      2022/04/14 22:16:53.918 - [DEBUG]: Adding a new effect parameter for Test Effect. 
 
LedController.WebPortal.Core.Factories.EffectFactory[13 - .NET ThreadPool Worker] 
      2022/04/14 22:16:53.933 - [DEBUG]: Creating new Effect parameter all values are valid. 
 
LedController.WebPortal.Web.Pages.EffectsEditorPage[13 - .NET ThreadPool Worker] 
      2022/04/14 22:17:22.487 - [INFO]: Loading effects page. 
 
LedController.WebPortal.Web.Components.EffectEditor[13 - .NET ThreadPool Worker] 
      2022/04/14 22:17:22.527 - [DEBUG]: Starting effect editor for Test Effect. 
 
LedController.WebPortal.Web.Components.EffectEditor[13 - .NET ThreadPool Worker] 
      2022/04/14 22:17:22.539 - [DEBUG]: Starting monaco editor for effect Test Effect. 
 
LedController.WebPortal.Web.Components.EffectEditor[9 - .NET ThreadPool Worker] 
      2022/04/14 22:17:36.813 - [DEBUG]: Adding a new effect parameter for Test Effect. 
 
LedController.WebPortal.Core.Factories.EffectFactory[9 - .NET ThreadPool Worker] 
      2022/04/14 22:17:36.813 - [DEBUG]: Creating new Effect parameter all values are valid. 
 
LedController.WebPortal.Web.Pages.EffectsEditorPage[6 - .NET ThreadPool Worker] 
      2022/04/14 22:17:59.091 - [INFO]: Loading effects page. 
 
LedController.WebPortal.Web.Components.EffectEditor[6 - .NET ThreadPool Worker] 
      2022/04/14 22:17:59.121 - [DEBUG]: Starting effect editor for Test Effect. 
 
LedController.WebPortal.Web.Components.EffectEditor[31 - .NET ThreadPool Worker] 
      2022/04/14 22:17:59.136 - [DEBUG]: Starting monaco editor for effect Test Effect. 
 
LedController.WebPortal.Web.Pages.EffectsEditorPage[29 - .NET ThreadPool Worker] 
      2022/04/14 22:18:17.654 - [INFO]: Loading effects page. 
 
LedController.WebPortal.Web.Components.EffectEditor[29 - .NET ThreadPool Worker] 
      2022/04/14 22:18:17.679 - [DEBUG]: Starting effect editor for Test Effect. 
 
LedController.WebPortal.Web.Components.EffectEditor[6 - .NET ThreadPool Worker] 
      2022/04/14 22:18:17.679 - [DEBUG]: Starting monaco editor for effect Test Effect. 
 
LedController.WebPortal.Web.Components.EffectEditor[6 - .NET ThreadPool Worker] 
      2022/04/14 22:18:28.817 - [DEBUG]: Adding a new effect parameter for Test Effect. 
 
LedController.WebPortal.Core.Factories.EffectFactory[6 - .NET ThreadPool Worker] 
      2022/04/14 22:18:28.832 - [DEBUG]: Creating new Effect parameter all values are valid. 
 
Microsoft.Extensions.Hosting.Internal.Host[1 - ] 
      2022/04/14 22:22:00.722 - [DEBUG]: Hosting starting 
 
LedController.WebPortal.Core.Services.DiscoveryService[1 - ] 
      2022/04/14 22:22:00.835 - [DEBUG]: Starting the discovery service. 
 
LedController.WebPortal.Core.Services.DiscoveryService[1 - ] 
      2022/04/14 22:22:00.835 - [DEBUG]: Creating a new UDP client to be used for broadcasting the server information. This wil happen on UDP port 8472. 
 
LedController.WebPortal.Core.Services.DiscoveryService[6 - .NET ThreadPool Worker] 
      2022/04/14 22:22:00.851 - [TRACE]: Start sending message to controllers to be discovered. 
 
LedController.WebPortal.Core.Services.DiscoveryService[1 - ] 
      2022/04/14 22:22:00.851 - [DEBUG]: The discovery service has started. 
 
Microsoft.Hosting.Lifetime[1 - ] 
      2022/04/14 22:22:00.975 - [INFO]: Now listening on: http://localhost:5097 
 
Microsoft.Hosting.Lifetime[1 - ] 
      2022/04/14 22:22:00.975 - [INFO]: Application started. Press Ctrl+C to shut down. 
 
Microsoft.Hosting.Lifetime[1 - ] 
      2022/04/14 22:22:00.975 - [INFO]: Hosting environment: Development 
 
Microsoft.Hosting.Lifetime[1 - ] 
      2022/04/14 22:22:00.975 - [INFO]: Content root path: D:\Projects\LedController_net5\LedController.WebPortal.Web\ 
 
Microsoft.Extensions.Hosting.Internal.Host[1 - ] 
      2022/04/14 22:22:00.975 - [DEBUG]: Hosting started 
 
LedController.WebPortal.Web.Pages.Index[6 - .NET ThreadPool Worker] 
      2022/04/14 22:22:03.008 - [INFO]: Opening the index page. 
 
LedController.WebPortal.Web.Pages.Index[6 - .NET ThreadPool Worker] 
      2022/04/14 22:22:04.537 - [INFO]: Opening the index page. 
 
LedController.WebPortal.Web.Pages.EffectsEditorPage[9 - .NET ThreadPool Worker] 
      2022/04/14 22:22:12.290 - [INFO]: Loading effects page. 
 
LedController.WebPortal.Web.Components.EffectEditor[9 - .NET ThreadPool Worker] 
      2022/04/14 22:22:12.366 - [DEBUG]: Starting effect editor for Test Effect. 
 
LedController.WebPortal.Web.Components.EffectEditor[6 - .NET ThreadPool Worker] 
      2022/04/14 22:22:12.412 - [DEBUG]: Starting monaco editor for effect Test Effect. 
 
LedController.WebPortal.Web.Components.EffectEditor[9 - .NET ThreadPool Worker] 
      2022/04/14 22:22:30.988 - [DEBUG]: Adding a new effect parameter for Test Effect. 
 
LedController.WebPortal.Core.Factories.EffectFactory[9 - .NET ThreadPool Worker] 
      2022/04/14 22:22:31.011 - [DEBUG]: Creating new Effect parameter all values are valid. 
 
LedController.WebPortal.Core.Managers.EffectManager[9 - .NET ThreadPool Worker] 
      2022/04/14 22:22:31.011 - [DEBUG]: Adding parameter to effect Test Effect. 
 
Microsoft.AspNetCore.Components.Server.Circuits.RemoteRenderer[9 - .NET ThreadPool Worker] 
      2022/04/14 22:22:32.379 - [WARN]: Unhandled exception rendering component: An error occurred while saving the entity changes. See the inner exception for details. 
 Microsoft.EntityFrameworkCore.DbUpdateException: An error occurred while saving the entity changes. See the inner exception for details.
 ---> Microsoft.Data.Sqlite.SqliteException (0x80004005): SQLite Error 19: 'FOREIGN KEY constraint failed'.
   at Microsoft.Data.Sqlite.SqliteException.ThrowExceptionForRC(Int32 rc, sqlite3 db)
   at Microsoft.Data.Sqlite.SqliteDataReader.NextResult()
   at Microsoft.Data.Sqlite.SqliteCommand.ExecuteReader(CommandBehavior behavior)
   at Microsoft.Data.Sqlite.SqliteCommand.ExecuteReaderAsync(CommandBehavior behavior, CancellationToken cancellationToken)
   at Microsoft.Data.Sqlite.SqliteCommand.ExecuteDbDataReaderAsync(CommandBehavior behavior, CancellationToken cancellationToken)
   at Microsoft.EntityFrameworkCore.Storage.RelationalCommand.ExecuteReaderAsync(RelationalCommandParameterObject parameterObject, CancellationToken cancellationToken)
   at Microsoft.EntityFrameworkCore.Storage.RelationalCommand.ExecuteReaderAsync(RelationalCommandParameterObject parameterObject, CancellationToken cancellationToken)
   at Microsoft.EntityFrameworkCore.Update.ReaderModificationCommandBatch.ExecuteAsync(IRelationalConnection connection, CancellationToken cancellationToken)
   --- End of inner exception stack trace ---
   at Microsoft.EntityFrameworkCore.Update.ReaderModificationCommandBatch.ExecuteAsync(IRelationalConnection connection, CancellationToken cancellationToken)
   at Microsoft.EntityFrameworkCore.Update.Internal.BatchExecutor.ExecuteAsync(IEnumerable`1 commandBatches, IRelationalConnection connection, CancellationToken cancellationToken)
   at Microsoft.EntityFrameworkCore.Update.Internal.BatchExecutor.ExecuteAsync(IEnumerable`1 commandBatches, IRelationalConnection connection, CancellationToken cancellationToken)
   at Microsoft.EntityFrameworkCore.Update.Internal.BatchExecutor.ExecuteAsync(IEnumerable`1 commandBatches, IRelationalConnection connection, CancellationToken cancellationToken)
   at Microsoft.EntityFrameworkCore.ChangeTracking.Internal.StateManager.SaveChangesAsync(IList`1 entriesToSave, CancellationToken cancellationToken)
   at Microsoft.EntityFrameworkCore.ChangeTracking.Internal.StateManager.SaveChangesAsync(StateManager stateManager, Boolean acceptAllChangesOnSuccess, CancellationToken cancellationToken)
   at Microsoft.EntityFrameworkCore.DbContext.SaveChangesAsync(Boolean acceptAllChangesOnSuccess, CancellationToken cancellationToken)
   at Microsoft.EntityFrameworkCore.DbContext.SaveChangesAsync(Boolean acceptAllChangesOnSuccess, CancellationToken cancellationToken)
   at LedController.WebPortal.Persistence.Sqlite.Services.Repository.SaveChangesAsync(CancellationToken token) in D:\Projects\LedController_net5\LedController.Portal.Persistance.Sqlite\Services\Repository.cs:line 43
   at LedController.WebPortal.Core.Managers.EffectManager.AddEffectParameterAsync(Effect effect, EffectParameter effectParameter, CancellationToken token) in D:\Projects\LedController_net5\LedController.Portal.Core\Managers\EffectManager.cs:line 56
   at LedController.WebPortal.Web.Components.EffectEditor.AddEffectParameterAsync(EffectParameter parameter) in D:\Projects\LedController_net5\LedController.WebPortal.Web\Components\EffectEditor.razor.cs:line 56
   at Microsoft.AspNetCore.Components.ComponentBase.CallStateHasChangedOnAsyncCompletion(Task task)
   at LedController.WebPortal.Web.Components.EffectParameterRow.OnAddEffectParameterAsync() in D:\Projects\LedController_net5\LedController.WebPortal.Web\Components\EffectParameterRow.razor:line 94
   at Microsoft.AspNetCore.Components.ComponentBase.CallStateHasChangedOnAsyncCompletion(Task task)
   at MudBlazor.MudBaseButton.OnClickHandler(MouseEventArgs ev)
   at Microsoft.AspNetCore.Components.ComponentBase.CallStateHasChangedOnAsyncCompletion(Task task)
   at Microsoft.AspNetCore.Components.RenderTree.Renderer.GetErrorHandledTask(Task taskToHandle, ComponentState owningComponentState)
Microsoft.AspNetCore.Components.Server.Circuits.CircuitHost[9 - .NET ThreadPool Worker] 
      2022/04/14 22:22:32.440 - [ERROR]: Unhandled exception in circuit 'lmI9NTvLheofOWq4MM2AsvbPPL6nBdH0CIMoOr0JM1k'. 
 Microsoft.EntityFrameworkCore.DbUpdateException: An error occurred while saving the entity changes. See the inner exception for details.
 ---> Microsoft.Data.Sqlite.SqliteException (0x80004005): SQLite Error 19: 'FOREIGN KEY constraint failed'.
   at Microsoft.Data.Sqlite.SqliteException.ThrowExceptionForRC(Int32 rc, sqlite3 db)
   at Microsoft.Data.Sqlite.SqliteDataReader.NextResult()
   at Microsoft.Data.Sqlite.SqliteCommand.ExecuteReader(CommandBehavior behavior)
   at Microsoft.Data.Sqlite.SqliteCommand.ExecuteReaderAsync(CommandBehavior behavior, CancellationToken cancellationToken)
   at Microsoft.Data.Sqlite.SqliteCommand.ExecuteDbDataReaderAsync(CommandBehavior behavior, CancellationToken cancellationToken)
   at Microsoft.EntityFrameworkCore.Storage.RelationalCommand.ExecuteReaderAsync(RelationalCommandParameterObject parameterObject, CancellationToken cancellationToken)
   at Microsoft.EntityFrameworkCore.Storage.RelationalCommand.ExecuteReaderAsync(RelationalCommandParameterObject parameterObject, CancellationToken cancellationToken)
   at Microsoft.EntityFrameworkCore.Update.ReaderModificationCommandBatch.ExecuteAsync(IRelationalConnection connection, CancellationToken cancellationToken)
   --- End of inner exception stack trace ---
   at Microsoft.EntityFrameworkCore.Update.ReaderModificationCommandBatch.ExecuteAsync(IRelationalConnection connection, CancellationToken cancellationToken)
   at Microsoft.EntityFrameworkCore.Update.Internal.BatchExecutor.ExecuteAsync(IEnumerable`1 commandBatches, IRelationalConnection connection, CancellationToken cancellationToken)
   at Microsoft.EntityFrameworkCore.Update.Internal.BatchExecutor.ExecuteAsync(IEnumerable`1 commandBatches, IRelationalConnection connection, CancellationToken cancellationToken)
   at Microsoft.EntityFrameworkCore.Update.Internal.BatchExecutor.ExecuteAsync(IEnumerable`1 commandBatches, IRelationalConnection connection, CancellationToken cancellationToken)
   at Microsoft.EntityFrameworkCore.ChangeTracking.Internal.StateManager.SaveChangesAsync(IList`1 entriesToSave, CancellationToken cancellationToken)
   at Microsoft.EntityFrameworkCore.ChangeTracking.Internal.StateManager.SaveChangesAsync(StateManager stateManager, Boolean acceptAllChangesOnSuccess, CancellationToken cancellationToken)
   at Microsoft.EntityFrameworkCore.DbContext.SaveChangesAsync(Boolean acceptAllChangesOnSuccess, CancellationToken cancellationToken)
   at Microsoft.EntityFrameworkCore.DbContext.SaveChangesAsync(Boolean acceptAllChangesOnSuccess, CancellationToken cancellationToken)
   at LedController.WebPortal.Persistence.Sqlite.Services.Repository.SaveChangesAsync(CancellationToken token) in D:\Projects\LedController_net5\LedController.Portal.Persistance.Sqlite\Services\Repository.cs:line 43
   at LedController.WebPortal.Core.Managers.EffectManager.AddEffectParameterAsync(Effect effect, EffectParameter effectParameter, CancellationToken token) in D:\Projects\LedController_net5\LedController.Portal.Core\Managers\EffectManager.cs:line 56
   at LedController.WebPortal.Web.Components.EffectEditor.AddEffectParameterAsync(EffectParameter parameter) in D:\Projects\LedController_net5\LedController.WebPortal.Web\Components\EffectEditor.razor.cs:line 56
   at Microsoft.AspNetCore.Components.ComponentBase.CallStateHasChangedOnAsyncCompletion(Task task)
   at LedController.WebPortal.Web.Components.EffectParameterRow.OnAddEffectParameterAsync() in D:\Projects\LedController_net5\LedController.WebPortal.Web\Components\EffectParameterRow.razor:line 94
   at Microsoft.AspNetCore.Components.ComponentBase.CallStateHasChangedOnAsyncCompletion(Task task)
   at MudBlazor.MudBaseButton.OnClickHandler(MouseEventArgs ev)
   at Microsoft.AspNetCore.Components.ComponentBase.CallStateHasChangedOnAsyncCompletion(Task task)
   at Microsoft.AspNetCore.Components.RenderTree.Renderer.GetErrorHandledTask(Task taskToHandle, ComponentState owningComponentState)
Microsoft.Extensions.Hosting.Internal.Host[1 - ] 
      2022/04/14 22:25:38.819 - [DEBUG]: Hosting starting 
 
LedController.WebPortal.Core.Services.DiscoveryService[1 - ] 
      2022/04/14 22:25:39.038 - [DEBUG]: Starting the discovery service. 
 
LedController.WebPortal.Core.Services.DiscoveryService[1 - ] 
      2022/04/14 22:25:39.053 - [DEBUG]: Creating a new UDP client to be used for broadcasting the server information. This wil happen on UDP port 8472. 
 
LedController.WebPortal.Core.Services.DiscoveryService[6 - .NET ThreadPool Worker] 
      2022/04/14 22:25:39.053 - [TRACE]: Start sending message to controllers to be discovered. 
 
LedController.WebPortal.Core.Services.DiscoveryService[1 - ] 
      2022/04/14 22:25:39.053 - [DEBUG]: The discovery service has started. 
 
Microsoft.Hosting.Lifetime[1 - ] 
      2022/04/14 22:25:39.199 - [INFO]: Now listening on: http://localhost:5097 
 
Microsoft.Hosting.Lifetime[1 - ] 
      2022/04/14 22:25:39.199 - [INFO]: Application started. Press Ctrl+C to shut down. 
 
Microsoft.Hosting.Lifetime[1 - ] 
      2022/04/14 22:25:39.199 - [INFO]: Hosting environment: Development 
 
Microsoft.Hosting.Lifetime[1 - ] 
      2022/04/14 22:25:39.199 - [INFO]: Content root path: D:\Projects\LedController_net5\LedController.WebPortal.Web\ 
 
Microsoft.Extensions.Hosting.Internal.Host[1 - ] 
      2022/04/14 22:25:39.199 - [DEBUG]: Hosting started 
 
LedController.WebPortal.Web.Pages.Index[13 - .NET ThreadPool Worker] 
      2022/04/14 22:25:41.585 - [INFO]: Opening the index page. 
 
LedController.WebPortal.Web.Pages.Index[14 - .NET ThreadPool Worker] 
      2022/04/14 22:25:43.389 - [INFO]: Opening the index page. 
 
LedController.WebPortal.Web.Pages.EffectsEditorPage[18 - .NET ThreadPool Worker] 
      2022/04/14 22:25:46.960 - [INFO]: Loading effects page. 
 
LedController.WebPortal.Web.Components.EffectEditor[18 - .NET ThreadPool Worker] 
      2022/04/14 22:25:47.022 - [DEBUG]: Starting effect editor for Test Effect. 
 
LedController.WebPortal.Web.Components.EffectEditor[6 - .NET ThreadPool Worker] 
      2022/04/14 22:25:47.076 - [DEBUG]: Starting monaco editor for effect Test Effect. 
 
LedController.WebPortal.Web.Components.EffectEditor[18 - .NET ThreadPool Worker] 
      2022/04/14 22:25:58.292 - [DEBUG]: Adding a new effect parameter for Test Effect. 
 
LedController.WebPortal.Core.Factories.EffectFactory[18 - .NET ThreadPool Worker] 
      2022/04/14 22:25:58.308 - [DEBUG]: Creating new Effect parameter all values are valid. 
 
LedController.WebPortal.Core.Managers.EffectManager[18 - .NET ThreadPool Worker] 
      2022/04/14 22:25:58.319 - [DEBUG]: Adding parameter to effect Test Effect. 
 
Microsoft.AspNetCore.Components.Server.Circuits.RemoteRenderer[18 - .NET ThreadPool Worker] 
      2022/04/14 22:25:59.723 - [WARN]: Unhandled exception rendering component: An error occurred while saving the entity changes. See the inner exception for details. 
 Microsoft.EntityFrameworkCore.DbUpdateException: An error occurred while saving the entity changes. See the inner exception for details.
 ---> Microsoft.Data.Sqlite.SqliteException (0x80004005): SQLite Error 19: 'FOREIGN KEY constraint failed'.
   at Microsoft.Data.Sqlite.SqliteException.ThrowExceptionForRC(Int32 rc, sqlite3 db)
   at Microsoft.Data.Sqlite.SqliteDataReader.NextResult()
   at Microsoft.Data.Sqlite.SqliteCommand.ExecuteReader(CommandBehavior behavior)
   at Microsoft.Data.Sqlite.SqliteCommand.ExecuteReaderAsync(CommandBehavior behavior, CancellationToken cancellationToken)
   at Microsoft.Data.Sqlite.SqliteCommand.ExecuteDbDataReaderAsync(CommandBehavior behavior, CancellationToken cancellationToken)
   at Microsoft.EntityFrameworkCore.Storage.RelationalCommand.ExecuteReaderAsync(RelationalCommandParameterObject parameterObject, CancellationToken cancellationToken)
   at Microsoft.EntityFrameworkCore.Storage.RelationalCommand.ExecuteReaderAsync(RelationalCommandParameterObject parameterObject, CancellationToken cancellationToken)
   at Microsoft.EntityFrameworkCore.Update.ReaderModificationCommandBatch.ExecuteAsync(IRelationalConnection connection, CancellationToken cancellationToken)
   --- End of inner exception stack trace ---
   at Microsoft.EntityFrameworkCore.Update.ReaderModificationCommandBatch.ExecuteAsync(IRelationalConnection connection, CancellationToken cancellationToken)
   at Microsoft.EntityFrameworkCore.Update.Internal.BatchExecutor.ExecuteAsync(IEnumerable`1 commandBatches, IRelationalConnection connection, CancellationToken cancellationToken)
   at Microsoft.EntityFrameworkCore.Update.Internal.BatchExecutor.ExecuteAsync(IEnumerable`1 commandBatches, IRelationalConnection connection, CancellationToken cancellationToken)
   at Microsoft.EntityFrameworkCore.Update.Internal.BatchExecutor.ExecuteAsync(IEnumerable`1 commandBatches, IRelationalConnection connection, CancellationToken cancellationToken)
   at Microsoft.EntityFrameworkCore.ChangeTracking.Internal.StateManager.SaveChangesAsync(IList`1 entriesToSave, CancellationToken cancellationToken)
   at Microsoft.EntityFrameworkCore.ChangeTracking.Internal.StateManager.SaveChangesAsync(StateManager stateManager, Boolean acceptAllChangesOnSuccess, CancellationToken cancellationToken)
   at Microsoft.EntityFrameworkCore.DbContext.SaveChangesAsync(Boolean acceptAllChangesOnSuccess, CancellationToken cancellationToken)
   at Microsoft.EntityFrameworkCore.DbContext.SaveChangesAsync(Boolean acceptAllChangesOnSuccess, CancellationToken cancellationToken)
   at LedController.WebPortal.Persistence.Sqlite.Services.Repository.SaveChangesAsync(CancellationToken token) in D:\Projects\LedController_net5\LedController.Portal.Persistance.Sqlite\Services\Repository.cs:line 43
   at LedController.WebPortal.Core.Managers.EffectManager.AddEffectParameterAsync(Effect effect, EffectParameter effectParameter, CancellationToken token) in D:\Projects\LedController_net5\LedController.Portal.Core\Managers\EffectManager.cs:line 56
   at LedController.WebPortal.Web.Components.EffectEditor.AddEffectParameterAsync(EffectParameter parameter) in D:\Projects\LedController_net5\LedController.WebPortal.Web\Components\EffectEditor.razor.cs:line 56
   at Microsoft.AspNetCore.Components.ComponentBase.CallStateHasChangedOnAsyncCompletion(Task task)
   at LedController.WebPortal.Web.Components.EffectParameterRow.OnAddEffectParameterAsync() in D:\Projects\LedController_net5\LedController.WebPortal.Web\Components\EffectParameterRow.razor:line 94
   at Microsoft.AspNetCore.Components.ComponentBase.CallStateHasChangedOnAsyncCompletion(Task task)
   at MudBlazor.MudBaseButton.OnClickHandler(MouseEventArgs ev)
   at Microsoft.AspNetCore.Components.ComponentBase.CallStateHasChangedOnAsyncCompletion(Task task)
   at Microsoft.AspNetCore.Components.RenderTree.Renderer.GetErrorHandledTask(Task taskToHandle, ComponentState owningComponentState)
Microsoft.AspNetCore.Components.Server.Circuits.CircuitHost[18 - .NET ThreadPool Worker] 
      2022/04/14 22:25:59.782 - [ERROR]: Unhandled exception in circuit '8G3hqIZGAhuW0QF3s5OfvFgfDGnn05kCQ7J__WPZDtk'. 
 Microsoft.EntityFrameworkCore.DbUpdateException: An error occurred while saving the entity changes. See the inner exception for details.
 ---> Microsoft.Data.Sqlite.SqliteException (0x80004005): SQLite Error 19: 'FOREIGN KEY constraint failed'.
   at Microsoft.Data.Sqlite.SqliteException.ThrowExceptionForRC(Int32 rc, sqlite3 db)
   at Microsoft.Data.Sqlite.SqliteDataReader.NextResult()
   at Microsoft.Data.Sqlite.SqliteCommand.ExecuteReader(CommandBehavior behavior)
   at Microsoft.Data.Sqlite.SqliteCommand.ExecuteReaderAsync(CommandBehavior behavior, CancellationToken cancellationToken)
   at Microsoft.Data.Sqlite.SqliteCommand.ExecuteDbDataReaderAsync(CommandBehavior behavior, CancellationToken cancellationToken)
   at Microsoft.EntityFrameworkCore.Storage.RelationalCommand.ExecuteReaderAsync(RelationalCommandParameterObject parameterObject, CancellationToken cancellationToken)
   at Microsoft.EntityFrameworkCore.Storage.RelationalCommand.ExecuteReaderAsync(RelationalCommandParameterObject parameterObject, CancellationToken cancellationToken)
   at Microsoft.EntityFrameworkCore.Update.ReaderModificationCommandBatch.ExecuteAsync(IRelationalConnection connection, CancellationToken cancellationToken)
   --- End of inner exception stack trace ---
   at Microsoft.EntityFrameworkCore.Update.ReaderModificationCommandBatch.ExecuteAsync(IRelationalConnection connection, CancellationToken cancellationToken)
   at Microsoft.EntityFrameworkCore.Update.Internal.BatchExecutor.ExecuteAsync(IEnumerable`1 commandBatches, IRelationalConnection connection, CancellationToken cancellationToken)
   at Microsoft.EntityFrameworkCore.Update.Internal.BatchExecutor.ExecuteAsync(IEnumerable`1 commandBatches, IRelationalConnection connection, CancellationToken cancellationToken)
   at Microsoft.EntityFrameworkCore.Update.Internal.BatchExecutor.ExecuteAsync(IEnumerable`1 commandBatches, IRelationalConnection connection, CancellationToken cancellationToken)
   at Microsoft.EntityFrameworkCore.ChangeTracking.Internal.StateManager.SaveChangesAsync(IList`1 entriesToSave, CancellationToken cancellationToken)
   at Microsoft.EntityFrameworkCore.ChangeTracking.Internal.StateManager.SaveChangesAsync(StateManager stateManager, Boolean acceptAllChangesOnSuccess, CancellationToken cancellationToken)
   at Microsoft.EntityFrameworkCore.DbContext.SaveChangesAsync(Boolean acceptAllChangesOnSuccess, CancellationToken cancellationToken)
   at Microsoft.EntityFrameworkCore.DbContext.SaveChangesAsync(Boolean acceptAllChangesOnSuccess, CancellationToken cancellationToken)
   at LedController.WebPortal.Persistence.Sqlite.Services.Repository.SaveChangesAsync(CancellationToken token) in D:\Projects\LedController_net5\LedController.Portal.Persistance.Sqlite\Services\Repository.cs:line 43
   at LedController.WebPortal.Core.Managers.EffectManager.AddEffectParameterAsync(Effect effect, EffectParameter effectParameter, CancellationToken token) in D:\Projects\LedController_net5\LedController.Portal.Core\Managers\EffectManager.cs:line 56
   at LedController.WebPortal.Web.Components.EffectEditor.AddEffectParameterAsync(EffectParameter parameter) in D:\Projects\LedController_net5\LedController.WebPortal.Web\Components\EffectEditor.razor.cs:line 56
   at Microsoft.AspNetCore.Components.ComponentBase.CallStateHasChangedOnAsyncCompletion(Task task)
   at LedController.WebPortal.Web.Components.EffectParameterRow.OnAddEffectParameterAsync() in D:\Projects\LedController_net5\LedController.WebPortal.Web\Components\EffectParameterRow.razor:line 94
   at Microsoft.AspNetCore.Components.ComponentBase.CallStateHasChangedOnAsyncCompletion(Task task)
   at MudBlazor.MudBaseButton.OnClickHandler(MouseEventArgs ev)
   at Microsoft.AspNetCore.Components.ComponentBase.CallStateHasChangedOnAsyncCompletion(Task task)
   at Microsoft.AspNetCore.Components.RenderTree.Renderer.GetErrorHandledTask(Task taskToHandle, ComponentState owningComponentState)
Microsoft.Extensions.Hosting.Internal.Host[1 - ] 
      2022/04/14 22:29:04.469 - [DEBUG]: Hosting starting 
 
LedController.WebPortal.Core.Services.DiscoveryService[1 - ] 
      2022/04/14 22:29:04.601 - [DEBUG]: Starting the discovery service. 
 
LedController.WebPortal.Core.Services.DiscoveryService[1 - ] 
      2022/04/14 22:29:04.601 - [DEBUG]: Creating a new UDP client to be used for broadcasting the server information. This wil happen on UDP port 8472. 
 
LedController.WebPortal.Core.Services.DiscoveryService[1 - ] 
      2022/04/14 22:29:04.617 - [DEBUG]: The discovery service has started. 
 
LedController.WebPortal.Core.Services.DiscoveryService[9 - .NET ThreadPool Worker] 
      2022/04/14 22:29:04.617 - [TRACE]: Start sending message to controllers to be discovered. 
 
Microsoft.Hosting.Lifetime[1 - ] 
      2022/04/14 22:29:04.760 - [INFO]: Now listening on: http://localhost:5097 
 
Microsoft.Hosting.Lifetime[1 - ] 
      2022/04/14 22:29:04.760 - [INFO]: Application started. Press Ctrl+C to shut down. 
 
Microsoft.Hosting.Lifetime[1 - ] 
      2022/04/14 22:29:04.760 - [INFO]: Hosting environment: Development 
 
Microsoft.Hosting.Lifetime[1 - ] 
      2022/04/14 22:29:04.760 - [INFO]: Content root path: D:\Projects\LedController_net5\LedController.WebPortal.Web\ 
 
Microsoft.Extensions.Hosting.Internal.Host[1 - ] 
      2022/04/14 22:29:04.760 - [DEBUG]: Hosting started 
 
LedController.WebPortal.Web.Pages.Index[6 - .NET ThreadPool Worker] 
      2022/04/14 22:29:06.757 - [INFO]: Opening the index page. 
 
LedController.WebPortal.Web.Pages.Index[14 - .NET ThreadPool Worker] 
      2022/04/14 22:29:09.569 - [INFO]: Opening the index page. 
 
LedController.WebPortal.Web.Pages.EffectsEditorPage[13 - .NET ThreadPool Worker] 
      2022/04/14 22:29:19.372 - [INFO]: Loading effects page. 
 
LedController.WebPortal.Web.Components.EffectEditor[13 - .NET ThreadPool Worker] 
      2022/04/14 22:29:19.445 - [DEBUG]: Starting effect editor for Test Effect. 
 
LedController.WebPortal.Web.Components.EffectEditor[6 - .NET ThreadPool Worker] 
      2022/04/14 22:29:19.487 - [DEBUG]: Starting monaco editor for effect Test Effect. 
 
LedController.WebPortal.Web.Components.EffectEditor[9 - .NET ThreadPool Worker] 
      2022/04/14 22:29:32.801 - [DEBUG]: Adding a new effect parameter for Test Effect. 
 
LedController.WebPortal.Core.Factories.EffectFactory[9 - .NET ThreadPool Worker] 
      2022/04/14 22:29:32.819 - [DEBUG]: Creating new Effect parameter all values are valid. 
 
LedController.WebPortal.Core.Managers.EffectManager[9 - .NET ThreadPool Worker] 
      2022/04/14 22:29:32.819 - [DEBUG]: Adding parameter to effect Test Effect. 
 
LedController.WebPortal.Web.Pages.EffectsEditorPage[6 - .NET ThreadPool Worker] 
      2022/04/14 22:31:22.452 - [INFO]: Loading effects page. 
 
LedController.WebPortal.Web.Components.EffectEditor[6 - .NET ThreadPool Worker] 
      2022/04/14 22:31:22.494 - [DEBUG]: Starting effect editor for Test Effect. 
 
LedController.WebPortal.Web.Components.EffectEditor[33 - .NET ThreadPool Worker] 
      2022/04/14 22:31:22.545 - [DEBUG]: Starting monaco editor for effect Test Effect. 
 
