Microsoft.Extensions.Hosting.Internal.Host[1 - ] 
      2022/03/26 21:28:11.199 - [DEBUG]: Hosting starting 
 
LedController.WebPortal.Core.Services.DiscoveryService[1 - ] 
      2022/03/26 21:28:11.378 - [DEBUG]: Starting the discovery service. 
 
LedController.WebPortal.Core.Services.DiscoveryService[1 - ] 
      2022/03/26 21:28:11.378 - [DEBUG]: Creating a new UDP client to be used for broadcasting the server information. This wil happen on UDP port 8472. 
 
LedController.WebPortal.Core.Services.DiscoveryService[1 - ] 
      2022/03/26 21:28:11.403 - [DEBUG]: The discovery service has started. 
 
LedController.WebPortal.Core.Services.DiscoveryService[9 - .NET ThreadPool Worker] 
      2022/03/26 21:28:11.403 - [TRACE]: Start sending message to controllers to be discovered. 
 
Microsoft.Hosting.Lifetime[1 - ] 
      2022/03/26 21:28:11.521 - [INFO]: Now listening on: http://localhost:5097 
 
Microsoft.Hosting.Lifetime[1 - ] 
      2022/03/26 21:28:11.526 - [INFO]: Application started. Press Ctrl+C to shut down. 
 
Microsoft.Hosting.Lifetime[1 - ] 
      2022/03/26 21:28:11.526 - [INFO]: Hosting environment: Development 
 
Microsoft.Hosting.Lifetime[1 - ] 
      2022/03/26 21:28:11.526 - [INFO]: Content root path: D:\Projects\LedController_net5\LedController.WebPortal.Web\ 
 
Microsoft.Extensions.Hosting.Internal.Host[1 - ] 
      2022/03/26 21:28:11.526 - [DEBUG]: Hosting started 
 
LedController.WebPortal.Web.Pages.Index[6 - .NET ThreadPool Worker] 
      2022/03/26 21:28:14.489 - [INFO]: Opening the index page. 
 
LedController.WebPortal.Web.Pages.Index[14 - .NET ThreadPool Worker] 
      2022/03/26 21:28:16.327 - [INFO]: Opening the index page. 
 
Microsoft.AspNetCore.Components.Server.Circuits.RemoteRenderer[9 - .NET ThreadPool Worker] 
      2022/03/26 21:28:18.340 - [WARN]: Unhandled exception rendering component: Cannot provide a value for property 'EffectService' on type 'LedController.WebPortal.Web.Components.EffectEditor'. There is no registered service of type 'LedController.WebPortal.Domain.Services.IEffectService'. 
 System.InvalidOperationException: Cannot provide a value for property 'EffectService' on type 'LedController.WebPortal.Web.Components.EffectEditor'. There is no registered service of type 'LedController.WebPortal.Domain.Services.IEffectService'.
   at Microsoft.AspNetCore.Components.ComponentFactory.<>c__DisplayClass7_0.<CreateInitializer>g__Initialize|1(IServiceProvider serviceProvider, IComponent component)
   at Microsoft.AspNetCore.Components.ComponentFactory.PerformPropertyInjection(IServiceProvider serviceProvider, IComponent instance)
   at Microsoft.AspNetCore.Components.ComponentFactory.InstantiateComponent(IServiceProvider serviceProvider, Type componentType)
   at Microsoft.AspNetCore.Components.RenderTree.Renderer.InstantiateChildComponentOnFrame(RenderTreeFrame& frame, Int32 parentComponentId)
   at Microsoft.AspNetCore.Components.RenderTree.RenderTreeDiffBuilder.InitializeNewComponentFrame(DiffContext& diffContext, Int32 frameIndex)
   at Microsoft.AspNetCore.Components.RenderTree.RenderTreeDiffBuilder.InitializeNewSubtree(DiffContext& diffContext, Int32 frameIndex)
   at Microsoft.AspNetCore.Components.RenderTree.RenderTreeDiffBuilder.InsertNewFrame(DiffContext& diffContext, Int32 newFrameIndex)
   at Microsoft.AspNetCore.Components.RenderTree.RenderTreeDiffBuilder.InsertNewFrame(DiffContext& diffContext, Int32 newFrameIndex)
   at Microsoft.AspNetCore.Components.RenderTree.RenderTreeDiffBuilder.AppendDiffEntriesForRange(DiffContext& diffContext, Int32 oldStartIndex, Int32 oldEndIndexExcl, Int32 newStartIndex, Int32 newEndIndexExcl)
   at Microsoft.AspNetCore.Components.RenderTree.RenderTreeDiffBuilder.ComputeDiff(Renderer renderer, RenderBatchBuilder batchBuilder, Int32 componentId, ArrayRange`1 oldTree, ArrayRange`1 newTree)
   at Microsoft.AspNetCore.Components.Rendering.ComponentState.RenderIntoBatch(RenderBatchBuilder batchBuilder, RenderFragment renderFragment, Exception& renderFragmentException)
   at Microsoft.AspNetCore.Components.RenderTree.Renderer.ProcessRenderQueue()
Microsoft.AspNetCore.Components.Server.Circuits.CircuitHost[9 - .NET ThreadPool Worker] 
      2022/03/26 21:28:18.403 - [ERROR]: Unhandled exception in circuit 'S0Zrcjd5NlV3UDKGswoF8PMLgM08lQjqVzlOJOyvRUo'. 
 System.InvalidOperationException: Cannot provide a value for property 'EffectService' on type 'LedController.WebPortal.Web.Components.EffectEditor'. There is no registered service of type 'LedController.WebPortal.Domain.Services.IEffectService'.
   at Microsoft.AspNetCore.Components.ComponentFactory.<>c__DisplayClass7_0.<CreateInitializer>g__Initialize|1(IServiceProvider serviceProvider, IComponent component)
   at Microsoft.AspNetCore.Components.ComponentFactory.PerformPropertyInjection(IServiceProvider serviceProvider, IComponent instance)
   at Microsoft.AspNetCore.Components.ComponentFactory.InstantiateComponent(IServiceProvider serviceProvider, Type componentType)
   at Microsoft.AspNetCore.Components.RenderTree.Renderer.InstantiateChildComponentOnFrame(RenderTreeFrame& frame, Int32 parentComponentId)
   at Microsoft.AspNetCore.Components.RenderTree.RenderTreeDiffBuilder.InitializeNewComponentFrame(DiffContext& diffContext, Int32 frameIndex)
   at Microsoft.AspNetCore.Components.RenderTree.RenderTreeDiffBuilder.InitializeNewSubtree(DiffContext& diffContext, Int32 frameIndex)
   at Microsoft.AspNetCore.Components.RenderTree.RenderTreeDiffBuilder.InsertNewFrame(DiffContext& diffContext, Int32 newFrameIndex)
   at Microsoft.AspNetCore.Components.RenderTree.RenderTreeDiffBuilder.InsertNewFrame(DiffContext& diffContext, Int32 newFrameIndex)
   at Microsoft.AspNetCore.Components.RenderTree.RenderTreeDiffBuilder.AppendDiffEntriesForRange(DiffContext& diffContext, Int32 oldStartIndex, Int32 oldEndIndexExcl, Int32 newStartIndex, Int32 newEndIndexExcl)
   at Microsoft.AspNetCore.Components.RenderTree.RenderTreeDiffBuilder.ComputeDiff(Renderer renderer, RenderBatchBuilder batchBuilder, Int32 componentId, ArrayRange`1 oldTree, ArrayRange`1 newTree)
   at Microsoft.AspNetCore.Components.Rendering.ComponentState.RenderIntoBatch(RenderBatchBuilder batchBuilder, RenderFragment renderFragment, Exception& renderFragmentException)
   at Microsoft.AspNetCore.Components.RenderTree.Renderer.ProcessRenderQueue()
Microsoft.Extensions.Hosting.Internal.Host[1 - ] 
      2022/03/26 21:29:10.934 - [DEBUG]: Hosting starting 
 
LedController.WebPortal.Core.Services.DiscoveryService[1 - ] 
      2022/03/26 21:29:10.969 - [DEBUG]: Starting the discovery service. 
 
LedController.WebPortal.Core.Services.DiscoveryService[1 - ] 
      2022/03/26 21:29:10.969 - [DEBUG]: Creating a new UDP client to be used for broadcasting the server information. This wil happen on UDP port 8472. 
 
LedController.WebPortal.Core.Services.DiscoveryService[1 - ] 
      2022/03/26 21:29:10.981 - [DEBUG]: The discovery service has started. 
 
LedController.WebPortal.Core.Services.DiscoveryService[10 - .NET ThreadPool Worker] 
      2022/03/26 21:29:10.981 - [TRACE]: Start sending message to controllers to be discovered. 
 
Microsoft.Hosting.Lifetime[1 - ] 
      2022/03/26 21:29:11.062 - [INFO]: Now listening on: http://localhost:5097 
 
Microsoft.Hosting.Lifetime[1 - ] 
      2022/03/26 21:29:11.062 - [INFO]: Application started. Press Ctrl+C to shut down. 
 
Microsoft.Hosting.Lifetime[1 - ] 
      2022/03/26 21:29:11.062 - [INFO]: Hosting environment: Development 
 
Microsoft.Hosting.Lifetime[1 - ] 
      2022/03/26 21:29:11.062 - [INFO]: Content root path: D:\Projects\LedController_net5\LedController.WebPortal.Web\ 
 
Microsoft.Extensions.Hosting.Internal.Host[1 - ] 
      2022/03/26 21:29:11.062 - [DEBUG]: Hosting started 
 
LedController.WebPortal.Web.Pages.Index[10 - .NET ThreadPool Worker] 
      2022/03/26 21:29:13.591 - [INFO]: Opening the index page. 
 
LedController.WebPortal.Web.Pages.Index[10 - .NET ThreadPool Worker] 
      2022/03/26 21:29:15.325 - [INFO]: Opening the index page. 
 
LedController.WebPortal.Web.Components.EffectEditor[13 - .NET ThreadPool Worker] 
      2022/03/26 21:29:19.124 - [DEBUG]: Starting effect editor for Test Effect. 
 
LedController.WebPortal.Web.Components.EffectEditor[6 - .NET ThreadPool Worker] 
      2022/03/26 21:29:19.163 - [DEBUG]: Starting monaco editor for effect Test Effect. 
 
LedController.WebPortal.Web.Dialogs.EditSpiBusDialog[14 - .NET ThreadPool Worker] 
      2022/03/26 21:29:37.751 - [INFO]: Creating a new effect with name Test Effect 2. 
 
LedController.WebPortal.Core.Factories.EffectFactory[14 - .NET ThreadPool Worker] 
      2022/03/26 21:29:37.751 - [DEBUG]: Creating a new effect. 
 
LedController.WebPortal.Web.Dialogs.EditSpiBusDialog[14 - .NET ThreadPool Worker] 
      2022/03/26 21:29:37.961 - [INFO]: Effect has been saved. 
 
Microsoft.AspNetCore.Components.Server.Circuits.RemoteRenderer[14 - .NET ThreadPool Worker] 
      2022/03/26 21:29:37.980 - [WARN]: Unhandled exception rendering component: Unable to set property 'ActivePanelIndex' on object of type 'MudBlazor.MudTabs'. The error was: Index was out of range. Must be non-negative and less than the size of the collection. (Parameter 'index') 
 System.InvalidOperationException: Unable to set property 'ActivePanelIndex' on object of type 'MudBlazor.MudTabs'. The error was: Index was out of range. Must be non-negative and less than the size of the collection. (Parameter 'index')
 ---> System.ArgumentOutOfRangeException: Index was out of range. Must be non-negative and less than the size of the collection. (Parameter 'index')
   at System.Collections.Generic.List`1.get_Item(Int32 index)
   at MudBlazor.MudTabs.set_ActivePanelIndex(Int32 value)
   at Microsoft.AspNetCore.Components.Reflection.PropertySetter.CallPropertySetter[TTarget,TValue](Action`2 setter, Object target, Object value)
   at Microsoft.AspNetCore.Components.Reflection.ComponentProperties.<SetProperties>g__SetProperty|3_0(Object target, PropertySetter writer, String parameterName, Object value)
   --- End of inner exception stack trace ---
   at Microsoft.AspNetCore.Components.Reflection.ComponentProperties.<SetProperties>g__SetProperty|3_0(Object target, PropertySetter writer, String parameterName, Object value)
   at Microsoft.AspNetCore.Components.Reflection.ComponentProperties.SetProperties(ParameterView& parameters, Object target)
   at Microsoft.AspNetCore.Components.ComponentBase.SetParametersAsync(ParameterView parameters)
   at Microsoft.AspNetCore.Components.Rendering.ComponentState.SupplyCombinedParameters(ParameterView directAndCascadingParameters)
Microsoft.AspNetCore.Components.Server.Circuits.CircuitHost[14 - .NET ThreadPool Worker] 
      2022/03/26 21:29:38.013 - [ERROR]: Unhandled exception in circuit '32IGqZnSvKilFHtj1-El8x8PP380IROAGuSRJ_wQhqo'. 
 System.InvalidOperationException: Unable to set property 'ActivePanelIndex' on object of type 'MudBlazor.MudTabs'. The error was: Index was out of range. Must be non-negative and less than the size of the collection. (Parameter 'index')
 ---> System.ArgumentOutOfRangeException: Index was out of range. Must be non-negative and less than the size of the collection. (Parameter 'index')
   at System.Collections.Generic.List`1.get_Item(Int32 index)
   at MudBlazor.MudTabs.set_ActivePanelIndex(Int32 value)
   at Microsoft.AspNetCore.Components.Reflection.PropertySetter.CallPropertySetter[TTarget,TValue](Action`2 setter, Object target, Object value)
   at Microsoft.AspNetCore.Components.Reflection.ComponentProperties.<SetProperties>g__SetProperty|3_0(Object target, PropertySetter writer, String parameterName, Object value)
   --- End of inner exception stack trace ---
   at Microsoft.AspNetCore.Components.Reflection.ComponentProperties.<SetProperties>g__SetProperty|3_0(Object target, PropertySetter writer, String parameterName, Object value)
   at Microsoft.AspNetCore.Components.Reflection.ComponentProperties.SetProperties(ParameterView& parameters, Object target)
   at Microsoft.AspNetCore.Components.ComponentBase.SetParametersAsync(ParameterView parameters)
   at Microsoft.AspNetCore.Components.Rendering.ComponentState.SupplyCombinedParameters(ParameterView directAndCascadingParameters)
Microsoft.AspNetCore.Components.Server.Circuits.RemoteRenderer[14 - .NET ThreadPool Worker] 
      2022/03/26 21:29:38.037 - [WARN]: Unhandled exception rendering component: Cannot access a disposed object. 
 System.ObjectDisposedException: Cannot access a disposed object.
   at Microsoft.AspNetCore.Components.RenderTree.ArrayBuilder`1.ThrowObjectDisposedException()
   at Microsoft.AspNetCore.Components.RenderTree.ArrayBuilder`1.GrowBuffer(Int32 desiredCapacity)
   at Microsoft.AspNetCore.Components.RenderTree.RenderTreeDiffBuilder.AppendStepOut(DiffContext& diffContext)
   at Microsoft.AspNetCore.Components.RenderTree.RenderTreeDiffBuilder.AppendDiffEntriesForFramesWithSameSequence(DiffContext& diffContext, Int32 oldFrameIndex, Int32 newFrameIndex)
   at Microsoft.AspNetCore.Components.RenderTree.RenderTreeDiffBuilder.AppendDiffEntriesForRange(DiffContext& diffContext, Int32 oldStartIndex, Int32 oldEndIndexExcl, Int32 newStartIndex, Int32 newEndIndexExcl)
   at Microsoft.AspNetCore.Components.RenderTree.RenderTreeDiffBuilder.ComputeDiff(Renderer renderer, RenderBatchBuilder batchBuilder, Int32 componentId, ArrayRange`1 oldTree, ArrayRange`1 newTree)
   at Microsoft.AspNetCore.Components.Rendering.ComponentState.RenderIntoBatch(RenderBatchBuilder batchBuilder, RenderFragment renderFragment, Exception& renderFragmentException)
   at Microsoft.AspNetCore.Components.RenderTree.Renderer.ProcessRenderQueue()
Microsoft.AspNetCore.Components.Server.Circuits.CircuitHost[14 - .NET ThreadPool Worker] 
      2022/03/26 21:29:38.037 - [ERROR]: Unhandled exception in circuit '32IGqZnSvKilFHtj1-El8x8PP380IROAGuSRJ_wQhqo'. 
 System.ObjectDisposedException: Cannot access a disposed object.
   at Microsoft.AspNetCore.Components.RenderTree.ArrayBuilder`1.ThrowObjectDisposedException()
   at Microsoft.AspNetCore.Components.RenderTree.ArrayBuilder`1.GrowBuffer(Int32 desiredCapacity)
   at Microsoft.AspNetCore.Components.RenderTree.RenderTreeDiffBuilder.AppendStepOut(DiffContext& diffContext)
   at Microsoft.AspNetCore.Components.RenderTree.RenderTreeDiffBuilder.AppendDiffEntriesForFramesWithSameSequence(DiffContext& diffContext, Int32 oldFrameIndex, Int32 newFrameIndex)
   at Microsoft.AspNetCore.Components.RenderTree.RenderTreeDiffBuilder.AppendDiffEntriesForRange(DiffContext& diffContext, Int32 oldStartIndex, Int32 oldEndIndexExcl, Int32 newStartIndex, Int32 newEndIndexExcl)
   at Microsoft.AspNetCore.Components.RenderTree.RenderTreeDiffBuilder.ComputeDiff(Renderer renderer, RenderBatchBuilder batchBuilder, Int32 componentId, ArrayRange`1 oldTree, ArrayRange`1 newTree)
   at Microsoft.AspNetCore.Components.Rendering.ComponentState.RenderIntoBatch(RenderBatchBuilder batchBuilder, RenderFragment renderFragment, Exception& renderFragmentException)
   at Microsoft.AspNetCore.Components.RenderTree.Renderer.ProcessRenderQueue()
LedController.WebPortal.Web.Components.EffectEditor[10 - .NET ThreadPool Worker] 
      2022/03/26 21:29:41.549 - [DEBUG]: Starting effect editor for Test Effect. 
 
LedController.WebPortal.Web.Components.EffectEditor[6 - .NET ThreadPool Worker] 
      2022/03/26 21:29:42.333 - [DEBUG]: Starting effect editor for Test Effect. 
 
LedController.WebPortal.Web.Components.EffectEditor[10 - .NET ThreadPool Worker] 
      2022/03/26 21:29:42.362 - [DEBUG]: Starting monaco editor for effect Test Effect. 
 
LedController.WebPortal.Web.Components.EffectEditor[6 - .NET ThreadPool Worker] 
      2022/03/26 21:29:44.031 - [DEBUG]: Starting effect editor for Test Effect 2. 
 
LedController.WebPortal.Web.Components.EffectEditor[6 - .NET ThreadPool Worker] 
      2022/03/26 21:29:44.031 - [DEBUG]: Starting monaco editor for effect Test Effect 2. 
 
LedController.WebPortal.Web.Components.EffectEditor[13 - .NET ThreadPool Worker] 
      2022/03/26 21:29:46.331 - [DEBUG]: Starting effect editor for Test Effect. 
 
LedController.WebPortal.Web.Components.EffectEditor[18 - .NET ThreadPool Worker] 
      2022/03/26 21:29:46.337 - [DEBUG]: Starting monaco editor for effect Test Effect. 
 
LedController.WebPortal.Web.Components.EffectEditor[10 - .NET ThreadPool Worker] 
      2022/03/26 21:29:47.097 - [DEBUG]: Starting effect editor for Test Effect 2. 
 
LedController.WebPortal.Web.Components.EffectEditor[9 - .NET ThreadPool Worker] 
      2022/03/26 21:29:47.101 - [DEBUG]: Starting monaco editor for effect Test Effect 2. 
 
LedController.WebPortal.Web.Components.EffectEditor[14 - .NET ThreadPool Worker] 
      2022/03/26 21:29:49.032 - [DEBUG]: Starting effect editor for Test Effect. 
 
LedController.WebPortal.Web.Components.EffectEditor[18 - .NET ThreadPool Worker] 
      2022/03/26 21:29:49.038 - [DEBUG]: Starting monaco editor for effect Test Effect. 
 
LedController.WebPortal.Web.Components.EffectEditor[10 - .NET ThreadPool Worker] 
      2022/03/26 21:29:49.926 - [DEBUG]: Starting effect editor for Test Effect 2. 
 
LedController.WebPortal.Web.Components.EffectEditor[15 - .NET ThreadPool Worker] 
      2022/03/26 21:29:49.932 - [DEBUG]: Starting monaco editor for effect Test Effect 2. 
 
LedController.WebPortal.Web.Components.EffectEditor[9 - .NET ThreadPool Worker] 
      2022/03/26 21:29:50.806 - [DEBUG]: Starting effect editor for Test Effect. 
 
LedController.WebPortal.Web.Components.EffectEditor[10 - .NET ThreadPool Worker] 
      2022/03/26 21:29:50.806 - [DEBUG]: Starting monaco editor for effect Test Effect. 
 
LedController.WebPortal.Web.Components.EffectEditor[23 - .NET ThreadPool Worker] 
      2022/03/26 21:29:51.566 - [DEBUG]: Starting effect editor for Test Effect 2. 
 
LedController.WebPortal.Web.Components.EffectEditor[6 - .NET ThreadPool Worker] 
      2022/03/26 21:29:51.574 - [DEBUG]: Starting monaco editor for effect Test Effect 2. 
 
Microsoft.Extensions.Hosting.Internal.Host[1 - ] 
      2022/03/26 21:34:03.038 - [DEBUG]: Hosting starting 
 
LedController.WebPortal.Core.Services.DiscoveryService[1 - ] 
      2022/03/26 21:34:03.080 - [DEBUG]: Starting the discovery service. 
 
LedController.WebPortal.Core.Services.DiscoveryService[1 - ] 
      2022/03/26 21:34:03.080 - [DEBUG]: Creating a new UDP client to be used for broadcasting the server information. This wil happen on UDP port 8472. 
 
LedController.WebPortal.Core.Services.DiscoveryService[1 - ] 
      2022/03/26 21:34:03.095 - [DEBUG]: The discovery service has started. 
 
LedController.WebPortal.Core.Services.DiscoveryService[12 - .NET ThreadPool Worker] 
      2022/03/26 21:34:03.095 - [TRACE]: Start sending message to controllers to be discovered. 
 
Microsoft.Hosting.Lifetime[1 - ] 
      2022/03/26 21:34:03.253 - [INFO]: Now listening on: http://localhost:5097 
 
Microsoft.Hosting.Lifetime[1 - ] 
      2022/03/26 21:34:03.257 - [INFO]: Application started. Press Ctrl+C to shut down. 
 
Microsoft.Hosting.Lifetime[1 - ] 
      2022/03/26 21:34:03.257 - [INFO]: Hosting environment: Development 
 
Microsoft.Hosting.Lifetime[1 - ] 
      2022/03/26 21:34:03.257 - [INFO]: Content root path: D:\Projects\LedController_net5\LedController.WebPortal.Web\ 
 
Microsoft.Extensions.Hosting.Internal.Host[1 - ] 
      2022/03/26 21:34:03.257 - [DEBUG]: Hosting started 
 
LedController.WebPortal.Web.Pages.Index[6 - .NET ThreadPool Worker] 
      2022/03/26 21:34:05.859 - [INFO]: Opening the index page. 
 
LedController.WebPortal.Web.Pages.Index[12 - .NET ThreadPool Worker] 
      2022/03/26 21:34:07.613 - [INFO]: Opening the index page. 
 
LedController.WebPortal.Web.Components.EffectEditor[15 - .NET ThreadPool Worker] 
      2022/03/26 21:34:08.970 - [DEBUG]: Starting effect editor for Test Effect. 
 
LedController.WebPortal.Web.Components.EffectEditor[6 - .NET ThreadPool Worker] 
      2022/03/26 21:34:09.017 - [DEBUG]: Starting monaco editor for effect Test Effect. 
 
LedController.WebPortal.Web.Dialogs.EditSpiBusDialog[9 - .NET ThreadPool Worker] 
      2022/03/26 21:34:24.032 - [INFO]: Creating a new effect with name Test Again. 
 
LedController.WebPortal.Core.Factories.EffectFactory[9 - .NET ThreadPool Worker] 
      2022/03/26 21:34:24.032 - [DEBUG]: Creating a new effect. 
 
LedController.WebPortal.Web.Dialogs.EditSpiBusDialog[9 - .NET ThreadPool Worker] 
      2022/03/26 21:34:24.244 - [INFO]: Effect has been saved. 
 
Microsoft.AspNetCore.Components.Server.Circuits.RemoteRenderer[9 - .NET ThreadPool Worker] 
      2022/03/26 21:34:24.256 - [WARN]: Unhandled exception rendering component: Unable to set property 'ActivePanelIndex' on object of type 'MudBlazor.MudTabs'. The error was: Index was out of range. Must be non-negative and less than the size of the collection. (Parameter 'index') 
 System.InvalidOperationException: Unable to set property 'ActivePanelIndex' on object of type 'MudBlazor.MudTabs'. The error was: Index was out of range. Must be non-negative and less than the size of the collection. (Parameter 'index')
 ---> System.ArgumentOutOfRangeException: Index was out of range. Must be non-negative and less than the size of the collection. (Parameter 'index')
   at System.Collections.Generic.List`1.get_Item(Int32 index)
   at MudBlazor.MudTabs.set_ActivePanelIndex(Int32 value)
   at Microsoft.AspNetCore.Components.Reflection.PropertySetter.CallPropertySetter[TTarget,TValue](Action`2 setter, Object target, Object value)
   at Microsoft.AspNetCore.Components.Reflection.ComponentProperties.<SetProperties>g__SetProperty|3_0(Object target, PropertySetter writer, String parameterName, Object value)
   --- End of inner exception stack trace ---
   at Microsoft.AspNetCore.Components.Reflection.ComponentProperties.<SetProperties>g__SetProperty|3_0(Object target, PropertySetter writer, String parameterName, Object value)
   at Microsoft.AspNetCore.Components.Reflection.ComponentProperties.SetProperties(ParameterView& parameters, Object target)
   at Microsoft.AspNetCore.Components.ComponentBase.SetParametersAsync(ParameterView parameters)
   at Microsoft.AspNetCore.Components.Rendering.ComponentState.SupplyCombinedParameters(ParameterView directAndCascadingParameters)
Microsoft.AspNetCore.Components.Server.Circuits.CircuitHost[9 - .NET ThreadPool Worker] 
      2022/03/26 21:34:24.287 - [ERROR]: Unhandled exception in circuit '7byLit2GSTI1Yo7pozOIpdSte1lJ8OIexmmS2_rIFvU'. 
 System.InvalidOperationException: Unable to set property 'ActivePanelIndex' on object of type 'MudBlazor.MudTabs'. The error was: Index was out of range. Must be non-negative and less than the size of the collection. (Parameter 'index')
 ---> System.ArgumentOutOfRangeException: Index was out of range. Must be non-negative and less than the size of the collection. (Parameter 'index')
   at System.Collections.Generic.List`1.get_Item(Int32 index)
   at MudBlazor.MudTabs.set_ActivePanelIndex(Int32 value)
   at Microsoft.AspNetCore.Components.Reflection.PropertySetter.CallPropertySetter[TTarget,TValue](Action`2 setter, Object target, Object value)
   at Microsoft.AspNetCore.Components.Reflection.ComponentProperties.<SetProperties>g__SetProperty|3_0(Object target, PropertySetter writer, String parameterName, Object value)
   --- End of inner exception stack trace ---
   at Microsoft.AspNetCore.Components.Reflection.ComponentProperties.<SetProperties>g__SetProperty|3_0(Object target, PropertySetter writer, String parameterName, Object value)
   at Microsoft.AspNetCore.Components.Reflection.ComponentProperties.SetProperties(ParameterView& parameters, Object target)
   at Microsoft.AspNetCore.Components.ComponentBase.SetParametersAsync(ParameterView parameters)
   at Microsoft.AspNetCore.Components.Rendering.ComponentState.SupplyCombinedParameters(ParameterView directAndCascadingParameters)
Microsoft.AspNetCore.Components.Server.Circuits.RemoteRenderer[9 - .NET ThreadPool Worker] 
      2022/03/26 21:34:24.310 - [WARN]: Unhandled exception rendering component: Cannot access a disposed object. 
 System.ObjectDisposedException: Cannot access a disposed object.
   at Microsoft.AspNetCore.Components.RenderTree.ArrayBuilder`1.ThrowObjectDisposedException()
   at Microsoft.AspNetCore.Components.RenderTree.ArrayBuilder`1.GrowBuffer(Int32 desiredCapacity)
   at Microsoft.AspNetCore.Components.RenderTree.RenderTreeDiffBuilder.AppendStepOut(DiffContext& diffContext)
   at Microsoft.AspNetCore.Components.RenderTree.RenderTreeDiffBuilder.AppendDiffEntriesForFramesWithSameSequence(DiffContext& diffContext, Int32 oldFrameIndex, Int32 newFrameIndex)
   at Microsoft.AspNetCore.Components.RenderTree.RenderTreeDiffBuilder.AppendDiffEntriesForRange(DiffContext& diffContext, Int32 oldStartIndex, Int32 oldEndIndexExcl, Int32 newStartIndex, Int32 newEndIndexExcl)
   at Microsoft.AspNetCore.Components.RenderTree.RenderTreeDiffBuilder.ComputeDiff(Renderer renderer, RenderBatchBuilder batchBuilder, Int32 componentId, ArrayRange`1 oldTree, ArrayRange`1 newTree)
   at Microsoft.AspNetCore.Components.Rendering.ComponentState.RenderIntoBatch(RenderBatchBuilder batchBuilder, RenderFragment renderFragment, Exception& renderFragmentException)
   at Microsoft.AspNetCore.Components.RenderTree.Renderer.ProcessRenderQueue()
Microsoft.AspNetCore.Components.Server.Circuits.CircuitHost[9 - .NET ThreadPool Worker] 
      2022/03/26 21:34:24.310 - [ERROR]: Unhandled exception in circuit '7byLit2GSTI1Yo7pozOIpdSte1lJ8OIexmmS2_rIFvU'. 
 System.ObjectDisposedException: Cannot access a disposed object.
   at Microsoft.AspNetCore.Components.RenderTree.ArrayBuilder`1.ThrowObjectDisposedException()
   at Microsoft.AspNetCore.Components.RenderTree.ArrayBuilder`1.GrowBuffer(Int32 desiredCapacity)
   at Microsoft.AspNetCore.Components.RenderTree.RenderTreeDiffBuilder.AppendStepOut(DiffContext& diffContext)
   at Microsoft.AspNetCore.Components.RenderTree.RenderTreeDiffBuilder.AppendDiffEntriesForFramesWithSameSequence(DiffContext& diffContext, Int32 oldFrameIndex, Int32 newFrameIndex)
   at Microsoft.AspNetCore.Components.RenderTree.RenderTreeDiffBuilder.AppendDiffEntriesForRange(DiffContext& diffContext, Int32 oldStartIndex, Int32 oldEndIndexExcl, Int32 newStartIndex, Int32 newEndIndexExcl)
   at Microsoft.AspNetCore.Components.RenderTree.RenderTreeDiffBuilder.ComputeDiff(Renderer renderer, RenderBatchBuilder batchBuilder, Int32 componentId, ArrayRange`1 oldTree, ArrayRange`1 newTree)
   at Microsoft.AspNetCore.Components.Rendering.ComponentState.RenderIntoBatch(RenderBatchBuilder batchBuilder, RenderFragment renderFragment, Exception& renderFragmentException)
   at Microsoft.AspNetCore.Components.RenderTree.Renderer.ProcessRenderQueue()
LedController.WebPortal.Web.Components.EffectEditor[6 - .NET ThreadPool Worker] 
      2022/03/26 21:35:01.340 - [DEBUG]: Starting effect editor for Test Effect. 
 
LedController.WebPortal.Web.Components.EffectEditor[12 - .NET ThreadPool Worker] 
      2022/03/26 21:35:02.443 - [DEBUG]: Starting effect editor for Test Effect. 
 
LedController.WebPortal.Web.Components.EffectEditor[12 - .NET ThreadPool Worker] 
      2022/03/26 21:35:02.500 - [DEBUG]: Starting monaco editor for effect Test Effect. 
 
LedController.WebPortal.Web.Dialogs.EditSpiBusDialog[9 - .NET ThreadPool Worker] 
      2022/03/26 21:35:09.856 - [INFO]: Creating a new effect with name Test Formore. 
 
LedController.WebPortal.Core.Factories.EffectFactory[9 - .NET ThreadPool Worker] 
      2022/03/26 21:35:09.856 - [DEBUG]: Creating a new effect. 
 
LedController.WebPortal.Web.Dialogs.EditSpiBusDialog[9 - .NET ThreadPool Worker] 
      2022/03/26 21:35:09.874 - [INFO]: Effect has been saved. 
 
Microsoft.AspNetCore.Components.Server.Circuits.RemoteRenderer[9 - .NET ThreadPool Worker] 
      2022/03/26 21:36:08.816 - [WARN]: Unhandled exception rendering component: Unable to set property 'ActivePanelIndex' on object of type 'MudBlazor.MudTabs'. The error was: Index was out of range. Must be non-negative and less than the size of the collection. (Parameter 'index') 
 System.InvalidOperationException: Unable to set property 'ActivePanelIndex' on object of type 'MudBlazor.MudTabs'. The error was: Index was out of range. Must be non-negative and less than the size of the collection. (Parameter 'index')
 ---> System.ArgumentOutOfRangeException: Index was out of range. Must be non-negative and less than the size of the collection. (Parameter 'index')
   at System.Collections.Generic.List`1.get_Item(Int32 index)
   at MudBlazor.MudTabs.set_ActivePanelIndex(Int32 value)
   at Microsoft.AspNetCore.Components.Reflection.PropertySetter.CallPropertySetter[TTarget,TValue](Action`2 setter, Object target, Object value)
   at Microsoft.AspNetCore.Components.Reflection.ComponentProperties.<SetProperties>g__SetProperty|3_0(Object target, PropertySetter writer, String parameterName, Object value)
   --- End of inner exception stack trace ---
   at Microsoft.AspNetCore.Components.Reflection.ComponentProperties.<SetProperties>g__SetProperty|3_0(Object target, PropertySetter writer, String parameterName, Object value)
   at Microsoft.AspNetCore.Components.Reflection.ComponentProperties.SetProperties(ParameterView& parameters, Object target)
   at Microsoft.AspNetCore.Components.ComponentBase.SetParametersAsync(ParameterView parameters)
   at Microsoft.AspNetCore.Components.Rendering.ComponentState.SupplyCombinedParameters(ParameterView directAndCascadingParameters)
Microsoft.AspNetCore.Components.Server.Circuits.CircuitHost[9 - .NET ThreadPool Worker] 
      2022/03/26 21:36:08.818 - [ERROR]: Unhandled exception in circuit 'IbMsWh1jksceeD69ahuZ4lr2ZW0SaEBGOuJZFNNZTvo'. 
 System.InvalidOperationException: Unable to set property 'ActivePanelIndex' on object of type 'MudBlazor.MudTabs'. The error was: Index was out of range. Must be non-negative and less than the size of the collection. (Parameter 'index')
 ---> System.ArgumentOutOfRangeException: Index was out of range. Must be non-negative and less than the size of the collection. (Parameter 'index')
   at System.Collections.Generic.List`1.get_Item(Int32 index)
   at MudBlazor.MudTabs.set_ActivePanelIndex(Int32 value)
   at Microsoft.AspNetCore.Components.Reflection.PropertySetter.CallPropertySetter[TTarget,TValue](Action`2 setter, Object target, Object value)
   at Microsoft.AspNetCore.Components.Reflection.ComponentProperties.<SetProperties>g__SetProperty|3_0(Object target, PropertySetter writer, String parameterName, Object value)
   --- End of inner exception stack trace ---
   at Microsoft.AspNetCore.Components.Reflection.ComponentProperties.<SetProperties>g__SetProperty|3_0(Object target, PropertySetter writer, String parameterName, Object value)
   at Microsoft.AspNetCore.Components.Reflection.ComponentProperties.SetProperties(ParameterView& parameters, Object target)
   at Microsoft.AspNetCore.Components.ComponentBase.SetParametersAsync(ParameterView parameters)
   at Microsoft.AspNetCore.Components.Rendering.ComponentState.SupplyCombinedParameters(ParameterView directAndCascadingParameters)
Microsoft.AspNetCore.Components.Server.Circuits.RemoteRenderer[9 - .NET ThreadPool Worker] 
      2022/03/26 21:36:08.818 - [WARN]: Unhandled exception rendering component: Cannot access a disposed object. 
 System.ObjectDisposedException: Cannot access a disposed object.
   at Microsoft.AspNetCore.Components.RenderTree.ArrayBuilder`1.ThrowObjectDisposedException()
   at Microsoft.AspNetCore.Components.RenderTree.ArrayBuilder`1.GrowBuffer(Int32 desiredCapacity)
   at Microsoft.AspNetCore.Components.RenderTree.RenderTreeDiffBuilder.AppendStepOut(DiffContext& diffContext)
   at Microsoft.AspNetCore.Components.RenderTree.RenderTreeDiffBuilder.AppendDiffEntriesForFramesWithSameSequence(DiffContext& diffContext, Int32 oldFrameIndex, Int32 newFrameIndex)
   at Microsoft.AspNetCore.Components.RenderTree.RenderTreeDiffBuilder.AppendDiffEntriesForRange(DiffContext& diffContext, Int32 oldStartIndex, Int32 oldEndIndexExcl, Int32 newStartIndex, Int32 newEndIndexExcl)
   at Microsoft.AspNetCore.Components.RenderTree.RenderTreeDiffBuilder.ComputeDiff(Renderer renderer, RenderBatchBuilder batchBuilder, Int32 componentId, ArrayRange`1 oldTree, ArrayRange`1 newTree)
   at Microsoft.AspNetCore.Components.Rendering.ComponentState.RenderIntoBatch(RenderBatchBuilder batchBuilder, RenderFragment renderFragment, Exception& renderFragmentException)
   at Microsoft.AspNetCore.Components.RenderTree.Renderer.ProcessRenderQueue()
Microsoft.AspNetCore.Components.Server.Circuits.CircuitHost[9 - .NET ThreadPool Worker] 
      2022/03/26 21:36:08.818 - [ERROR]: Unhandled exception in circuit 'IbMsWh1jksceeD69ahuZ4lr2ZW0SaEBGOuJZFNNZTvo'. 
 System.ObjectDisposedException: Cannot access a disposed object.
   at Microsoft.AspNetCore.Components.RenderTree.ArrayBuilder`1.ThrowObjectDisposedException()
   at Microsoft.AspNetCore.Components.RenderTree.ArrayBuilder`1.GrowBuffer(Int32 desiredCapacity)
   at Microsoft.AspNetCore.Components.RenderTree.RenderTreeDiffBuilder.AppendStepOut(DiffContext& diffContext)
   at Microsoft.AspNetCore.Components.RenderTree.RenderTreeDiffBuilder.AppendDiffEntriesForFramesWithSameSequence(DiffContext& diffContext, Int32 oldFrameIndex, Int32 newFrameIndex)
   at Microsoft.AspNetCore.Components.RenderTree.RenderTreeDiffBuilder.AppendDiffEntriesForRange(DiffContext& diffContext, Int32 oldStartIndex, Int32 oldEndIndexExcl, Int32 newStartIndex, Int32 newEndIndexExcl)
   at Microsoft.AspNetCore.Components.RenderTree.RenderTreeDiffBuilder.ComputeDiff(Renderer renderer, RenderBatchBuilder batchBuilder, Int32 componentId, ArrayRange`1 oldTree, ArrayRange`1 newTree)
   at Microsoft.AspNetCore.Components.Rendering.ComponentState.RenderIntoBatch(RenderBatchBuilder batchBuilder, RenderFragment renderFragment, Exception& renderFragmentException)
   at Microsoft.AspNetCore.Components.RenderTree.Renderer.ProcessRenderQueue()
LedController.WebPortal.Web.Components.EffectEditor[36 - .NET ThreadPool Worker] 
      2022/03/26 21:36:19.761 - [DEBUG]: Starting effect editor for Test Effect. 
 
LedController.WebPortal.Web.Components.EffectEditor[46 - .NET ThreadPool Worker] 
      2022/03/26 21:36:20.939 - [DEBUG]: Starting effect editor for Test Effect. 
 
LedController.WebPortal.Web.Components.EffectEditor[36 - .NET ThreadPool Worker] 
      2022/03/26 21:36:20.996 - [DEBUG]: Starting monaco editor for effect Test Effect. 
 
LedController.WebPortal.Web.Components.EffectEditor[9 - .NET ThreadPool Worker] 
      2022/03/26 21:36:22.083 - [DEBUG]: Starting effect editor for Test Formore. 
 
LedController.WebPortal.Web.Components.EffectEditor[36 - .NET ThreadPool Worker] 
      2022/03/26 21:36:22.092 - [DEBUG]: Starting monaco editor for effect Test Formore. 
 
LedController.WebPortal.Web.Components.EffectEditor[36 - .NET ThreadPool Worker] 
      2022/03/26 21:36:23.056 - [DEBUG]: Starting effect editor for Test Again. 
 
LedController.WebPortal.Web.Components.EffectEditor[36 - .NET ThreadPool Worker] 
      2022/03/26 21:36:23.056 - [DEBUG]: Starting monaco editor for effect Test Again. 
 
LedController.WebPortal.Web.Components.EffectEditor[39 - .NET ThreadPool Worker] 
      2022/03/26 21:36:23.681 - [DEBUG]: Starting effect editor for Test Formore. 
 
LedController.WebPortal.Web.Components.EffectEditor[39 - .NET ThreadPool Worker] 
      2022/03/26 21:36:23.681 - [DEBUG]: Starting monaco editor for effect Test Formore. 
 
Microsoft.Extensions.Hosting.Internal.Host[1 - ] 
      2022/03/26 21:38:36.842 - [DEBUG]: Hosting starting 
 
LedController.WebPortal.Core.Services.DiscoveryService[1 - ] 
      2022/03/26 21:38:36.876 - [DEBUG]: Starting the discovery service. 
 
LedController.WebPortal.Core.Services.DiscoveryService[1 - ] 
      2022/03/26 21:38:36.876 - [DEBUG]: Creating a new UDP client to be used for broadcasting the server information. This wil happen on UDP port 8472. 
 
LedController.WebPortal.Core.Services.DiscoveryService[1 - ] 
      2022/03/26 21:38:36.888 - [DEBUG]: The discovery service has started. 
 
LedController.WebPortal.Core.Services.DiscoveryService[6 - .NET ThreadPool Worker] 
      2022/03/26 21:38:36.888 - [TRACE]: Start sending message to controllers to be discovered. 
 
Microsoft.Hosting.Lifetime[1 - ] 
      2022/03/26 21:38:36.960 - [INFO]: Now listening on: http://localhost:5097 
 
Microsoft.Hosting.Lifetime[1 - ] 
      2022/03/26 21:38:36.960 - [INFO]: Application started. Press Ctrl+C to shut down. 
 
Microsoft.Hosting.Lifetime[1 - ] 
      2022/03/26 21:38:36.960 - [INFO]: Hosting environment: Development 
 
Microsoft.Hosting.Lifetime[1 - ] 
      2022/03/26 21:38:36.960 - [INFO]: Content root path: D:\Projects\LedController_net5\LedController.WebPortal.Web\ 
 
Microsoft.Extensions.Hosting.Internal.Host[1 - ] 
      2022/03/26 21:38:36.960 - [DEBUG]: Hosting started 
 
LedController.WebPortal.Web.Pages.Index[6 - .NET ThreadPool Worker] 
      2022/03/26 21:38:38.849 - [INFO]: Opening the index page. 
 
LedController.WebPortal.Web.Pages.Index[10 - .NET ThreadPool Worker] 
      2022/03/26 21:38:40.638 - [INFO]: Opening the index page. 
 
LedController.WebPortal.Web.Components.EffectEditor[10 - .NET ThreadPool Worker] 
      2022/03/26 21:38:44.390 - [DEBUG]: Starting effect editor for Test Effect. 
 
LedController.WebPortal.Web.Components.EffectEditor[15 - .NET ThreadPool Worker] 
      2022/03/26 21:38:44.454 - [DEBUG]: Starting monaco editor for effect Test Effect. 
 
LedController.WebPortal.Web.Components.EffectEditor[10 - .NET ThreadPool Worker] 
      2022/03/26 21:38:47.655 - [DEBUG]: Starting effect editor for Test Again. 
 
LedController.WebPortal.Web.Components.EffectEditor[10 - .NET ThreadPool Worker] 
      2022/03/26 21:38:47.662 - [DEBUG]: Starting monaco editor for effect Test Again. 
 
LedController.WebPortal.Web.Components.EffectEditor[6 - .NET ThreadPool Worker] 
      2022/03/26 21:38:48.530 - [DEBUG]: Starting effect editor for Test Effect 2. 
 
LedController.WebPortal.Web.Components.EffectEditor[15 - .NET ThreadPool Worker] 
      2022/03/26 21:38:48.530 - [DEBUG]: Starting monaco editor for effect Test Effect 2. 
 
Microsoft.Extensions.Hosting.Internal.Host[1 - ] 
      2022/03/26 21:40:25.839 - [DEBUG]: Hosting starting 
 
LedController.WebPortal.Core.Services.DiscoveryService[1 - ] 
      2022/03/26 21:40:25.875 - [DEBUG]: Starting the discovery service. 
 
LedController.WebPortal.Core.Services.DiscoveryService[1 - ] 
      2022/03/26 21:40:25.875 - [DEBUG]: Creating a new UDP client to be used for broadcasting the server information. This wil happen on UDP port 8472. 
 
LedController.WebPortal.Core.Services.DiscoveryService[1 - ] 
      2022/03/26 21:40:25.886 - [DEBUG]: The discovery service has started. 
 
LedController.WebPortal.Core.Services.DiscoveryService[13 - .NET ThreadPool Worker] 
      2022/03/26 21:40:25.886 - [TRACE]: Start sending message to controllers to be discovered. 
 
Microsoft.Hosting.Lifetime[1 - ] 
      2022/03/26 21:40:25.951 - [INFO]: Now listening on: http://localhost:5097 
 
Microsoft.Hosting.Lifetime[1 - ] 
      2022/03/26 21:40:25.951 - [INFO]: Application started. Press Ctrl+C to shut down. 
 
Microsoft.Hosting.Lifetime[1 - ] 
      2022/03/26 21:40:25.951 - [INFO]: Hosting environment: Development 
 
Microsoft.Hosting.Lifetime[1 - ] 
      2022/03/26 21:40:25.951 - [INFO]: Content root path: D:\Projects\LedController_net5\LedController.WebPortal.Web\ 
 
Microsoft.Extensions.Hosting.Internal.Host[1 - ] 
      2022/03/26 21:40:25.951 - [DEBUG]: Hosting started 
 
LedController.WebPortal.Web.Pages.Index[6 - .NET ThreadPool Worker] 
      2022/03/26 21:40:27.883 - [INFO]: Opening the index page. 
 
LedController.WebPortal.Web.Pages.Index[6 - .NET ThreadPool Worker] 
      2022/03/26 21:40:29.826 - [INFO]: Opening the index page. 
 
LedController.WebPortal.Web.Components.EffectEditor[12 - .NET ThreadPool Worker] 
      2022/03/26 21:40:36.246 - [DEBUG]: Starting effect editor for Test Effect. 
 
LedController.WebPortal.Web.Components.EffectEditor[13 - .NET ThreadPool Worker] 
      2022/03/26 21:40:36.293 - [DEBUG]: Starting monaco editor for effect Test Effect. 
 
LedController.WebPortal.Web.Components.EffectEditor[6 - .NET ThreadPool Worker] 
      2022/03/26 21:40:40.414 - [DEBUG]: Starting effect editor for Test Effect 2. 
 
LedController.WebPortal.Web.Components.EffectEditor[13 - .NET ThreadPool Worker] 
      2022/03/26 21:40:40.414 - [DEBUG]: Starting monaco editor for effect Test Effect 2. 
 
LedController.WebPortal.Web.Components.EffectEditor[9 - .NET ThreadPool Worker] 
      2022/03/26 21:40:41.068 - [DEBUG]: Starting effect editor for Test Again. 
 
LedController.WebPortal.Web.Components.EffectEditor[9 - .NET ThreadPool Worker] 
      2022/03/26 21:40:41.074 - [DEBUG]: Starting monaco editor for effect Test Again. 
 
LedController.WebPortal.Web.Components.EffectEditor[12 - .NET ThreadPool Worker] 
      2022/03/26 21:40:41.545 - [DEBUG]: Starting effect editor for Test Formore. 
 
LedController.WebPortal.Web.Components.EffectEditor[9 - .NET ThreadPool Worker] 
      2022/03/26 21:40:41.545 - [DEBUG]: Starting monaco editor for effect Test Formore. 
 
LedController.WebPortal.Web.Components.EffectEditor[13 - .NET ThreadPool Worker] 
      2022/03/26 21:40:48.755 - [DEBUG]: Starting effect editor for Test Again. 
 
LedController.WebPortal.Web.Components.EffectEditor[9 - .NET ThreadPool Worker] 
      2022/03/26 21:40:48.760 - [DEBUG]: Starting monaco editor for effect Test Again. 
 
LedController.WebPortal.Web.Components.EffectEditor[9 - .NET ThreadPool Worker] 
      2022/03/26 21:40:53.001 - [DEBUG]: Starting effect editor for Test Effect 2. 
 
LedController.WebPortal.Web.Components.EffectEditor[12 - .NET ThreadPool Worker] 
      2022/03/26 21:40:53.006 - [DEBUG]: Starting monaco editor for effect Test Effect 2. 
 
LedController.WebPortal.Web.Components.EffectEditor[6 - .NET ThreadPool Worker] 
      2022/03/26 21:40:58.031 - [DEBUG]: Starting effect editor for Test Formore. 
 
LedController.WebPortal.Web.Components.EffectEditor[12 - .NET ThreadPool Worker] 
      2022/03/26 21:40:58.031 - [DEBUG]: Starting monaco editor for effect Test Formore. 
 
LedController.WebPortal.Web.Components.EffectEditor[12 - .NET ThreadPool Worker] 
      2022/03/26 21:41:00.798 - [DEBUG]: Starting effect editor for Test Effect. 
 
LedController.WebPortal.Web.Components.EffectEditor[9 - .NET ThreadPool Worker] 
      2022/03/26 21:41:00.805 - [DEBUG]: Starting monaco editor for effect Test Effect. 
 
LedController.WebPortal.Web.Components.EffectEditor[6 - .NET ThreadPool Worker] 
      2022/03/26 21:41:04.400 - [DEBUG]: Starting effect editor for Test Formore. 
 
LedController.WebPortal.Web.Components.EffectEditor[15 - .NET ThreadPool Worker] 
      2022/03/26 21:41:04.400 - [DEBUG]: Starting monaco editor for effect Test Formore. 
 
Microsoft.AspNetCore.Components.Server.Circuits.RemoteRenderer[13 - .NET ThreadPool Worker] 
      2022/03/26 21:41:23.886 - [WARN]: Unhandled exception rendering component: Operation is not supported on this platform. 
 System.PlatformNotSupportedException: Operation is not supported on this platform.
   at Microsoft.CSharp.CSharpCodeGenerator.FromFileBatch(CompilerParameters options, String[] fileNames)
   at Microsoft.CSharp.CSharpCodeGenerator.FromSourceBatch(CompilerParameters options, String[] sources)
   at Microsoft.CSharp.CSharpCodeGenerator.System.CodeDom.Compiler.ICodeCompiler.CompileAssemblyFromSourceBatch(CompilerParameters options, String[] sources)
   at System.CodeDom.Compiler.CodeDomProvider.CompileAssemblyFromSource(CompilerParameters options, String[] sources)
   at LedController.WebPortal.Core.Services.EffectService.CompileAssemblies(Effect effect, String[] files) in D:\Projects\LedController_net5\LedController.Portal.Core\Services\EffectService.cs:line 109
   at LedController.WebPortal.Core.Services.EffectService.CompileEffectAsync(Effect effect) in D:\Projects\LedController_net5\LedController.Portal.Core\Services\EffectService.cs:line 47
   at LedController.WebPortal.Web.Components.EffectEditor.BuildEffectAsync() in D:\Projects\LedController_net5\LedController.WebPortal.Web\Components\EffectEditor.razor.cs:line 112
   at Microsoft.AspNetCore.Components.ComponentBase.CallStateHasChangedOnAsyncCompletion(Task task)
   at MudBlazor.MudBaseButton.OnClickHandler(MouseEventArgs ev)
   at Microsoft.AspNetCore.Components.ComponentBase.CallStateHasChangedOnAsyncCompletion(Task task)
   at Microsoft.AspNetCore.Components.RenderTree.Renderer.GetErrorHandledTask(Task taskToHandle, ComponentState owningComponentState)
Microsoft.AspNetCore.Components.Server.Circuits.CircuitHost[13 - .NET ThreadPool Worker] 
      2022/03/26 21:41:23.935 - [ERROR]: Unhandled exception in circuit 'IPo016wpa86ApJ0e2-jzxtHExOwvist5MiNT0d22sYI'. 
 System.PlatformNotSupportedException: Operation is not supported on this platform.
   at Microsoft.CSharp.CSharpCodeGenerator.FromFileBatch(CompilerParameters options, String[] fileNames)
   at Microsoft.CSharp.CSharpCodeGenerator.FromSourceBatch(CompilerParameters options, String[] sources)
   at Microsoft.CSharp.CSharpCodeGenerator.System.CodeDom.Compiler.ICodeCompiler.CompileAssemblyFromSourceBatch(CompilerParameters options, String[] sources)
   at System.CodeDom.Compiler.CodeDomProvider.CompileAssemblyFromSource(CompilerParameters options, String[] sources)
   at LedController.WebPortal.Core.Services.EffectService.CompileAssemblies(Effect effect, String[] files) in D:\Projects\LedController_net5\LedController.Portal.Core\Services\EffectService.cs:line 109
   at LedController.WebPortal.Core.Services.EffectService.CompileEffectAsync(Effect effect) in D:\Projects\LedController_net5\LedController.Portal.Core\Services\EffectService.cs:line 47
   at LedController.WebPortal.Web.Components.EffectEditor.BuildEffectAsync() in D:\Projects\LedController_net5\LedController.WebPortal.Web\Components\EffectEditor.razor.cs:line 112
   at Microsoft.AspNetCore.Components.ComponentBase.CallStateHasChangedOnAsyncCompletion(Task task)
   at MudBlazor.MudBaseButton.OnClickHandler(MouseEventArgs ev)
   at Microsoft.AspNetCore.Components.ComponentBase.CallStateHasChangedOnAsyncCompletion(Task task)
   at Microsoft.AspNetCore.Components.RenderTree.Renderer.GetErrorHandledTask(Task taskToHandle, ComponentState owningComponentState)
