Microsoft.Extensions.Hosting.Internal.Host[1 - ] 
      2022/04/15 21:39:27.836 - [DEBUG]: Hosting starting 
 
LedController.WebPortal.Core.Services.DiscoveryService[1 - ] 
      2022/04/15 21:39:28.006 - [DEBUG]: Starting the discovery service. 
 
LedController.WebPortal.Core.Services.DiscoveryService[1 - ] 
      2022/04/15 21:39:28.023 - [DEBUG]: Creating a new UDP client to be used for broadcasting the server information. This wil happen on UDP port 8472. 
 
LedController.WebPortal.Core.Services.DiscoveryService[6 - .NET ThreadPool Worker] 
      2022/04/15 21:39:28.023 - [TRACE]: Start sending message to controllers to be discovered. 
 
LedController.WebPortal.Core.Services.DiscoveryService[1 - ] 
      2022/04/15 21:39:28.023 - [DEBUG]: The discovery service has started. 
 
Microsoft.Hosting.Lifetime[1 - ] 
      2022/04/15 21:39:28.211 - [INFO]: Now listening on: http://localhost:5097 
 
Microsoft.Hosting.Lifetime[1 - ] 
      2022/04/15 21:39:28.211 - [INFO]: Application started. Press Ctrl+C to shut down. 
 
Microsoft.Hosting.Lifetime[1 - ] 
      2022/04/15 21:39:28.211 - [INFO]: Hosting environment: Development 
 
Microsoft.Hosting.Lifetime[1 - ] 
      2022/04/15 21:39:28.211 - [INFO]: Content root path: D:\Projects\LedController_net5\LedController.WebPortal.Web\ 
 
Microsoft.Extensions.Hosting.Internal.Host[1 - ] 
      2022/04/15 21:39:28.211 - [DEBUG]: Hosting started 
 
LedController.WebPortal.Web.Pages.Index[6 - .NET ThreadPool Worker] 
      2022/04/15 21:39:31.116 - [INFO]: Opening the index page. 
 
LedController.WebPortal.Web.Pages.Index[10 - .NET ThreadPool Worker] 
      2022/04/15 21:39:33.022 - [INFO]: Opening the index page. 
 
LedController.WebPortal.Web.Pages.EffectsEditorPage[14 - .NET ThreadPool Worker] 
      2022/04/15 21:39:45.181 - [INFO]: Loading effects page. 
 
LedController.WebPortal.Web.Components.EffectEditor[14 - .NET ThreadPool Worker] 
      2022/04/15 21:39:45.289 - [DEBUG]: Starting effect editor for Test Effect. 
 
LedController.WebPortal.Web.Components.EffectEditor[6 - .NET ThreadPool Worker] 
      2022/04/15 21:39:45.347 - [DEBUG]: Starting monaco editor for effect Test Effect. 
 
LedController.WebPortal.Web.Components.EffectEditor[10 - .NET ThreadPool Worker] 
      2022/04/15 21:40:02.204 - [DEBUG]: Adding a new effect parameter for Test Effect. 
 
LedController.WebPortal.Core.Factories.EffectFactory[10 - .NET ThreadPool Worker] 
      2022/04/15 21:40:02.230 - [DEBUG]: Creating new Effect parameter all values are valid. 
 
LedController.WebPortal.Core.Managers.EffectManager[10 - .NET ThreadPool Worker] 
      2022/04/15 21:40:02.230 - [DEBUG]: Adding parameter to effect Test Effect. 
 
Microsoft.Extensions.Hosting.Internal.Host[1 - ] 
      2022/04/15 21:54:17.749 - [DEBUG]: Hosting starting 
 
LedController.WebPortal.Core.Services.DiscoveryService[1 - ] 
      2022/04/15 21:54:17.915 - [DEBUG]: Starting the discovery service. 
 
LedController.WebPortal.Core.Services.DiscoveryService[1 - ] 
      2022/04/15 21:54:17.915 - [DEBUG]: Creating a new UDP client to be used for broadcasting the server information. This wil happen on UDP port 8472. 
 
LedController.WebPortal.Core.Services.DiscoveryService[10 - .NET ThreadPool Worker] 
      2022/04/15 21:54:17.930 - [TRACE]: Start sending message to controllers to be discovered. 
 
LedController.WebPortal.Core.Services.DiscoveryService[1 - ] 
      2022/04/15 21:54:17.930 - [DEBUG]: The discovery service has started. 
 
Microsoft.Hosting.Lifetime[1 - ] 
      2022/04/15 21:54:18.100 - [INFO]: Now listening on: http://localhost:5097 
 
Microsoft.Hosting.Lifetime[1 - ] 
      2022/04/15 21:54:18.117 - [INFO]: Application started. Press Ctrl+C to shut down. 
 
Microsoft.Hosting.Lifetime[1 - ] 
      2022/04/15 21:54:18.117 - [INFO]: Hosting environment: Development 
 
Microsoft.Hosting.Lifetime[1 - ] 
      2022/04/15 21:54:18.117 - [INFO]: Content root path: D:\Projects\LedController_net5\LedController.WebPortal.Web\ 
 
Microsoft.Extensions.Hosting.Internal.Host[1 - ] 
      2022/04/15 21:54:18.117 - [DEBUG]: Hosting started 
 
LedController.WebPortal.Web.Pages.Index[18 - .NET ThreadPool Worker] 
      2022/04/15 21:54:20.491 - [INFO]: Opening the index page. 
 
LedController.WebPortal.Web.Pages.Index[10 - .NET ThreadPool Worker] 
      2022/04/15 21:54:22.225 - [INFO]: Opening the index page. 
 
LedController.WebPortal.Web.Pages.EffectsEditorPage[10 - .NET ThreadPool Worker] 
      2022/04/15 21:54:23.821 - [INFO]: Loading effects page. 
 
LedController.WebPortal.Web.Components.EffectEditor[10 - .NET ThreadPool Worker] 
      2022/04/15 21:54:23.882 - [DEBUG]: Starting effect editor for Test Effect. 
 
LedController.WebPortal.Web.Components.EffectEditor[6 - .NET ThreadPool Worker] 
      2022/04/15 21:54:23.932 - [DEBUG]: Starting monaco editor for effect Test Effect. 
 
LedController.WebPortal.Web.Components.EffectEditor[10 - .NET ThreadPool Worker] 
      2022/04/15 21:54:38.137 - [DEBUG]: Adding a new effect parameter for Test Effect. 
 
LedController.WebPortal.Core.Factories.EffectFactory[10 - .NET ThreadPool Worker] 
      2022/04/15 21:54:38.163 - [DEBUG]: Creating new Effect parameter all values are valid. 
 
LedController.WebPortal.Core.Managers.EffectManager[10 - .NET ThreadPool Worker] 
      2022/04/15 21:54:38.163 - [DEBUG]: Adding parameter to effect Test Effect. 
 
Microsoft.Extensions.Hosting.Internal.Host[1 - ] 
      2022/04/15 22:10:21.809 - [DEBUG]: Hosting starting 
 
LedController.WebPortal.Core.Services.DiscoveryService[1 - ] 
      2022/04/15 22:10:21.897 - [DEBUG]: Starting the discovery service. 
 
LedController.WebPortal.Core.Services.DiscoveryService[1 - ] 
      2022/04/15 22:10:21.897 - [DEBUG]: Creating a new UDP client to be used for broadcasting the server information. This wil happen on UDP port 8472. 
 
LedController.WebPortal.Core.Services.DiscoveryService[1 - ] 
      2022/04/15 22:10:21.913 - [DEBUG]: The discovery service has started. 
 
LedController.WebPortal.Core.Services.DiscoveryService[6 - .NET ThreadPool Worker] 
      2022/04/15 22:10:21.913 - [TRACE]: Start sending message to controllers to be discovered. 
 
Microsoft.Hosting.Lifetime[1 - ] 
      2022/04/15 22:10:22.025 - [INFO]: Now listening on: http://localhost:5097 
 
Microsoft.Hosting.Lifetime[1 - ] 
      2022/04/15 22:10:22.025 - [INFO]: Application started. Press Ctrl+C to shut down. 
 
Microsoft.Hosting.Lifetime[1 - ] 
      2022/04/15 22:10:22.025 - [INFO]: Hosting environment: Development 
 
Microsoft.Hosting.Lifetime[1 - ] 
      2022/04/15 22:10:22.025 - [INFO]: Content root path: D:\Projects\LedController_net5\LedController.WebPortal.Web\ 
 
Microsoft.Extensions.Hosting.Internal.Host[1 - ] 
      2022/04/15 22:10:22.025 - [DEBUG]: Hosting started 
 
LedController.WebPortal.Web.Pages.Index[13 - .NET ThreadPool Worker] 
      2022/04/15 22:10:24.116 - [INFO]: Opening the index page. 
 
LedController.WebPortal.Web.Pages.Index[13 - .NET ThreadPool Worker] 
      2022/04/15 22:10:25.820 - [INFO]: Opening the index page. 
 
LedController.WebPortal.Web.Pages.EffectsEditorPage[13 - .NET ThreadPool Worker] 
      2022/04/15 22:10:28.261 - [INFO]: Loading effects page. 
 
LedController.WebPortal.Web.Components.EffectEditor[13 - .NET ThreadPool Worker] 
      2022/04/15 22:10:28.319 - [DEBUG]: Starting effect editor for Test Effect. 
 
LedController.WebPortal.Web.Components.EffectEditor[15 - .NET ThreadPool Worker] 
      2022/04/15 22:10:28.374 - [DEBUG]: Starting monaco editor for effect Test Effect. 
 
LedController.WebPortal.Web.Components.EffectEditor[15 - .NET ThreadPool Worker] 
      2022/04/15 22:10:38.614 - [DEBUG]: Adding a new effect parameter for Test Effect. 
 
LedController.WebPortal.Core.Factories.EffectFactory[15 - .NET ThreadPool Worker] 
      2022/04/15 22:10:38.636 - [DEBUG]: Creating new Effect parameter all values are valid. 
 
LedController.WebPortal.Core.Managers.EffectManager[15 - .NET ThreadPool Worker] 
      2022/04/15 22:10:38.636 - [DEBUG]: Adding parameter to effect Test Effect. 
 
LedController.WebPortal.Web.Pages.EffectsEditorPage[14 - .NET ThreadPool Worker] 
      2022/04/15 22:12:06.354 - [INFO]: Loading effects page. 
 
LedController.WebPortal.Web.Components.EffectEditor[14 - .NET ThreadPool Worker] 
      2022/04/15 22:12:06.370 - [DEBUG]: Starting effect editor for Test Effect. 
 
LedController.WebPortal.Web.Pages.EffectsEditorPage[13 - .NET ThreadPool Worker] 
      2022/04/15 22:12:07.208 - [INFO]: Loading effects page. 
 
LedController.WebPortal.Web.Components.EffectEditor[13 - .NET ThreadPool Worker] 
      2022/04/15 22:12:07.226 - [DEBUG]: Starting effect editor for Test Effect. 
 
LedController.WebPortal.Web.Components.EffectEditor[6 - .NET ThreadPool Worker] 
      2022/04/15 22:12:07.310 - [DEBUG]: Starting monaco editor for effect Test Effect. 
 
Microsoft.Extensions.Hosting.Internal.Host[1 - ] 
      2022/04/15 22:43:14.159 - [DEBUG]: Hosting starting 
 
LedController.WebPortal.Core.Services.DiscoveryService[1 - ] 
      2022/04/15 22:43:14.290 - [DEBUG]: Starting the discovery service. 
 
LedController.WebPortal.Core.Services.DiscoveryService[1 - ] 
      2022/04/15 22:43:14.290 - [DEBUG]: Creating a new UDP client to be used for broadcasting the server information. This wil happen on UDP port 8472. 
 
LedController.WebPortal.Core.Services.DiscoveryService[6 - .NET ThreadPool Worker] 
      2022/04/15 22:43:14.304 - [TRACE]: Start sending message to controllers to be discovered. 
 
LedController.WebPortal.Core.Services.DiscoveryService[1 - ] 
      2022/04/15 22:43:14.304 - [DEBUG]: The discovery service has started. 
 
Microsoft.Hosting.Lifetime[1 - ] 
      2022/04/15 22:43:14.478 - [INFO]: Now listening on: http://localhost:5097 
 
Microsoft.Hosting.Lifetime[1 - ] 
      2022/04/15 22:43:14.478 - [INFO]: Application started. Press Ctrl+C to shut down. 
 
Microsoft.Hosting.Lifetime[1 - ] 
      2022/04/15 22:43:14.478 - [INFO]: Hosting environment: Development 
 
Microsoft.Hosting.Lifetime[1 - ] 
      2022/04/15 22:43:14.478 - [INFO]: Content root path: D:\Projects\LedController_net5\LedController.WebPortal.Web\ 
 
Microsoft.Extensions.Hosting.Internal.Host[1 - ] 
      2022/04/15 22:43:14.478 - [DEBUG]: Hosting started 
 
LedController.WebPortal.Web.Pages.Index[6 - .NET ThreadPool Worker] 
      2022/04/15 22:43:16.882 - [INFO]: Opening the index page. 
 
LedController.WebPortal.Web.Pages.Index[6 - .NET ThreadPool Worker] 
      2022/04/15 22:43:18.717 - [INFO]: Opening the index page. 
 
LedController.WebPortal.Web.Pages.EffectsEditorPage[15 - .NET ThreadPool Worker] 
      2022/04/15 22:43:19.507 - [INFO]: Loading effects page. 
 
LedController.WebPortal.Web.Components.EffectEditor[15 - .NET ThreadPool Worker] 
      2022/04/15 22:43:19.585 - [DEBUG]: Starting effect editor for Test Effect. 
 
LedController.WebPortal.Web.Components.EffectEditor[15 - .NET ThreadPool Worker] 
      2022/04/15 22:43:19.640 - [DEBUG]: Starting monaco editor for effect Test Effect. 
 
LedController.WebPortal.Web.Components.EffectEditor[10 - .NET ThreadPool Worker] 
      2022/04/15 22:43:28.859 - [DEBUG]: Adding a new effect parameter for Test Effect. 
 
LedController.WebPortal.Core.Factories.EffectFactory[10 - .NET ThreadPool Worker] 
      2022/04/15 22:43:28.883 - [DEBUG]: Creating new Effect parameter all values are valid. 
 
LedController.WebPortal.Core.Managers.EffectManager[10 - .NET ThreadPool Worker] 
      2022/04/15 22:43:28.883 - [DEBUG]: Adding parameter to effect Test Effect. 
 
LedController.WebPortal.Web.Pages.EffectsEditorPage[10 - .NET ThreadPool Worker] 
      2022/04/15 22:44:10.758 - [INFO]: Loading effects page. 
 
LedController.WebPortal.Web.Components.EffectEditor[10 - .NET ThreadPool Worker] 
      2022/04/15 22:44:10.773 - [DEBUG]: Starting effect editor for Test Effect. 
 
LedController.WebPortal.Web.Pages.EffectsEditorPage[14 - .NET ThreadPool Worker] 
      2022/04/15 22:44:11.784 - [INFO]: Loading effects page. 
 
LedController.WebPortal.Web.Components.EffectEditor[14 - .NET ThreadPool Worker] 
      2022/04/15 22:44:11.792 - [DEBUG]: Starting effect editor for Test Effect. 
 
LedController.WebPortal.Web.Components.EffectEditor[6 - .NET ThreadPool Worker] 
      2022/04/15 22:44:11.882 - [DEBUG]: Starting monaco editor for effect Test Effect. 
 
LedController.WebPortal.Web.Components.EffectEditor[25 - .NET ThreadPool Worker] 
      2022/04/15 22:44:24.454 - [DEBUG]: Adding a new effect parameter for Test Effect. 
 
Microsoft.AspNetCore.Components.Server.Circuits.RemoteRenderer[25 - .NET ThreadPool Worker] 
      2022/04/15 22:44:24.525 - [WARN]: Unhandled exception rendering component: The name has to start with a capital letter. (Parameter 'name') 
 System.ArgumentException: The name has to start with a capital letter. (Parameter 'name')
   at LedController.WebPortal.Core.Factories.EffectFactory.ThrowIfNameDoesNotStartWithCapital(String name) in D:\Projects\LedController_net5\LedController.Portal.Core\Factories\EffectFactory.cs:line 177
   at LedController.WebPortal.Core.Factories.EffectFactory.CreateEffectParameter(Type type, String name, String description, Object defaultValue) in D:\Projects\LedController_net5\LedController.Portal.Core\Factories\EffectFactory.cs:line 83
   at LedController.WebPortal.Web.Components.EffectEditor.AddEffectParameterAsync(EffectParameter parameter)
   at Microsoft.AspNetCore.Components.ComponentBase.CallStateHasChangedOnAsyncCompletion(Task task)
   at LedController.WebPortal.Web.Components.EffectParameterRow.OnAddEffectParameterAsync()
   at Microsoft.AspNetCore.Components.ComponentBase.CallStateHasChangedOnAsyncCompletion(Task task)
   at MudBlazor.MudBaseButton.OnClickHandler(MouseEventArgs ev)
   at Microsoft.AspNetCore.Components.ComponentBase.CallStateHasChangedOnAsyncCompletion(Task task)
   at Microsoft.AspNetCore.Components.RenderTree.Renderer.GetErrorHandledTask(Task taskToHandle, ComponentState owningComponentState)
Microsoft.AspNetCore.Components.Server.Circuits.CircuitHost[25 - .NET ThreadPool Worker] 
      2022/04/15 22:44:24.586 - [ERROR]: Unhandled exception in circuit 'AaYeojCnxAWjumtI64aqhu1NsGuW9P-jhsb3OunJKxo'. 
 System.ArgumentException: The name has to start with a capital letter. (Parameter 'name')
   at LedController.WebPortal.Core.Factories.EffectFactory.ThrowIfNameDoesNotStartWithCapital(String name) in D:\Projects\LedController_net5\LedController.Portal.Core\Factories\EffectFactory.cs:line 177
   at LedController.WebPortal.Core.Factories.EffectFactory.CreateEffectParameter(Type type, String name, String description, Object defaultValue) in D:\Projects\LedController_net5\LedController.Portal.Core\Factories\EffectFactory.cs:line 83
   at LedController.WebPortal.Web.Components.EffectEditor.AddEffectParameterAsync(EffectParameter parameter)
   at Microsoft.AspNetCore.Components.ComponentBase.CallStateHasChangedOnAsyncCompletion(Task task)
   at LedController.WebPortal.Web.Components.EffectParameterRow.OnAddEffectParameterAsync()
   at Microsoft.AspNetCore.Components.ComponentBase.CallStateHasChangedOnAsyncCompletion(Task task)
   at MudBlazor.MudBaseButton.OnClickHandler(MouseEventArgs ev)
   at Microsoft.AspNetCore.Components.ComponentBase.CallStateHasChangedOnAsyncCompletion(Task task)
   at Microsoft.AspNetCore.Components.RenderTree.Renderer.GetErrorHandledTask(Task taskToHandle, ComponentState owningComponentState)
LedController.WebPortal.Web.Pages.EffectsEditorPage[10 - .NET ThreadPool Worker] 
      2022/04/15 22:44:45.256 - [INFO]: Loading effects page. 
 
LedController.WebPortal.Web.Components.EffectEditor[10 - .NET ThreadPool Worker] 
      2022/04/15 22:44:45.275 - [DEBUG]: Starting effect editor for Test Effect. 
 
LedController.WebPortal.Web.Pages.EffectsEditorPage[10 - .NET ThreadPool Worker] 
      2022/04/15 22:44:46.102 - [INFO]: Loading effects page. 
 
LedController.WebPortal.Web.Components.EffectEditor[10 - .NET ThreadPool Worker] 
      2022/04/15 22:44:46.117 - [DEBUG]: Starting effect editor for Test Effect. 
 
LedController.WebPortal.Web.Components.EffectEditor[35 - .NET ThreadPool Worker] 
      2022/04/15 22:44:46.148 - [DEBUG]: Starting monaco editor for effect Test Effect. 
 
LedController.WebPortal.Web.Components.EffectEditor[9 - .NET ThreadPool Worker] 
      2022/04/15 22:44:55.670 - [DEBUG]: Adding a new effect parameter for Test Effect. 
 
LedController.WebPortal.Core.Factories.EffectFactory[9 - .NET ThreadPool Worker] 
      2022/04/15 22:44:55.685 - [DEBUG]: Creating new Effect parameter all values are valid. 
 
LedController.WebPortal.Core.Managers.EffectManager[9 - .NET ThreadPool Worker] 
      2022/04/15 22:44:55.685 - [DEBUG]: Adding parameter to effect Test Effect. 
 
Microsoft.Extensions.Hosting.Internal.Host[1 - ] 
      2022/04/15 22:49:33.017 - [DEBUG]: Hosting starting 
 
LedController.WebPortal.Core.Services.DiscoveryService[1 - ] 
      2022/04/15 22:49:33.100 - [DEBUG]: Starting the discovery service. 
 
LedController.WebPortal.Core.Services.DiscoveryService[1 - ] 
      2022/04/15 22:49:33.100 - [DEBUG]: Creating a new UDP client to be used for broadcasting the server information. This wil happen on UDP port 8472. 
 
LedController.WebPortal.Core.Services.DiscoveryService[1 - ] 
      2022/04/15 22:49:33.100 - [DEBUG]: The discovery service has started. 
 
LedController.WebPortal.Core.Services.DiscoveryService[6 - .NET ThreadPool Worker] 
      2022/04/15 22:49:33.100 - [TRACE]: Start sending message to controllers to be discovered. 
 
Microsoft.Hosting.Lifetime[1 - ] 
      2022/04/15 22:49:33.241 - [INFO]: Now listening on: http://localhost:5097 
 
Microsoft.Hosting.Lifetime[1 - ] 
      2022/04/15 22:49:33.241 - [INFO]: Application started. Press Ctrl+C to shut down. 
 
Microsoft.Hosting.Lifetime[1 - ] 
      2022/04/15 22:49:33.241 - [INFO]: Hosting environment: Development 
 
Microsoft.Hosting.Lifetime[1 - ] 
      2022/04/15 22:49:33.241 - [INFO]: Content root path: D:\Projects\LedController_net5\LedController.WebPortal.Web\ 
 
Microsoft.Extensions.Hosting.Internal.Host[1 - ] 
      2022/04/15 22:49:33.241 - [DEBUG]: Hosting started 
 
LedController.WebPortal.Web.Pages.Index[6 - .NET ThreadPool Worker] 
      2022/04/15 22:49:35.382 - [INFO]: Opening the index page. 
 
LedController.WebPortal.Web.Pages.Index[10 - .NET ThreadPool Worker] 
      2022/04/15 22:49:37.054 - [INFO]: Opening the index page. 
 
LedController.WebPortal.Web.Pages.EffectsEditorPage[6 - .NET ThreadPool Worker] 
      2022/04/15 22:49:40.303 - [INFO]: Loading effects page. 
 
LedController.WebPortal.Web.Components.EffectEditor[6 - .NET ThreadPool Worker] 
      2022/04/15 22:49:40.367 - [DEBUG]: Starting effect editor for Test Effect. 
 
LedController.WebPortal.Web.Components.EffectEditor[9 - .NET ThreadPool Worker] 
      2022/04/15 22:49:40.407 - [DEBUG]: Starting monaco editor for effect Test Effect. 
 
LedController.WebPortal.Web.Pages.EffectsEditorPage[10 - .NET ThreadPool Worker] 
      2022/04/15 22:50:48.753 - [INFO]: Loading effects page. 
 
LedController.WebPortal.Web.Components.EffectEditor[10 - .NET ThreadPool Worker] 
      2022/04/15 22:50:48.756 - [DEBUG]: Starting effect editor for Test Effect. 
 
LedController.WebPortal.Web.Pages.EffectsEditorPage[6 - .NET ThreadPool Worker] 
      2022/04/15 22:50:49.688 - [INFO]: Loading effects page. 
 
LedController.WebPortal.Web.Components.EffectEditor[6 - .NET ThreadPool Worker] 
      2022/04/15 22:50:49.703 - [DEBUG]: Starting effect editor for Test Effect. 
 
LedController.WebPortal.Web.Components.EffectEditor[6 - .NET ThreadPool Worker] 
      2022/04/15 22:50:49.778 - [DEBUG]: Starting monaco editor for effect Test Effect. 
 
LedController.WebPortal.Web.Pages.EffectsEditorPage[9 - .NET ThreadPool Worker] 
      2022/04/15 22:51:58.853 - [INFO]: Loading effects page. 
 
LedController.WebPortal.Web.Components.EffectEditor[9 - .NET ThreadPool Worker] 
      2022/04/15 22:51:58.868 - [DEBUG]: Starting effect editor for Test Effect. 
 
LedController.WebPortal.Web.Pages.EffectsEditorPage[6 - .NET ThreadPool Worker] 
      2022/04/15 22:51:59.677 - [INFO]: Loading effects page. 
 
LedController.WebPortal.Web.Components.EffectEditor[6 - .NET ThreadPool Worker] 
      2022/04/15 22:51:59.696 - [DEBUG]: Starting effect editor for Test Effect. 
 
LedController.WebPortal.Web.Components.EffectEditor[6 - .NET ThreadPool Worker] 
      2022/04/15 22:51:59.787 - [DEBUG]: Starting monaco editor for effect Test Effect. 
 
LedController.WebPortal.Web.Pages.EffectsEditorPage[9 - .NET ThreadPool Worker] 
      2022/04/15 22:52:38.526 - [INFO]: Loading effects page. 
 
LedController.WebPortal.Web.Components.EffectEditor[9 - .NET ThreadPool Worker] 
      2022/04/15 22:52:38.541 - [DEBUG]: Starting effect editor for Test Effect. 
 
LedController.WebPortal.Web.Pages.EffectsEditorPage[10 - .NET ThreadPool Worker] 
      2022/04/15 22:52:39.433 - [INFO]: Loading effects page. 
 
LedController.WebPortal.Web.Components.EffectEditor[10 - .NET ThreadPool Worker] 
      2022/04/15 22:52:39.449 - [DEBUG]: Starting effect editor for Test Effect. 
 
LedController.WebPortal.Web.Components.EffectEditor[10 - .NET ThreadPool Worker] 
      2022/04/15 22:52:39.534 - [DEBUG]: Starting monaco editor for effect Test Effect. 
 
Microsoft.Extensions.Hosting.Internal.Host[1 - ] 
      2022/04/15 22:54:52.680 - [DEBUG]: Hosting starting 
 
LedController.WebPortal.Core.Services.DiscoveryService[1 - ] 
      2022/04/15 22:54:52.804 - [DEBUG]: Starting the discovery service. 
 
LedController.WebPortal.Core.Services.DiscoveryService[1 - ] 
      2022/04/15 22:54:52.819 - [DEBUG]: Creating a new UDP client to be used for broadcasting the server information. This wil happen on UDP port 8472. 
 
LedController.WebPortal.Core.Services.DiscoveryService[1 - ] 
      2022/04/15 22:54:52.835 - [DEBUG]: The discovery service has started. 
 
LedController.WebPortal.Core.Services.DiscoveryService[6 - .NET ThreadPool Worker] 
      2022/04/15 22:54:52.835 - [TRACE]: Start sending message to controllers to be discovered. 
 
Microsoft.Hosting.Lifetime[1 - ] 
      2022/04/15 22:54:52.960 - [INFO]: Now listening on: http://localhost:5097 
 
Microsoft.Hosting.Lifetime[1 - ] 
      2022/04/15 22:54:52.960 - [INFO]: Application started. Press Ctrl+C to shut down. 
 
Microsoft.Hosting.Lifetime[1 - ] 
      2022/04/15 22:54:52.960 - [INFO]: Hosting environment: Development 
 
Microsoft.Hosting.Lifetime[1 - ] 
      2022/04/15 22:54:52.960 - [INFO]: Content root path: D:\Projects\LedController_net5\LedController.WebPortal.Web\ 
 
Microsoft.Extensions.Hosting.Internal.Host[1 - ] 
      2022/04/15 22:54:52.960 - [DEBUG]: Hosting started 
 
LedController.WebPortal.Web.Pages.Index[12 - .NET ThreadPool Worker] 
      2022/04/15 22:54:55.116 - [INFO]: Opening the index page. 
 
LedController.WebPortal.Web.Pages.Index[9 - .NET ThreadPool Worker] 
      2022/04/15 22:54:56.945 - [INFO]: Opening the index page. 
 
LedController.WebPortal.Web.Pages.EffectsEditorPage[6 - .NET ThreadPool Worker] 
      2022/04/15 22:54:57.930 - [INFO]: Loading effects page. 
 
LedController.WebPortal.Web.Components.EffectEditor[6 - .NET ThreadPool Worker] 
      2022/04/15 22:54:58.023 - [DEBUG]: Starting effect editor for Test Effect. 
 
LedController.WebPortal.Web.Components.EffectEditor[9 - .NET ThreadPool Worker] 
      2022/04/15 22:54:58.072 - [DEBUG]: Starting monaco editor for effect Test Effect. 
 
Microsoft.Extensions.Hosting.Internal.Host[1 - ] 
      2022/04/15 22:56:17.821 - [DEBUG]: Hosting starting 
 
LedController.WebPortal.Core.Services.DiscoveryService[1 - ] 
      2022/04/15 22:56:17.976 - [DEBUG]: Starting the discovery service. 
 
LedController.WebPortal.Core.Services.DiscoveryService[1 - ] 
      2022/04/15 22:56:17.976 - [DEBUG]: Creating a new UDP client to be used for broadcasting the server information. This wil happen on UDP port 8472. 
 
LedController.WebPortal.Core.Services.DiscoveryService[6 - .NET ThreadPool Worker] 
      2022/04/15 22:56:17.991 - [TRACE]: Start sending message to controllers to be discovered. 
 
LedController.WebPortal.Core.Services.DiscoveryService[1 - ] 
      2022/04/15 22:56:17.991 - [DEBUG]: The discovery service has started. 
 
Microsoft.Hosting.Lifetime[1 - ] 
      2022/04/15 22:56:18.163 - [INFO]: Now listening on: http://localhost:5097 
 
Microsoft.Hosting.Lifetime[1 - ] 
      2022/04/15 22:56:18.180 - [INFO]: Application started. Press Ctrl+C to shut down. 
 
Microsoft.Hosting.Lifetime[1 - ] 
      2022/04/15 22:56:18.180 - [INFO]: Hosting environment: Development 
 
Microsoft.Hosting.Lifetime[1 - ] 
      2022/04/15 22:56:18.180 - [INFO]: Content root path: D:\Projects\LedController_net5\LedController.WebPortal.Web\ 
 
Microsoft.Extensions.Hosting.Internal.Host[1 - ] 
      2022/04/15 22:56:18.180 - [DEBUG]: Hosting started 
 
LedController.WebPortal.Web.Pages.Index[6 - .NET ThreadPool Worker] 
      2022/04/15 22:56:20.149 - [INFO]: Opening the index page. 
 
LedController.WebPortal.Web.Pages.Index[10 - .NET ThreadPool Worker] 
      2022/04/15 22:56:22.009 - [INFO]: Opening the index page. 
 
LedController.WebPortal.Web.Pages.EffectsEditorPage[13 - .NET ThreadPool Worker] 
      2022/04/15 22:56:23.429 - [INFO]: Loading effects page. 
 
LedController.WebPortal.Web.Components.EffectEditor[13 - .NET ThreadPool Worker] 
      2022/04/15 22:56:23.506 - [DEBUG]: Starting effect editor for Test Effect. 
 
LedController.WebPortal.Web.Components.EffectEditor[15 - .NET ThreadPool Worker] 
      2022/04/15 22:56:23.550 - [DEBUG]: Starting monaco editor for effect Test Effect. 
 
LedController.WebPortal.Web.Components.EffectEditor[9 - .NET ThreadPool Worker] 
      2022/04/15 22:56:36.095 - [DEBUG]: Adding a new effect parameter for Test Effect. 
 
LedController.WebPortal.Core.Factories.EffectFactory[9 - .NET ThreadPool Worker] 
      2022/04/15 22:56:36.119 - [DEBUG]: Creating new Effect parameter all values are valid. 
 
LedController.WebPortal.Core.Managers.EffectManager[9 - .NET ThreadPool Worker] 
      2022/04/15 22:56:36.119 - [DEBUG]: Adding parameter to effect Test Effect. 
 
Microsoft.AspNetCore.Components.Server.Circuits.RemoteRenderer[9 - .NET ThreadPool Worker] 
      2022/04/15 22:57:21.640 - [WARN]: Unhandled exception rendering component: Object reference not set to an instance of an object. 
 System.NullReferenceException: Object reference not set to an instance of an object.
   at LedController.WebPortal.Web.Components.EffectParameterRow.<BuildRenderTree>b__0_1(RenderTreeBuilder __builder3)
   at MudBlazor.MudItem.BuildRenderTree(RenderTreeBuilder __builder)
   at Microsoft.AspNetCore.Components.Rendering.ComponentState.RenderIntoBatch(RenderBatchBuilder batchBuilder, RenderFragment renderFragment, Exception& renderFragmentException)
Microsoft.AspNetCore.Components.Server.Circuits.CircuitHost[9 - .NET ThreadPool Worker] 
      2022/04/15 22:57:21.791 - [ERROR]: Unhandled exception in circuit 'OtuPy21L8IP0WB_WKcyWVdQibjNfcDEXUEwR8_N88Hg'. 
 System.NullReferenceException: Object reference not set to an instance of an object.
   at LedController.WebPortal.Web.Components.EffectParameterRow.<BuildRenderTree>b__0_1(RenderTreeBuilder __builder3)
   at MudBlazor.MudItem.BuildRenderTree(RenderTreeBuilder __builder)
   at Microsoft.AspNetCore.Components.Rendering.ComponentState.RenderIntoBatch(RenderBatchBuilder batchBuilder, RenderFragment renderFragment, Exception& renderFragmentException)
Microsoft.AspNetCore.Components.Server.Circuits.RemoteRenderer[9 - .NET ThreadPool Worker] 
      2022/04/15 22:57:23.089 - [WARN]: Unhandled exception rendering component: Object reference not set to an instance of an object. 
 System.NullReferenceException: Object reference not set to an instance of an object.
   at LedController.WebPortal.Web.Components.EffectParameterRow.<BuildRenderTree>b__0_2(RenderTreeBuilder __builder3)
   at MudBlazor.MudItem.BuildRenderTree(RenderTreeBuilder __builder)
   at Microsoft.AspNetCore.Components.Rendering.ComponentState.RenderIntoBatch(RenderBatchBuilder batchBuilder, RenderFragment renderFragment, Exception& renderFragmentException)
Microsoft.AspNetCore.Components.Server.Circuits.CircuitHost[9 - .NET ThreadPool Worker] 
      2022/04/15 22:57:23.106 - [ERROR]: Unhandled exception in circuit 'OtuPy21L8IP0WB_WKcyWVdQibjNfcDEXUEwR8_N88Hg'. 
 System.NullReferenceException: Object reference not set to an instance of an object.
   at LedController.WebPortal.Web.Components.EffectParameterRow.<BuildRenderTree>b__0_2(RenderTreeBuilder __builder3)
   at MudBlazor.MudItem.BuildRenderTree(RenderTreeBuilder __builder)
   at Microsoft.AspNetCore.Components.Rendering.ComponentState.RenderIntoBatch(RenderBatchBuilder batchBuilder, RenderFragment renderFragment, Exception& renderFragmentException)
Microsoft.AspNetCore.Components.Server.Circuits.RemoteRenderer[9 - .NET ThreadPool Worker] 
      2022/04/15 22:57:27.665 - [WARN]: Unhandled exception rendering component: Object reference not set to an instance of an object. 
 System.NullReferenceException: Object reference not set to an instance of an object.
   at LedController.WebPortal.Web.Components.EffectParameterRow.<BuildRenderTree>b__0_3(RenderTreeBuilder __builder3)
   at MudBlazor.MudItem.BuildRenderTree(RenderTreeBuilder __builder)
   at Microsoft.AspNetCore.Components.Rendering.ComponentState.RenderIntoBatch(RenderBatchBuilder batchBuilder, RenderFragment renderFragment, Exception& renderFragmentException)
Microsoft.AspNetCore.Components.Server.Circuits.CircuitHost[9 - .NET ThreadPool Worker] 
      2022/04/15 22:57:27.665 - [ERROR]: Unhandled exception in circuit 'OtuPy21L8IP0WB_WKcyWVdQibjNfcDEXUEwR8_N88Hg'. 
 System.NullReferenceException: Object reference not set to an instance of an object.
   at LedController.WebPortal.Web.Components.EffectParameterRow.<BuildRenderTree>b__0_3(RenderTreeBuilder __builder3)
   at MudBlazor.MudItem.BuildRenderTree(RenderTreeBuilder __builder)
   at Microsoft.AspNetCore.Components.Rendering.ComponentState.RenderIntoBatch(RenderBatchBuilder batchBuilder, RenderFragment renderFragment, Exception& renderFragmentException)
Microsoft.AspNetCore.Components.Server.Circuits.RemoteRenderer[9 - .NET ThreadPool Worker] 
      2022/04/15 22:57:28.659 - [WARN]: Unhandled exception rendering component: Object reference not set to an instance of an object. 
 System.NullReferenceException: Object reference not set to an instance of an object.
   at LedController.WebPortal.Web.Components.EffectParameterRow.<BuildRenderTree>b__0_4(RenderTreeBuilder __builder3)
   at MudBlazor.MudItem.BuildRenderTree(RenderTreeBuilder __builder)
   at Microsoft.AspNetCore.Components.Rendering.ComponentState.RenderIntoBatch(RenderBatchBuilder batchBuilder, RenderFragment renderFragment, Exception& renderFragmentException)
Microsoft.AspNetCore.Components.Server.Circuits.CircuitHost[9 - .NET ThreadPool Worker] 
      2022/04/15 22:57:28.659 - [ERROR]: Unhandled exception in circuit 'OtuPy21L8IP0WB_WKcyWVdQibjNfcDEXUEwR8_N88Hg'. 
 System.NullReferenceException: Object reference not set to an instance of an object.
   at LedController.WebPortal.Web.Components.EffectParameterRow.<BuildRenderTree>b__0_4(RenderTreeBuilder __builder3)
   at MudBlazor.MudItem.BuildRenderTree(RenderTreeBuilder __builder)
   at Microsoft.AspNetCore.Components.Rendering.ComponentState.RenderIntoBatch(RenderBatchBuilder batchBuilder, RenderFragment renderFragment, Exception& renderFragmentException)
Microsoft.AspNetCore.Components.Server.Circuits.RemoteRenderer[9 - .NET ThreadPool Worker] 
      2022/04/15 22:57:28.659 - [WARN]: Unhandled exception rendering component: Cannot access a disposed object. 
 System.ObjectDisposedException: Cannot access a disposed object.
   at Microsoft.AspNetCore.Components.RenderTree.ArrayBuilder`1.ThrowObjectDisposedException()
   at Microsoft.AspNetCore.Components.RenderTree.ArrayBuilder`1.GrowBuffer(Int32 desiredCapacity)
   at Microsoft.AspNetCore.Components.RenderTree.RenderTreeDiffBuilder.AppendDiffEntriesForFramesWithSameSequence(DiffContext& diffContext, Int32 oldFrameIndex, Int32 newFrameIndex)
   at Microsoft.AspNetCore.Components.RenderTree.RenderTreeDiffBuilder.AppendDiffEntriesForRange(DiffContext& diffContext, Int32 oldStartIndex, Int32 oldEndIndexExcl, Int32 newStartIndex, Int32 newEndIndexExcl)
   at Microsoft.AspNetCore.Components.RenderTree.RenderTreeDiffBuilder.ComputeDiff(Renderer renderer, RenderBatchBuilder batchBuilder, Int32 componentId, ArrayRange`1 oldTree, ArrayRange`1 newTree)
   at Microsoft.AspNetCore.Components.Rendering.ComponentState.RenderIntoBatch(RenderBatchBuilder batchBuilder, RenderFragment renderFragment, Exception& renderFragmentException)
   at Microsoft.AspNetCore.Components.RenderTree.Renderer.ProcessRenderQueue()
Microsoft.AspNetCore.Components.Server.Circuits.CircuitHost[9 - .NET ThreadPool Worker] 
      2022/04/15 22:57:28.659 - [ERROR]: Unhandled exception in circuit 'OtuPy21L8IP0WB_WKcyWVdQibjNfcDEXUEwR8_N88Hg'. 
 System.ObjectDisposedException: Cannot access a disposed object.
   at Microsoft.AspNetCore.Components.RenderTree.ArrayBuilder`1.ThrowObjectDisposedException()
   at Microsoft.AspNetCore.Components.RenderTree.ArrayBuilder`1.GrowBuffer(Int32 desiredCapacity)
   at Microsoft.AspNetCore.Components.RenderTree.RenderTreeDiffBuilder.AppendDiffEntriesForFramesWithSameSequence(DiffContext& diffContext, Int32 oldFrameIndex, Int32 newFrameIndex)
   at Microsoft.AspNetCore.Components.RenderTree.RenderTreeDiffBuilder.AppendDiffEntriesForRange(DiffContext& diffContext, Int32 oldStartIndex, Int32 oldEndIndexExcl, Int32 newStartIndex, Int32 newEndIndexExcl)
   at Microsoft.AspNetCore.Components.RenderTree.RenderTreeDiffBuilder.ComputeDiff(Renderer renderer, RenderBatchBuilder batchBuilder, Int32 componentId, ArrayRange`1 oldTree, ArrayRange`1 newTree)
   at Microsoft.AspNetCore.Components.Rendering.ComponentState.RenderIntoBatch(RenderBatchBuilder batchBuilder, RenderFragment renderFragment, Exception& renderFragmentException)
   at Microsoft.AspNetCore.Components.RenderTree.Renderer.ProcessRenderQueue()
Microsoft.Extensions.Hosting.Internal.Host[1 - ] 
      2022/04/15 22:59:58.073 - [DEBUG]: Hosting starting 
 
LedController.WebPortal.Core.Services.DiscoveryService[1 - ] 
      2022/04/15 22:59:58.225 - [DEBUG]: Starting the discovery service. 
 
LedController.WebPortal.Core.Services.DiscoveryService[1 - ] 
      2022/04/15 22:59:58.225 - [DEBUG]: Creating a new UDP client to be used for broadcasting the server information. This wil happen on UDP port 8472. 
 
LedController.WebPortal.Core.Services.DiscoveryService[6 - .NET ThreadPool Worker] 
      2022/04/15 22:59:58.241 - [TRACE]: Start sending message to controllers to be discovered. 
 
LedController.WebPortal.Core.Services.DiscoveryService[1 - ] 
      2022/04/15 22:59:58.241 - [DEBUG]: The discovery service has started. 
 
Microsoft.Hosting.Lifetime[1 - ] 
      2022/04/15 22:59:58.413 - [INFO]: Now listening on: http://localhost:5097 
 
Microsoft.Hosting.Lifetime[1 - ] 
      2022/04/15 22:59:58.429 - [INFO]: Application started. Press Ctrl+C to shut down. 
 
Microsoft.Hosting.Lifetime[1 - ] 
      2022/04/15 22:59:58.429 - [INFO]: Hosting environment: Development 
 
Microsoft.Hosting.Lifetime[1 - ] 
      2022/04/15 22:59:58.429 - [INFO]: Content root path: D:\Projects\LedController_net5\LedController.WebPortal.Web\ 
 
Microsoft.Extensions.Hosting.Internal.Host[1 - ] 
      2022/04/15 22:59:58.429 - [DEBUG]: Hosting started 
 
LedController.WebPortal.Web.Pages.Index[13 - .NET ThreadPool Worker] 
      2022/04/15 23:00:00.647 - [INFO]: Opening the index page. 
 
LedController.WebPortal.Web.Pages.EffectsEditorPage[17 - .NET ThreadPool Worker] 
      2022/04/15 23:00:03.217 - [INFO]: Loading effects page. 
 
LedController.WebPortal.Web.Components.EffectEditor[17 - .NET ThreadPool Worker] 
      2022/04/15 23:00:03.288 - [DEBUG]: Starting effect editor for Test Effect. 
 
LedController.WebPortal.Web.Pages.EffectsEditorPage[15 - .NET ThreadPool Worker] 
      2022/04/15 23:00:04.241 - [INFO]: Loading effects page. 
 
LedController.WebPortal.Web.Components.EffectEditor[15 - .NET ThreadPool Worker] 
      2022/04/15 23:00:04.258 - [DEBUG]: Starting effect editor for Test Effect. 
 
LedController.WebPortal.Web.Components.EffectEditor[15 - .NET ThreadPool Worker] 
      2022/04/15 23:00:04.329 - [DEBUG]: Starting monaco editor for effect Test Effect. 
 
LedController.WebPortal.Web.Components.EffectEditor[9 - .NET ThreadPool Worker] 
      2022/04/15 23:00:15.439 - [DEBUG]: Adding a new effect parameter for Test Effect. 
 
LedController.WebPortal.Core.Factories.EffectFactory[9 - .NET ThreadPool Worker] 
      2022/04/15 23:00:15.460 - [DEBUG]: Creating new Effect parameter all values are valid. 
 
LedController.WebPortal.Core.Managers.EffectManager[9 - .NET ThreadPool Worker] 
      2022/04/15 23:00:15.460 - [DEBUG]: Adding parameter to effect Test Effect. 
 
Microsoft.Extensions.Hosting.Internal.Host[1 - ] 
      2022/04/15 23:10:23.396 - [DEBUG]: Hosting starting 
 
LedController.WebPortal.Core.Services.DiscoveryService[1 - ] 
      2022/04/15 23:10:23.522 - [DEBUG]: Starting the discovery service. 
 
LedController.WebPortal.Core.Services.DiscoveryService[1 - ] 
      2022/04/15 23:10:23.522 - [DEBUG]: Creating a new UDP client to be used for broadcasting the server information. This wil happen on UDP port 8472. 
 
LedController.WebPortal.Core.Services.DiscoveryService[6 - .NET ThreadPool Worker] 
      2022/04/15 23:10:23.539 - [TRACE]: Start sending message to controllers to be discovered. 
 
LedController.WebPortal.Core.Services.DiscoveryService[1 - ] 
      2022/04/15 23:10:23.539 - [DEBUG]: The discovery service has started. 
 
Microsoft.Hosting.Lifetime[1 - ] 
      2022/04/15 23:10:23.694 - [INFO]: Now listening on: http://localhost:5097 
 
Microsoft.Hosting.Lifetime[1 - ] 
      2022/04/15 23:10:23.694 - [INFO]: Application started. Press Ctrl+C to shut down. 
 
Microsoft.Hosting.Lifetime[1 - ] 
      2022/04/15 23:10:23.694 - [INFO]: Hosting environment: Development 
 
Microsoft.Hosting.Lifetime[1 - ] 
      2022/04/15 23:10:23.694 - [INFO]: Content root path: D:\Projects\LedController_net5\LedController.WebPortal.Web\ 
 
Microsoft.Extensions.Hosting.Internal.Host[1 - ] 
      2022/04/15 23:10:23.694 - [DEBUG]: Hosting started 
 
LedController.WebPortal.Web.Pages.Index[6 - .NET ThreadPool Worker] 
      2022/04/15 23:10:25.882 - [INFO]: Opening the index page. 
 
LedController.WebPortal.Web.Pages.Index[9 - .NET ThreadPool Worker] 
      2022/04/15 23:10:27.711 - [INFO]: Opening the index page. 
 
LedController.WebPortal.Web.Pages.EffectsEditorPage[6 - .NET ThreadPool Worker] 
      2022/04/15 23:10:28.319 - [INFO]: Loading effects page. 
 
LedController.WebPortal.Web.Components.EffectEditor[6 - .NET ThreadPool Worker] 
      2022/04/15 23:10:28.397 - [DEBUG]: Starting effect editor for Test Effect. 
 
LedController.WebPortal.Web.Components.EffectEditor[9 - .NET ThreadPool Worker] 
      2022/04/15 23:10:28.445 - [DEBUG]: Starting monaco editor for effect Test Effect. 
 
LedController.WebPortal.Web.Pages.AnimationsPage[9 - .NET ThreadPool Worker] 
      2022/04/15 23:17:40.801 - [INFO]: Adding animation effect from animation Test Animation. 
 
LedController.WebPortal.Core.Managers.AnimationManager[9 - .NET ThreadPool Worker] 
      2022/04/15 23:17:40.821 - [DEBUG]: Adding animationEffect to animation 
 
LedController.WebPortal.Web.Pages.AnimationsPage[6 - .NET ThreadPool Worker] 
      2022/04/15 23:19:44.947 - [INFO]: Saving animation Test Animation. 
 
LedController.WebPortal.Web.Pages.AnimationsPage[15 - .NET ThreadPool Worker] 
      2022/04/15 23:19:50.991 - [INFO]: Adding animation effect from animation Test Animation. 
 
LedController.WebPortal.Core.Managers.AnimationManager[15 - .NET ThreadPool Worker] 
      2022/04/15 23:19:51.007 - [DEBUG]: Adding animationEffect to animation 
 
LedController.WebPortal.Web.Pages.AnimationsPage[15 - .NET ThreadPool Worker] 
      2022/04/15 23:20:31.096 - [INFO]: Opening animation form dialog. None Selected. 
 
LedController.WebPortal.Web.Dialogs.AnimationFormDialog[15 - .NET ThreadPool Worker] 
      2022/04/15 23:20:31.132 - [INFO]: Showing animation form dialog. 
 
LedController.WebPortal.Web.Dialogs.AnimationFormDialog[15 - .NET ThreadPool Worker] 
      2022/04/15 23:20:36.493 - [INFO]: Created animation with name AAA. 
 
LedController.WebPortal.Web.Dialogs.AnimationFormDialog[15 - .NET ThreadPool Worker] 
      2022/04/15 23:20:36.508 - [INFO]: Animation AAA saved 
 
LedController.WebPortal.Web.Pages.AnimationsPage[15 - .NET ThreadPool Worker] 
      2022/04/15 23:20:36.508 - [INFO]: Closing animation form. Reloading animations page. 
 
Microsoft.Extensions.Hosting.Internal.Host[1 - ] 
      2022/04/15 23:27:55.043 - [DEBUG]: Hosting starting 
 
LedController.WebPortal.Core.Services.DiscoveryService[1 - ] 
      2022/04/15 23:27:55.195 - [DEBUG]: Starting the discovery service. 
 
LedController.WebPortal.Core.Services.DiscoveryService[1 - ] 
      2022/04/15 23:27:55.195 - [DEBUG]: Creating a new UDP client to be used for broadcasting the server information. This wil happen on UDP port 8472. 
 
LedController.WebPortal.Core.Services.DiscoveryService[1 - ] 
      2022/04/15 23:27:55.213 - [DEBUG]: The discovery service has started. 
 
LedController.WebPortal.Core.Services.DiscoveryService[12 - .NET ThreadPool Worker] 
      2022/04/15 23:27:55.213 - [TRACE]: Start sending message to controllers to be discovered. 
 
Microsoft.Hosting.Lifetime[1 - ] 
      2022/04/15 23:27:55.383 - [INFO]: Now listening on: http://localhost:5097 
 
Microsoft.Hosting.Lifetime[1 - ] 
      2022/04/15 23:27:55.383 - [INFO]: Application started. Press Ctrl+C to shut down. 
 
Microsoft.Hosting.Lifetime[1 - ] 
      2022/04/15 23:27:55.383 - [INFO]: Hosting environment: Development 
 
Microsoft.Hosting.Lifetime[1 - ] 
      2022/04/15 23:27:55.383 - [INFO]: Content root path: D:\Projects\LedController_net5\LedController.WebPortal.Web\ 
 
Microsoft.Extensions.Hosting.Internal.Host[1 - ] 
      2022/04/15 23:27:55.383 - [DEBUG]: Hosting started 
 
LedController.WebPortal.Web.Pages.Index[15 - .NET ThreadPool Worker] 
      2022/04/15 23:27:57.992 - [INFO]: Opening the index page. 
 
LedController.WebPortal.Web.Pages.Index[13 - .NET ThreadPool Worker] 
      2022/04/15 23:27:59.905 - [INFO]: Opening the index page. 
 
LedController.WebPortal.Web.Pages.EffectsEditorPage[6 - .NET ThreadPool Worker] 
      2022/04/15 23:28:06.554 - [INFO]: Loading effects page. 
 
LedController.WebPortal.Web.Components.EffectEditor[6 - .NET ThreadPool Worker] 
      2022/04/15 23:28:06.631 - [DEBUG]: Starting effect editor for Test Effect. 
 
LedController.WebPortal.Web.Components.EffectEditor[18 - .NET ThreadPool Worker] 
      2022/04/15 23:28:06.676 - [DEBUG]: Starting monaco editor for effect Test Effect. 
 
LedController.WebPortal.Web.Pages.EffectsEditorPage[9 - .NET ThreadPool Worker] 
      2022/04/15 23:28:22.933 - [INFO]: Loading effects page. 
 
LedController.WebPortal.Web.Components.EffectEditor[9 - .NET ThreadPool Worker] 
      2022/04/15 23:28:22.962 - [DEBUG]: Starting effect editor for Test Effect. 
 
LedController.WebPortal.Web.Components.EffectEditor[13 - .NET ThreadPool Worker] 
      2022/04/15 23:28:22.979 - [DEBUG]: Starting monaco editor for effect Test Effect. 
 
Microsoft.Extensions.Hosting.Internal.Host[1 - ] 
      2022/04/15 23:30:25.914 - [DEBUG]: Hosting starting 
 
LedController.WebPortal.Core.Services.DiscoveryService[1 - ] 
      2022/04/15 23:30:26.024 - [DEBUG]: Starting the discovery service. 
 
LedController.WebPortal.Core.Services.DiscoveryService[1 - ] 
      2022/04/15 23:30:26.024 - [DEBUG]: Creating a new UDP client to be used for broadcasting the server information. This wil happen on UDP port 8472. 
 
LedController.WebPortal.Core.Services.DiscoveryService[9 - .NET ThreadPool Worker] 
      2022/04/15 23:30:26.041 - [TRACE]: Start sending message to controllers to be discovered. 
 
LedController.WebPortal.Core.Services.DiscoveryService[1 - ] 
      2022/04/15 23:30:26.041 - [DEBUG]: The discovery service has started. 
 
Microsoft.Hosting.Lifetime[1 - ] 
      2022/04/15 23:30:26.178 - [INFO]: Now listening on: http://localhost:5097 
 
Microsoft.Hosting.Lifetime[1 - ] 
      2022/04/15 23:30:26.178 - [INFO]: Application started. Press Ctrl+C to shut down. 
 
Microsoft.Hosting.Lifetime[1 - ] 
      2022/04/15 23:30:26.178 - [INFO]: Hosting environment: Development 
 
Microsoft.Hosting.Lifetime[1 - ] 
      2022/04/15 23:30:26.178 - [INFO]: Content root path: D:\Projects\LedController_net5\LedController.WebPortal.Web\ 
 
Microsoft.Extensions.Hosting.Internal.Host[1 - ] 
      2022/04/15 23:30:26.178 - [DEBUG]: Hosting started 
 
LedController.WebPortal.Web.Pages.Index[9 - .NET ThreadPool Worker] 
      2022/04/15 23:30:28.367 - [INFO]: Opening the index page. 
 
LedController.WebPortal.Web.Pages.Index[6 - .NET ThreadPool Worker] 
      2022/04/15 23:30:30.163 - [INFO]: Opening the index page. 
 
Microsoft.Extensions.Hosting.Internal.Host[1 - ] 
      2022/04/15 23:33:45.210 - [DEBUG]: Hosting starting 
 
LedController.WebPortal.Core.Services.DiscoveryService[1 - ] 
      2022/04/15 23:33:45.367 - [DEBUG]: Starting the discovery service. 
 
LedController.WebPortal.Core.Services.DiscoveryService[1 - ] 
      2022/04/15 23:33:45.367 - [DEBUG]: Creating a new UDP client to be used for broadcasting the server information. This wil happen on UDP port 8472. 
 
LedController.WebPortal.Core.Services.DiscoveryService[6 - .NET ThreadPool Worker] 
      2022/04/15 23:33:45.382 - [TRACE]: Start sending message to controllers to be discovered. 
 
LedController.WebPortal.Core.Services.DiscoveryService[1 - ] 
      2022/04/15 23:33:45.382 - [DEBUG]: The discovery service has started. 
 
Microsoft.Hosting.Lifetime[1 - ] 
      2022/04/15 23:33:45.555 - [INFO]: Now listening on: http://localhost:5097 
 
Microsoft.Hosting.Lifetime[1 - ] 
      2022/04/15 23:33:45.555 - [INFO]: Application started. Press Ctrl+C to shut down. 
 
Microsoft.Hosting.Lifetime[1 - ] 
      2022/04/15 23:33:45.555 - [INFO]: Hosting environment: Development 
 
Microsoft.Hosting.Lifetime[1 - ] 
      2022/04/15 23:33:45.555 - [INFO]: Content root path: D:\Projects\LedController_net5\LedController.WebPortal.Web\ 
 
Microsoft.Extensions.Hosting.Internal.Host[1 - ] 
      2022/04/15 23:33:45.555 - [DEBUG]: Hosting started 
 
LedController.WebPortal.Web.Pages.Index[6 - .NET ThreadPool Worker] 
      2022/04/15 23:33:47.803 - [INFO]: Opening the index page. 
 
LedController.WebPortal.Web.Pages.Index[13 - .NET ThreadPool Worker] 
      2022/04/15 23:33:49.921 - [INFO]: Opening the index page. 
 
Microsoft.Extensions.Hosting.Internal.Host[1 - ] 
      2022/04/15 23:35:30.123 - [DEBUG]: Hosting starting 
 
LedController.WebPortal.Core.Services.DiscoveryService[1 - ] 
      2022/04/15 23:35:30.258 - [DEBUG]: Starting the discovery service. 
 
LedController.WebPortal.Core.Services.DiscoveryService[1 - ] 
      2022/04/15 23:35:30.258 - [DEBUG]: Creating a new UDP client to be used for broadcasting the server information. This wil happen on UDP port 8472. 
 
LedController.WebPortal.Core.Services.DiscoveryService[6 - .NET ThreadPool Worker] 
      2022/04/15 23:35:30.276 - [TRACE]: Start sending message to controllers to be discovered. 
 
LedController.WebPortal.Core.Services.DiscoveryService[1 - ] 
      2022/04/15 23:35:30.276 - [DEBUG]: The discovery service has started. 
 
Microsoft.Hosting.Lifetime[1 - ] 
      2022/04/15 23:35:30.476 - [INFO]: Now listening on: http://localhost:5097 
 
Microsoft.Hosting.Lifetime[1 - ] 
      2022/04/15 23:35:30.476 - [INFO]: Application started. Press Ctrl+C to shut down. 
 
Microsoft.Hosting.Lifetime[1 - ] 
      2022/04/15 23:35:30.476 - [INFO]: Hosting environment: Development 
 
Microsoft.Hosting.Lifetime[1 - ] 
      2022/04/15 23:35:30.476 - [INFO]: Content root path: D:\Projects\LedController_net5\LedController.WebPortal.Web\ 
 
Microsoft.Extensions.Hosting.Internal.Host[1 - ] 
      2022/04/15 23:35:30.476 - [DEBUG]: Hosting started 
 
LedController.WebPortal.Web.Pages.Index[6 - .NET ThreadPool Worker] 
      2022/04/15 23:35:33.054 - [INFO]: Opening the index page. 
 
LedController.WebPortal.Web.Pages.Index[13 - .NET ThreadPool Worker] 
      2022/04/15 23:35:34.912 - [INFO]: Opening the index page. 
 
LedController.WebPortal.Web.Pages.AnimationsPage[6 - .NET ThreadPool Worker] 
      2022/04/15 23:37:09.951 - [INFO]: Removing animation effect from animation Test Animation. 
 
LedController.WebPortal.Core.Managers.AnimationManager[6 - .NET ThreadPool Worker] 
      2022/04/15 23:37:09.967 - [DEBUG]: Remove animationEffect from animation. 
 
LedController.WebPortal.Core.Managers.AnimationManager[6 - .NET ThreadPool Worker] 
      2022/04/15 23:37:10.173 - [TRACE]: AnimationEffect has been removed from the animation. 
 
LedController.WebPortal.Web.Pages.AnimationsPage[38 - .NET ThreadPool Worker] 
      2022/04/15 23:37:11.658 - [INFO]: Removing animation effect from animation Test Animation. 
 
LedController.WebPortal.Core.Managers.AnimationManager[38 - .NET ThreadPool Worker] 
      2022/04/15 23:37:11.673 - [DEBUG]: Remove animationEffect from animation. 
 
LedController.WebPortal.Core.Managers.AnimationManager[38 - .NET ThreadPool Worker] 
      2022/04/15 23:37:11.678 - [TRACE]: AnimationEffect has been removed from the animation. 
 
LedController.WebPortal.Web.Pages.AnimationsPage[9 - .NET ThreadPool Worker] 
      2022/04/15 23:37:12.513 - [INFO]: Removing animation effect from animation Test Animation. 
 
LedController.WebPortal.Core.Managers.AnimationManager[9 - .NET ThreadPool Worker] 
      2022/04/15 23:37:12.528 - [DEBUG]: Remove animationEffect from animation. 
 
LedController.WebPortal.Core.Managers.AnimationManager[9 - .NET ThreadPool Worker] 
      2022/04/15 23:37:12.528 - [TRACE]: AnimationEffect has been removed from the animation. 
 
LedController.WebPortal.Web.Pages.AnimationsPage[39 - .NET ThreadPool Worker] 
      2022/04/15 23:37:13.095 - [INFO]: Removing animation effect from animation Test Animation. 
 
LedController.WebPortal.Core.Managers.AnimationManager[39 - .NET ThreadPool Worker] 
      2022/04/15 23:37:13.110 - [DEBUG]: Remove animationEffect from animation. 
 
LedController.WebPortal.Core.Managers.AnimationManager[39 - .NET ThreadPool Worker] 
      2022/04/15 23:37:13.110 - [TRACE]: AnimationEffect has been removed from the animation. 
 
LedController.WebPortal.Web.Pages.AnimationsPage[14 - .NET ThreadPool Worker] 
      2022/04/15 23:37:13.642 - [INFO]: Removing animation effect from animation Test Animation. 
 
LedController.WebPortal.Core.Managers.AnimationManager[14 - .NET ThreadPool Worker] 
      2022/04/15 23:37:13.657 - [DEBUG]: Remove animationEffect from animation. 
 
LedController.WebPortal.Core.Managers.AnimationManager[14 - .NET ThreadPool Worker] 
      2022/04/15 23:37:13.657 - [TRACE]: AnimationEffect has been removed from the animation. 
 
LedController.WebPortal.Web.Pages.AnimationsPage[14 - .NET ThreadPool Worker] 
      2022/04/15 23:37:23.061 - [INFO]: Removing animation effect from animation Test Animation. 
 
LedController.WebPortal.Core.Managers.AnimationManager[14 - .NET ThreadPool Worker] 
      2022/04/15 23:37:23.077 - [DEBUG]: Remove animationEffect from animation. 
 
LedController.WebPortal.Core.Managers.AnimationManager[14 - .NET ThreadPool Worker] 
      2022/04/15 23:37:23.085 - [TRACE]: AnimationEffect has been removed from the animation. 
 
LedController.WebPortal.Web.Pages.AnimationsPage[14 - .NET ThreadPool Worker] 
      2022/04/15 23:37:23.759 - [INFO]: Removing animation effect from animation Test Animation. 
 
LedController.WebPortal.Core.Managers.AnimationManager[14 - .NET ThreadPool Worker] 
      2022/04/15 23:37:23.774 - [DEBUG]: Remove animationEffect from animation. 
 
LedController.WebPortal.Core.Managers.AnimationManager[14 - .NET ThreadPool Worker] 
      2022/04/15 23:37:23.774 - [TRACE]: AnimationEffect has been removed from the animation. 
 
LedController.WebPortal.Web.Pages.AnimationsPage[10 - .NET ThreadPool Worker] 
      2022/04/15 23:37:24.232 - [INFO]: Removing animation effect from animation Test Animation. 
 
LedController.WebPortal.Core.Managers.AnimationManager[10 - .NET ThreadPool Worker] 
      2022/04/15 23:37:24.247 - [DEBUG]: Remove animationEffect from animation. 
 
LedController.WebPortal.Core.Managers.AnimationManager[10 - .NET ThreadPool Worker] 
      2022/04/15 23:37:24.247 - [TRACE]: AnimationEffect has been removed from the animation. 
 
LedController.WebPortal.Web.Pages.AnimationsPage[9 - .NET ThreadPool Worker] 
      2022/04/15 23:37:24.573 - [INFO]: Removing animation effect from animation Test Animation. 
 
LedController.WebPortal.Core.Managers.AnimationManager[9 - .NET ThreadPool Worker] 
      2022/04/15 23:37:24.573 - [DEBUG]: Remove animationEffect from animation. 
 
LedController.WebPortal.Core.Managers.AnimationManager[9 - .NET ThreadPool Worker] 
      2022/04/15 23:37:24.573 - [TRACE]: AnimationEffect has been removed from the animation. 
 
Microsoft.Extensions.Hosting.Internal.Host[1 - ] 
      2022/04/15 23:53:29.981 - [DEBUG]: Hosting starting 
 
LedController.WebPortal.Core.Services.DiscoveryService[1 - ] 
      2022/04/15 23:53:30.100 - [DEBUG]: Starting the discovery service. 
 
LedController.WebPortal.Core.Services.DiscoveryService[1 - ] 
      2022/04/15 23:53:30.100 - [DEBUG]: Creating a new UDP client to be used for broadcasting the server information. This wil happen on UDP port 8472. 
 
LedController.WebPortal.Core.Services.DiscoveryService[1 - ] 
      2022/04/15 23:53:30.117 - [DEBUG]: The discovery service has started. 
 
LedController.WebPortal.Core.Services.DiscoveryService[9 - .NET ThreadPool Worker] 
      2022/04/15 23:53:30.117 - [TRACE]: Start sending message to controllers to be discovered. 
 
Microsoft.Hosting.Lifetime[1 - ] 
      2022/04/15 23:53:30.335 - [INFO]: Now listening on: http://localhost:5097 
 
Microsoft.Hosting.Lifetime[1 - ] 
      2022/04/15 23:53:30.335 - [INFO]: Application started. Press Ctrl+C to shut down. 
 
Microsoft.Hosting.Lifetime[1 - ] 
      2022/04/15 23:53:30.335 - [INFO]: Hosting environment: Development 
 
Microsoft.Hosting.Lifetime[1 - ] 
      2022/04/15 23:53:30.335 - [INFO]: Content root path: D:\Projects\LedController_net5\LedController.WebPortal.Web\ 
 
Microsoft.Extensions.Hosting.Internal.Host[1 - ] 
      2022/04/15 23:53:30.351 - [DEBUG]: Hosting started 
 
LedController.WebPortal.Web.Pages.Index[6 - .NET ThreadPool Worker] 
      2022/04/15 23:53:32.741 - [INFO]: Opening the index page. 
 
LedController.WebPortal.Web.Pages.Index[9 - .NET ThreadPool Worker] 
      2022/04/15 23:53:34.368 - [INFO]: Opening the index page. 
 
LedController.WebPortal.Web.Pages.AnimationsPage[10 - .NET ThreadPool Worker] 
      2022/04/15 23:53:44.825 - [INFO]: Removing animation effect from animation Test Animation. 
 
LedController.WebPortal.Core.Managers.AnimationManager[10 - .NET ThreadPool Worker] 
      2022/04/15 23:53:44.840 - [DEBUG]: Remove animationEffect from animation. 
 
Microsoft.AspNetCore.Components.Server.Circuits.RemoteRenderer[10 - .NET ThreadPool Worker] 
      2022/04/15 23:53:47.326 - [WARN]: Unhandled exception rendering component: The instance of entity type 'EffectParameterEntity' cannot be tracked because another instance with the same key value for {'Id'} is already being tracked. When attaching existing entities, ensure that only one entity instance with a given key value is attached. Consider using 'DbContextOptionsBuilder.EnableSensitiveDataLogging' to see the conflicting key values. 
 System.InvalidOperationException: The instance of entity type 'EffectParameterEntity' cannot be tracked because another instance with the same key value for {'Id'} is already being tracked. When attaching existing entities, ensure that only one entity instance with a given key value is attached. Consider using 'DbContextOptionsBuilder.EnableSensitiveDataLogging' to see the conflicting key values.
   at Microsoft.EntityFrameworkCore.ChangeTracking.Internal.IdentityMap`1.ThrowIdentityConflict(InternalEntityEntry entry)
   at Microsoft.EntityFrameworkCore.ChangeTracking.Internal.IdentityMap`1.Add(TKey key, InternalEntityEntry entry, Boolean updateDuplicate)
   at Microsoft.EntityFrameworkCore.ChangeTracking.Internal.IdentityMap`1.Add(TKey key, InternalEntityEntry entry)
   at Microsoft.EntityFrameworkCore.ChangeTracking.Internal.IdentityMap`1.Add(InternalEntityEntry entry)
   at Microsoft.EntityFrameworkCore.ChangeTracking.Internal.StateManager.StartTracking(InternalEntityEntry entry)
   at Microsoft.EntityFrameworkCore.ChangeTracking.Internal.InternalEntityEntry.SetEntityState(EntityState oldState, EntityState newState, Boolean acceptChanges, Boolean modifyProperties)
   at Microsoft.EntityFrameworkCore.ChangeTracking.Internal.InternalEntityEntry.SetEntityState(EntityState entityState, Boolean acceptChanges, Boolean modifyProperties, Nullable`1 forceStateWhenUnknownKey)
   at Microsoft.EntityFrameworkCore.ChangeTracking.Internal.EntityGraphAttacher.PaintAction(EntityEntryGraphNode`1 node)
   at Microsoft.EntityFrameworkCore.ChangeTracking.Internal.EntityEntryGraphIterator.TraverseGraph[TState](EntityEntryGraphNode`1 node, Func`2 handleNode)
   at Microsoft.EntityFrameworkCore.ChangeTracking.Internal.EntityEntryGraphIterator.TraverseGraph[TState](EntityEntryGraphNode`1 node, Func`2 handleNode)
   at Microsoft.EntityFrameworkCore.ChangeTracking.Internal.EntityEntryGraphIterator.TraverseGraph[TState](EntityEntryGraphNode`1 node, Func`2 handleNode)
   at Microsoft.EntityFrameworkCore.ChangeTracking.Internal.EntityEntryGraphIterator.TraverseGraph[TState](EntityEntryGraphNode`1 node, Func`2 handleNode)
   at Microsoft.EntityFrameworkCore.ChangeTracking.Internal.EntityEntryGraphIterator.TraverseGraph[TState](EntityEntryGraphNode`1 node, Func`2 handleNode)
   at Microsoft.EntityFrameworkCore.ChangeTracking.Internal.EntityGraphAttacher.AttachGraph(InternalEntityEntry rootEntry, EntityState targetState, EntityState storeGeneratedWithKeySetTargetState, Boolean forceStateWhenUnknownKey)
   at Microsoft.EntityFrameworkCore.Internal.InternalDbSet`1.SetEntityState(InternalEntityEntry entry, EntityState entityState)
   at Microsoft.EntityFrameworkCore.Internal.InternalDbSet`1.Remove(TEntity entity)
   at LedController.WebPortal.Persistence.Sqlite.Stores.AnimationStore.RemoveAnimationEffectAsync(AnimationEffect animationEffect, CancellationToken token) in D:\Projects\LedController_net5\LedController.Portal.Persistance.Sqlite\Stores\AnimationStore.cs:line 26
   at LedController.WebPortal.Core.Managers.AnimationManager.RemoveAnimationEffectAsync(Animation animation, AnimationEffect animationEffect, CancellationToken token) in D:\Projects\LedController_net5\LedController.Portal.Core\Managers\AnimationManager.cs:line 69
   at LedController.WebPortal.Web.Pages.AnimationsPage.OnAnimationEffectRemoval(AnimationEffect animationEffect) in D:\Projects\LedController_net5\LedController.WebPortal.Web\Pages\AnimationsPage.razor:line 243
   at Microsoft.AspNetCore.Components.ComponentBase.CallStateHasChangedOnAsyncCompletion(Task task)
   at LedController.WebPortal.Web.Components.AnimationEffectRow.<BuildRenderTree>b__0_17() in D:\Projects\LedController_net5\LedController.WebPortal.Web\Components\AnimationEffectRow.razor:line 58
   at Microsoft.AspNetCore.Components.ComponentBase.CallStateHasChangedOnAsyncCompletion(Task task)
   at MudBlazor.MudBaseButton.OnClickHandler(MouseEventArgs ev)
   at Microsoft.AspNetCore.Components.ComponentBase.CallStateHasChangedOnAsyncCompletion(Task task)
   at Microsoft.AspNetCore.Components.RenderTree.Renderer.GetErrorHandledTask(Task taskToHandle, ComponentState owningComponentState)
Microsoft.AspNetCore.Components.Server.Circuits.CircuitHost[10 - .NET ThreadPool Worker] 
      2022/04/15 23:53:47.383 - [ERROR]: Unhandled exception in circuit 'IUkenVa-p10flR9nts6etyqFpF8zzzM03yDazP6lQBo'. 
 System.InvalidOperationException: The instance of entity type 'EffectParameterEntity' cannot be tracked because another instance with the same key value for {'Id'} is already being tracked. When attaching existing entities, ensure that only one entity instance with a given key value is attached. Consider using 'DbContextOptionsBuilder.EnableSensitiveDataLogging' to see the conflicting key values.
   at Microsoft.EntityFrameworkCore.ChangeTracking.Internal.IdentityMap`1.ThrowIdentityConflict(InternalEntityEntry entry)
   at Microsoft.EntityFrameworkCore.ChangeTracking.Internal.IdentityMap`1.Add(TKey key, InternalEntityEntry entry, Boolean updateDuplicate)
   at Microsoft.EntityFrameworkCore.ChangeTracking.Internal.IdentityMap`1.Add(TKey key, InternalEntityEntry entry)
   at Microsoft.EntityFrameworkCore.ChangeTracking.Internal.IdentityMap`1.Add(InternalEntityEntry entry)
   at Microsoft.EntityFrameworkCore.ChangeTracking.Internal.StateManager.StartTracking(InternalEntityEntry entry)
   at Microsoft.EntityFrameworkCore.ChangeTracking.Internal.InternalEntityEntry.SetEntityState(EntityState oldState, EntityState newState, Boolean acceptChanges, Boolean modifyProperties)
   at Microsoft.EntityFrameworkCore.ChangeTracking.Internal.InternalEntityEntry.SetEntityState(EntityState entityState, Boolean acceptChanges, Boolean modifyProperties, Nullable`1 forceStateWhenUnknownKey)
   at Microsoft.EntityFrameworkCore.ChangeTracking.Internal.EntityGraphAttacher.PaintAction(EntityEntryGraphNode`1 node)
   at Microsoft.EntityFrameworkCore.ChangeTracking.Internal.EntityEntryGraphIterator.TraverseGraph[TState](EntityEntryGraphNode`1 node, Func`2 handleNode)
   at Microsoft.EntityFrameworkCore.ChangeTracking.Internal.EntityEntryGraphIterator.TraverseGraph[TState](EntityEntryGraphNode`1 node, Func`2 handleNode)
   at Microsoft.EntityFrameworkCore.ChangeTracking.Internal.EntityEntryGraphIterator.TraverseGraph[TState](EntityEntryGraphNode`1 node, Func`2 handleNode)
   at Microsoft.EntityFrameworkCore.ChangeTracking.Internal.EntityEntryGraphIterator.TraverseGraph[TState](EntityEntryGraphNode`1 node, Func`2 handleNode)
   at Microsoft.EntityFrameworkCore.ChangeTracking.Internal.EntityEntryGraphIterator.TraverseGraph[TState](EntityEntryGraphNode`1 node, Func`2 handleNode)
   at Microsoft.EntityFrameworkCore.ChangeTracking.Internal.EntityGraphAttacher.AttachGraph(InternalEntityEntry rootEntry, EntityState targetState, EntityState storeGeneratedWithKeySetTargetState, Boolean forceStateWhenUnknownKey)
   at Microsoft.EntityFrameworkCore.Internal.InternalDbSet`1.SetEntityState(InternalEntityEntry entry, EntityState entityState)
   at Microsoft.EntityFrameworkCore.Internal.InternalDbSet`1.Remove(TEntity entity)
   at LedController.WebPortal.Persistence.Sqlite.Stores.AnimationStore.RemoveAnimationEffectAsync(AnimationEffect animationEffect, CancellationToken token) in D:\Projects\LedController_net5\LedController.Portal.Persistance.Sqlite\Stores\AnimationStore.cs:line 26
   at LedController.WebPortal.Core.Managers.AnimationManager.RemoveAnimationEffectAsync(Animation animation, AnimationEffect animationEffect, CancellationToken token) in D:\Projects\LedController_net5\LedController.Portal.Core\Managers\AnimationManager.cs:line 69
   at LedController.WebPortal.Web.Pages.AnimationsPage.OnAnimationEffectRemoval(AnimationEffect animationEffect) in D:\Projects\LedController_net5\LedController.WebPortal.Web\Pages\AnimationsPage.razor:line 243
   at Microsoft.AspNetCore.Components.ComponentBase.CallStateHasChangedOnAsyncCompletion(Task task)
   at LedController.WebPortal.Web.Components.AnimationEffectRow.<BuildRenderTree>b__0_17() in D:\Projects\LedController_net5\LedController.WebPortal.Web\Components\AnimationEffectRow.razor:line 58
   at Microsoft.AspNetCore.Components.ComponentBase.CallStateHasChangedOnAsyncCompletion(Task task)
   at MudBlazor.MudBaseButton.OnClickHandler(MouseEventArgs ev)
   at Microsoft.AspNetCore.Components.ComponentBase.CallStateHasChangedOnAsyncCompletion(Task task)
   at Microsoft.AspNetCore.Components.RenderTree.Renderer.GetErrorHandledTask(Task taskToHandle, ComponentState owningComponentState)
LedController.WebPortal.Web.Pages.AnimationsPage[6 - .NET ThreadPool Worker] 
      2022/04/15 23:55:12.201 - [INFO]: Removing animation effect from animation Test Animation. 
 
LedController.WebPortal.Core.Managers.AnimationManager[6 - .NET ThreadPool Worker] 
      2022/04/15 23:55:12.216 - [DEBUG]: Remove animationEffect from animation. 
 
Microsoft.AspNetCore.Components.Server.Circuits.RemoteRenderer[6 - .NET ThreadPool Worker] 
      2022/04/15 23:55:14.589 - [WARN]: Unhandled exception rendering component: The instance of entity type 'AnimationEntity' cannot be tracked because another instance with the same key value for {'Id'} is already being tracked. When attaching existing entities, ensure that only one entity instance with a given key value is attached. Consider using 'DbContextOptionsBuilder.EnableSensitiveDataLogging' to see the conflicting key values. 
 System.InvalidOperationException: The instance of entity type 'AnimationEntity' cannot be tracked because another instance with the same key value for {'Id'} is already being tracked. When attaching existing entities, ensure that only one entity instance with a given key value is attached. Consider using 'DbContextOptionsBuilder.EnableSensitiveDataLogging' to see the conflicting key values.
   at Microsoft.EntityFrameworkCore.ChangeTracking.Internal.IdentityMap`1.ThrowIdentityConflict(InternalEntityEntry entry)
   at Microsoft.EntityFrameworkCore.ChangeTracking.Internal.IdentityMap`1.Add(TKey key, InternalEntityEntry entry, Boolean updateDuplicate)
   at Microsoft.EntityFrameworkCore.ChangeTracking.Internal.IdentityMap`1.Add(TKey key, InternalEntityEntry entry)
   at Microsoft.EntityFrameworkCore.ChangeTracking.Internal.IdentityMap`1.Add(InternalEntityEntry entry)
   at Microsoft.EntityFrameworkCore.ChangeTracking.Internal.StateManager.StartTracking(InternalEntityEntry entry)
   at Microsoft.EntityFrameworkCore.ChangeTracking.Internal.InternalEntityEntry.SetEntityState(EntityState oldState, EntityState newState, Boolean acceptChanges, Boolean modifyProperties)
   at Microsoft.EntityFrameworkCore.ChangeTracking.Internal.InternalEntityEntry.SetEntityState(EntityState entityState, Boolean acceptChanges, Boolean modifyProperties, Nullable`1 forceStateWhenUnknownKey)
   at Microsoft.EntityFrameworkCore.ChangeTracking.Internal.EntityGraphAttacher.PaintAction(EntityEntryGraphNode`1 node)
   at Microsoft.EntityFrameworkCore.ChangeTracking.Internal.EntityEntryGraphIterator.TraverseGraph[TState](EntityEntryGraphNode`1 node, Func`2 handleNode)
   at Microsoft.EntityFrameworkCore.ChangeTracking.Internal.EntityEntryGraphIterator.TraverseGraph[TState](EntityEntryGraphNode`1 node, Func`2 handleNode)
   at Microsoft.EntityFrameworkCore.ChangeTracking.Internal.EntityGraphAttacher.AttachGraph(InternalEntityEntry rootEntry, EntityState targetState, EntityState storeGeneratedWithKeySetTargetState, Boolean forceStateWhenUnknownKey)
   at Microsoft.EntityFrameworkCore.Internal.InternalDbSet`1.SetEntityState(InternalEntityEntry entry, EntityState entityState)
   at Microsoft.EntityFrameworkCore.Internal.InternalDbSet`1.Remove(TEntity entity)
   at LedController.WebPortal.Persistence.Sqlite.Stores.AnimationStore.RemoveAnimationEffectAsync(AnimationEffect animationEffect, CancellationToken token)
   at LedController.WebPortal.Core.Managers.AnimationManager.RemoveAnimationEffectAsync(Animation animation, AnimationEffect animationEffect, CancellationToken token) in D:\Projects\LedController_net5\LedController.Portal.Core\Managers\AnimationManager.cs:line 69
   at LedController.WebPortal.Web.Pages.AnimationsPage.OnAnimationEffectRemoval(AnimationEffect animationEffect) in D:\Projects\LedController_net5\LedController.WebPortal.Web\Pages\AnimationsPage.razor:line 243
   at Microsoft.AspNetCore.Components.ComponentBase.CallStateHasChangedOnAsyncCompletion(Task task)
   at LedController.WebPortal.Web.Components.AnimationEffectRow.<BuildRenderTree>b__0_17() in D:\Projects\LedController_net5\LedController.WebPortal.Web\Components\AnimationEffectRow.razor:line 58
   at Microsoft.AspNetCore.Components.ComponentBase.CallStateHasChangedOnAsyncCompletion(Task task)
   at MudBlazor.MudBaseButton.OnClickHandler(MouseEventArgs ev)
   at Microsoft.AspNetCore.Components.ComponentBase.CallStateHasChangedOnAsyncCompletion(Task task)
   at Microsoft.AspNetCore.Components.RenderTree.Renderer.GetErrorHandledTask(Task taskToHandle, ComponentState owningComponentState)
Microsoft.AspNetCore.Components.Server.Circuits.CircuitHost[6 - .NET ThreadPool Worker] 
      2022/04/15 23:55:14.606 - [ERROR]: Unhandled exception in circuit 'H1mMMq23C38FltnoTvifhr_x0tTnAMrViKUlXjfdOHw'. 
 System.InvalidOperationException: The instance of entity type 'AnimationEntity' cannot be tracked because another instance with the same key value for {'Id'} is already being tracked. When attaching existing entities, ensure that only one entity instance with a given key value is attached. Consider using 'DbContextOptionsBuilder.EnableSensitiveDataLogging' to see the conflicting key values.
   at Microsoft.EntityFrameworkCore.ChangeTracking.Internal.IdentityMap`1.ThrowIdentityConflict(InternalEntityEntry entry)
   at Microsoft.EntityFrameworkCore.ChangeTracking.Internal.IdentityMap`1.Add(TKey key, InternalEntityEntry entry, Boolean updateDuplicate)
   at Microsoft.EntityFrameworkCore.ChangeTracking.Internal.IdentityMap`1.Add(TKey key, InternalEntityEntry entry)
   at Microsoft.EntityFrameworkCore.ChangeTracking.Internal.IdentityMap`1.Add(InternalEntityEntry entry)
   at Microsoft.EntityFrameworkCore.ChangeTracking.Internal.StateManager.StartTracking(InternalEntityEntry entry)
   at Microsoft.EntityFrameworkCore.ChangeTracking.Internal.InternalEntityEntry.SetEntityState(EntityState oldState, EntityState newState, Boolean acceptChanges, Boolean modifyProperties)
   at Microsoft.EntityFrameworkCore.ChangeTracking.Internal.InternalEntityEntry.SetEntityState(EntityState entityState, Boolean acceptChanges, Boolean modifyProperties, Nullable`1 forceStateWhenUnknownKey)
   at Microsoft.EntityFrameworkCore.ChangeTracking.Internal.EntityGraphAttacher.PaintAction(EntityEntryGraphNode`1 node)
   at Microsoft.EntityFrameworkCore.ChangeTracking.Internal.EntityEntryGraphIterator.TraverseGraph[TState](EntityEntryGraphNode`1 node, Func`2 handleNode)
   at Microsoft.EntityFrameworkCore.ChangeTracking.Internal.EntityEntryGraphIterator.TraverseGraph[TState](EntityEntryGraphNode`1 node, Func`2 handleNode)
   at Microsoft.EntityFrameworkCore.ChangeTracking.Internal.EntityGraphAttacher.AttachGraph(InternalEntityEntry rootEntry, EntityState targetState, EntityState storeGeneratedWithKeySetTargetState, Boolean forceStateWhenUnknownKey)
   at Microsoft.EntityFrameworkCore.Internal.InternalDbSet`1.SetEntityState(InternalEntityEntry entry, EntityState entityState)
   at Microsoft.EntityFrameworkCore.Internal.InternalDbSet`1.Remove(TEntity entity)
   at LedController.WebPortal.Persistence.Sqlite.Stores.AnimationStore.RemoveAnimationEffectAsync(AnimationEffect animationEffect, CancellationToken token)
   at LedController.WebPortal.Core.Managers.AnimationManager.RemoveAnimationEffectAsync(Animation animation, AnimationEffect animationEffect, CancellationToken token) in D:\Projects\LedController_net5\LedController.Portal.Core\Managers\AnimationManager.cs:line 69
   at LedController.WebPortal.Web.Pages.AnimationsPage.OnAnimationEffectRemoval(AnimationEffect animationEffect) in D:\Projects\LedController_net5\LedController.WebPortal.Web\Pages\AnimationsPage.razor:line 243
   at Microsoft.AspNetCore.Components.ComponentBase.CallStateHasChangedOnAsyncCompletion(Task task)
   at LedController.WebPortal.Web.Components.AnimationEffectRow.<BuildRenderTree>b__0_17() in D:\Projects\LedController_net5\LedController.WebPortal.Web\Components\AnimationEffectRow.razor:line 58
   at Microsoft.AspNetCore.Components.ComponentBase.CallStateHasChangedOnAsyncCompletion(Task task)
   at MudBlazor.MudBaseButton.OnClickHandler(MouseEventArgs ev)
   at Microsoft.AspNetCore.Components.ComponentBase.CallStateHasChangedOnAsyncCompletion(Task task)
   at Microsoft.AspNetCore.Components.RenderTree.Renderer.GetErrorHandledTask(Task taskToHandle, ComponentState owningComponentState)
Microsoft.Extensions.Hosting.Internal.Host[1 - ] 
      2022/04/15 23:57:28.105 - [DEBUG]: Hosting starting 
 
LedController.WebPortal.Core.Services.DiscoveryService[1 - ] 
      2022/04/15 23:57:28.225 - [DEBUG]: Starting the discovery service. 
 
LedController.WebPortal.Core.Services.DiscoveryService[1 - ] 
      2022/04/15 23:57:28.225 - [DEBUG]: Creating a new UDP client to be used for broadcasting the server information. This wil happen on UDP port 8472. 
 
LedController.WebPortal.Core.Services.DiscoveryService[13 - .NET ThreadPool Worker] 
      2022/04/15 23:57:28.244 - [TRACE]: Start sending message to controllers to be discovered. 
 
LedController.WebPortal.Core.Services.DiscoveryService[1 - ] 
      2022/04/15 23:57:28.244 - [DEBUG]: The discovery service has started. 
 
Microsoft.Hosting.Lifetime[1 - ] 
      2022/04/15 23:57:28.366 - [INFO]: Now listening on: http://localhost:5097 
 
Microsoft.Hosting.Lifetime[1 - ] 
      2022/04/15 23:57:28.366 - [INFO]: Application started. Press Ctrl+C to shut down. 
 
Microsoft.Hosting.Lifetime[1 - ] 
      2022/04/15 23:57:28.381 - [INFO]: Hosting environment: Development 
 
Microsoft.Hosting.Lifetime[1 - ] 
      2022/04/15 23:57:28.381 - [INFO]: Content root path: D:\Projects\LedController_net5\LedController.WebPortal.Web\ 
 
Microsoft.Extensions.Hosting.Internal.Host[1 - ] 
      2022/04/15 23:57:28.381 - [DEBUG]: Hosting started 
 
LedController.WebPortal.Web.Pages.Index[6 - .NET ThreadPool Worker] 
      2022/04/15 23:57:30.756 - [INFO]: Opening the index page. 
 
LedController.WebPortal.Web.Pages.Index[12 - .NET ThreadPool Worker] 
      2022/04/15 23:57:32.428 - [INFO]: Opening the index page. 
 
LedController.WebPortal.Web.Pages.AnimationsPage[9 - .NET ThreadPool Worker] 
      2022/04/15 23:57:44.026 - [INFO]: Removing animation effect from animation Test Animation. 
 
LedController.WebPortal.Core.Managers.AnimationManager[9 - .NET ThreadPool Worker] 
      2022/04/15 23:57:44.042 - [DEBUG]: Remove animationEffect from animation. 
 
Microsoft.AspNetCore.Components.Server.Circuits.RemoteRenderer[9 - .NET ThreadPool Worker] 
      2022/04/15 23:57:46.432 - [WARN]: Unhandled exception rendering component: The instance of entity type 'EffectParameterEntity' cannot be tracked because another instance with the same key value for {'Id'} is already being tracked. When attaching existing entities, ensure that only one entity instance with a given key value is attached. Consider using 'DbContextOptionsBuilder.EnableSensitiveDataLogging' to see the conflicting key values. 
 System.InvalidOperationException: The instance of entity type 'EffectParameterEntity' cannot be tracked because another instance with the same key value for {'Id'} is already being tracked. When attaching existing entities, ensure that only one entity instance with a given key value is attached. Consider using 'DbContextOptionsBuilder.EnableSensitiveDataLogging' to see the conflicting key values.
   at Microsoft.EntityFrameworkCore.ChangeTracking.Internal.IdentityMap`1.ThrowIdentityConflict(InternalEntityEntry entry)
   at Microsoft.EntityFrameworkCore.ChangeTracking.Internal.IdentityMap`1.Add(TKey key, InternalEntityEntry entry, Boolean updateDuplicate)
   at Microsoft.EntityFrameworkCore.ChangeTracking.Internal.IdentityMap`1.Add(TKey key, InternalEntityEntry entry)
   at Microsoft.EntityFrameworkCore.ChangeTracking.Internal.IdentityMap`1.Add(InternalEntityEntry entry)
   at Microsoft.EntityFrameworkCore.ChangeTracking.Internal.StateManager.StartTracking(InternalEntityEntry entry)
   at Microsoft.EntityFrameworkCore.ChangeTracking.Internal.InternalEntityEntry.SetEntityState(EntityState oldState, EntityState newState, Boolean acceptChanges, Boolean modifyProperties)
   at Microsoft.EntityFrameworkCore.ChangeTracking.Internal.InternalEntityEntry.SetEntityState(EntityState entityState, Boolean acceptChanges, Boolean modifyProperties, Nullable`1 forceStateWhenUnknownKey)
   at Microsoft.EntityFrameworkCore.ChangeTracking.Internal.EntityGraphAttacher.PaintAction(EntityEntryGraphNode`1 node)
   at Microsoft.EntityFrameworkCore.ChangeTracking.Internal.EntityEntryGraphIterator.TraverseGraph[TState](EntityEntryGraphNode`1 node, Func`2 handleNode)
   at Microsoft.EntityFrameworkCore.ChangeTracking.Internal.EntityEntryGraphIterator.TraverseGraph[TState](EntityEntryGraphNode`1 node, Func`2 handleNode)
   at Microsoft.EntityFrameworkCore.ChangeTracking.Internal.EntityEntryGraphIterator.TraverseGraph[TState](EntityEntryGraphNode`1 node, Func`2 handleNode)
   at Microsoft.EntityFrameworkCore.ChangeTracking.Internal.EntityEntryGraphIterator.TraverseGraph[TState](EntityEntryGraphNode`1 node, Func`2 handleNode)
   at Microsoft.EntityFrameworkCore.ChangeTracking.Internal.EntityEntryGraphIterator.TraverseGraph[TState](EntityEntryGraphNode`1 node, Func`2 handleNode)
   at Microsoft.EntityFrameworkCore.ChangeTracking.Internal.EntityGraphAttacher.AttachGraph(InternalEntityEntry rootEntry, EntityState targetState, EntityState storeGeneratedWithKeySetTargetState, Boolean forceStateWhenUnknownKey)
   at Microsoft.EntityFrameworkCore.Internal.InternalDbSet`1.SetEntityState(InternalEntityEntry entry, EntityState entityState)
   at Microsoft.EntityFrameworkCore.Internal.InternalDbSet`1.Remove(TEntity entity)
   at LedController.WebPortal.Persistence.Sqlite.Stores.AnimationStore.RemoveAnimationEffectAsync(AnimationEffect animationEffect, CancellationToken token) in D:\Projects\LedController_net5\LedController.Portal.Persistance.Sqlite\Stores\AnimationStore.cs:line 26
   at LedController.WebPortal.Core.Managers.AnimationManager.RemoveAnimationEffectAsync(Animation animation, AnimationEffect animationEffect, CancellationToken token) in D:\Projects\LedController_net5\LedController.Portal.Core\Managers\AnimationManager.cs:line 69
   at LedController.WebPortal.Web.Pages.AnimationsPage.OnAnimationEffectRemoval(AnimationEffect animationEffect) in D:\Projects\LedController_net5\LedController.WebPortal.Web\Pages\AnimationsPage.razor:line 243
   at Microsoft.AspNetCore.Components.ComponentBase.CallStateHasChangedOnAsyncCompletion(Task task)
   at LedController.WebPortal.Web.Components.AnimationEffectRow.<BuildRenderTree>b__0_17() in D:\Projects\LedController_net5\LedController.WebPortal.Web\Components\AnimationEffectRow.razor:line 58
   at Microsoft.AspNetCore.Components.ComponentBase.CallStateHasChangedOnAsyncCompletion(Task task)
   at MudBlazor.MudBaseButton.OnClickHandler(MouseEventArgs ev)
   at Microsoft.AspNetCore.Components.ComponentBase.CallStateHasChangedOnAsyncCompletion(Task task)
   at Microsoft.AspNetCore.Components.RenderTree.Renderer.GetErrorHandledTask(Task taskToHandle, ComponentState owningComponentState)
Microsoft.AspNetCore.Components.Server.Circuits.CircuitHost[9 - .NET ThreadPool Worker] 
      2022/04/15 23:57:46.492 - [ERROR]: Unhandled exception in circuit 'gwWhHRe2edOzgdHQD0OxSM177QpAe2fN-jGCwW5FjH4'. 
 System.InvalidOperationException: The instance of entity type 'EffectParameterEntity' cannot be tracked because another instance with the same key value for {'Id'} is already being tracked. When attaching existing entities, ensure that only one entity instance with a given key value is attached. Consider using 'DbContextOptionsBuilder.EnableSensitiveDataLogging' to see the conflicting key values.
   at Microsoft.EntityFrameworkCore.ChangeTracking.Internal.IdentityMap`1.ThrowIdentityConflict(InternalEntityEntry entry)
   at Microsoft.EntityFrameworkCore.ChangeTracking.Internal.IdentityMap`1.Add(TKey key, InternalEntityEntry entry, Boolean updateDuplicate)
   at Microsoft.EntityFrameworkCore.ChangeTracking.Internal.IdentityMap`1.Add(TKey key, InternalEntityEntry entry)
   at Microsoft.EntityFrameworkCore.ChangeTracking.Internal.IdentityMap`1.Add(InternalEntityEntry entry)
   at Microsoft.EntityFrameworkCore.ChangeTracking.Internal.StateManager.StartTracking(InternalEntityEntry entry)
   at Microsoft.EntityFrameworkCore.ChangeTracking.Internal.InternalEntityEntry.SetEntityState(EntityState oldState, EntityState newState, Boolean acceptChanges, Boolean modifyProperties)
   at Microsoft.EntityFrameworkCore.ChangeTracking.Internal.InternalEntityEntry.SetEntityState(EntityState entityState, Boolean acceptChanges, Boolean modifyProperties, Nullable`1 forceStateWhenUnknownKey)
   at Microsoft.EntityFrameworkCore.ChangeTracking.Internal.EntityGraphAttacher.PaintAction(EntityEntryGraphNode`1 node)
   at Microsoft.EntityFrameworkCore.ChangeTracking.Internal.EntityEntryGraphIterator.TraverseGraph[TState](EntityEntryGraphNode`1 node, Func`2 handleNode)
   at Microsoft.EntityFrameworkCore.ChangeTracking.Internal.EntityEntryGraphIterator.TraverseGraph[TState](EntityEntryGraphNode`1 node, Func`2 handleNode)
   at Microsoft.EntityFrameworkCore.ChangeTracking.Internal.EntityEntryGraphIterator.TraverseGraph[TState](EntityEntryGraphNode`1 node, Func`2 handleNode)
   at Microsoft.EntityFrameworkCore.ChangeTracking.Internal.EntityEntryGraphIterator.TraverseGraph[TState](EntityEntryGraphNode`1 node, Func`2 handleNode)
   at Microsoft.EntityFrameworkCore.ChangeTracking.Internal.EntityEntryGraphIterator.TraverseGraph[TState](EntityEntryGraphNode`1 node, Func`2 handleNode)
   at Microsoft.EntityFrameworkCore.ChangeTracking.Internal.EntityGraphAttacher.AttachGraph(InternalEntityEntry rootEntry, EntityState targetState, EntityState storeGeneratedWithKeySetTargetState, Boolean forceStateWhenUnknownKey)
   at Microsoft.EntityFrameworkCore.Internal.InternalDbSet`1.SetEntityState(InternalEntityEntry entry, EntityState entityState)
   at Microsoft.EntityFrameworkCore.Internal.InternalDbSet`1.Remove(TEntity entity)
   at LedController.WebPortal.Persistence.Sqlite.Stores.AnimationStore.RemoveAnimationEffectAsync(AnimationEffect animationEffect, CancellationToken token) in D:\Projects\LedController_net5\LedController.Portal.Persistance.Sqlite\Stores\AnimationStore.cs:line 26
   at LedController.WebPortal.Core.Managers.AnimationManager.RemoveAnimationEffectAsync(Animation animation, AnimationEffect animationEffect, CancellationToken token) in D:\Projects\LedController_net5\LedController.Portal.Core\Managers\AnimationManager.cs:line 69
   at LedController.WebPortal.Web.Pages.AnimationsPage.OnAnimationEffectRemoval(AnimationEffect animationEffect) in D:\Projects\LedController_net5\LedController.WebPortal.Web\Pages\AnimationsPage.razor:line 243
   at Microsoft.AspNetCore.Components.ComponentBase.CallStateHasChangedOnAsyncCompletion(Task task)
   at LedController.WebPortal.Web.Components.AnimationEffectRow.<BuildRenderTree>b__0_17() in D:\Projects\LedController_net5\LedController.WebPortal.Web\Components\AnimationEffectRow.razor:line 58
   at Microsoft.AspNetCore.Components.ComponentBase.CallStateHasChangedOnAsyncCompletion(Task task)
   at MudBlazor.MudBaseButton.OnClickHandler(MouseEventArgs ev)
   at Microsoft.AspNetCore.Components.ComponentBase.CallStateHasChangedOnAsyncCompletion(Task task)
   at Microsoft.AspNetCore.Components.RenderTree.Renderer.GetErrorHandledTask(Task taskToHandle, ComponentState owningComponentState)
