Microsoft.Extensions.Hosting.Internal.Host[1 - ] 
      2022/03/25 16:23:11.625 - [DEBUG]: Hosting starting 
 
LedController.WebPortal.Core.Services.DiscoveryService[1 - ] 
      2022/03/25 16:23:11.671 - [DEBUG]: Starting the discovery service. 
 
LedController.WebPortal.Core.Services.DiscoveryService[1 - ] 
      2022/03/25 16:23:11.671 - [DEBUG]: Creating a new UDP client to be used for broadcasting the server information. This wil happen on UDP port 8472. 
 
LedController.WebPortal.Core.Services.DiscoveryService[1 - ] 
      2022/03/25 16:23:11.682 - [DEBUG]: The discovery service has started. 
 
LedController.WebPortal.Core.Services.DiscoveryService[9 - .NET ThreadPool Worker] 
      2022/03/25 16:23:11.682 - [TRACE]: Start sending message to controllers to be discovered. 
 
Microsoft.Hosting.Lifetime[1 - ] 
      2022/03/25 16:23:11.760 - [INFO]: Now listening on: http://localhost:5097 
 
Microsoft.Hosting.Lifetime[1 - ] 
      2022/03/25 16:23:11.760 - [INFO]: Application started. Press Ctrl+C to shut down. 
 
Microsoft.Hosting.Lifetime[1 - ] 
      2022/03/25 16:23:11.760 - [INFO]: Hosting environment: Development 
 
Microsoft.Hosting.Lifetime[1 - ] 
      2022/03/25 16:23:11.760 - [INFO]: Content root path: D:\Projects\LedController_net5\LedController.WebPortal.Web\ 
 
Microsoft.Extensions.Hosting.Internal.Host[1 - ] 
      2022/03/25 16:23:11.760 - [DEBUG]: Hosting started 
 
LedController.WebPortal.Web.Pages.Index[6 - .NET ThreadPool Worker] 
      2022/03/25 16:23:15.595 - [INFO]: Opening the index page. 
 
LedController.WebPortal.Web.Pages.Index[16 - .NET ThreadPool Worker] 
      2022/03/25 16:23:17.850 - [INFO]: Opening the index page. 
 
Microsoft.AspNetCore.Components.Server.Circuits.RemoteRenderer[16 - .NET ThreadPool Worker] 
      2022/03/25 16:23:21.846 - [WARN]: Unhandled exception rendering component: InvalidCharacterError: Failed to execute 'setAttribute' on 'Element': ',' is not a valid attribute name. 
 System.InvalidOperationException: InvalidCharacterError: Failed to execute 'setAttribute' on 'Element': ',' is not a valid attribute name.
   at Microsoft.AspNetCore.Components.RenderTree.Renderer.InvokeRenderCompletedCallsAfterUpdateDisplayTask(Task updateDisplayTask, Int32[] updatedComponents)
Microsoft.AspNetCore.Components.Server.Circuits.CircuitHost[16 - .NET ThreadPool Worker] 
      2022/03/25 16:23:21.890 - [ERROR]: Unhandled exception in circuit 'wMLGrxOfWEX9SQB6PMioDKYHxtYA33f4GEGDWyUiMKg'. 
 System.InvalidOperationException: InvalidCharacterError: Failed to execute 'setAttribute' on 'Element': ',' is not a valid attribute name.
   at Microsoft.AspNetCore.Components.RenderTree.Renderer.InvokeRenderCompletedCallsAfterUpdateDisplayTask(Task updateDisplayTask, Int32[] updatedComponents)
Microsoft.AspNetCore.Components.Server.Circuits.RemoteRenderer[16 - .NET ThreadPool Worker] 
      2022/03/25 16:24:22.490 - [WARN]: Unhandled exception rendering component: InvalidCharacterError: Failed to execute 'setAttribute' on 'Element': ',' is not a valid attribute name. 
 System.InvalidOperationException: InvalidCharacterError: Failed to execute 'setAttribute' on 'Element': ',' is not a valid attribute name.
   at Microsoft.AspNetCore.Components.RenderTree.Renderer.InvokeRenderCompletedCallsAfterUpdateDisplayTask(Task updateDisplayTask, Int32[] updatedComponents)
Microsoft.AspNetCore.Components.Server.Circuits.CircuitHost[16 - .NET ThreadPool Worker] 
      2022/03/25 16:24:22.490 - [ERROR]: Unhandled exception in circuit 'MiBl2ZL8dlsAZ50PXn3rz9m2bI405TeUlkrPC9tYIyU'. 
 System.InvalidOperationException: InvalidCharacterError: Failed to execute 'setAttribute' on 'Element': ',' is not a valid attribute name.
   at Microsoft.AspNetCore.Components.RenderTree.Renderer.InvokeRenderCompletedCallsAfterUpdateDisplayTask(Task updateDisplayTask, Int32[] updatedComponents)
Microsoft.Extensions.Hosting.Internal.Host[1 - ] 
      2022/03/25 16:30:39.748 - [DEBUG]: Hosting starting 
 
LedController.WebPortal.Core.Services.DiscoveryService[1 - ] 
      2022/03/25 16:30:39.782 - [DEBUG]: Starting the discovery service. 
 
LedController.WebPortal.Core.Services.DiscoveryService[1 - ] 
      2022/03/25 16:30:39.782 - [DEBUG]: Creating a new UDP client to be used for broadcasting the server information. This wil happen on UDP port 8472. 
 
LedController.WebPortal.Core.Services.DiscoveryService[1 - ] 
      2022/03/25 16:30:39.793 - [DEBUG]: The discovery service has started. 
 
LedController.WebPortal.Core.Services.DiscoveryService[9 - .NET ThreadPool Worker] 
      2022/03/25 16:30:39.793 - [TRACE]: Start sending message to controllers to be discovered. 
 
Microsoft.Hosting.Lifetime[1 - ] 
      2022/03/25 16:30:39.862 - [INFO]: Now listening on: http://localhost:5097 
 
Microsoft.Hosting.Lifetime[1 - ] 
      2022/03/25 16:30:39.866 - [INFO]: Application started. Press Ctrl+C to shut down. 
 
Microsoft.Hosting.Lifetime[1 - ] 
      2022/03/25 16:30:39.866 - [INFO]: Hosting environment: Development 
 
Microsoft.Hosting.Lifetime[1 - ] 
      2022/03/25 16:30:39.866 - [INFO]: Content root path: D:\Projects\LedController_net5\LedController.WebPortal.Web\ 
 
Microsoft.Extensions.Hosting.Internal.Host[1 - ] 
      2022/03/25 16:30:39.866 - [DEBUG]: Hosting started 
 
Microsoft.Extensions.Hosting.Internal.Host[1 - ] 
      2022/03/25 16:33:04.419 - [DEBUG]: Hosting starting 
 
LedController.WebPortal.Core.Services.DiscoveryService[1 - ] 
      2022/03/25 16:33:04.452 - [DEBUG]: Starting the discovery service. 
 
LedController.WebPortal.Core.Services.DiscoveryService[1 - ] 
      2022/03/25 16:33:04.452 - [DEBUG]: Creating a new UDP client to be used for broadcasting the server information. This wil happen on UDP port 8472. 
 
LedController.WebPortal.Core.Services.DiscoveryService[1 - ] 
      2022/03/25 16:33:04.465 - [DEBUG]: The discovery service has started. 
 
LedController.WebPortal.Core.Services.DiscoveryService[10 - .NET ThreadPool Worker] 
      2022/03/25 16:33:04.465 - [TRACE]: Start sending message to controllers to be discovered. 
 
Microsoft.Hosting.Lifetime[1 - ] 
      2022/03/25 16:33:04.531 - [INFO]: Now listening on: http://localhost:5097 
 
Microsoft.Hosting.Lifetime[1 - ] 
      2022/03/25 16:33:04.531 - [INFO]: Application started. Press Ctrl+C to shut down. 
 
Microsoft.Hosting.Lifetime[1 - ] 
      2022/03/25 16:33:04.531 - [INFO]: Hosting environment: Development 
 
Microsoft.Hosting.Lifetime[1 - ] 
      2022/03/25 16:33:04.531 - [INFO]: Content root path: D:\Projects\LedController_net5\LedController.WebPortal.Web\ 
 
Microsoft.Extensions.Hosting.Internal.Host[1 - ] 
      2022/03/25 16:33:04.531 - [DEBUG]: Hosting started 
 
LedController.WebPortal.Web.Pages.Index[9 - .NET ThreadPool Worker] 
      2022/03/25 16:33:07.217 - [INFO]: Opening the index page. 
 
LedController.WebPortal.Web.Pages.Index[6 - .NET ThreadPool Worker] 
      2022/03/25 16:33:08.919 - [INFO]: Opening the index page. 
 
Microsoft.AspNetCore.Components.Server.Circuits.RemoteRenderer[10 - .NET ThreadPool Worker] 
      2022/03/25 16:33:10.580 - [WARN]: Unhandled exception rendering component: InvalidCharacterError: Failed to execute 'setAttribute' on 'Element': ',' is not a valid attribute name. 
 System.InvalidOperationException: InvalidCharacterError: Failed to execute 'setAttribute' on 'Element': ',' is not a valid attribute name.
   at Microsoft.AspNetCore.Components.RenderTree.Renderer.InvokeRenderCompletedCallsAfterUpdateDisplayTask(Task updateDisplayTask, Int32[] updatedComponents)
Microsoft.AspNetCore.Components.Server.Circuits.CircuitHost[10 - .NET ThreadPool Worker] 
      2022/03/25 16:33:10.610 - [ERROR]: Unhandled exception in circuit 'AQ2Alzyb4lkGn0z32X-OO-T3jAckTz-OI0luwicasI8'. 
 System.InvalidOperationException: InvalidCharacterError: Failed to execute 'setAttribute' on 'Element': ',' is not a valid attribute name.
   at Microsoft.AspNetCore.Components.RenderTree.Renderer.InvokeRenderCompletedCallsAfterUpdateDisplayTask(Task updateDisplayTask, Int32[] updatedComponents)
Microsoft.Extensions.Hosting.Internal.Host[1 - ] 
      2022/03/25 16:36:53.173 - [DEBUG]: Hosting starting 
 
LedController.WebPortal.Core.Services.DiscoveryService[1 - ] 
      2022/03/25 16:36:53.205 - [DEBUG]: Starting the discovery service. 
 
LedController.WebPortal.Core.Services.DiscoveryService[1 - ] 
      2022/03/25 16:36:53.205 - [DEBUG]: Creating a new UDP client to be used for broadcasting the server information. This wil happen on UDP port 8472. 
 
LedController.WebPortal.Core.Services.DiscoveryService[1 - ] 
      2022/03/25 16:36:53.216 - [DEBUG]: The discovery service has started. 
 
LedController.WebPortal.Core.Services.DiscoveryService[10 - .NET ThreadPool Worker] 
      2022/03/25 16:36:53.216 - [TRACE]: Start sending message to controllers to be discovered. 
 
Microsoft.Hosting.Lifetime[1 - ] 
      2022/03/25 16:36:53.286 - [INFO]: Now listening on: http://localhost:5097 
 
Microsoft.Hosting.Lifetime[1 - ] 
      2022/03/25 16:36:53.290 - [INFO]: Application started. Press Ctrl+C to shut down. 
 
Microsoft.Hosting.Lifetime[1 - ] 
      2022/03/25 16:36:53.290 - [INFO]: Hosting environment: Development 
 
Microsoft.Hosting.Lifetime[1 - ] 
      2022/03/25 16:36:53.290 - [INFO]: Content root path: D:\Projects\LedController_net5\LedController.WebPortal.Web\ 
 
Microsoft.Extensions.Hosting.Internal.Host[1 - ] 
      2022/03/25 16:36:53.290 - [DEBUG]: Hosting started 
 
LedController.WebPortal.Web.Pages.Index[10 - .NET ThreadPool Worker] 
      2022/03/25 16:36:55.258 - [INFO]: Opening the index page. 
 
LedController.WebPortal.Web.Pages.Index[10 - .NET ThreadPool Worker] 
      2022/03/25 16:36:56.815 - [INFO]: Opening the index page. 
 
Microsoft.AspNetCore.Components.Server.Circuits.RemoteRenderer[14 - .NET ThreadPool Worker] 
      2022/03/25 16:37:00.626 - [WARN]: Unhandled exception rendering component: InvalidCharacterError: Failed to execute 'setAttribute' on 'Element': ',' is not a valid attribute name. 
 System.InvalidOperationException: InvalidCharacterError: Failed to execute 'setAttribute' on 'Element': ',' is not a valid attribute name.
   at Microsoft.AspNetCore.Components.RenderTree.Renderer.InvokeRenderCompletedCallsAfterUpdateDisplayTask(Task updateDisplayTask, Int32[] updatedComponents)
Microsoft.AspNetCore.Components.Server.Circuits.CircuitHost[14 - .NET ThreadPool Worker] 
      2022/03/25 16:37:00.654 - [ERROR]: Unhandled exception in circuit 'qm7Z4kfOG63mFHukUJdOvkMg2vFOf2ABjodxOVLthzU'. 
 System.InvalidOperationException: InvalidCharacterError: Failed to execute 'setAttribute' on 'Element': ',' is not a valid attribute name.
   at Microsoft.AspNetCore.Components.RenderTree.Renderer.InvokeRenderCompletedCallsAfterUpdateDisplayTask(Task updateDisplayTask, Int32[] updatedComponents)
Microsoft.Extensions.Hosting.Internal.Host[1 - ] 
      2022/03/25 16:37:37.284 - [DEBUG]: Hosting starting 
 
LedController.WebPortal.Core.Services.DiscoveryService[1 - ] 
      2022/03/25 16:37:37.318 - [DEBUG]: Starting the discovery service. 
 
LedController.WebPortal.Core.Services.DiscoveryService[1 - ] 
      2022/03/25 16:37:37.319 - [DEBUG]: Creating a new UDP client to be used for broadcasting the server information. This wil happen on UDP port 8472. 
 
LedController.WebPortal.Core.Services.DiscoveryService[1 - ] 
      2022/03/25 16:37:37.319 - [DEBUG]: The discovery service has started. 
 
LedController.WebPortal.Core.Services.DiscoveryService[12 - .NET ThreadPool Worker] 
      2022/03/25 16:37:37.319 - [TRACE]: Start sending message to controllers to be discovered. 
 
Microsoft.Hosting.Lifetime[1 - ] 
      2022/03/25 16:37:37.396 - [INFO]: Now listening on: http://localhost:5097 
 
Microsoft.Hosting.Lifetime[1 - ] 
      2022/03/25 16:37:37.396 - [INFO]: Application started. Press Ctrl+C to shut down. 
 
Microsoft.Hosting.Lifetime[1 - ] 
      2022/03/25 16:37:37.396 - [INFO]: Hosting environment: Development 
 
Microsoft.Hosting.Lifetime[1 - ] 
      2022/03/25 16:37:37.396 - [INFO]: Content root path: D:\Projects\LedController_net5\LedController.WebPortal.Web\ 
 
Microsoft.Extensions.Hosting.Internal.Host[1 - ] 
      2022/03/25 16:37:37.396 - [DEBUG]: Hosting started 
 
LedController.WebPortal.Web.Pages.Index[9 - .NET ThreadPool Worker] 
      2022/03/25 16:37:40.012 - [INFO]: Opening the index page. 
 
LedController.WebPortal.Web.Pages.Index[9 - .NET ThreadPool Worker] 
      2022/03/25 16:37:41.414 - [INFO]: Opening the index page. 
 
Microsoft.AspNetCore.Components.Server.Circuits.RemoteRenderer[14 - .NET ThreadPool Worker] 
      2022/03/25 16:37:43.621 - [WARN]: Unhandled exception rendering component: InvalidCharacterError: Failed to execute 'setAttribute' on 'Element': ',' is not a valid attribute name. 
 System.InvalidOperationException: InvalidCharacterError: Failed to execute 'setAttribute' on 'Element': ',' is not a valid attribute name.
   at Microsoft.AspNetCore.Components.RenderTree.Renderer.InvokeRenderCompletedCallsAfterUpdateDisplayTask(Task updateDisplayTask, Int32[] updatedComponents)
Microsoft.AspNetCore.Components.Server.Circuits.CircuitHost[14 - .NET ThreadPool Worker] 
      2022/03/25 16:37:43.647 - [ERROR]: Unhandled exception in circuit 'D0m-U_jNYXtwUrVruKF9DXZztfMCiIY1e9JqmQla0o8'. 
 System.InvalidOperationException: InvalidCharacterError: Failed to execute 'setAttribute' on 'Element': ',' is not a valid attribute name.
   at Microsoft.AspNetCore.Components.RenderTree.Renderer.InvokeRenderCompletedCallsAfterUpdateDisplayTask(Task updateDisplayTask, Int32[] updatedComponents)
Microsoft.Extensions.Hosting.Internal.Host[1 - ] 
      2022/03/25 16:38:12.405 - [DEBUG]: Hosting starting 
 
LedController.WebPortal.Core.Services.DiscoveryService[1 - ] 
      2022/03/25 16:38:12.451 - [DEBUG]: Starting the discovery service. 
 
LedController.WebPortal.Core.Services.DiscoveryService[1 - ] 
      2022/03/25 16:38:12.451 - [DEBUG]: Creating a new UDP client to be used for broadcasting the server information. This wil happen on UDP port 8472. 
 
LedController.WebPortal.Core.Services.DiscoveryService[1 - ] 
      2022/03/25 16:38:12.461 - [DEBUG]: The discovery service has started. 
 
LedController.WebPortal.Core.Services.DiscoveryService[10 - .NET ThreadPool Worker] 
      2022/03/25 16:38:12.461 - [TRACE]: Start sending message to controllers to be discovered. 
 
Microsoft.Hosting.Lifetime[1 - ] 
      2022/03/25 16:38:12.544 - [INFO]: Now listening on: http://localhost:5097 
 
Microsoft.Hosting.Lifetime[1 - ] 
      2022/03/25 16:38:12.544 - [INFO]: Application started. Press Ctrl+C to shut down. 
 
Microsoft.Hosting.Lifetime[1 - ] 
      2022/03/25 16:38:12.544 - [INFO]: Hosting environment: Development 
 
Microsoft.Hosting.Lifetime[1 - ] 
      2022/03/25 16:38:12.544 - [INFO]: Content root path: D:\Projects\LedController_net5\LedController.WebPortal.Web\ 
 
Microsoft.Extensions.Hosting.Internal.Host[1 - ] 
      2022/03/25 16:38:12.544 - [DEBUG]: Hosting started 
 
LedController.WebPortal.Web.Pages.Index[15 - .NET ThreadPool Worker] 
      2022/03/25 16:38:14.658 - [INFO]: Opening the index page. 
 
LedController.WebPortal.Web.Pages.Index[10 - .NET ThreadPool Worker] 
      2022/03/25 16:38:16.073 - [INFO]: Opening the index page. 
 
Microsoft.AspNetCore.Components.Server.Circuits.RemoteRenderer[9 - .NET ThreadPool Worker] 
      2022/03/25 16:38:17.216 - [WARN]: Unhandled exception rendering component: InvalidCharacterError: Failed to execute 'setAttribute' on 'Element': ',' is not a valid attribute name. 
 System.InvalidOperationException: InvalidCharacterError: Failed to execute 'setAttribute' on 'Element': ',' is not a valid attribute name.
   at Microsoft.AspNetCore.Components.RenderTree.Renderer.InvokeRenderCompletedCallsAfterUpdateDisplayTask(Task updateDisplayTask, Int32[] updatedComponents)
Microsoft.AspNetCore.Components.Server.Circuits.CircuitHost[9 - .NET ThreadPool Worker] 
      2022/03/25 16:38:17.247 - [ERROR]: Unhandled exception in circuit 'bE5MX8-umCVL8cyI994VtvGyJMPYSG3kOLsIywK5Ia4'. 
 System.InvalidOperationException: InvalidCharacterError: Failed to execute 'setAttribute' on 'Element': ',' is not a valid attribute name.
   at Microsoft.AspNetCore.Components.RenderTree.Renderer.InvokeRenderCompletedCallsAfterUpdateDisplayTask(Task updateDisplayTask, Int32[] updatedComponents)
Microsoft.AspNetCore.Components.Server.Circuits.RemoteRenderer[9 - .NET ThreadPool Worker] 
      2022/03/25 16:38:31.289 - [WARN]: Unhandled exception rendering component: InvalidCharacterError: Failed to execute 'setAttribute' on 'Element': ',' is not a valid attribute name. 
 System.InvalidOperationException: InvalidCharacterError: Failed to execute 'setAttribute' on 'Element': ',' is not a valid attribute name.
   at Microsoft.AspNetCore.Components.RenderTree.Renderer.InvokeRenderCompletedCallsAfterUpdateDisplayTask(Task updateDisplayTask, Int32[] updatedComponents)
Microsoft.AspNetCore.Components.Server.Circuits.CircuitHost[9 - .NET ThreadPool Worker] 
      2022/03/25 16:38:31.289 - [ERROR]: Unhandled exception in circuit '6-yFXigW1-l8nSqWhOdK1C7e0vp9_1ml1bgv0Vi9xGk'. 
 System.InvalidOperationException: InvalidCharacterError: Failed to execute 'setAttribute' on 'Element': ',' is not a valid attribute name.
   at Microsoft.AspNetCore.Components.RenderTree.Renderer.InvokeRenderCompletedCallsAfterUpdateDisplayTask(Task updateDisplayTask, Int32[] updatedComponents)
Microsoft.AspNetCore.Components.Server.Circuits.RemoteRenderer[10 - .NET ThreadPool Worker] 
      2022/03/25 16:38:38.324 - [WARN]: Unhandled exception rendering component: InvalidCharacterError: Failed to execute 'setAttribute' on 'Element': ',' is not a valid attribute name. 
 System.InvalidOperationException: InvalidCharacterError: Failed to execute 'setAttribute' on 'Element': ',' is not a valid attribute name.
   at Microsoft.AspNetCore.Components.RenderTree.Renderer.InvokeRenderCompletedCallsAfterUpdateDisplayTask(Task updateDisplayTask, Int32[] updatedComponents)
Microsoft.AspNetCore.Components.Server.Circuits.CircuitHost[10 - .NET ThreadPool Worker] 
      2022/03/25 16:38:38.324 - [ERROR]: Unhandled exception in circuit 'CfE8fKUX13kcANjWV_vWIxJ3Eij02mIV86Hg26lxmY0'. 
 System.InvalidOperationException: InvalidCharacterError: Failed to execute 'setAttribute' on 'Element': ',' is not a valid attribute name.
   at Microsoft.AspNetCore.Components.RenderTree.Renderer.InvokeRenderCompletedCallsAfterUpdateDisplayTask(Task updateDisplayTask, Int32[] updatedComponents)
Microsoft.Extensions.Hosting.Internal.Host[1 - ] 
      2022/03/25 16:39:10.822 - [DEBUG]: Hosting starting 
 
LedController.WebPortal.Core.Services.DiscoveryService[1 - ] 
      2022/03/25 16:39:10.853 - [DEBUG]: Starting the discovery service. 
 
LedController.WebPortal.Core.Services.DiscoveryService[1 - ] 
      2022/03/25 16:39:10.853 - [DEBUG]: Creating a new UDP client to be used for broadcasting the server information. This wil happen on UDP port 8472. 
 
LedController.WebPortal.Core.Services.DiscoveryService[1 - ] 
      2022/03/25 16:39:10.853 - [DEBUG]: The discovery service has started. 
 
LedController.WebPortal.Core.Services.DiscoveryService[10 - .NET ThreadPool Worker] 
      2022/03/25 16:39:10.853 - [TRACE]: Start sending message to controllers to be discovered. 
 
Microsoft.Hosting.Lifetime[1 - ] 
      2022/03/25 16:39:10.926 - [INFO]: Now listening on: http://localhost:5097 
 
Microsoft.Hosting.Lifetime[1 - ] 
      2022/03/25 16:39:10.930 - [INFO]: Application started. Press Ctrl+C to shut down. 
 
Microsoft.Hosting.Lifetime[1 - ] 
      2022/03/25 16:39:10.930 - [INFO]: Hosting environment: Development 
 
Microsoft.Hosting.Lifetime[1 - ] 
      2022/03/25 16:39:10.930 - [INFO]: Content root path: D:\Projects\LedController_net5\LedController.WebPortal.Web\ 
 
Microsoft.Extensions.Hosting.Internal.Host[1 - ] 
      2022/03/25 16:39:10.930 - [DEBUG]: Hosting started 
 
LedController.WebPortal.Web.Pages.Index[10 - .NET ThreadPool Worker] 
      2022/03/25 16:39:13.042 - [INFO]: Opening the index page. 
 
LedController.WebPortal.Web.Pages.Index[13 - .NET ThreadPool Worker] 
      2022/03/25 16:39:14.601 - [INFO]: Opening the index page. 
 
Microsoft.AspNetCore.Components.Server.Circuits.RemoteRenderer[10 - .NET ThreadPool Worker] 
      2022/03/25 16:39:15.259 - [WARN]: Unhandled exception rendering component: InvalidCharacterError: Failed to execute 'setAttribute' on 'Element': ',' is not a valid attribute name. 
 System.InvalidOperationException: InvalidCharacterError: Failed to execute 'setAttribute' on 'Element': ',' is not a valid attribute name.
   at Microsoft.AspNetCore.Components.RenderTree.Renderer.InvokeRenderCompletedCallsAfterUpdateDisplayTask(Task updateDisplayTask, Int32[] updatedComponents)
Microsoft.AspNetCore.Components.Server.Circuits.CircuitHost[10 - .NET ThreadPool Worker] 
      2022/03/25 16:39:15.289 - [ERROR]: Unhandled exception in circuit 'lDGWvzIQQ94gAp1rBvoomNzDhNTlwyErhx2vkqcAFfc'. 
 System.InvalidOperationException: InvalidCharacterError: Failed to execute 'setAttribute' on 'Element': ',' is not a valid attribute name.
   at Microsoft.AspNetCore.Components.RenderTree.Renderer.InvokeRenderCompletedCallsAfterUpdateDisplayTask(Task updateDisplayTask, Int32[] updatedComponents)
Microsoft.Extensions.Hosting.Internal.Host[1 - ] 
      2022/03/25 16:39:57.031 - [DEBUG]: Hosting starting 
 
LedController.WebPortal.Core.Services.DiscoveryService[1 - ] 
      2022/03/25 16:39:57.059 - [DEBUG]: Starting the discovery service. 
 
LedController.WebPortal.Core.Services.DiscoveryService[1 - ] 
      2022/03/25 16:39:57.059 - [DEBUG]: Creating a new UDP client to be used for broadcasting the server information. This wil happen on UDP port 8472. 
 
LedController.WebPortal.Core.Services.DiscoveryService[1 - ] 
      2022/03/25 16:39:57.069 - [DEBUG]: The discovery service has started. 
 
LedController.WebPortal.Core.Services.DiscoveryService[10 - .NET ThreadPool Worker] 
      2022/03/25 16:39:57.069 - [TRACE]: Start sending message to controllers to be discovered. 
 
Microsoft.Hosting.Lifetime[1 - ] 
      2022/03/25 16:39:57.129 - [INFO]: Now listening on: http://localhost:5097 
 
Microsoft.Hosting.Lifetime[1 - ] 
      2022/03/25 16:39:57.132 - [INFO]: Application started. Press Ctrl+C to shut down. 
 
Microsoft.Hosting.Lifetime[1 - ] 
      2022/03/25 16:39:57.132 - [INFO]: Hosting environment: Development 
 
Microsoft.Hosting.Lifetime[1 - ] 
      2022/03/25 16:39:57.132 - [INFO]: Content root path: D:\Projects\LedController_net5\LedController.WebPortal.Web\ 
 
Microsoft.Extensions.Hosting.Internal.Host[1 - ] 
      2022/03/25 16:39:57.132 - [DEBUG]: Hosting started 
 
LedController.WebPortal.Web.Pages.Index[6 - .NET ThreadPool Worker] 
      2022/03/25 16:39:59.199 - [INFO]: Opening the index page. 
 
LedController.WebPortal.Web.Pages.Index[6 - .NET ThreadPool Worker] 
      2022/03/25 16:40:00.857 - [INFO]: Opening the index page. 
 
Microsoft.AspNetCore.Components.Server.Circuits.RemoteRenderer[10 - .NET ThreadPool Worker] 
      2022/03/25 16:43:53.098 - [WARN]: Unhandled exception rendering component: DataAnnotationsValidator requires a cascading parameter of type EditContext. For example, you can use DataAnnotationsValidator inside an EditForm. 
 System.InvalidOperationException: DataAnnotationsValidator requires a cascading parameter of type EditContext. For example, you can use DataAnnotationsValidator inside an EditForm.
   at Microsoft.AspNetCore.Components.Forms.DataAnnotationsValidator.OnInitialized()
   at Microsoft.AspNetCore.Components.ComponentBase.RunInitAndSetParametersAsync()
Microsoft.AspNetCore.Components.Server.Circuits.CircuitHost[10 - .NET ThreadPool Worker] 
      2022/03/25 16:43:53.123 - [ERROR]: Unhandled exception in circuit 'rcBdOxJd_XaZmc3dzPzwJUEdbj02j3rXulVFd-RT6rs'. 
 System.InvalidOperationException: DataAnnotationsValidator requires a cascading parameter of type EditContext. For example, you can use DataAnnotationsValidator inside an EditForm.
   at Microsoft.AspNetCore.Components.Forms.DataAnnotationsValidator.OnInitialized()
   at Microsoft.AspNetCore.Components.ComponentBase.RunInitAndSetParametersAsync()
Microsoft.AspNetCore.Components.Server.Circuits.RemoteRenderer[10 - .NET ThreadPool Worker] 
      2022/03/25 16:43:53.164 - [WARN]: Unhandled exception rendering component: Cannot access a disposed object. 
 System.ObjectDisposedException: Cannot access a disposed object.
   at Microsoft.AspNetCore.Components.RenderTree.ArrayBuilder`1.ThrowObjectDisposedException()
   at Microsoft.AspNetCore.Components.RenderTree.ArrayBuilder`1.GrowBuffer(Int32 desiredCapacity)
   at Microsoft.AspNetCore.Components.RenderTree.ArrayBuilder`1.Append(T[] source, Int32 startIndex, Int32 length)
   at Microsoft.AspNetCore.Components.RenderTree.RenderTreeDiffBuilder.InsertNewFrame(DiffContext& diffContext, Int32 newFrameIndex)
   at Microsoft.AspNetCore.Components.RenderTree.RenderTreeDiffBuilder.InsertNewFrame(DiffContext& diffContext, Int32 newFrameIndex)
   at Microsoft.AspNetCore.Components.RenderTree.RenderTreeDiffBuilder.InsertNewFrame(DiffContext& diffContext, Int32 newFrameIndex)
   at Microsoft.AspNetCore.Components.RenderTree.RenderTreeDiffBuilder.AppendDiffEntriesForRange(DiffContext& diffContext, Int32 oldStartIndex, Int32 oldEndIndexExcl, Int32 newStartIndex, Int32 newEndIndexExcl)
   at Microsoft.AspNetCore.Components.RenderTree.RenderTreeDiffBuilder.ComputeDiff(Renderer renderer, RenderBatchBuilder batchBuilder, Int32 componentId, ArrayRange`1 oldTree, ArrayRange`1 newTree)
   at Microsoft.AspNetCore.Components.Rendering.ComponentState.RenderIntoBatch(RenderBatchBuilder batchBuilder, RenderFragment renderFragment, Exception& renderFragmentException)
   at Microsoft.AspNetCore.Components.RenderTree.Renderer.ProcessRenderQueue()
Microsoft.AspNetCore.Components.Server.Circuits.CircuitHost[10 - .NET ThreadPool Worker] 
      2022/03/25 16:43:53.164 - [ERROR]: Unhandled exception in circuit 'rcBdOxJd_XaZmc3dzPzwJUEdbj02j3rXulVFd-RT6rs'. 
 System.ObjectDisposedException: Cannot access a disposed object.
   at Microsoft.AspNetCore.Components.RenderTree.ArrayBuilder`1.ThrowObjectDisposedException()
   at Microsoft.AspNetCore.Components.RenderTree.ArrayBuilder`1.GrowBuffer(Int32 desiredCapacity)
   at Microsoft.AspNetCore.Components.RenderTree.ArrayBuilder`1.Append(T[] source, Int32 startIndex, Int32 length)
   at Microsoft.AspNetCore.Components.RenderTree.RenderTreeDiffBuilder.InsertNewFrame(DiffContext& diffContext, Int32 newFrameIndex)
   at Microsoft.AspNetCore.Components.RenderTree.RenderTreeDiffBuilder.InsertNewFrame(DiffContext& diffContext, Int32 newFrameIndex)
   at Microsoft.AspNetCore.Components.RenderTree.RenderTreeDiffBuilder.InsertNewFrame(DiffContext& diffContext, Int32 newFrameIndex)
   at Microsoft.AspNetCore.Components.RenderTree.RenderTreeDiffBuilder.AppendDiffEntriesForRange(DiffContext& diffContext, Int32 oldStartIndex, Int32 oldEndIndexExcl, Int32 newStartIndex, Int32 newEndIndexExcl)
   at Microsoft.AspNetCore.Components.RenderTree.RenderTreeDiffBuilder.ComputeDiff(Renderer renderer, RenderBatchBuilder batchBuilder, Int32 componentId, ArrayRange`1 oldTree, ArrayRange`1 newTree)
   at Microsoft.AspNetCore.Components.Rendering.ComponentState.RenderIntoBatch(RenderBatchBuilder batchBuilder, RenderFragment renderFragment, Exception& renderFragmentException)
   at Microsoft.AspNetCore.Components.RenderTree.Renderer.ProcessRenderQueue()
Microsoft.Extensions.Hosting.Internal.Host[1 - ] 
      2022/03/25 16:44:38.581 - [DEBUG]: Hosting starting 
 
LedController.WebPortal.Core.Services.DiscoveryService[1 - ] 
      2022/03/25 16:44:38.630 - [DEBUG]: Starting the discovery service. 
 
LedController.WebPortal.Core.Services.DiscoveryService[1 - ] 
      2022/03/25 16:44:38.631 - [DEBUG]: Creating a new UDP client to be used for broadcasting the server information. This wil happen on UDP port 8472. 
 
LedController.WebPortal.Core.Services.DiscoveryService[1 - ] 
      2022/03/25 16:44:38.648 - [DEBUG]: The discovery service has started. 
 
LedController.WebPortal.Core.Services.DiscoveryService[6 - .NET ThreadPool Worker] 
      2022/03/25 16:44:38.648 - [TRACE]: Start sending message to controllers to be discovered. 
 
Microsoft.Hosting.Lifetime[1 - ] 
      2022/03/25 16:44:38.748 - [INFO]: Now listening on: http://localhost:5097 
 
Microsoft.Hosting.Lifetime[1 - ] 
      2022/03/25 16:44:38.748 - [INFO]: Application started. Press Ctrl+C to shut down. 
 
Microsoft.Hosting.Lifetime[1 - ] 
      2022/03/25 16:44:38.748 - [INFO]: Hosting environment: Development 
 
Microsoft.Hosting.Lifetime[1 - ] 
      2022/03/25 16:44:38.748 - [INFO]: Content root path: D:\Projects\LedController_net5\LedController.WebPortal.Web\ 
 
Microsoft.Extensions.Hosting.Internal.Host[1 - ] 
      2022/03/25 16:44:38.748 - [DEBUG]: Hosting started 
 
LedController.WebPortal.Web.Pages.Index[10 - .NET ThreadPool Worker] 
      2022/03/25 16:44:40.876 - [INFO]: Opening the index page. 
 
LedController.WebPortal.Web.Pages.Index[6 - .NET ThreadPool Worker] 
      2022/03/25 16:44:42.440 - [INFO]: Opening the index page. 
 
LedController.WebPortal.Web.Dialogs.EditSpiBusDialog[6 - .NET ThreadPool Worker] 
      2022/03/25 16:44:51.213 - [INFO]: Creating a new effect with name Test Effect. 
 
LedController.WebPortal.Core.Factories.EffectFactory[6 - .NET ThreadPool Worker] 
      2022/03/25 16:44:51.213 - [DEBUG]: Creating a new effect. 
 
Microsoft.AspNetCore.Components.Server.Circuits.RemoteRenderer[6 - .NET ThreadPool Worker] 
      2022/03/25 16:44:51.454 - [WARN]: Unhandled exception rendering component: An error occurred while saving the entity changes. See the inner exception for details. 
 Microsoft.EntityFrameworkCore.DbUpdateException: An error occurred while saving the entity changes. See the inner exception for details.
 ---> Microsoft.Data.Sqlite.SqliteException (0x80004005): SQLite Error 19: 'FOREIGN KEY constraint failed'.
   at Microsoft.Data.Sqlite.SqliteException.ThrowExceptionForRC(Int32 rc, sqlite3 db)
   at Microsoft.Data.Sqlite.SqliteDataReader.NextResult()
   at Microsoft.Data.Sqlite.SqliteCommand.ExecuteReader(CommandBehavior behavior)
   at Microsoft.Data.Sqlite.SqliteCommand.ExecuteReaderAsync(CommandBehavior behavior, CancellationToken cancellationToken)
   at Microsoft.Data.Sqlite.SqliteCommand.ExecuteDbDataReaderAsync(CommandBehavior behavior, CancellationToken cancellationToken)
   at Microsoft.EntityFrameworkCore.Storage.RelationalCommand.ExecuteReaderAsync(RelationalCommandParameterObject parameterObject, CancellationToken cancellationToken)
   at Microsoft.EntityFrameworkCore.Storage.RelationalCommand.ExecuteReaderAsync(RelationalCommandParameterObject parameterObject, CancellationToken cancellationToken)
   at Microsoft.EntityFrameworkCore.Update.ReaderModificationCommandBatch.ExecuteAsync(IRelationalConnection connection, CancellationToken cancellationToken)
   --- End of inner exception stack trace ---
   at Microsoft.EntityFrameworkCore.Update.ReaderModificationCommandBatch.ExecuteAsync(IRelationalConnection connection, CancellationToken cancellationToken)
   at Microsoft.EntityFrameworkCore.Update.Internal.BatchExecutor.ExecuteAsync(IEnumerable`1 commandBatches, IRelationalConnection connection, CancellationToken cancellationToken)
   at Microsoft.EntityFrameworkCore.Update.Internal.BatchExecutor.ExecuteAsync(IEnumerable`1 commandBatches, IRelationalConnection connection, CancellationToken cancellationToken)
   at Microsoft.EntityFrameworkCore.Update.Internal.BatchExecutor.ExecuteAsync(IEnumerable`1 commandBatches, IRelationalConnection connection, CancellationToken cancellationToken)
   at Microsoft.EntityFrameworkCore.ChangeTracking.Internal.StateManager.SaveChangesAsync(IList`1 entriesToSave, CancellationToken cancellationToken)
   at Microsoft.EntityFrameworkCore.ChangeTracking.Internal.StateManager.SaveChangesAsync(StateManager stateManager, Boolean acceptAllChangesOnSuccess, CancellationToken cancellationToken)
   at Microsoft.EntityFrameworkCore.DbContext.SaveChangesAsync(Boolean acceptAllChangesOnSuccess, CancellationToken cancellationToken)
   at Microsoft.EntityFrameworkCore.DbContext.SaveChangesAsync(Boolean acceptAllChangesOnSuccess, CancellationToken cancellationToken)
   at LedController.WebPortal.Persistence.Sqlite.Services.Repository.SaveChangesAsync(CancellationToken token) in D:\Projects\LedController_net5\LedController.Portal.Persistance.Sqlite\Services\Repository.cs:line 43
   at LedController.WebPortal.Web.Dialogs.CreateEffectDialog.SubmitAsync() in D:\Projects\LedController_net5\LedController.WebPortal.Web\Dialogs\CreateEffectDialog.razor:line 58
   at Microsoft.AspNetCore.Components.ComponentBase.CallStateHasChangedOnAsyncCompletion(Task task)
   at MudBlazor.MudBaseButton.OnClickHandler(MouseEventArgs ev)
   at Microsoft.AspNetCore.Components.ComponentBase.CallStateHasChangedOnAsyncCompletion(Task task)
   at Microsoft.AspNetCore.Components.RenderTree.Renderer.GetErrorHandledTask(Task taskToHandle, ComponentState owningComponentState)
Microsoft.AspNetCore.Components.Server.Circuits.CircuitHost[6 - .NET ThreadPool Worker] 
      2022/03/25 16:44:51.492 - [ERROR]: Unhandled exception in circuit 'R_E2_8eRb1JhCkegHG7PmghcaEve8pmLKQcFY8VAW78'. 
 Microsoft.EntityFrameworkCore.DbUpdateException: An error occurred while saving the entity changes. See the inner exception for details.
 ---> Microsoft.Data.Sqlite.SqliteException (0x80004005): SQLite Error 19: 'FOREIGN KEY constraint failed'.
   at Microsoft.Data.Sqlite.SqliteException.ThrowExceptionForRC(Int32 rc, sqlite3 db)
   at Microsoft.Data.Sqlite.SqliteDataReader.NextResult()
   at Microsoft.Data.Sqlite.SqliteCommand.ExecuteReader(CommandBehavior behavior)
   at Microsoft.Data.Sqlite.SqliteCommand.ExecuteReaderAsync(CommandBehavior behavior, CancellationToken cancellationToken)
   at Microsoft.Data.Sqlite.SqliteCommand.ExecuteDbDataReaderAsync(CommandBehavior behavior, CancellationToken cancellationToken)
   at Microsoft.EntityFrameworkCore.Storage.RelationalCommand.ExecuteReaderAsync(RelationalCommandParameterObject parameterObject, CancellationToken cancellationToken)
   at Microsoft.EntityFrameworkCore.Storage.RelationalCommand.ExecuteReaderAsync(RelationalCommandParameterObject parameterObject, CancellationToken cancellationToken)
   at Microsoft.EntityFrameworkCore.Update.ReaderModificationCommandBatch.ExecuteAsync(IRelationalConnection connection, CancellationToken cancellationToken)
   --- End of inner exception stack trace ---
   at Microsoft.EntityFrameworkCore.Update.ReaderModificationCommandBatch.ExecuteAsync(IRelationalConnection connection, CancellationToken cancellationToken)
   at Microsoft.EntityFrameworkCore.Update.Internal.BatchExecutor.ExecuteAsync(IEnumerable`1 commandBatches, IRelationalConnection connection, CancellationToken cancellationToken)
   at Microsoft.EntityFrameworkCore.Update.Internal.BatchExecutor.ExecuteAsync(IEnumerable`1 commandBatches, IRelationalConnection connection, CancellationToken cancellationToken)
   at Microsoft.EntityFrameworkCore.Update.Internal.BatchExecutor.ExecuteAsync(IEnumerable`1 commandBatches, IRelationalConnection connection, CancellationToken cancellationToken)
   at Microsoft.EntityFrameworkCore.ChangeTracking.Internal.StateManager.SaveChangesAsync(IList`1 entriesToSave, CancellationToken cancellationToken)
   at Microsoft.EntityFrameworkCore.ChangeTracking.Internal.StateManager.SaveChangesAsync(StateManager stateManager, Boolean acceptAllChangesOnSuccess, CancellationToken cancellationToken)
   at Microsoft.EntityFrameworkCore.DbContext.SaveChangesAsync(Boolean acceptAllChangesOnSuccess, CancellationToken cancellationToken)
   at Microsoft.EntityFrameworkCore.DbContext.SaveChangesAsync(Boolean acceptAllChangesOnSuccess, CancellationToken cancellationToken)
   at LedController.WebPortal.Persistence.Sqlite.Services.Repository.SaveChangesAsync(CancellationToken token) in D:\Projects\LedController_net5\LedController.Portal.Persistance.Sqlite\Services\Repository.cs:line 43
   at LedController.WebPortal.Web.Dialogs.CreateEffectDialog.SubmitAsync() in D:\Projects\LedController_net5\LedController.WebPortal.Web\Dialogs\CreateEffectDialog.razor:line 58
   at Microsoft.AspNetCore.Components.ComponentBase.CallStateHasChangedOnAsyncCompletion(Task task)
   at MudBlazor.MudBaseButton.OnClickHandler(MouseEventArgs ev)
   at Microsoft.AspNetCore.Components.ComponentBase.CallStateHasChangedOnAsyncCompletion(Task task)
   at Microsoft.AspNetCore.Components.RenderTree.Renderer.GetErrorHandledTask(Task taskToHandle, ComponentState owningComponentState)
Microsoft.Extensions.Hosting.Internal.Host[1 - ] 
      2022/03/25 17:11:12.711 - [DEBUG]: Hosting starting 
 
LedController.WebPortal.Core.Services.DiscoveryService[1 - ] 
      2022/03/25 17:11:12.743 - [DEBUG]: Starting the discovery service. 
 
LedController.WebPortal.Core.Services.DiscoveryService[1 - ] 
      2022/03/25 17:11:12.743 - [DEBUG]: Creating a new UDP client to be used for broadcasting the server information. This wil happen on UDP port 8472. 
 
LedController.WebPortal.Core.Services.DiscoveryService[1 - ] 
      2022/03/25 17:11:12.743 - [DEBUG]: The discovery service has started. 
 
LedController.WebPortal.Core.Services.DiscoveryService[6 - .NET ThreadPool Worker] 
      2022/03/25 17:11:12.743 - [TRACE]: Start sending message to controllers to be discovered. 
 
Microsoft.Hosting.Lifetime[1 - ] 
      2022/03/25 17:11:12.818 - [INFO]: Now listening on: http://localhost:5097 
 
Microsoft.Hosting.Lifetime[1 - ] 
      2022/03/25 17:11:12.821 - [INFO]: Application started. Press Ctrl+C to shut down. 
 
Microsoft.Hosting.Lifetime[1 - ] 
      2022/03/25 17:11:12.821 - [INFO]: Hosting environment: Development 
 
Microsoft.Hosting.Lifetime[1 - ] 
      2022/03/25 17:11:12.821 - [INFO]: Content root path: D:\Projects\LedController_net5\LedController.WebPortal.Web\ 
 
Microsoft.Extensions.Hosting.Internal.Host[1 - ] 
      2022/03/25 17:11:12.821 - [DEBUG]: Hosting started 
 
LedController.WebPortal.Web.Pages.Index[6 - .NET ThreadPool Worker] 
      2022/03/25 17:11:14.612 - [INFO]: Opening the index page. 
 
Microsoft.Extensions.Hosting.Internal.Host[1 - ] 
      2022/03/25 17:20:57.006 - [DEBUG]: Hosting starting 
 
LedController.WebPortal.Core.Services.DiscoveryService[1 - ] 
      2022/03/25 17:20:57.038 - [DEBUG]: Starting the discovery service. 
 
LedController.WebPortal.Core.Services.DiscoveryService[1 - ] 
      2022/03/25 17:20:57.038 - [DEBUG]: Creating a new UDP client to be used for broadcasting the server information. This wil happen on UDP port 8472. 
 
LedController.WebPortal.Core.Services.DiscoveryService[1 - ] 
      2022/03/25 17:20:57.038 - [DEBUG]: The discovery service has started. 
 
LedController.WebPortal.Core.Services.DiscoveryService[6 - .NET ThreadPool Worker] 
      2022/03/25 17:20:57.038 - [TRACE]: Start sending message to controllers to be discovered. 
 
Microsoft.Hosting.Lifetime[1 - ] 
      2022/03/25 17:20:57.113 - [INFO]: Now listening on: http://localhost:5097 
 
Microsoft.Hosting.Lifetime[1 - ] 
      2022/03/25 17:20:57.113 - [INFO]: Application started. Press Ctrl+C to shut down. 
 
Microsoft.Hosting.Lifetime[1 - ] 
      2022/03/25 17:20:57.113 - [INFO]: Hosting environment: Development 
 
Microsoft.Hosting.Lifetime[1 - ] 
      2022/03/25 17:20:57.113 - [INFO]: Content root path: D:\Projects\LedController_net5\LedController.WebPortal.Web\ 
 
Microsoft.Extensions.Hosting.Internal.Host[1 - ] 
      2022/03/25 17:20:57.113 - [DEBUG]: Hosting started 
 
LedController.WebPortal.Web.Pages.Index[9 - .NET ThreadPool Worker] 
      2022/03/25 17:20:59.150 - [INFO]: Opening the index page. 
 
LedController.WebPortal.Web.Pages.Index[9 - .NET ThreadPool Worker] 
      2022/03/25 17:21:01.189 - [INFO]: Opening the index page. 
 
LedController.WebPortal.Web.Dialogs.EditSpiBusDialog[9 - .NET ThreadPool Worker] 
      2022/03/25 17:21:16.427 - [INFO]: Creating a new effect with name Test Effect. 
 
LedController.WebPortal.Core.Factories.EffectFactory[9 - .NET ThreadPool Worker] 
      2022/03/25 17:21:16.427 - [DEBUG]: Creating a new effect. 
 
LedController.WebPortal.Web.Dialogs.EditSpiBusDialog[9 - .NET ThreadPool Worker] 
      2022/03/25 17:21:16.639 - [INFO]: Effect has been saved. 
 
Microsoft.AspNetCore.Components.Server.Circuits.RemoteRenderer[9 - .NET ThreadPool Worker] 
      2022/03/25 17:21:16.652 - [WARN]: Unhandled exception rendering component: Unable to set property 'ActivePanelIndex' on object of type 'MudBlazor.MudTabs'. The error was: Index was out of range. Must be non-negative and less than the size of the collection. (Parameter 'index') 
 System.InvalidOperationException: Unable to set property 'ActivePanelIndex' on object of type 'MudBlazor.MudTabs'. The error was: Index was out of range. Must be non-negative and less than the size of the collection. (Parameter 'index')
 ---> System.ArgumentOutOfRangeException: Index was out of range. Must be non-negative and less than the size of the collection. (Parameter 'index')
   at System.Collections.Generic.List`1.get_Item(Int32 index)
   at MudBlazor.MudTabs.set_ActivePanelIndex(Int32 value)
   at Microsoft.AspNetCore.Components.Reflection.PropertySetter.CallPropertySetter[TTarget,TValue](Action`2 setter, Object target, Object value)
   at Microsoft.AspNetCore.Components.Reflection.ComponentProperties.<SetProperties>g__SetProperty|3_0(Object target, PropertySetter writer, String parameterName, Object value)
   --- End of inner exception stack trace ---
   at Microsoft.AspNetCore.Components.Reflection.ComponentProperties.<SetProperties>g__SetProperty|3_0(Object target, PropertySetter writer, String parameterName, Object value)
   at Microsoft.AspNetCore.Components.Reflection.ComponentProperties.SetProperties(ParameterView& parameters, Object target)
   at Microsoft.AspNetCore.Components.ComponentBase.SetParametersAsync(ParameterView parameters)
   at Microsoft.AspNetCore.Components.Rendering.ComponentState.SupplyCombinedParameters(ParameterView directAndCascadingParameters)
Microsoft.AspNetCore.Components.Server.Circuits.CircuitHost[9 - .NET ThreadPool Worker] 
      2022/03/25 17:21:16.683 - [ERROR]: Unhandled exception in circuit 'VHjJkEI06tupnIsX7b9CWOqi6w1uXOeJAa5EHTQWyIg'. 
 System.InvalidOperationException: Unable to set property 'ActivePanelIndex' on object of type 'MudBlazor.MudTabs'. The error was: Index was out of range. Must be non-negative and less than the size of the collection. (Parameter 'index')
 ---> System.ArgumentOutOfRangeException: Index was out of range. Must be non-negative and less than the size of the collection. (Parameter 'index')
   at System.Collections.Generic.List`1.get_Item(Int32 index)
   at MudBlazor.MudTabs.set_ActivePanelIndex(Int32 value)
   at Microsoft.AspNetCore.Components.Reflection.PropertySetter.CallPropertySetter[TTarget,TValue](Action`2 setter, Object target, Object value)
   at Microsoft.AspNetCore.Components.Reflection.ComponentProperties.<SetProperties>g__SetProperty|3_0(Object target, PropertySetter writer, String parameterName, Object value)
   --- End of inner exception stack trace ---
   at Microsoft.AspNetCore.Components.Reflection.ComponentProperties.<SetProperties>g__SetProperty|3_0(Object target, PropertySetter writer, String parameterName, Object value)
   at Microsoft.AspNetCore.Components.Reflection.ComponentProperties.SetProperties(ParameterView& parameters, Object target)
   at Microsoft.AspNetCore.Components.ComponentBase.SetParametersAsync(ParameterView parameters)
   at Microsoft.AspNetCore.Components.Rendering.ComponentState.SupplyCombinedParameters(ParameterView directAndCascadingParameters)
Microsoft.AspNetCore.Components.Server.Circuits.RemoteRenderer[9 - .NET ThreadPool Worker] 
      2022/03/25 17:21:16.699 - [WARN]: Unhandled exception rendering component: Cannot access a disposed object. 
 System.ObjectDisposedException: Cannot access a disposed object.
   at Microsoft.AspNetCore.Components.RenderTree.ArrayBuilder`1.ThrowObjectDisposedException()
   at Microsoft.AspNetCore.Components.RenderTree.ArrayBuilder`1.GrowBuffer(Int32 desiredCapacity)
   at Microsoft.AspNetCore.Components.RenderTree.RenderTreeDiffBuilder.AppendStepOut(DiffContext& diffContext)
   at Microsoft.AspNetCore.Components.RenderTree.RenderTreeDiffBuilder.AppendDiffEntriesForFramesWithSameSequence(DiffContext& diffContext, Int32 oldFrameIndex, Int32 newFrameIndex)
   at Microsoft.AspNetCore.Components.RenderTree.RenderTreeDiffBuilder.AppendDiffEntriesForRange(DiffContext& diffContext, Int32 oldStartIndex, Int32 oldEndIndexExcl, Int32 newStartIndex, Int32 newEndIndexExcl)
   at Microsoft.AspNetCore.Components.RenderTree.RenderTreeDiffBuilder.ComputeDiff(Renderer renderer, RenderBatchBuilder batchBuilder, Int32 componentId, ArrayRange`1 oldTree, ArrayRange`1 newTree)
   at Microsoft.AspNetCore.Components.Rendering.ComponentState.RenderIntoBatch(RenderBatchBuilder batchBuilder, RenderFragment renderFragment, Exception& renderFragmentException)
   at Microsoft.AspNetCore.Components.RenderTree.Renderer.ProcessRenderQueue()
Microsoft.AspNetCore.Components.Server.Circuits.CircuitHost[9 - .NET ThreadPool Worker] 
      2022/03/25 17:21:16.699 - [ERROR]: Unhandled exception in circuit 'VHjJkEI06tupnIsX7b9CWOqi6w1uXOeJAa5EHTQWyIg'. 
 System.ObjectDisposedException: Cannot access a disposed object.
   at Microsoft.AspNetCore.Components.RenderTree.ArrayBuilder`1.ThrowObjectDisposedException()
   at Microsoft.AspNetCore.Components.RenderTree.ArrayBuilder`1.GrowBuffer(Int32 desiredCapacity)
   at Microsoft.AspNetCore.Components.RenderTree.RenderTreeDiffBuilder.AppendStepOut(DiffContext& diffContext)
   at Microsoft.AspNetCore.Components.RenderTree.RenderTreeDiffBuilder.AppendDiffEntriesForFramesWithSameSequence(DiffContext& diffContext, Int32 oldFrameIndex, Int32 newFrameIndex)
   at Microsoft.AspNetCore.Components.RenderTree.RenderTreeDiffBuilder.AppendDiffEntriesForRange(DiffContext& diffContext, Int32 oldStartIndex, Int32 oldEndIndexExcl, Int32 newStartIndex, Int32 newEndIndexExcl)
   at Microsoft.AspNetCore.Components.RenderTree.RenderTreeDiffBuilder.ComputeDiff(Renderer renderer, RenderBatchBuilder batchBuilder, Int32 componentId, ArrayRange`1 oldTree, ArrayRange`1 newTree)
   at Microsoft.AspNetCore.Components.Rendering.ComponentState.RenderIntoBatch(RenderBatchBuilder batchBuilder, RenderFragment renderFragment, Exception& renderFragmentException)
   at Microsoft.AspNetCore.Components.RenderTree.Renderer.ProcessRenderQueue()
LedController.WebPortal.Web.Components.EffectEditor[10 - .NET ThreadPool Worker] 
      2022/03/25 17:21:35.272 - [DEBUG]: Starting effect editor for Test Effect. 
 
LedController.WebPortal.Web.Components.EffectEditor[6 - .NET ThreadPool Worker] 
      2022/03/25 17:21:36.098 - [DEBUG]: Starting effect editor for Test Effect. 
 
LedController.WebPortal.Web.Components.EffectEditor[6 - .NET ThreadPool Worker] 
      2022/03/25 17:21:36.126 - [DEBUG]: Starting monaco editor for effect Test Effect. 
 
LedController.WebPortal.Web.Components.EffectEditor[9 - .NET ThreadPool Worker] 
      2022/03/25 17:22:49.145 - [DEBUG]: Starting monaco editor for effect Test Effect. 
 
