Microsoft.Extensions.Hosting.Internal.Host[1 - ] 
      2022/03/07 16:10:33.665 - [DEBUG]: Hosting starting 
 
Microsoft.Hosting.Lifetime[1 - ] 
      2022/03/07 16:10:33.982 - [INFO]: Now listening on: http://localhost:5097 
 
Microsoft.Hosting.Lifetime[1 - ] 
      2022/03/07 16:10:33.982 - [INFO]: Application started. Press Ctrl+C to shut down. 
 
Microsoft.Hosting.Lifetime[1 - ] 
      2022/03/07 16:10:33.982 - [INFO]: Hosting environment: Development 
 
Microsoft.Hosting.Lifetime[1 - ] 
      2022/03/07 16:10:33.982 - [INFO]: Content root path: D:\Projects\LedController_net5\LedController.WebPortal.Web\ 
 
Microsoft.Extensions.Hosting.Internal.Host[1 - ] 
      2022/03/07 16:10:33.982 - [DEBUG]: Hosting started 
 
LedController.WebPortal.Web.Pages.LedstripsPage[6 - .NET ThreadPool Worker] 
      2022/03/07 16:10:50.762 - [INFO]: Loading ledstrips page. 
 
Microsoft.AspNetCore.Components.Server.Circuits.RemoteRenderer[9 - .NET ThreadPool Worker] 
      2022/03/07 16:10:51.432 - [WARN]: Unhandled exception rendering component: Missing map from LedController.WebPortal.Persistence.Sqlite.Entities.EffectEntity to LedController.Domain.Models.Effect. Create using CreateMap<EffectEntity, Effect>. 
 System.InvalidOperationException: Missing map from LedController.WebPortal.Persistence.Sqlite.Entities.EffectEntity to LedController.Domain.Models.Effect. Create using CreateMap<EffectEntity, Effect>.
   at AutoMapper.QueryableExtensions.Impl.ProjectionBuilder.CreateProjectionCore(ProjectionRequest& request, Expression instanceParameter, LetPropertyMaps letPropertyMaps, TypeMap& typeMap)
   at AutoMapper.QueryableExtensions.Impl.ProjectionBuilder.CreateProjection(ProjectionRequest& request, LetPropertyMaps letPropertyMaps)
   at AutoMapper.QueryableExtensions.Impl.ProjectionBuilder.AutoMapper.QueryableExtensions.Impl.IProjectionBuilder.CreateProjection(ProjectionRequest& request, LetPropertyMaps letPropertyMaps)
   at AutoMapper.QueryableExtensions.Impl.EnumerableProjectionMapper.Project(IGlobalConfiguration configuration, MemberMap memberMap, TypeMap memberTypeMap, ProjectionRequest& request, Expression resolvedSource, LetPropertyMaps letPropertyMaps)
   at AutoMapper.QueryableExtensions.Impl.EnumerableProjectionMapper.AutoMapper.QueryableExtensions.Impl.IProjectionMapper.Project(IGlobalConfiguration configuration, MemberMap memberMap, TypeMap memberTypeMap, ProjectionRequest& request, Expression resolvedSource, LetPropertyMaps letPropertyMaps)
   at AutoMapper.QueryableExtensions.Impl.ProjectionBuilder.<>c__DisplayClass10_0.<CreateProjectionCore>g__ProjectMemberCore|7(<>c__DisplayClass10_1& )
   at AutoMapper.QueryableExtensions.Impl.ProjectionBuilder.<>c__DisplayClass10_0.<CreateProjectionCore>g__TryProjectMember|2(MemberMap memberMap, Nullable`1 explicitExpansion)
   at AutoMapper.QueryableExtensions.Impl.ProjectionBuilder.<>c__DisplayClass10_0.<CreateProjectionCore>g__ProjectProperties|1()
   at AutoMapper.QueryableExtensions.Impl.ProjectionBuilder.CreateProjectionCore(ProjectionRequest request, Expression instanceParameter, TypeMap typeMap, LetPropertyMaps letPropertyMaps)
   at AutoMapper.QueryableExtensions.Impl.ProjectionBuilder.CreateProjectionCore(ProjectionRequest& request, Expression instanceParameter, LetPropertyMaps letPropertyMaps, TypeMap& typeMap)
   at AutoMapper.QueryableExtensions.Impl.ProjectionBuilder.CreateProjection(ProjectionRequest& request, LetPropertyMaps letPropertyMaps)
   at AutoMapper.QueryableExtensions.Impl.ProjectionBuilder.CreateProjection(ProjectionRequest request)
   at AutoMapper.Internal.LockingConcurrentDictionary`2.<>c__DisplayClass1_1.<.ctor>b__1()
   at System.Lazy`1.ViaFactory(LazyThreadSafetyMode mode)
   at System.Lazy`1.ExecutionAndPublication(LazyHelper executionAndPublication, Boolean useDefaultConstructor)
   at System.Lazy`1.CreateValue()
   at System.Lazy`1.get_Value()
   at AutoMapper.Internal.LockingConcurrentDictionary`2.GetOrAdd(TKey& key)
   at AutoMapper.QueryableExtensions.Impl.ProjectionBuilder.GetProjection(Type sourceType, Type destinationType, Object parameters, MemberPath[] membersToExpand)
   at AutoMapper.QueryableExtensions.Extensions.ProjectionExpression.ToCore(Type destinationType, Object parameters, IEnumerable`1 memberPathsToExpand)
   at AutoMapper.QueryableExtensions.Extensions.ProjectionExpression.ToCore[TResult](Object parameters, IEnumerable`1 memberPathsToExpand)
   at AutoMapper.QueryableExtensions.Extensions.ProjectionExpression.To[TResult](Object parameters, Expression`1[] membersToExpand)
   at AutoMapper.QueryableExtensions.Extensions.ProjectTo[TDestination](IQueryable source, IConfigurationProvider configuration, Object parameters, Expression`1[] membersToExpand)
   at AutoMapper.QueryableExtensions.Extensions.ProjectTo[TDestination](IQueryable source, IConfigurationProvider configuration, Expression`1[] membersToExpand)
   at LedController.WebPortal.Persistence.Sqlite.Stores.StoreBase`2.GetAsync() in D:\Projects\LedController_net5\LedController.Portal.Persistance.Sqlite\Stores\StoreBase.cs:line 35
   at LedController.WebPortal.Core.Managers.ManagerBase`2.GetAsync() in D:\Projects\LedController_net5\LedController.Portal.Core\Managers\ManagerBase.cs:line 37
   at LedController.WebPortal.Web.Pages.AnimationsPage.OnInitializedAsync() in D:\Projects\LedController_net5\LedController.WebPortal.Web\Pages\AnimationsPage.razor:line 85
   at Microsoft.AspNetCore.Components.ComponentBase.RunInitAndSetParametersAsync()
Microsoft.AspNetCore.Components.Server.Circuits.CircuitHost[9 - .NET ThreadPool Worker] 
      2022/03/07 16:10:51.587 - [ERROR]: Unhandled exception in circuit 'AQL0wMp_rxoV_Jo4vklGTbOhA-42-2p74Sn2WC8xE8Q'. 
 System.InvalidOperationException: Missing map from LedController.WebPortal.Persistence.Sqlite.Entities.EffectEntity to LedController.Domain.Models.Effect. Create using CreateMap<EffectEntity, Effect>.
   at AutoMapper.QueryableExtensions.Impl.ProjectionBuilder.CreateProjectionCore(ProjectionRequest& request, Expression instanceParameter, LetPropertyMaps letPropertyMaps, TypeMap& typeMap)
   at AutoMapper.QueryableExtensions.Impl.ProjectionBuilder.CreateProjection(ProjectionRequest& request, LetPropertyMaps letPropertyMaps)
   at AutoMapper.QueryableExtensions.Impl.ProjectionBuilder.AutoMapper.QueryableExtensions.Impl.IProjectionBuilder.CreateProjection(ProjectionRequest& request, LetPropertyMaps letPropertyMaps)
   at AutoMapper.QueryableExtensions.Impl.EnumerableProjectionMapper.Project(IGlobalConfiguration configuration, MemberMap memberMap, TypeMap memberTypeMap, ProjectionRequest& request, Expression resolvedSource, LetPropertyMaps letPropertyMaps)
   at AutoMapper.QueryableExtensions.Impl.EnumerableProjectionMapper.AutoMapper.QueryableExtensions.Impl.IProjectionMapper.Project(IGlobalConfiguration configuration, MemberMap memberMap, TypeMap memberTypeMap, ProjectionRequest& request, Expression resolvedSource, LetPropertyMaps letPropertyMaps)
   at AutoMapper.QueryableExtensions.Impl.ProjectionBuilder.<>c__DisplayClass10_0.<CreateProjectionCore>g__ProjectMemberCore|7(<>c__DisplayClass10_1& )
   at AutoMapper.QueryableExtensions.Impl.ProjectionBuilder.<>c__DisplayClass10_0.<CreateProjectionCore>g__TryProjectMember|2(MemberMap memberMap, Nullable`1 explicitExpansion)
   at AutoMapper.QueryableExtensions.Impl.ProjectionBuilder.<>c__DisplayClass10_0.<CreateProjectionCore>g__ProjectProperties|1()
   at AutoMapper.QueryableExtensions.Impl.ProjectionBuilder.CreateProjectionCore(ProjectionRequest request, Expression instanceParameter, TypeMap typeMap, LetPropertyMaps letPropertyMaps)
   at AutoMapper.QueryableExtensions.Impl.ProjectionBuilder.CreateProjectionCore(ProjectionRequest& request, Expression instanceParameter, LetPropertyMaps letPropertyMaps, TypeMap& typeMap)
   at AutoMapper.QueryableExtensions.Impl.ProjectionBuilder.CreateProjection(ProjectionRequest& request, LetPropertyMaps letPropertyMaps)
   at AutoMapper.QueryableExtensions.Impl.ProjectionBuilder.CreateProjection(ProjectionRequest request)
   at AutoMapper.Internal.LockingConcurrentDictionary`2.<>c__DisplayClass1_1.<.ctor>b__1()
   at System.Lazy`1.ViaFactory(LazyThreadSafetyMode mode)
   at System.Lazy`1.ExecutionAndPublication(LazyHelper executionAndPublication, Boolean useDefaultConstructor)
   at System.Lazy`1.CreateValue()
   at System.Lazy`1.get_Value()
   at AutoMapper.Internal.LockingConcurrentDictionary`2.GetOrAdd(TKey& key)
   at AutoMapper.QueryableExtensions.Impl.ProjectionBuilder.GetProjection(Type sourceType, Type destinationType, Object parameters, MemberPath[] membersToExpand)
   at AutoMapper.QueryableExtensions.Extensions.ProjectionExpression.ToCore(Type destinationType, Object parameters, IEnumerable`1 memberPathsToExpand)
   at AutoMapper.QueryableExtensions.Extensions.ProjectionExpression.ToCore[TResult](Object parameters, IEnumerable`1 memberPathsToExpand)
   at AutoMapper.QueryableExtensions.Extensions.ProjectionExpression.To[TResult](Object parameters, Expression`1[] membersToExpand)
   at AutoMapper.QueryableExtensions.Extensions.ProjectTo[TDestination](IQueryable source, IConfigurationProvider configuration, Object parameters, Expression`1[] membersToExpand)
   at AutoMapper.QueryableExtensions.Extensions.ProjectTo[TDestination](IQueryable source, IConfigurationProvider configuration, Expression`1[] membersToExpand)
   at LedController.WebPortal.Persistence.Sqlite.Stores.StoreBase`2.GetAsync() in D:\Projects\LedController_net5\LedController.Portal.Persistance.Sqlite\Stores\StoreBase.cs:line 35
   at LedController.WebPortal.Core.Managers.ManagerBase`2.GetAsync() in D:\Projects\LedController_net5\LedController.Portal.Core\Managers\ManagerBase.cs:line 37
   at LedController.WebPortal.Web.Pages.AnimationsPage.OnInitializedAsync() in D:\Projects\LedController_net5\LedController.WebPortal.Web\Pages\AnimationsPage.razor:line 85
   at Microsoft.AspNetCore.Components.ComponentBase.RunInitAndSetParametersAsync()
Microsoft.AspNetCore.Components.Server.Circuits.RemoteRenderer[9 - .NET ThreadPool Worker] 
      2022/03/07 16:10:51.587 - [WARN]: Unhandled exception rendering component: Cannot access a disposed object. 
 System.ObjectDisposedException: Cannot access a disposed object.
   at Microsoft.AspNetCore.Components.RenderTree.ArrayBuilder`1.ThrowObjectDisposedException()
   at Microsoft.AspNetCore.Components.RenderTree.ArrayBuilder`1.GrowBuffer(Int32 desiredCapacity)
   at Microsoft.AspNetCore.Components.RenderTree.ArrayBuilder`1.Append(T[] source, Int32 startIndex, Int32 length)
   at Microsoft.AspNetCore.Components.RenderTree.RenderTreeDiffBuilder.InsertNewFrame(DiffContext& diffContext, Int32 newFrameIndex)
   at Microsoft.AspNetCore.Components.RenderTree.RenderTreeDiffBuilder.AppendDiffEntriesForFramesWithSameSequence(DiffContext& diffContext, Int32 oldFrameIndex, Int32 newFrameIndex)
   at Microsoft.AspNetCore.Components.RenderTree.RenderTreeDiffBuilder.AppendDiffEntriesForRange(DiffContext& diffContext, Int32 oldStartIndex, Int32 oldEndIndexExcl, Int32 newStartIndex, Int32 newEndIndexExcl)
   at Microsoft.AspNetCore.Components.RenderTree.RenderTreeDiffBuilder.AppendDiffEntriesForFramesWithSameSequence(DiffContext& diffContext, Int32 oldFrameIndex, Int32 newFrameIndex)
   at Microsoft.AspNetCore.Components.RenderTree.RenderTreeDiffBuilder.AppendDiffEntriesForRange(DiffContext& diffContext, Int32 oldStartIndex, Int32 oldEndIndexExcl, Int32 newStartIndex, Int32 newEndIndexExcl)
   at Microsoft.AspNetCore.Components.RenderTree.RenderTreeDiffBuilder.AppendDiffEntriesForFramesWithSameSequence(DiffContext& diffContext, Int32 oldFrameIndex, Int32 newFrameIndex)
   at Microsoft.AspNetCore.Components.RenderTree.RenderTreeDiffBuilder.AppendDiffEntriesForRange(DiffContext& diffContext, Int32 oldStartIndex, Int32 oldEndIndexExcl, Int32 newStartIndex, Int32 newEndIndexExcl)
   at Microsoft.AspNetCore.Components.RenderTree.RenderTreeDiffBuilder.AppendDiffEntriesForFramesWithSameSequence(DiffContext& diffContext, Int32 oldFrameIndex, Int32 newFrameIndex)
   at Microsoft.AspNetCore.Components.RenderTree.RenderTreeDiffBuilder.AppendDiffEntriesForRange(DiffContext& diffContext, Int32 oldStartIndex, Int32 oldEndIndexExcl, Int32 newStartIndex, Int32 newEndIndexExcl)
   at Microsoft.AspNetCore.Components.RenderTree.RenderTreeDiffBuilder.AppendDiffEntriesForFramesWithSameSequence(DiffContext& diffContext, Int32 oldFrameIndex, Int32 newFrameIndex)
   at Microsoft.AspNetCore.Components.RenderTree.RenderTreeDiffBuilder.AppendDiffEntriesForRange(DiffContext& diffContext, Int32 oldStartIndex, Int32 oldEndIndexExcl, Int32 newStartIndex, Int32 newEndIndexExcl)
   at Microsoft.AspNetCore.Components.RenderTree.RenderTreeDiffBuilder.ComputeDiff(Renderer renderer, RenderBatchBuilder batchBuilder, Int32 componentId, ArrayRange`1 oldTree, ArrayRange`1 newTree)
   at Microsoft.AspNetCore.Components.Rendering.ComponentState.RenderIntoBatch(RenderBatchBuilder batchBuilder, RenderFragment renderFragment, Exception& renderFragmentException)
   at Microsoft.AspNetCore.Components.RenderTree.Renderer.ProcessRenderQueue()
Microsoft.AspNetCore.Components.Server.Circuits.CircuitHost[9 - .NET ThreadPool Worker] 
      2022/03/07 16:10:51.587 - [ERROR]: Unhandled exception in circuit 'AQL0wMp_rxoV_Jo4vklGTbOhA-42-2p74Sn2WC8xE8Q'. 
 System.ObjectDisposedException: Cannot access a disposed object.
   at Microsoft.AspNetCore.Components.RenderTree.ArrayBuilder`1.ThrowObjectDisposedException()
   at Microsoft.AspNetCore.Components.RenderTree.ArrayBuilder`1.GrowBuffer(Int32 desiredCapacity)
   at Microsoft.AspNetCore.Components.RenderTree.ArrayBuilder`1.Append(T[] source, Int32 startIndex, Int32 length)
   at Microsoft.AspNetCore.Components.RenderTree.RenderTreeDiffBuilder.InsertNewFrame(DiffContext& diffContext, Int32 newFrameIndex)
   at Microsoft.AspNetCore.Components.RenderTree.RenderTreeDiffBuilder.AppendDiffEntriesForFramesWithSameSequence(DiffContext& diffContext, Int32 oldFrameIndex, Int32 newFrameIndex)
   at Microsoft.AspNetCore.Components.RenderTree.RenderTreeDiffBuilder.AppendDiffEntriesForRange(DiffContext& diffContext, Int32 oldStartIndex, Int32 oldEndIndexExcl, Int32 newStartIndex, Int32 newEndIndexExcl)
   at Microsoft.AspNetCore.Components.RenderTree.RenderTreeDiffBuilder.AppendDiffEntriesForFramesWithSameSequence(DiffContext& diffContext, Int32 oldFrameIndex, Int32 newFrameIndex)
   at Microsoft.AspNetCore.Components.RenderTree.RenderTreeDiffBuilder.AppendDiffEntriesForRange(DiffContext& diffContext, Int32 oldStartIndex, Int32 oldEndIndexExcl, Int32 newStartIndex, Int32 newEndIndexExcl)
   at Microsoft.AspNetCore.Components.RenderTree.RenderTreeDiffBuilder.AppendDiffEntriesForFramesWithSameSequence(DiffContext& diffContext, Int32 oldFrameIndex, Int32 newFrameIndex)
   at Microsoft.AspNetCore.Components.RenderTree.RenderTreeDiffBuilder.AppendDiffEntriesForRange(DiffContext& diffContext, Int32 oldStartIndex, Int32 oldEndIndexExcl, Int32 newStartIndex, Int32 newEndIndexExcl)
   at Microsoft.AspNetCore.Components.RenderTree.RenderTreeDiffBuilder.AppendDiffEntriesForFramesWithSameSequence(DiffContext& diffContext, Int32 oldFrameIndex, Int32 newFrameIndex)
   at Microsoft.AspNetCore.Components.RenderTree.RenderTreeDiffBuilder.AppendDiffEntriesForRange(DiffContext& diffContext, Int32 oldStartIndex, Int32 oldEndIndexExcl, Int32 newStartIndex, Int32 newEndIndexExcl)
   at Microsoft.AspNetCore.Components.RenderTree.RenderTreeDiffBuilder.AppendDiffEntriesForFramesWithSameSequence(DiffContext& diffContext, Int32 oldFrameIndex, Int32 newFrameIndex)
   at Microsoft.AspNetCore.Components.RenderTree.RenderTreeDiffBuilder.AppendDiffEntriesForRange(DiffContext& diffContext, Int32 oldStartIndex, Int32 oldEndIndexExcl, Int32 newStartIndex, Int32 newEndIndexExcl)
   at Microsoft.AspNetCore.Components.RenderTree.RenderTreeDiffBuilder.ComputeDiff(Renderer renderer, RenderBatchBuilder batchBuilder, Int32 componentId, ArrayRange`1 oldTree, ArrayRange`1 newTree)
   at Microsoft.AspNetCore.Components.Rendering.ComponentState.RenderIntoBatch(RenderBatchBuilder batchBuilder, RenderFragment renderFragment, Exception& renderFragmentException)
   at Microsoft.AspNetCore.Components.RenderTree.Renderer.ProcessRenderQueue()
Microsoft.Extensions.Hosting.Internal.Host[1 - ] 
      2022/03/07 22:38:30.065 - [DEBUG]: Hosting starting 
 
Microsoft.Hosting.Lifetime[1 - ] 
      2022/03/07 22:38:30.355 - [INFO]: Now listening on: http://localhost:5097 
 
Microsoft.Hosting.Lifetime[1 - ] 
      2022/03/07 22:38:30.355 - [INFO]: Application started. Press Ctrl+C to shut down. 
 
Microsoft.Hosting.Lifetime[1 - ] 
      2022/03/07 22:38:30.355 - [INFO]: Hosting environment: Development 
 
Microsoft.Hosting.Lifetime[1 - ] 
      2022/03/07 22:38:30.355 - [INFO]: Content root path: D:\Projects\LedController_net5\LedController.WebPortal.Web\ 
 
Microsoft.Extensions.Hosting.Internal.Host[1 - ] 
      2022/03/07 22:38:30.355 - [DEBUG]: Hosting started 
 
